<html xmlns:lxslt="http://xml.apache.org/xslt" xmlns:stringutils="xalan://org.apache.tools.ant.util.StringUtils">
<head>
<META http-equiv="Content-Type" content="text/html; charset=US-ASCII">
<title>Unit Test Results: All Tests</title>
<link rel="stylesheet" type="text/css" title="Style" href="stylesheet.css">
</head>
<body onload="open('allclasses-frame.html','classListFrame')">
<h1>Unit Test Results</h1>
<table width="100%">
<tr>
<td align="left"></td><td align="right">Designed for use with <a href="http://www.junit.org/">JUnit</a> and <a href="http://ant.apache.org/">Ant</a>.</td>
</tr>
</table>
<hr size="1">
<h2>All Tests</h2>
<table class="details" border="0" cellpadding="5" cellspacing="2" width="95%">
<tr valign="top">
<th>Class</th><th>Name</th><th>Status</th><th width="80%">Type</th><th nowrap>Time(s)</th>
</tr>
<tr valign="top" class="TableRowColor">
<td><a href="SuiteRunner/0_runATFRegression.html">runATFRegression</a></td><td><a name="testRegistrationToXidioApplicationByClickingActivation"></a><a href="SuiteRunner/0_runATFRegression.html#testRegistrationToXidioApplicationByClickingActivation">testRegistrationToXidioApplicationByClickingActivation</a></td><td>Success</td><td></td><td>102.942</td>
</tr>
<tr valign="top" class="TableRowColor">
<td><a href="SuiteRunner/0_runATFRegression.html">runATFRegression</a></td><td><a name="testUserRegistration"></a><a href="SuiteRunner/0_runATFRegression.html#testUserRegistration">testUserRegistration</a></td><td>Success</td><td></td><td>90.273</td>
</tr>
<tr valign="top" class="TableRowColor">
<td><a href="SuiteRunner/0_runATFRegression.html">runATFRegression</a></td><td><a name="testRegistrationToXidioApplicationBySkipingPaymentStepAndActivationStep"></a><a href="SuiteRunner/0_runATFRegression.html#testRegistrationToXidioApplicationBySkipingPaymentStepAndActivationStep">testRegistrationToXidioApplicationBySkipingPaymentStepAndActivationStep</a></td><td>Success</td><td></td><td>88.352</td>
</tr>
<tr valign="top" class="TableRowColor">
<td><a href="SuiteRunner/0_runATFRegression.html">runATFRegression</a></td><td><a name="testRegistrationToXidioApplicationWithValidCredentialByDeclingTermAndCondition"></a><a href="SuiteRunner/0_runATFRegression.html#testRegistrationToXidioApplicationWithValidCredentialByDeclingTermAndCondition">testRegistrationToXidioApplicationWithValidCredentialByDeclingTermAndCondition</a></td><td>Success</td><td></td><td>123.935</td>
</tr>
<tr valign="top" class="TableRowColor">
<td><a href="SuiteRunner/0_runATFRegression.html">runATFRegression</a></td><td><a name="testRegisterToXidioApplicationDirectlyWithPaymentDetailsWithoutPersonalInfo"></a><a href="SuiteRunner/0_runATFRegression.html#testRegisterToXidioApplicationDirectlyWithPaymentDetailsWithoutPersonalInfo">testRegisterToXidioApplicationDirectlyWithPaymentDetailsWithoutPersonalInfo</a></td><td>Success</td><td></td><td>53.158</td>
</tr>
<tr valign="top" class="TableRowColor">
<td><a href="SuiteRunner/0_runATFRegression.html">runATFRegression</a></td><td><a name="testRegisterToXidioApplicationWithoutFirstName"></a><a href="SuiteRunner/0_runATFRegression.html#testRegisterToXidioApplicationWithoutFirstName">testRegisterToXidioApplicationWithoutFirstName</a></td><td>Success</td><td></td><td>41.036</td>
</tr>
<tr valign="top" class="TableRowColor">
<td><a href="SuiteRunner/0_runATFRegression.html">runATFRegression</a></td><td><a name="testRegisterToXidioApplicationWithoutLastName"></a><a href="SuiteRunner/0_runATFRegression.html#testRegisterToXidioApplicationWithoutLastName">testRegisterToXidioApplicationWithoutLastName</a></td><td>Success</td><td></td><td>41.161</td>
</tr>
<tr valign="top" class="TableRowColor">
<td><a href="SuiteRunner/0_runATFRegression.html">runATFRegression</a></td><td><a name="testRegisterToXidioApplicationWithoutEnteringAddress"></a><a href="SuiteRunner/0_runATFRegression.html#testRegisterToXidioApplicationWithoutEnteringAddress">testRegisterToXidioApplicationWithoutEnteringAddress</a></td><td>Success</td><td></td><td>40.848</td>
</tr>
<tr valign="top" class="TableRowColor">
<td><a href="SuiteRunner/0_runATFRegression.html">runATFRegression</a></td><td><a name="testRegisterToXidioApplicationWithoutEnteringCity"></a><a href="SuiteRunner/0_runATFRegression.html#testRegisterToXidioApplicationWithoutEnteringCity">testRegisterToXidioApplicationWithoutEnteringCity</a></td><td>Success</td><td></td><td>41.036</td>
</tr>
<tr valign="top" class="TableRowColor">
<td><a href="SuiteRunner/0_runATFRegression.html">runATFRegression</a></td><td><a name="testRegisterToXidioApplicationWithoutEnteringZip"></a><a href="SuiteRunner/0_runATFRegression.html#testRegisterToXidioApplicationWithoutEnteringZip">testRegisterToXidioApplicationWithoutEnteringZip</a></td><td>Success</td><td></td><td>42.223</td>
</tr>
<tr valign="top" class="TableRowColor">
<td><a href="SuiteRunner/0_runATFRegression.html">runATFRegression</a></td><td><a name="testRegisterToXidioApplicationWithoutEnteringEmail"></a><a href="SuiteRunner/0_runATFRegression.html#testRegisterToXidioApplicationWithoutEnteringEmail">testRegisterToXidioApplicationWithoutEnteringEmail</a></td><td>Success</td><td></td><td>42.145</td>
</tr>
<tr valign="top" class="TableRowColor">
<td><a href="SuiteRunner/0_runATFRegression.html">runATFRegression</a></td><td><a name="testRegisterToXidioApplicationByEnteringInValidEmail"></a><a href="SuiteRunner/0_runATFRegression.html#testRegisterToXidioApplicationByEnteringInValidEmail">testRegisterToXidioApplicationByEnteringInValidEmail</a></td><td>Success</td><td></td><td>43.770</td>
</tr>
<tr valign="top" class="TableRowColor">
<td><a href="SuiteRunner/0_runATFRegression.html">runATFRegression</a></td><td><a name="testRegisterToXidioApplicationWithEnteringInValidZip"></a><a href="SuiteRunner/0_runATFRegression.html#testRegisterToXidioApplicationWithEnteringInValidZip">testRegisterToXidioApplicationWithEnteringInValidZip</a></td><td>Success</td><td></td><td>42.832</td>
</tr>
<tr valign="top" class="TableRowColor">
<td><a href="SuiteRunner/0_runATFRegression.html">runATFRegression</a></td><td><a name="testRegisterToXidioApplicationWithEnteringInValidZip"></a><a href="SuiteRunner/0_runATFRegression.html#testRegisterToXidioApplicationWithEnteringInValidZip">testRegisterToXidioApplicationWithEnteringInValidZip</a></td><td>Success</td><td></td><td>44.363</td>
</tr>
<tr valign="top" class="TableRowColor">
<td><a href="SuiteRunner/0_runATFRegression.html">runATFRegression</a></td><td><a name="testRegisterToXidioApplicationWithoutEnteringMobileNumber"></a><a href="SuiteRunner/0_runATFRegression.html#testRegisterToXidioApplicationWithoutEnteringMobileNumber">testRegisterToXidioApplicationWithoutEnteringMobileNumber</a></td><td>Success</td><td></td><td>40.458</td>
</tr>
<tr valign="top" class="TableRowColor">
<td><a href="SuiteRunner/0_runATFRegression.html">runATFRegression</a></td><td><a name="testRegisterToXidioApplicationByEnteringInValidMobileNumber"></a><a href="SuiteRunner/0_runATFRegression.html#testRegisterToXidioApplicationByEnteringInValidMobileNumber">testRegisterToXidioApplicationByEnteringInValidMobileNumber</a></td><td>Success</td><td></td><td>43.098</td>
</tr>
<tr valign="top" class="TableRowColor">
<td><a href="SuiteRunner/0_runATFRegression.html">runATFRegression</a></td><td><a name="testRegisterToXidioApplicationWithoutEnteringPassword"></a><a href="SuiteRunner/0_runATFRegression.html#testRegisterToXidioApplicationWithoutEnteringPassword">testRegisterToXidioApplicationWithoutEnteringPassword</a></td><td>Success</td><td></td><td>47.050</td>
</tr>
<tr valign="top" class="TableRowColor">
<td><a href="SuiteRunner/0_runATFRegression.html">runATFRegression</a></td><td><a name="testRegisterToXidioApplicationByEnteringInValidPassword"></a><a href="SuiteRunner/0_runATFRegression.html#testRegisterToXidioApplicationByEnteringInValidPassword">testRegisterToXidioApplicationByEnteringInValidPassword</a></td><td>Success</td><td></td><td>45.223</td>
</tr>
<tr valign="top" class="TableRowColor">
<td><a href="SuiteRunner/0_runATFRegression.html">runATFRegression</a></td><td><a name="testRegisterToXidioApplicationByEnteringInValidPassword"></a><a href="SuiteRunner/0_runATFRegression.html#testRegisterToXidioApplicationByEnteringInValidPassword">testRegisterToXidioApplicationByEnteringInValidPassword</a></td><td>Success</td><td></td><td>42.676</td>
</tr>
<tr valign="top" class="TableRowColor">
<td><a href="SuiteRunner/0_runATFRegression.html">runATFRegression</a></td><td><a name="testRegisterToXidioApplicationByEnteringInValidLengthOfPassword"></a><a href="SuiteRunner/0_runATFRegression.html#testRegisterToXidioApplicationByEnteringInValidLengthOfPassword">testRegisterToXidioApplicationByEnteringInValidLengthOfPassword</a></td><td>Success</td><td></td><td>42.910</td>
</tr>
<tr valign="top" class="TableRowColor">
<td><a href="SuiteRunner/0_runATFRegression.html">runATFRegression</a></td><td><a name="testRegisterToXidioApplicationWithNoCreditCardNumber"></a><a href="SuiteRunner/0_runATFRegression.html#testRegisterToXidioApplicationWithNoCreditCardNumber">testRegisterToXidioApplicationWithNoCreditCardNumber</a></td><td>Success</td><td></td><td>62.546</td>
</tr>
<tr valign="top" class="TableRowColor">
<td><a href="SuiteRunner/0_runATFRegression.html">runATFRegression</a></td><td><a name="testRegisterToXidioApplicationWithInvalidCreditCardNumber"></a><a href="SuiteRunner/0_runATFRegression.html#testRegisterToXidioApplicationWithInvalidCreditCardNumber">testRegisterToXidioApplicationWithInvalidCreditCardNumber</a></td><td>Success</td><td></td><td>62.733</td>
</tr>
<tr valign="top" class="TableRowColor">
<td><a href="SuiteRunner/0_runATFRegression.html">runATFRegression</a></td><td><a name="testRegisterToXidioApplicationWithInvalidSecurityCodeLength"></a><a href="SuiteRunner/0_runATFRegression.html#testRegisterToXidioApplicationWithInvalidSecurityCodeLength">testRegisterToXidioApplicationWithInvalidSecurityCodeLength</a></td><td>Success</td><td></td><td>77.120</td>
</tr>
<tr valign="top" class="TableRowColor">
<td><a href="SuiteRunner/0_runATFRegression.html">runATFRegression</a></td><td><a name="testRegisterToXidioApplicationWithInvalidSecurityCodeLength"></a><a href="SuiteRunner/0_runATFRegression.html#testRegisterToXidioApplicationWithInvalidSecurityCodeLength">testRegisterToXidioApplicationWithInvalidSecurityCodeLength</a></td><td>Success</td><td></td><td>65.701</td>
</tr>
<tr valign="top" class="Failure">
<td><a href="SuiteRunner/0_runATFRegression.html">runATFRegression</a></td><td><a name="testRegisterToXidioApplicationWithNoCreditCardNumber"></a><a href="SuiteRunner/0_runATFRegression.html#testRegisterToXidioApplicationWithNoCreditCardNumber">testRegisterToXidioApplicationWithNoCreditCardNumber</a></td><td>Failure</td><td>N/A<br>
<br>
<code>junit.framework.AssertionFailedError<br/>	at UserManagement.UserRegistration.UserRegistrationTestCasesForCreditCardDetails.UserRegWithNoPINCode.RegisterToXidioApplicationWithNoPinCode.testRegisterToXidioApplicationWithNoCreditCardNumber(RegisterToXidioApplicationWithNoPinCode.java:35)<br/></code></td><td>64.576</td>
</tr>
<tr valign="top" class="Failure">
<td><a href="SuiteRunner/0_runATFRegression.html">runATFRegression</a></td><td><a name="testRegisterToXidioApplicationWithInvalidSecurityCodeLength"></a><a href="SuiteRunner/0_runATFRegression.html#testRegisterToXidioApplicationWithInvalidSecurityCodeLength">testRegisterToXidioApplicationWithInvalidSecurityCodeLength</a></td><td>Failure</td><td>N/A<br>
<br>
<code>junit.framework.AssertionFailedError<br/>	at UserManagement.UserRegistration.UserRegistrationTestCasesForCreditCardDetails.UserRegWithInvalidPin.UserRegWithInvalidPinCodeCharLength.RegisterToXidioApplicationWithInvalidPinCodeCharLength.testRegisterToXidioApplicationWithInvalidSecurityCodeLength(RegisterToXidioApplicationWithInvalidPinCodeCharLength.java:38)<br/></code></td><td>74.386</td>
</tr>
<tr valign="top" class="TableRowColor">
<td><a href="SuiteRunner/0_runATFRegression.html">runATFRegression</a></td><td><a name="testRegisterToXidioApplicationWithCheckingDiplayPinCheckbox"></a><a href="SuiteRunner/0_runATFRegression.html#testRegisterToXidioApplicationWithCheckingDiplayPinCheckbox">testRegisterToXidioApplicationWithCheckingDiplayPinCheckbox</a></td><td>Success</td><td></td><td>69.513</td>
</tr>
<tr valign="top" class="TableRowColor">
<td><a href="SuiteRunner/0_runATFRegression.html">runATFRegression</a></td><td><a name="testRegisterToXidioApplicationWithInvalidSecurityCodeLength"></a><a href="SuiteRunner/0_runATFRegression.html#testRegisterToXidioApplicationWithInvalidSecurityCodeLength">testRegisterToXidioApplicationWithInvalidSecurityCodeLength</a></td><td>Success</td><td></td><td>90.288</td>
</tr>
<tr valign="top" class="TableRowColor">
<td><a href="SuiteRunner/0_runATFRegression.html">runATFRegression</a></td><td><a name="testChangeActivationCode"></a><a href="SuiteRunner/0_runATFRegression.html#testChangeActivationCode">testChangeActivationCode</a></td><td>Success</td><td></td><td>102.738</td>
</tr>
<tr valign="top" class="TableRowColor">
<td><a href="SuiteRunner/0_runATFRegression.html">runATFRegression</a></td><td><a name="testSignOutFeatureInCamcast"></a><a href="SuiteRunner/0_runATFRegression.html#testSignOutFeatureInCamcast">testSignOutFeatureInCamcast</a></td><td>Success</td><td></td><td>124.201</td>
</tr>
<tr valign="top" class="TableRowColor">
<td><a href="SuiteRunner/0_runATFRegression.html">runATFRegression</a></td><td><a name="testLoginToCamcast"></a><a href="SuiteRunner/0_runATFRegression.html#testLoginToCamcast">testLoginToCamcast</a></td><td>Success</td><td></td><td>128.246</td>
</tr>
<tr valign="top" class="TableRowColor">
<td><a href="SuiteRunner/0_runATFRegression.html">runATFRegression</a></td><td><a name="testLoginToXidioApplicationUsingInValidPassword"></a><a href="SuiteRunner/0_runATFRegression.html#testLoginToXidioApplicationUsingInValidPassword">testLoginToXidioApplicationUsingInValidPassword</a></td><td>Success</td><td></td><td>47.846</td>
</tr>
<tr valign="top" class="TableRowColor">
<td><a href="SuiteRunner/0_runATFRegression.html">runATFRegression</a></td><td><a name="testLoginToXidioApplicationUsingInValidPassword"></a><a href="SuiteRunner/0_runATFRegression.html#testLoginToXidioApplicationUsingInValidPassword">testLoginToXidioApplicationUsingInValidPassword</a></td><td>Success</td><td></td><td>46.519</td>
</tr>
<tr valign="top" class="TableRowColor">
<td><a href="SuiteRunner/0_runATFRegression.html">runATFRegression</a></td><td><a name="testResetTheXidioPassword"></a><a href="SuiteRunner/0_runATFRegression.html#testResetTheXidioPassword">testResetTheXidioPassword</a></td><td>Success</td><td></td><td>42.676</td>
</tr>
<tr valign="top" class="TableRowColor">
<td><a href="SuiteRunner/0_runATFRegression.html">runATFRegression</a></td><td><a name="testResetXidioPasswordWithoutProvidingEmailID"></a><a href="SuiteRunner/0_runATFRegression.html#testResetXidioPasswordWithoutProvidingEmailID">testResetXidioPasswordWithoutProvidingEmailID</a></td><td>Success</td><td></td><td>41.489</td>
</tr>
<tr valign="top" class="TableRowColor">
<td><a href="SuiteRunner/0_runATFRegression.html">runATFRegression</a></td><td><a name="testResetTheXidioPasswordWithWrongEmail"></a><a href="SuiteRunner/0_runATFRegression.html#testResetTheXidioPasswordWithWrongEmail">testResetTheXidioPasswordWithWrongEmail</a></td><td>Success</td><td></td><td>42.832</td>
</tr>
<tr valign="top" class="TableRowColor">
<td><a href="SuiteRunner/0_runATFRegression.html">runATFRegression</a></td><td><a name="testEditXidioAddressInProfileManagement"></a><a href="SuiteRunner/0_runATFRegression.html#testEditXidioAddressInProfileManagement">testEditXidioAddressInProfileManagement</a></td><td>Success</td><td></td><td>141.243</td>
</tr>
<tr valign="top" class="Error">
<td><a href="SuiteRunner/0_runATFRegression.html">runATFRegression</a></td><td><a name="testEditXidioLastNameInProfileManagement"></a><a href="SuiteRunner/0_runATFRegression.html#testEditXidioLastNameInProfileManagement">testEditXidioLastNameInProfileManagement</a></td><td>Error</td><td>expected:&lt;[X]idio&gt; but was:&lt;[x]idio&gt;<br>
<br>
<code>	at UserManagement.ProfileManagement.RegisteredUserTestCasesForEditProfileDetails.ValidateLastNameField.EditXidioLastNameInProfileManagement.testEditXidioLastNameInProfileManagement(EditXidioLastNameInProfileManagement.java:38)<br/></code></td><td>142.087</td>
</tr>
<tr valign="top" class="TableRowColor">
<td><a href="SuiteRunner/0_runATFRegression.html">runATFRegression</a></td><td><a name="testEditXidioAddressInProfileManagement"></a><a href="SuiteRunner/0_runATFRegression.html#testEditXidioAddressInProfileManagement">testEditXidioAddressInProfileManagement</a></td><td>Success</td><td></td><td>140.916</td>
</tr>
<tr valign="top" class="TableRowColor">
<td><a href="SuiteRunner/0_runATFRegression.html">runATFRegression</a></td><td><a name="testEditXidioCityInProfileManagement"></a><a href="SuiteRunner/0_runATFRegression.html#testEditXidioCityInProfileManagement">testEditXidioCityInProfileManagement</a></td><td>Success</td><td></td><td>142.899</td>
</tr>
<tr valign="top" class="TableRowColor">
<td><a href="SuiteRunner/0_runATFRegression.html">runATFRegression</a></td><td><a name="testEditXidioStateInProfileManagement"></a><a href="SuiteRunner/0_runATFRegression.html#testEditXidioStateInProfileManagement">testEditXidioStateInProfileManagement</a></td><td>Success</td><td></td><td>151.381</td>
</tr>
<tr valign="top" class="TableRowColor">
<td><a href="SuiteRunner/0_runATFRegression.html">runATFRegression</a></td><td><a name="testEditXidioZipInProfileManagement"></a><a href="SuiteRunner/0_runATFRegression.html#testEditXidioZipInProfileManagement">testEditXidioZipInProfileManagement</a></td><td>Success</td><td></td><td>156.989</td>
</tr>
<tr valign="top" class="TableRowColor">
<td><a href="SuiteRunner/0_runATFRegression.html">runATFRegression</a></td><td><a name="testEditXidioUserEmail"></a><a href="SuiteRunner/0_runATFRegression.html#testEditXidioUserEmail">testEditXidioUserEmail</a></td><td>Success</td><td></td><td>160.785</td>
</tr>
<tr valign="top" class="Error">
<td><a href="SuiteRunner/0_runATFRegression.html">runATFRegression</a></td><td><a name="testEditXidioUserEmail"></a><a href="SuiteRunner/0_runATFRegression.html#testEditXidioUserEmail">testEditXidioUserEmail</a></td><td>Error</td><td>expected:&lt;99[87756239]&gt; but was:&lt;99[95893923]&gt;<br>
<br>
<code>	at UserManagement.ProfileManagement.RegisteredUserTestCasesForEditProfileDetails.ValidateMobileNumberField.ExitXidioUserMobileNumber.testEditXidioUserEmail(ExitXidioUserMobileNumber.java:37)<br/></code></td><td>136.636</td>
</tr>
<tr valign="top" class="Failure">
<td><a href="SuiteRunner/0_runATFRegression.html">runATFRegression</a></td><td><a name="testValidateUserNameFieldByDeletingValueInPM"></a><a href="SuiteRunner/0_runATFRegression.html#testValidateUserNameFieldByDeletingValueInPM">testValidateUserNameFieldByDeletingValueInPM</a></td><td>Failure</td><td>N/A<br>
<br>
<code>junit.framework.AssertionFailedError<br/>	at UserManagement.ProfileManagement.RegisteredUserTestCasesForEditProfileDetails.ValidateFirstNameField.ValidateFirstNameFieldByDeletingValue.testValidateUserNameFieldByDeletingValueInPM(ValidateFirstNameFieldByDeletingValue.java:35)<br/></code></td><td>135.073</td>
</tr>
<tr valign="top" class="Failure">
<td><a href="SuiteRunner/0_runATFRegression.html">runATFRegression</a></td><td><a name="testValidateUserNameFieldByDeletingValueInPM"></a><a href="SuiteRunner/0_runATFRegression.html#testValidateUserNameFieldByDeletingValueInPM">testValidateUserNameFieldByDeletingValueInPM</a></td><td>Failure</td><td>N/A<br>
<br>
<code>junit.framework.AssertionFailedError<br/>	at UserManagement.ProfileManagement.RegisteredUserTestCasesForEditProfileDetails.ValidateLastNameField.ValidateLastNameFieldByDeletingValue.testValidateUserNameFieldByDeletingValueInPM(ValidateLastNameFieldByDeletingValue.java:33)<br/></code></td><td>133.011</td>
</tr>
<tr valign="top" class="TableRowColor">
<td><a href="SuiteRunner/0_runATFRegression.html">runATFRegression</a></td><td><a name="testValidateUserNameFieldByDeletingValueInPM"></a><a href="SuiteRunner/0_runATFRegression.html#testValidateUserNameFieldByDeletingValueInPM">testValidateUserNameFieldByDeletingValueInPM</a></td><td>Success</td><td></td><td>130.824</td>
</tr>
<tr valign="top" class="TableRowColor">
<td><a href="SuiteRunner/0_runATFRegression.html">runATFRegression</a></td><td><a name="testValidateUserNameFieldByDeletingValueInPM"></a><a href="SuiteRunner/0_runATFRegression.html#testValidateUserNameFieldByDeletingValueInPM">testValidateUserNameFieldByDeletingValueInPM</a></td><td>Success</td><td></td><td>129.169</td>
</tr>
<tr valign="top" class="Failure">
<td><a href="SuiteRunner/0_runATFRegression.html">runATFRegression</a></td><td><a name="testValidateUserNameFieldByDeletingValueInPM"></a><a href="SuiteRunner/0_runATFRegression.html#testValidateUserNameFieldByDeletingValueInPM">testValidateUserNameFieldByDeletingValueInPM</a></td><td>Failure</td><td>N/A<br>
<br>
<code>junit.framework.AssertionFailedError<br/>	at UserManagement.ProfileManagement.RegisteredUserTestCasesForEditProfileDetails.ValidateZipField.ValidateZipFieldByDeletingValue.testValidateUserNameFieldByDeletingValueInPM(ValidateZipFieldByDeletingValue.java:32)<br/></code></td><td>127.107</td>
</tr>
<tr valign="top" class="TableRowColor">
<td><a href="SuiteRunner/0_runATFRegression.html">runATFRegression</a></td><td><a name="testValidateUserNameFieldByDeletingValueInPM"></a><a href="SuiteRunner/0_runATFRegression.html#testValidateUserNameFieldByDeletingValueInPM">testValidateUserNameFieldByDeletingValueInPM</a></td><td>Success</td><td></td><td>127.903</td>
</tr>
<tr valign="top" class="TableRowColor">
<td><a href="SuiteRunner/0_runATFRegression.html">runATFRegression</a></td><td><a name="testValidateUserNameFieldByDeletingValueInPM"></a><a href="SuiteRunner/0_runATFRegression.html#testValidateUserNameFieldByDeletingValueInPM">testValidateUserNameFieldByDeletingValueInPM</a></td><td>Success</td><td></td><td>133.496</td>
</tr>
<tr valign="top" class="Failure">
<td><a href="SuiteRunner/0_runATFRegression.html">runATFRegression</a></td><td><a name="testValidateUserNameFieldByDeletingValueInPM"></a><a href="SuiteRunner/0_runATFRegression.html#testValidateUserNameFieldByDeletingValueInPM">testValidateUserNameFieldByDeletingValueInPM</a></td><td>Failure</td><td>N/A<br>
<br>
<code>junit.framework.AssertionFailedError<br/>	at UserManagement.ProfileManagement.RegisteredUserTestCasesForEditProfileDetails.ValidateEmailField.ValidateEmailFieldByDeletingValue.testValidateUserNameFieldByDeletingValueInPM(ValidateEmailFieldByDeletingValue.java:32)<br/></code></td><td>127.841</td>
</tr>
<tr valign="top" class="TableRowColor">
<td><a href="SuiteRunner/0_runATFRegression.html">runATFRegression</a></td><td><a name="testValidateUserNameFieldByDeletingValueInPM"></a><a href="SuiteRunner/0_runATFRegression.html#testValidateUserNameFieldByDeletingValueInPM">testValidateUserNameFieldByDeletingValueInPM</a></td><td>Success</td><td></td><td>128.419</td>
</tr>
<tr valign="top" class="Failure">
<td><a href="SuiteRunner/0_runATFRegression.html">runATFRegression</a></td><td><a name="testValidateUserNameFieldByDeletingValueInPM"></a><a href="SuiteRunner/0_runATFRegression.html#testValidateUserNameFieldByDeletingValueInPM">testValidateUserNameFieldByDeletingValueInPM</a></td><td>Failure</td><td>N/A<br>
<br>
<code>junit.framework.AssertionFailedError<br/>	at UserManagement.ProfileManagement.RegisteredUserTestCasesForEditProfileDetails.ValidateMobileNumberField.ValidateMobileNumberFieldByDeletingValue.testValidateUserNameFieldByDeletingValueInPM(ValidateMobileNumberFieldByDeletingValue.java:32)<br/></code></td><td>125.966</td>
</tr>
<tr valign="top" class="TableRowColor">
<td><a href="SuiteRunner/0_runATFRegression.html">runATFRegression</a></td><td><a name="testValidateUserNameFieldByDeletingValueInPM"></a><a href="SuiteRunner/0_runATFRegression.html#testValidateUserNameFieldByDeletingValueInPM">testValidateUserNameFieldByDeletingValueInPM</a></td><td>Success</td><td></td><td>133.324</td>
</tr>
<tr valign="top" class="Failure">
<td><a href="SuiteRunner/0_runATFRegression.html">runATFRegression</a></td><td><a name="testValidateUserNameFieldByDeletingValueInPM"></a><a href="SuiteRunner/0_runATFRegression.html#testValidateUserNameFieldByDeletingValueInPM">testValidateUserNameFieldByDeletingValueInPM</a></td><td>Failure</td><td>N/A<br>
<br>
<code>junit.framework.AssertionFailedError<br/>	at UserManagement.ProfileManagement.RegisteredUserTestCasesForEditProfileDetails.ValidateMobileNumberField.ValidateMobileNumberFieldByEnteringExistingNo.testValidateUserNameFieldByDeletingValueInPM(ValidateMobileNumberFieldByEnteringExistingNo.java:32)<br/></code></td><td>160.566</td>
</tr>
<tr valign="top" class="TableRowColor">
<td><a href="SuiteRunner/0_runATFRegression.html">runATFRegression</a></td><td><a name="testValidateCurrentPasswordWhenChangingPassword"></a><a href="SuiteRunner/0_runATFRegression.html#testValidateCurrentPasswordWhenChangingPassword">testValidateCurrentPasswordWhenChangingPassword</a></td><td>Success</td><td></td><td>165.940</td>
</tr>
<tr valign="top" class="TableRowColor">
<td><a href="SuiteRunner/0_runATFRegression.html">runATFRegression</a></td><td><a name="testVerifyPasswordChangeWorks"></a><a href="SuiteRunner/0_runATFRegression.html#testVerifyPasswordChangeWorks">testVerifyPasswordChangeWorks</a></td><td>Success</td><td></td><td>146.945</td>
</tr>
<tr valign="top" class="TableRowColor">
<td><a href="SuiteRunner/0_runATFRegression.html">runATFRegression</a></td><td><a name="testVerifyPasswordChangeWorks"></a><a href="SuiteRunner/0_runATFRegression.html#testVerifyPasswordChangeWorks">testVerifyPasswordChangeWorks</a></td><td>Success</td><td></td><td>167.721</td>
</tr>
<tr valign="top" class="TableRowColor">
<td><a href="SuiteRunner/0_runATFRegression.html">runATFRegression</a></td><td><a name="testUserProfileChanges"></a><a href="SuiteRunner/0_runATFRegression.html#testUserProfileChanges">testUserProfileChanges</a></td><td>Success</td><td></td><td>287.657</td>
</tr>
<tr valign="top" class="TableRowColor">
<td><a href="SuiteRunner/0_runATFRegression.html">runATFRegression</a></td><td><a name="testUserProfileChanges"></a><a href="SuiteRunner/0_runATFRegression.html#testUserProfileChanges">testUserProfileChanges</a></td><td>Success</td><td></td><td>287.407</td>
</tr>
<tr valign="top" class="TableRowColor">
<td><a href="SuiteRunner/0_runATFRegression.html">runATFRegression</a></td><td><a name="testUserProfileChanges"></a><a href="SuiteRunner/0_runATFRegression.html#testUserProfileChanges">testUserProfileChanges</a></td><td>Success</td><td></td><td>253.369</td>
</tr>
<tr valign="top" class="Failure">
<td><a href="SuiteRunner/0_runATFRegression.html">runATFRegression</a></td><td><a name="testUserProfileChanges"></a><a href="SuiteRunner/0_runATFRegression.html#testUserProfileChanges">testUserProfileChanges</a></td><td>Failure</td><td>N/A<br>
<br>
<code>junit.framework.AssertionFailedError<br/>	at UserManagement.ProfileManagement.RegisteredUserTestCasesForChangePaymentInfo.ValidateExpiryMonthField.ValidatePaymentInfoMonthByEnteringInvalidMonth.testUserProfileChanges(ValidatePaymentInfoMonthByEnteringInvalidMonth.java:46)<br/></code></td><td>322.132</td>
</tr>
<tr valign="top" class="Failure">
<td><a href="SuiteRunner/0_runATFRegression.html">runATFRegression</a></td><td><a name="testUserProfileChanges"></a><a href="SuiteRunner/0_runATFRegression.html#testUserProfileChanges">testUserProfileChanges</a></td><td>Failure</td><td>N/A<br>
<br>
<code>junit.framework.AssertionFailedError<br/>	at UserManagement.ProfileManagement.RegisteredUserTestCasesForChangePaymentInfo.ValidateExpiryMonthField.ValidatePaymentInfoMonthMandatoryField.testUserProfileChanges(ValidatePaymentInfoMonthMandatoryField.java:44)<br/></code></td><td>216.192</td>
</tr>
<tr valign="top" class="Failure">
<td><a href="SuiteRunner/0_runATFRegression.html">runATFRegression</a></td><td><a name="testUserProfileChanges"></a><a href="SuiteRunner/0_runATFRegression.html#testUserProfileChanges">testUserProfileChanges</a></td><td>Failure</td><td>N/A<br>
<br>
<code>junit.framework.AssertionFailedError<br/>	at UserManagement.ProfileManagement.RegisteredUserTestCasesForChangePaymentInfo.ValidateYearField.ValidatePaymentInfoYearFieldByEnteringPastYear.testUserProfileChanges(ValidatePaymentInfoYearFieldByEnteringPastYear.java:51)<br/></code></td><td>238.749</td>
</tr>
<tr valign="top" class="Failure">
<td><a href="SuiteRunner/0_runATFRegression.html">runATFRegression</a></td><td><a name="testUserProfileChanges"></a><a href="SuiteRunner/0_runATFRegression.html#testUserProfileChanges">testUserProfileChanges</a></td><td>Failure</td><td>N/A<br>
<br>
<code>junit.framework.AssertionFailedError<br/>	at UserManagement.ProfileManagement.RegisteredUserTestCasesForChangePaymentInfo.ValidateYearField.ValidatePaymentInfoYearMandatoryField.testUserProfileChanges(ValidatePaymentInfoYearMandatoryField.java:45)<br/></code></td><td>212.334</td>
</tr>
<tr valign="top" class="TableRowColor">
<td><a href="SuiteRunner/0_runATFRegression.html">runATFRegression</a></td><td><a name="testUserProfileChanges"></a><a href="SuiteRunner/0_runATFRegression.html#testUserProfileChanges">testUserProfileChanges</a></td><td>Success</td><td></td><td>255.807</td>
</tr>
<tr valign="top" class="TableRowColor">
<td><a href="SuiteRunner/0_runATFRegression.html">runATFRegression</a></td><td><a name="testUserProfileChanges"></a><a href="SuiteRunner/0_runATFRegression.html#testUserProfileChanges">testUserProfileChanges</a></td><td>Success</td><td></td><td>192.932</td>
</tr>
<tr valign="top" class="TableRowColor">
<td><a href="SuiteRunner/0_runATFRegression.html">runATFRegression</a></td><td><a name="testVerifyChangePinCodeDetailsUpdatedSuccessfully"></a><a href="SuiteRunner/0_runATFRegression.html#testVerifyChangePinCodeDetailsUpdatedSuccessfully">testVerifyChangePinCodeDetailsUpdatedSuccessfully</a></td><td>Success</td><td></td><td>184.201</td>
</tr>
<tr valign="top" class="TableRowColor">
<td><a href="SuiteRunner/0_runATFRegression.html">runATFRegression</a></td><td><a name="testVerifyChangePinCodeDetailsUpdatedSuccessfully"></a><a href="SuiteRunner/0_runATFRegression.html#testVerifyChangePinCodeDetailsUpdatedSuccessfully">testVerifyChangePinCodeDetailsUpdatedSuccessfully</a></td><td>Success</td><td></td><td>169.860</td>
</tr>
<tr valign="top" class="TableRowColor">
<td><a href="SuiteRunner/0_runATFRegression.html">runATFRegression</a></td><td><a name="testVerifyChangePinCodeDetailsUpdatedSuccessfully"></a><a href="SuiteRunner/0_runATFRegression.html#testVerifyChangePinCodeDetailsUpdatedSuccessfully">testVerifyChangePinCodeDetailsUpdatedSuccessfully</a></td><td>Success</td><td></td><td>177.843</td>
</tr>
<tr valign="top" class="TableRowColor">
<td><a href="SuiteRunner/0_runATFRegression.html">runATFRegression</a></td><td><a name="testVerifyChangePinCodeDetailsUpdatedSuccessfully"></a><a href="SuiteRunner/0_runATFRegression.html#testVerifyChangePinCodeDetailsUpdatedSuccessfully">testVerifyChangePinCodeDetailsUpdatedSuccessfully</a></td><td>Success</td><td></td><td>185.279</td>
</tr>
<tr valign="top" class="TableRowColor">
<td><a href="SuiteRunner/0_runATFRegression.html">runATFRegression</a></td><td><a name="testVerifyChangePinCodeDetailsUpdatedSuccessfully"></a><a href="SuiteRunner/0_runATFRegression.html#testVerifyChangePinCodeDetailsUpdatedSuccessfully">testVerifyChangePinCodeDetailsUpdatedSuccessfully</a></td><td>Success</td><td></td><td>194.323</td>
</tr>
<tr valign="top" class="TableRowColor">
<td><a href="SuiteRunner/0_runATFRegression.html">runATFRegression</a></td><td><a name="testVerifyChangePinCodeDetailsUpdatedSuccessfully"></a><a href="SuiteRunner/0_runATFRegression.html#testVerifyChangePinCodeDetailsUpdatedSuccessfully">testVerifyChangePinCodeDetailsUpdatedSuccessfully</a></td><td>Success</td><td></td><td>216.410</td>
</tr>
<tr valign="top" class="Error">
<td><a href="SuiteRunner/0_runATFRegression.html">runATFRegression</a></td><td><a name="testChangeActivationCode"></a><a href="SuiteRunner/0_runATFRegression.html#testChangeActivationCode">testChangeActivationCode</a></td><td>Error</td><td>Error communicating with the remote browser. It may have died. Build info: version: '2.32.0', revision: '6c40c18', time: '2013-04-09 17:22:56' System info: os.name: 'Windows XP', os.arch: 'x86', os.version: '5.1', java.version: '1.6.0' Driver info: driver.version: RemoteWebDriver<br>
<br>
<code>org.openqa.selenium.remote.UnreachableBrowserException: Error communicating with the remote browser. It may have died.<br/>Build info: version: '2.32.0', revision: '6c40c18', time: '2013-04-09 17:22:56'<br/>System info: os.name: 'Windows XP', os.arch: 'x86', os.version: '5.1', java.version: '1.6.0'<br/>Driver info: driver.version: RemoteWebDriver<br/>	at org.openqa.selenium.remote.RemoteWebDriver.execute(RemoteWebDriver.java:548)<br/>	at org.openqa.selenium.remote.RemoteWebDriver.findElement(RemoteWebDriver.java:307)<br/>	at org.openqa.selenium.remote.RemoteWebDriver.findElementByLinkText(RemoteWebDriver.java:356)<br/>	at org.openqa.selenium.By$ByLinkText.findElement(By.java:241)<br/>	at org.openqa.selenium.remote.RemoteWebDriver.findElement(RemoteWebDriver.java:299)<br/>	at UserManagement.ProfileManagement.RegisteredUserTestCasesForChangeActivationCode.ChangeActivationCodeWithValidAC.ValidateUserActivationCodeUpdatesSuccessfully.testChangeActivationCode(ValidateUserActivationCodeUpdatesSuccessfully.java:36)<br/>Caused by: org.apache.http.conn.HttpHostConnectException: Connection to http://localhost:7055 refused<br/>	at org.apache.http.impl.conn.DefaultClientConnectionOperator.openConnection(DefaultClientConnectionOperator.java:190)<br/>	at org.apache.http.impl.conn.AbstractPoolEntry.open(AbstractPoolEntry.java:151)<br/>	at org.apache.http.impl.conn.AbstractPooledConnAdapter.open(AbstractPooledConnAdapter.java:125)<br/>	at org.apache.http.impl.client.DefaultRequestDirector.tryConnect(DefaultRequestDirector.java:640)<br/>	at org.apache.http.impl.client.DefaultRequestDirector.execute(DefaultRequestDirector.java:479)<br/>	at org.apache.http.impl.client.AbstractHttpClient.execute(AbstractHttpClient.java:906)<br/>	at org.openqa.selenium.remote.HttpCommandExecutor.fallBackExecute(HttpCommandExecutor.java:334)<br/>	at org.openqa.selenium.remote.HttpCommandExecutor.execute(HttpCommandExecutor.java:295)<br/>	at org.openqa.selenium.firefox.internal.NewProfileExtensionConnection.execute(NewProfileExtensionConnection.java:133)<br/>	at org.openqa.selenium.firefox.FirefoxDriver$LazyCommandExecutor.execute(FirefoxDriver.java:355)<br/>	at org.openqa.selenium.remote.RemoteWebDriver.execute(RemoteWebDriver.java:527)<br/>Caused by: java.net.ConnectException: Connection refused: connect<br/>	at java.net.PlainSocketImpl.socketConnect(Native Method)<br/>	at java.net.PlainSocketImpl.doConnect(PlainSocketImpl.java:333)<br/>	at java.net.PlainSocketImpl.connectToAddress(PlainSocketImpl.java:195)<br/>	at java.net.PlainSocketImpl.connect(PlainSocketImpl.java:182)<br/>	at java.net.SocksSocketImpl.connect(SocksSocketImpl.java:366)<br/>	at java.net.Socket.connect(Socket.java:519)<br/>	at org.apache.http.conn.scheme.PlainSocketFactory.connectSocket(PlainSocketFactory.java:127)<br/>	at org.apache.http.impl.conn.DefaultClientConnectionOperator.openConnection(DefaultClientConnectionOperator.java:180)<br/></code>Error communicating with the remote browser. It may have died. Build info: version: '2.32.0', revision: '6c40c18', time: '2013-04-09 17:22:56' System info: os.name: 'Windows XP', os.arch: 'x86', os.version: '5.1', java.version: '1.6.0' Driver info: driver.version: RemoteWebDriver<br>
<br>
<code>org.openqa.selenium.remote.UnreachableBrowserException: Error communicating with the remote browser. It may have died.<br/>Build info: version: '2.32.0', revision: '6c40c18', time: '2013-04-09 17:22:56'<br/>System info: os.name: 'Windows XP', os.arch: 'x86', os.version: '5.1', java.version: '1.6.0'<br/>Driver info: driver.version: RemoteWebDriver<br/>	at org.openqa.selenium.remote.RemoteWebDriver.execute(RemoteWebDriver.java:548)<br/>	at org.openqa.selenium.remote.RemoteWebDriver.execute(RemoteWebDriver.java:569)<br/>	at org.openqa.selenium.remote.RemoteWebDriver$RemoteNavigation.refresh(RemoteWebDriver.java:808)<br/>	at ConfigServices.Utils.BaseTest.tearDown(BaseTest.java:59)<br/>Caused by: org.apache.http.conn.HttpHostConnectException: Connection to http://localhost:7055 refused<br/>	at org.apache.http.impl.conn.DefaultClientConnectionOperator.openConnection(DefaultClientConnectionOperator.java:190)<br/>	at org.apache.http.impl.conn.AbstractPoolEntry.open(AbstractPoolEntry.java:151)<br/>	at org.apache.http.impl.conn.AbstractPooledConnAdapter.open(AbstractPooledConnAdapter.java:125)<br/>	at org.apache.http.impl.client.DefaultRequestDirector.tryConnect(DefaultRequestDirector.java:640)<br/>	at org.apache.http.impl.client.DefaultRequestDirector.execute(DefaultRequestDirector.java:479)<br/>	at org.apache.http.impl.client.AbstractHttpClient.execute(AbstractHttpClient.java:906)<br/>	at org.openqa.selenium.remote.HttpCommandExecutor.fallBackExecute(HttpCommandExecutor.java:316)<br/>	at org.openqa.selenium.remote.HttpCommandExecutor.execute(HttpCommandExecutor.java:295)<br/>	at org.openqa.selenium.firefox.internal.NewProfileExtensionConnection.execute(NewProfileExtensionConnection.java:133)<br/>	at org.openqa.selenium.firefox.FirefoxDriver$LazyCommandExecutor.execute(FirefoxDriver.java:355)<br/>	at org.openqa.selenium.remote.RemoteWebDriver.execute(RemoteWebDriver.java:527)<br/>Caused by: java.net.ConnectException: Connection refused: connect<br/>	at java.net.PlainSocketImpl.socketConnect(Native Method)<br/>	at java.net.PlainSocketImpl.doConnect(PlainSocketImpl.java:333)<br/>	at java.net.PlainSocketImpl.connectToAddress(PlainSocketImpl.java:195)<br/>	at java.net.PlainSocketImpl.connect(PlainSocketImpl.java:182)<br/>	at java.net.SocksSocketImpl.connect(SocksSocketImpl.java:366)<br/>	at java.net.Socket.connect(Socket.java:519)<br/>	at org.apache.http.conn.scheme.PlainSocketFactory.connectSocket(PlainSocketFactory.java:127)<br/>	at org.apache.http.impl.conn.DefaultClientConnectionOperator.openConnection(DefaultClientConnectionOperator.java:180)<br/></code></td><td>6496.894</td>
</tr>
<tr valign="top" class="TableRowColor">
<td><a href="SuiteRunner/0_runATFRegression.html">runATFRegression</a></td><td><a name="testChangeActivationCode"></a><a href="SuiteRunner/0_runATFRegression.html#testChangeActivationCode">testChangeActivationCode</a></td><td>Success</td><td></td><td>248.230</td>
</tr>
<tr valign="top" class="TableRowColor">
<td><a href="SuiteRunner/0_runATFRegression.html">runATFRegression</a></td><td><a name="testResetTheXidioPassword"></a><a href="SuiteRunner/0_runATFRegression.html#testResetTheXidioPassword">testResetTheXidioPassword</a></td><td>Success</td><td></td><td>66.466</td>
</tr>
<tr valign="top" class="TableRowColor">
<td><a href="SuiteRunner/0_runATFRegression.html">runATFRegression</a></td><td><a name="testResetTheXidioPasswordWithWrongEmail"></a><a href="SuiteRunner/0_runATFRegression.html#testResetTheXidioPasswordWithWrongEmail">testResetTheXidioPasswordWithWrongEmail</a></td><td>Success</td><td></td><td>76.979</td>
</tr>
<tr valign="top" class="TableRowColor">
<td><a href="SuiteRunner/0_runATFRegression.html">runATFRegression</a></td><td><a name="testResetXidioPasswordWithoutProvidingEmailID"></a><a href="SuiteRunner/0_runATFRegression.html#testResetXidioPasswordWithoutProvidingEmailID">testResetXidioPasswordWithoutProvidingEmailID</a></td><td>Success</td><td></td><td>73.465</td>
</tr>
<tr valign="top" class="TableRowColor">
<td><a href="SuiteRunner/0_runATFRegression.html">runATFRegression</a></td><td><a name="testLoginToXidioApplicationUsingInValidPassword"></a><a href="SuiteRunner/0_runATFRegression.html#testLoginToXidioApplicationUsingInValidPassword">testLoginToXidioApplicationUsingInValidPassword</a></td><td>Success</td><td></td><td>109.845</td>
</tr>
<tr valign="top" class="TableRowColor">
<td><a href="SuiteRunner/0_runATFRegression.html">runATFRegression</a></td><td><a name="testLoginToXidioApplicationUsingInValidUName"></a><a href="SuiteRunner/0_runATFRegression.html#testLoginToXidioApplicationUsingInValidUName">testLoginToXidioApplicationUsingInValidUName</a></td><td>Success</td><td></td><td>64.326</td>
</tr>
<tr valign="top" class="TableRowColor">
<td><a href="SuiteRunner/0_runATFRegression.html">runATFRegression</a></td><td><a name="testLoginToCamcast"></a><a href="SuiteRunner/0_runATFRegression.html#testLoginToCamcast">testLoginToCamcast</a></td><td>Success</td><td></td><td>194.573</td>
</tr>
<tr valign="top" class="Error">
<td><a href="SuiteRunner/0_runATFRegression.html">runATFRegression</a></td><td><a name="testVerifyFeedbackSubmitedSuccessfully"></a><a href="SuiteRunner/0_runATFRegression.html#testVerifyFeedbackSubmitedSuccessfully">testVerifyFeedbackSubmitedSuccessfully</a></td><td>Error</td><td>Unable to locate element: {"method":"css selector","selector":"img[alt=\"Ocean Life\"]"} Command duration or timeout: 30.13 seconds For documentation on this error, please visit: http://seleniumhq.org/exceptions/no_such_element.html Build info: version: '2.32.0', revision: '6c40c18', time: '2013-04-09 17:22:56' System info: os.name: 'Windows XP', os.arch: 'x86', os.version: '5.1', java.version: '1.6.0' Session ID: d7efc7c4-ceed-418d-bb1a-1a5c484e37ca Driver info: org.openqa.selenium.firefox.FirefoxDriver Capabilities [{platform=XP, acceptSslCerts=true, javascriptEnabled=true, browserName=firefox, rotatable=false, locationContextEnabled=true, version=21.0, cssSelectorsEnabled=true, databaseEnabled=true, handlesAlerts=true, browserConnectionEnabled=true, nativeEvents=true, webStorageEnabled=true, applicationCacheEnabled=true, takesScreenshot=true}]<br>
<br>
<code>org.openqa.selenium.NoSuchElementException: Unable to locate element: {"method":"css selector","selector":"img[alt=\"Ocean Life\"]"}<br/>Command duration or timeout: 30.13 seconds<br/>For documentation on this error, please visit: http://seleniumhq.org/exceptions/no_such_element.html<br/>Build info: version: '2.32.0', revision: '6c40c18', time: '2013-04-09 17:22:56'<br/>System info: os.name: 'Windows XP', os.arch: 'x86', os.version: '5.1', java.version: '1.6.0'<br/>Session ID: d7efc7c4-ceed-418d-bb1a-1a5c484e37ca<br/>Driver info: org.openqa.selenium.firefox.FirefoxDriver<br/>Capabilities [{platform=XP, acceptSslCerts=true, javascriptEnabled=true, browserName=firefox, rotatable=false, locationContextEnabled=true, version=21.0, cssSelectorsEnabled=true, databaseEnabled=true, handlesAlerts=true, browserConnectionEnabled=true, nativeEvents=true, webStorageEnabled=true, applicationCacheEnabled=true, takesScreenshot=true}]<br/>	at java.lang.reflect.Constructor.newInstance(Constructor.java:513)<br/>	at org.openqa.selenium.remote.ErrorHandler.createThrowable(ErrorHandler.java:187)<br/>	at org.openqa.selenium.remote.ErrorHandler.throwIfResponseFailed(ErrorHandler.java:145)<br/>	at org.openqa.selenium.remote.RemoteWebDriver.execute(RemoteWebDriver.java:554)<br/>	at org.openqa.selenium.remote.RemoteWebDriver.findElement(RemoteWebDriver.java:307)<br/>	at org.openqa.selenium.remote.RemoteWebDriver.findElementByCssSelector(RemoteWebDriver.java:396)<br/>	at org.openqa.selenium.By$ByCssSelector.findElement(By.java:407)<br/>	at org.openqa.selenium.remote.RemoteWebDriver.findElement(RemoteWebDriver.java:299)<br/>	at VideoManagement.VideoFeedBackManagement.VerifyFeedbackSubmitedSuccessfully.testVerifyFeedbackSubmitedSuccessfully(VerifyFeedbackSubmitedSuccessfully.java:25)<br/>Caused by: org.openqa.selenium.remote.ErrorHandler$UnknownServerException: Unable to locate element: {"method":"css selector","selector":"img[alt=\"Ocean Life\"]"}<br/>Build info: version: '2.32.0', revision: '6c40c18', time: '2013-04-09 17:22:56'<br/>System info: os.name: 'Windows XP', os.arch: 'x86', os.version: '5.1', java.version: '1.6.0'<br/>Driver info: driver.version: unknown<br/>	at <anonymous class>.FirefoxDriver.prototype.findElementInternal_(file:///C:/DOCUME~1/HARSHI~1.GOW/LOCALS~1/Temp/anonymous63187webdriver-profile/extensions/fxdriver@googlecode.com/components/driver_component.js:8405)<br/>	at <anonymous class>.fxdriver.Timer.prototype.setTimeout/<.notify(file:///C:/DOCUME~1/HARSHI~1.GOW/LOCALS~1/Temp/anonymous63187webdriver-profile/extensions/fxdriver@googlecode.com/components/driver_component.js:386)<br/></code></td><td>218.223</td>
</tr>
<tr valign="top" class="Error">
<td><a href="SuiteRunner/0_runATFRegression.html">runATFRegression</a></td><td><a name="testEnsureSearchChannelStoreIsWorkingFine"></a><a href="SuiteRunner/0_runATFRegression.html#testEnsureSearchChannelStoreIsWorkingFine">testEnsureSearchChannelStoreIsWorkingFine</a></td><td>Error</td><td>Error communicating with the remote browser. It may have died. Build info: version: '2.32.0', revision: '6c40c18', time: '2013-04-09 17:22:56' System info: os.name: 'Windows XP', os.arch: 'x86', os.version: '5.1', java.version: '1.6.0' Driver info: driver.version: RemoteWebDriver<br>
<br>
<code>org.openqa.selenium.remote.UnreachableBrowserException: Error communicating with the remote browser. It may have died.<br/>Build info: version: '2.32.0', revision: '6c40c18', time: '2013-04-09 17:22:56'<br/>System info: os.name: 'Windows XP', os.arch: 'x86', os.version: '5.1', java.version: '1.6.0'<br/>Driver info: driver.version: RemoteWebDriver<br/>	at org.openqa.selenium.remote.RemoteWebDriver.execute(RemoteWebDriver.java:548)<br/>	at org.openqa.selenium.remote.RemoteWebDriver.execute(RemoteWebDriver.java:569)<br/>	at org.openqa.selenium.remote.RemoteWebDriver$RemoteNavigation.refresh(RemoteWebDriver.java:808)<br/>	at ConfigServices.Utils.BaseTest.tearDown(BaseTest.java:59)<br/>Caused by: org.apache.http.conn.HttpHostConnectException: Connection to http://localhost:7055 refused<br/>	at org.apache.http.impl.conn.DefaultClientConnectionOperator.openConnection(DefaultClientConnectionOperator.java:190)<br/>	at org.apache.http.impl.conn.AbstractPoolEntry.open(AbstractPoolEntry.java:151)<br/>	at org.apache.http.impl.conn.AbstractPooledConnAdapter.open(AbstractPooledConnAdapter.java:125)<br/>	at org.apache.http.impl.client.DefaultRequestDirector.tryConnect(DefaultRequestDirector.java:640)<br/>	at org.apache.http.impl.client.DefaultRequestDirector.execute(DefaultRequestDirector.java:479)<br/>	at org.apache.http.impl.client.AbstractHttpClient.execute(AbstractHttpClient.java:906)<br/>	at org.openqa.selenium.remote.HttpCommandExecutor.fallBackExecute(HttpCommandExecutor.java:334)<br/>	at org.openqa.selenium.remote.HttpCommandExecutor.execute(HttpCommandExecutor.java:295)<br/>	at org.openqa.selenium.firefox.internal.NewProfileExtensionConnection.execute(NewProfileExtensionConnection.java:133)<br/>	at org.openqa.selenium.firefox.FirefoxDriver$LazyCommandExecutor.execute(FirefoxDriver.java:355)<br/>	at org.openqa.selenium.remote.RemoteWebDriver.execute(RemoteWebDriver.java:527)<br/>Caused by: java.net.ConnectException: Connection refused: connect<br/>	at java.net.PlainSocketImpl.socketConnect(Native Method)<br/>	at java.net.PlainSocketImpl.doConnect(PlainSocketImpl.java:333)<br/>	at java.net.PlainSocketImpl.connectToAddress(PlainSocketImpl.java:195)<br/>	at java.net.PlainSocketImpl.connect(PlainSocketImpl.java:182)<br/>	at java.net.SocksSocketImpl.connect(SocksSocketImpl.java:366)<br/>	at java.net.Socket.connect(Socket.java:519)<br/>	at org.apache.http.conn.scheme.PlainSocketFactory.connectSocket(PlainSocketFactory.java:127)<br/>	at org.apache.http.impl.conn.DefaultClientConnectionOperator.openConnection(DefaultClientConnectionOperator.java:180)<br/></code></td><td>199.118</td>
</tr>
<tr valign="top" class="Error">
<td><a href="SuiteRunner/0_runATFRegression.html">runATFRegression</a></td><td><a name="testVerifySelectedCategoryAndSubCategoryVideosAreDisplayed"></a><a href="SuiteRunner/0_runATFRegression.html#testVerifySelectedCategoryAndSubCategoryVideosAreDisplayed">testVerifySelectedCategoryAndSubCategoryVideosAreDisplayed</a></td><td>Error</td><td>Unable to locate element: {"method":"link text","selector":"XIDIO"} Command duration or timeout: 35.18 seconds For documentation on this error, please visit: http://seleniumhq.org/exceptions/no_such_element.html Build info: version: '2.32.0', revision: '6c40c18', time: '2013-04-09 17:22:56' System info: os.name: 'Windows XP', os.arch: 'x86', os.version: '5.1', java.version: '1.6.0' Session ID: 34c7811a-4dd1-4345-8b0e-2d9c0fea8df1 Driver info: org.openqa.selenium.firefox.FirefoxDriver Capabilities [{platform=XP, acceptSslCerts=true, javascriptEnabled=true, browserName=firefox, rotatable=false, locationContextEnabled=true, version=21.0, cssSelectorsEnabled=true, databaseEnabled=true, handlesAlerts=true, browserConnectionEnabled=true, nativeEvents=true, webStorageEnabled=true, applicationCacheEnabled=true, takesScreenshot=true}]<br>
<br>
<code>org.openqa.selenium.NoSuchElementException: Unable to locate element: {"method":"link text","selector":"XIDIO"}<br/>Command duration or timeout: 35.18 seconds<br/>For documentation on this error, please visit: http://seleniumhq.org/exceptions/no_such_element.html<br/>Build info: version: '2.32.0', revision: '6c40c18', time: '2013-04-09 17:22:56'<br/>System info: os.name: 'Windows XP', os.arch: 'x86', os.version: '5.1', java.version: '1.6.0'<br/>Session ID: 34c7811a-4dd1-4345-8b0e-2d9c0fea8df1<br/>Driver info: org.openqa.selenium.firefox.FirefoxDriver<br/>Capabilities [{platform=XP, acceptSslCerts=true, javascriptEnabled=true, browserName=firefox, rotatable=false, locationContextEnabled=true, version=21.0, cssSelectorsEnabled=true, databaseEnabled=true, handlesAlerts=true, browserConnectionEnabled=true, nativeEvents=true, webStorageEnabled=true, applicationCacheEnabled=true, takesScreenshot=true}]<br/>	at java.lang.reflect.Constructor.newInstance(Constructor.java:513)<br/>	at org.openqa.selenium.remote.ErrorHandler.createThrowable(ErrorHandler.java:187)<br/>	at org.openqa.selenium.remote.ErrorHandler.throwIfResponseFailed(ErrorHandler.java:145)<br/>	at org.openqa.selenium.remote.RemoteWebDriver.execute(RemoteWebDriver.java:554)<br/>	at org.openqa.selenium.remote.RemoteWebDriver.findElement(RemoteWebDriver.java:307)<br/>	at org.openqa.selenium.remote.RemoteWebDriver.findElementByLinkText(RemoteWebDriver.java:356)<br/>	at org.openqa.selenium.By$ByLinkText.findElement(By.java:241)<br/>	at org.openqa.selenium.remote.RemoteWebDriver.findElement(RemoteWebDriver.java:299)<br/>	at VideoManagement.VideoSearchFunctionality.SearchVideoByCategory.VerifySelectedCategoryAndSubCategoryVideosAreDisplayed.testVerifySelectedCategoryAndSubCategoryVideosAreDisplayed(VerifySelectedCategoryAndSubCategoryVideosAreDisplayed.java:20)<br/>Caused by: org.openqa.selenium.remote.ErrorHandler$UnknownServerException: Unable to locate element: {"method":"link text","selector":"XIDIO"}<br/>Build info: version: '2.32.0', revision: '6c40c18', time: '2013-04-09 17:22:56'<br/>System info: os.name: 'Windows XP', os.arch: 'x86', os.version: '5.1', java.version: '1.6.0'<br/>Driver info: driver.version: unknown<br/>	at <anonymous class>.FirefoxDriver.prototype.findElementInternal_(file:///C:/DOCUME~1/HARSHI~1.GOW/LOCALS~1/Temp/anonymous63191webdriver-profile/extensions/fxdriver@googlecode.com/components/driver_component.js:8405)<br/>	at <anonymous class>.fxdriver.Timer.prototype.setTimeout/<.notify(file:///C:/DOCUME~1/HARSHI~1.GOW/LOCALS~1/Temp/anonymous63191webdriver-profile/extensions/fxdriver@googlecode.com/components/driver_component.js:386)<br/></code></td><td>194.026</td>
</tr>
<tr valign="top" class="Error">
<td><a href="SuiteRunner/0_runATFRegression.html">runATFRegression</a></td><td><a name="testVerifySubcriptionOfPaidVideo"></a><a href="SuiteRunner/0_runATFRegression.html#testVerifySubcriptionOfPaidVideo">testVerifySubcriptionOfPaidVideo</a></td><td>Error</td><td>Unable to locate element: {"method":"xpath","selector":"html/body/div[1]/div[3]/div/h2"} Command duration or timeout: 30.05 seconds For documentation on this error, please visit: http://seleniumhq.org/exceptions/no_such_element.html Build info: version: '2.32.0', revision: '6c40c18', time: '2013-04-09 17:22:56' System info: os.name: 'Windows XP', os.arch: 'x86', os.version: '5.1', java.version: '1.6.0' Session ID: 01f277b3-7e70-48bf-9287-e08b6450edad Driver info: org.openqa.selenium.firefox.FirefoxDriver Capabilities [{platform=XP, acceptSslCerts=true, javascriptEnabled=true, browserName=firefox, rotatable=false, locationContextEnabled=true, version=21.0, cssSelectorsEnabled=true, databaseEnabled=true, handlesAlerts=true, browserConnectionEnabled=true, nativeEvents=true, webStorageEnabled=true, applicationCacheEnabled=true, takesScreenshot=true}]<br>
<br>
<code>org.openqa.selenium.NoSuchElementException: Unable to locate element: {"method":"xpath","selector":"html/body/div[1]/div[3]/div/h2"}<br/>Command duration or timeout: 30.05 seconds<br/>For documentation on this error, please visit: http://seleniumhq.org/exceptions/no_such_element.html<br/>Build info: version: '2.32.0', revision: '6c40c18', time: '2013-04-09 17:22:56'<br/>System info: os.name: 'Windows XP', os.arch: 'x86', os.version: '5.1', java.version: '1.6.0'<br/>Session ID: 01f277b3-7e70-48bf-9287-e08b6450edad<br/>Driver info: org.openqa.selenium.firefox.FirefoxDriver<br/>Capabilities [{platform=XP, acceptSslCerts=true, javascriptEnabled=true, browserName=firefox, rotatable=false, locationContextEnabled=true, version=21.0, cssSelectorsEnabled=true, databaseEnabled=true, handlesAlerts=true, browserConnectionEnabled=true, nativeEvents=true, webStorageEnabled=true, applicationCacheEnabled=true, takesScreenshot=true}]<br/>	at java.lang.reflect.Constructor.newInstance(Constructor.java:513)<br/>	at org.openqa.selenium.remote.ErrorHandler.createThrowable(ErrorHandler.java:187)<br/>	at org.openqa.selenium.remote.ErrorHandler.throwIfResponseFailed(ErrorHandler.java:145)<br/>	at org.openqa.selenium.remote.RemoteWebDriver.execute(RemoteWebDriver.java:554)<br/>	at org.openqa.selenium.remote.RemoteWebDriver.findElement(RemoteWebDriver.java:307)<br/>	at org.openqa.selenium.remote.RemoteWebDriver.findElementByXPath(RemoteWebDriver.java:404)<br/>	at org.openqa.selenium.By$ByXPath.findElement(By.java:344)<br/>	at org.openqa.selenium.remote.RemoteWebDriver.findElement(RemoteWebDriver.java:299)<br/>	at VideoManagement.VideoSubscriptionManagement.PaidSubscriptionForVideo.VerifySubcriptionOfPaidVideo.testVerifySubcriptionOfPaidVideo(VerifySubcriptionOfPaidVideo.java:33)<br/>Caused by: org.openqa.selenium.remote.ErrorHandler$UnknownServerException: Unable to locate element: {"method":"xpath","selector":"html/body/div[1]/div[3]/div/h2"}<br/>Build info: version: '2.32.0', revision: '6c40c18', time: '2013-04-09 17:22:56'<br/>System info: os.name: 'Windows XP', os.arch: 'x86', os.version: '5.1', java.version: '1.6.0'<br/>Driver info: driver.version: unknown<br/>	at <anonymous class>.FirefoxDriver.prototype.findElementInternal_(file:///C:/DOCUME~1/HARSHI~1.GOW/LOCALS~1/Temp/anonymous63193webdriver-profile/extensions/fxdriver@googlecode.com/components/driver_component.js:8405)<br/>	at <anonymous class>.fxdriver.Timer.prototype.setTimeout/<.notify(file:///C:/DOCUME~1/HARSHI~1.GOW/LOCALS~1/Temp/anonymous63193webdriver-profile/extensions/fxdriver@googlecode.com/components/driver_component.js:386)<br/></code></td><td>270.912</td>
</tr>
<tr valign="top" class="TableRowColor">
<td><a href="SuiteRunner/1_runDemoTestSuite.html">runDemoTestSuite</a></td><td><a name="testUserRegistration"></a><a href="SuiteRunner/1_runDemoTestSuite.html#testUserRegistration">testUserRegistration</a></td><td>Success</td><td></td><td>104.328</td>
</tr>
</table>
</body>
</html>
