<html xmlns:lxslt="http://xml.apache.org/xslt" xmlns:stringutils="xalan://org.apache.tools.ant.util.StringUtils">
<head>
<META http-equiv="Content-Type" content="text/html; charset=US-ASCII">
<title>Unit Test Results: All Tests</title>
<link rel="stylesheet" type="text/css" title="Style" href="stylesheet.css">
</head>
<body onload="open('allclasses-frame.html','classListFrame')">
<h1>Unit Test Results</h1>
<table width="100%">
<tr>
<td align="left"></td><td align="right">Designed for use with <a href="http://www.junit.org/">JUnit</a> and <a href="http://ant.apache.org/">Ant</a>.</td>
</tr>
</table>
<hr size="1">
<h2>All Tests</h2>
<table class="details" border="0" cellpadding="5" cellspacing="2" width="95%">
<tr valign="top">
<th>Class</th><th>Name</th><th>Status</th><th width="80%">Type</th><th nowrap>Time(s)</th>
</tr>
<tr valign="top" class="Failure">
<td><a href="SuiteRunner/0_runATFRegression.html">runATFRegression</a></td><td><a name="testRegisterToXidioApplicationWithInvalidSecurityCodeLength"></a><a href="SuiteRunner/0_runATFRegression.html#testRegisterToXidioApplicationWithInvalidSecurityCodeLength">testRegisterToXidioApplicationWithInvalidSecurityCodeLength</a></td><td>Failure</td><td>N/A<br>
<br>
<code>junit.framework.AssertionFailedError<br/>	at UserManagement.UserRegistration.UserRegistrationTestCasesForCreditCardDetails.UserRegWithInvalidSecurityCode.UserRegWithInvalidSecurityCodeLength.RegisterToXidioApplicationWithInvalidSecurityCodeLength.testRegisterToXidioApplicationWithInvalidSecurityCodeLength(RegisterToXidioApplicationWithInvalidSecurityCodeLength.java:46)<br/></code></td><td>84.546</td>
</tr>
<tr valign="top" class="Failure">
<td><a href="SuiteRunner/0_runATFRegression.html">runATFRegression</a></td><td><a name="testRegisterToXidioApplicationWithNoCreditCardNumber"></a><a href="SuiteRunner/0_runATFRegression.html#testRegisterToXidioApplicationWithNoCreditCardNumber">testRegisterToXidioApplicationWithNoCreditCardNumber</a></td><td>Failure</td><td>N/A<br>
<br>
<code>junit.framework.AssertionFailedError<br/>	at UserManagement.UserRegistration.UserRegistrationTestCasesForCreditCardDetails.UserRegWithNoPINCode.RegisterToXidioApplicationWithNoPinCode.testRegisterToXidioApplicationWithNoCreditCardNumber(RegisterToXidioApplicationWithNoPinCode.java:37)<br/></code></td><td>77.220</td>
</tr>
<tr valign="top" class="Failure">
<td><a href="SuiteRunner/0_runATFRegression.html">runATFRegression</a></td><td><a name="testRegisterToXidioApplicationWithInvalidSecurityCodeLength"></a><a href="SuiteRunner/0_runATFRegression.html#testRegisterToXidioApplicationWithInvalidSecurityCodeLength">testRegisterToXidioApplicationWithInvalidSecurityCodeLength</a></td><td>Failure</td><td>N/A<br>
<br>
<code>junit.framework.AssertionFailedError<br/>	at UserManagement.UserRegistration.UserRegistrationTestCasesForCreditCardDetails.UserRegWithInvalidPin.UserRegWithInvalidPinCodeCharLength.RegisterToXidioApplicationWithInvalidPinCodeCharLength.testRegisterToXidioApplicationWithInvalidSecurityCodeLength(RegisterToXidioApplicationWithInvalidPinCodeCharLength.java:38)<br/></code></td><td>73.878</td>
</tr>
<tr valign="top" class="Error">
<td><a href="SuiteRunner/0_runATFRegression.html">runATFRegression</a></td><td><a name="testRegisterToXidioApplicationWithInvalidSecurityCodeLength"></a><a href="SuiteRunner/0_runATFRegression.html#testRegisterToXidioApplicationWithInvalidSecurityCodeLength">testRegisterToXidioApplicationWithInvalidSecurityCodeLength</a></td><td>Error</td><td>Element is not currently visible and so may not be interacted with Command duration or timeout: 30.04 seconds Build info: version: '2.32.0', revision: '6c40c18', time: '2013-04-09 17:22:56' System info: os.name: 'Windows XP', os.arch: 'x86', os.version: '5.1', java.version: '1.6.0' Session ID: 68e83ee2-d2f2-494f-976b-3caaa1963304 Driver info: org.openqa.selenium.firefox.FirefoxDriver Capabilities [{platform=XP, acceptSslCerts=true, javascriptEnabled=true, browserName=firefox, rotatable=false, locationContextEnabled=true, version=21.0, cssSelectorsEnabled=true, databaseEnabled=true, handlesAlerts=true, browserConnectionEnabled=true, nativeEvents=true, webStorageEnabled=true, applicationCacheEnabled=true, takesScreenshot=true}]<br>
<br>
<code>org.openqa.selenium.ElementNotVisibleException: Element is not currently visible and so may not be interacted with<br/>Command duration or timeout: 30.04 seconds<br/>Build info: version: '2.32.0', revision: '6c40c18', time: '2013-04-09 17:22:56'<br/>System info: os.name: 'Windows XP', os.arch: 'x86', os.version: '5.1', java.version: '1.6.0'<br/>Session ID: 68e83ee2-d2f2-494f-976b-3caaa1963304<br/>Driver info: org.openqa.selenium.firefox.FirefoxDriver<br/>Capabilities [{platform=XP, acceptSslCerts=true, javascriptEnabled=true, browserName=firefox, rotatable=false, locationContextEnabled=true, version=21.0, cssSelectorsEnabled=true, databaseEnabled=true, handlesAlerts=true, browserConnectionEnabled=true, nativeEvents=true, webStorageEnabled=true, applicationCacheEnabled=true, takesScreenshot=true}]<br/>	at java.lang.reflect.Constructor.newInstance(Constructor.java:513)<br/>	at org.openqa.selenium.remote.ErrorHandler.createThrowable(ErrorHandler.java:187)<br/>	at org.openqa.selenium.remote.ErrorHandler.throwIfResponseFailed(ErrorHandler.java:145)<br/>	at org.openqa.selenium.remote.RemoteWebDriver.execute(RemoteWebDriver.java:554)<br/>	at org.openqa.selenium.remote.RemoteWebElement.execute(RemoteWebElement.java:268)<br/>	at org.openqa.selenium.remote.RemoteWebElement.click(RemoteWebElement.java:79)<br/>	at UserManagement.UserRegistration.UserRegistrationTestCasesForCreditCardDetails.UserRegToCheckDiplayPinCheckboxWorks.RegisterToXidioApplicationWithCheckingDiplayPinCheckbox.testRegisterToXidioApplicationWithInvalidSecurityCodeLength(RegisterToXidioApplicationWithCheckingDiplayPinCheckbox.java:33)<br/>Caused by: org.openqa.selenium.remote.ErrorHandler$UnknownServerException: Element is not currently visible and so may not be interacted with<br/>Build info: version: '2.32.0', revision: '6c40c18', time: '2013-04-09 17:22:56'<br/>System info: os.name: 'Windows XP', os.arch: 'x86', os.version: '5.1', java.version: '1.6.0'<br/>Driver info: driver.version: unknown<br/>	at <anonymous class>.fxdriver.preconditions.visible(file:///C:/DOCUME~1/HARSHI~1.GOW/LOCALS~1/Temp/anonymous54903webdriver-profile/extensions/fxdriver@googlecode.com/components/command_processor.js:7682)<br/>	at <anonymous class>.DelayedCommand.prototype.checkPreconditions_(file:///C:/DOCUME~1/HARSHI~1.GOW/LOCALS~1/Temp/anonymous54903webdriver-profile/extensions/fxdriver@googlecode.com/components/command_processor.js:10402)<br/>	at <anonymous class>.DelayedCommand.prototype.executeInternal_/h(file:///C:/DOCUME~1/HARSHI~1.GOW/LOCALS~1/Temp/anonymous54903webdriver-profile/extensions/fxdriver@googlecode.com/components/command_processor.js:10421)<br/>	at <anonymous class>.fxdriver.Timer.prototype.setTimeout/<.notify(file:///C:/DOCUME~1/HARSHI~1.GOW/LOCALS~1/Temp/anonymous54903webdriver-profile/extensions/fxdriver@googlecode.com/components/command_processor.js:386)<br/></code></td><td>89.529</td>
</tr>
<tr valign="top" class="TableRowColor">
<td><a href="SuiteRunner/0_runATFRegression.html">runATFRegression</a></td><td><a name="testRegisterToXidioApplicationWithInvalidSecurityCodeLength"></a><a href="SuiteRunner/0_runATFRegression.html#testRegisterToXidioApplicationWithInvalidSecurityCodeLength">testRegisterToXidioApplicationWithInvalidSecurityCodeLength</a></td><td>Success</td><td></td><td>91.528</td>
</tr>
<tr valign="top" class="TableRowColor">
<td><a href="SuiteRunner/0_runATFRegression.html">runATFRegression</a></td><td><a name="testChangeActivationCode"></a><a href="SuiteRunner/0_runATFRegression.html#testChangeActivationCode">testChangeActivationCode</a></td><td>Success</td><td></td><td>97.369</td>
</tr>
<tr valign="top" class="TableRowColor">
<td><a href="SuiteRunner/0_runATFRegression.html">runATFRegression</a></td><td><a name="testSignOutFeatureInCamcast"></a><a href="SuiteRunner/0_runATFRegression.html#testSignOutFeatureInCamcast">testSignOutFeatureInCamcast</a></td><td>Success</td><td></td><td>119.299</td>
</tr>
<tr valign="top" class="TableRowColor">
<td><a href="SuiteRunner/0_runATFRegression.html">runATFRegression</a></td><td><a name="testLoginToCamcast"></a><a href="SuiteRunner/0_runATFRegression.html#testLoginToCamcast">testLoginToCamcast</a></td><td>Success</td><td></td><td>128.951</td>
</tr>
<tr valign="top" class="TableRowColor">
<td><a href="SuiteRunner/0_runATFRegression.html">runATFRegression</a></td><td><a name="testLoginToXidioApplicationUsingInValidPassword"></a><a href="SuiteRunner/0_runATFRegression.html#testLoginToXidioApplicationUsingInValidPassword">testLoginToXidioApplicationUsingInValidPassword</a></td><td>Success</td><td></td><td>34.972</td>
</tr>
<tr valign="top" class="TableRowColor">
<td><a href="SuiteRunner/0_runATFRegression.html">runATFRegression</a></td><td><a name="testLoginToXidioApplicationUsingInValidPassword"></a><a href="SuiteRunner/0_runATFRegression.html#testLoginToXidioApplicationUsingInValidPassword">testLoginToXidioApplicationUsingInValidPassword</a></td><td>Success</td><td></td><td>39.704</td>
</tr>
<tr valign="top" class="TableRowColor">
<td><a href="SuiteRunner/0_runATFRegression.html">runATFRegression</a></td><td><a name="testResetTheXidioPassword"></a><a href="SuiteRunner/0_runATFRegression.html#testResetTheXidioPassword">testResetTheXidioPassword</a></td><td>Success</td><td></td><td>43.374</td>
</tr>
<tr valign="top" class="TableRowColor">
<td><a href="SuiteRunner/0_runATFRegression.html">runATFRegression</a></td><td><a name="testResetXidioPasswordWithoutProvidingEmailID"></a><a href="SuiteRunner/0_runATFRegression.html#testResetXidioPasswordWithoutProvidingEmailID">testResetXidioPasswordWithoutProvidingEmailID</a></td><td>Success</td><td></td><td>42.703</td>
</tr>
<tr valign="top" class="TableRowColor">
<td><a href="SuiteRunner/0_runATFRegression.html">runATFRegression</a></td><td><a name="testResetTheXidioPasswordWithWrongEmail"></a><a href="SuiteRunner/0_runATFRegression.html#testResetTheXidioPasswordWithWrongEmail">testResetTheXidioPasswordWithWrongEmail</a></td><td>Success</td><td></td><td>60.946</td>
</tr>
<tr valign="top" class="TableRowColor">
<td><a href="SuiteRunner/0_runATFRegression.html">runATFRegression</a></td><td><a name="testEditXidioAddressInProfileManagement"></a><a href="SuiteRunner/0_runATFRegression.html#testEditXidioAddressInProfileManagement">testEditXidioAddressInProfileManagement</a></td><td>Success</td><td></td><td>140.275</td>
</tr>
<tr valign="top" class="TableRowColor">
<td><a href="SuiteRunner/0_runATFRegression.html">runATFRegression</a></td><td><a name="testEditXidioLastNameInProfileManagement"></a><a href="SuiteRunner/0_runATFRegression.html#testEditXidioLastNameInProfileManagement">testEditXidioLastNameInProfileManagement</a></td><td>Success</td><td></td><td>159.518</td>
</tr>
<tr valign="top" class="TableRowColor">
<td><a href="SuiteRunner/0_runATFRegression.html">runATFRegression</a></td><td><a name="testEditXidioAddressInProfileManagement"></a><a href="SuiteRunner/0_runATFRegression.html#testEditXidioAddressInProfileManagement">testEditXidioAddressInProfileManagement</a></td><td>Success</td><td></td><td>134.340</td>
</tr>
<tr valign="top" class="TableRowColor">
<td><a href="SuiteRunner/0_runATFRegression.html">runATFRegression</a></td><td><a name="testEditXidioCityInProfileManagement"></a><a href="SuiteRunner/0_runATFRegression.html#testEditXidioCityInProfileManagement">testEditXidioCityInProfileManagement</a></td><td>Success</td><td></td><td>145.742</td>
</tr>
<tr valign="top" class="TableRowColor">
<td><a href="SuiteRunner/0_runATFRegression.html">runATFRegression</a></td><td><a name="testEditXidioStateInProfileManagement"></a><a href="SuiteRunner/0_runATFRegression.html#testEditXidioStateInProfileManagement">testEditXidioStateInProfileManagement</a></td><td>Success</td><td></td><td>148.272</td>
</tr>
<tr valign="top" class="TableRowColor">
<td><a href="SuiteRunner/0_runATFRegression.html">runATFRegression</a></td><td><a name="testEditXidioZipInProfileManagement"></a><a href="SuiteRunner/0_runATFRegression.html#testEditXidioZipInProfileManagement">testEditXidioZipInProfileManagement</a></td><td>Success</td><td></td><td>150.428</td>
</tr>
<tr valign="top" class="TableRowColor">
<td><a href="SuiteRunner/0_runATFRegression.html">runATFRegression</a></td><td><a name="testEditXidioUserEmail"></a><a href="SuiteRunner/0_runATFRegression.html#testEditXidioUserEmail">testEditXidioUserEmail</a></td><td>Success</td><td></td><td>157.862</td>
</tr>
<tr valign="top" class="Error">
<td><a href="SuiteRunner/0_runATFRegression.html">runATFRegression</a></td><td><a name="testEditXidioUserEmail"></a><a href="SuiteRunner/0_runATFRegression.html#testEditXidioUserEmail">testEditXidioUserEmail</a></td><td>Error</td><td>expected:&lt;999[0487698]&gt; but was:&lt;999[3589434]&gt;<br>
<br>
<code>	at UserManagement.ProfileManagement.RegisteredUserTestCasesForEditProfileDetails.ValidateMobileNumberField.ExitXidioUserMobileNumber.testEditXidioUserEmail(ExitXidioUserMobileNumber.java:37)<br/></code></td><td>136.745</td>
</tr>
<tr valign="top" class="Failure">
<td><a href="SuiteRunner/0_runATFRegression.html">runATFRegression</a></td><td><a name="testValidateUserNameFieldByDeletingValueInPM"></a><a href="SuiteRunner/0_runATFRegression.html#testValidateUserNameFieldByDeletingValueInPM">testValidateUserNameFieldByDeletingValueInPM</a></td><td>Failure</td><td>N/A<br>
<br>
<code>junit.framework.AssertionFailedError<br/>	at UserManagement.ProfileManagement.RegisteredUserTestCasesForEditProfileDetails.ValidateFirstNameField.ValidateFirstNameFieldByDeletingValue.testValidateUserNameFieldByDeletingValueInPM(ValidateFirstNameFieldByDeletingValue.java:35)<br/></code></td><td>136.090</td>
</tr>
<tr valign="top" class="Failure">
<td><a href="SuiteRunner/0_runATFRegression.html">runATFRegression</a></td><td><a name="testValidateUserNameFieldByDeletingValueInPM"></a><a href="SuiteRunner/0_runATFRegression.html#testValidateUserNameFieldByDeletingValueInPM">testValidateUserNameFieldByDeletingValueInPM</a></td><td>Failure</td><td>N/A<br>
<br>
<code>junit.framework.AssertionFailedError<br/>	at UserManagement.ProfileManagement.RegisteredUserTestCasesForEditProfileDetails.ValidateLastNameField.ValidateLastNameFieldByDeletingValue.testValidateUserNameFieldByDeletingValueInPM(ValidateLastNameFieldByDeletingValue.java:33)<br/></code></td><td>132.060</td>
</tr>
<tr valign="top" class="Failure">
<td><a href="SuiteRunner/0_runATFRegression.html">runATFRegression</a></td><td><a name="testValidateUserNameFieldByDeletingValueInPM"></a><a href="SuiteRunner/0_runATFRegression.html#testValidateUserNameFieldByDeletingValueInPM">testValidateUserNameFieldByDeletingValueInPM</a></td><td>Failure</td><td>N/A<br>
<br>
<code>junit.framework.AssertionFailedError<br/>	at UserManagement.ProfileManagement.RegisteredUserTestCasesForEditProfileDetails.ValidateAddressField.ValidateAddressFieldByDeletingValue.testValidateUserNameFieldByDeletingValueInPM(ValidateAddressFieldByDeletingValue.java:31)<br/></code></td><td>127.577</td>
</tr>
<tr valign="top" class="Failure">
<td><a href="SuiteRunner/0_runATFRegression.html">runATFRegression</a></td><td><a name="testValidateUserNameFieldByDeletingValueInPM"></a><a href="SuiteRunner/0_runATFRegression.html#testValidateUserNameFieldByDeletingValueInPM">testValidateUserNameFieldByDeletingValueInPM</a></td><td>Failure</td><td>N/A<br>
<br>
<code>junit.framework.AssertionFailedError<br/>	at UserManagement.ProfileManagement.RegisteredUserTestCasesForEditProfileDetails.ValidateCityField.ValidateCityFieldByDeletingValue.testValidateUserNameFieldByDeletingValueInPM(ValidateCityFieldByDeletingValue.java:31)<br/></code></td><td>131.950</td>
</tr>
<tr valign="top" class="TableRowColor">
<td><a href="SuiteRunner/0_runATFRegression.html">runATFRegression</a></td><td><a name="testValidateUserNameFieldByDeletingValueInPM"></a><a href="SuiteRunner/0_runATFRegression.html#testValidateUserNameFieldByDeletingValueInPM">testValidateUserNameFieldByDeletingValueInPM</a></td><td>Success</td><td></td><td>131.465</td>
</tr>
<tr valign="top" class="TableRowColor">
<td><a href="SuiteRunner/0_runATFRegression.html">runATFRegression</a></td><td><a name="testValidateUserNameFieldByDeletingValueInPM"></a><a href="SuiteRunner/0_runATFRegression.html#testValidateUserNameFieldByDeletingValueInPM">testValidateUserNameFieldByDeletingValueInPM</a></td><td>Success</td><td></td><td>132.762</td>
</tr>
<tr valign="top" class="TableRowColor">
<td><a href="SuiteRunner/0_runATFRegression.html">runATFRegression</a></td><td><a name="testValidateUserNameFieldByDeletingValueInPM"></a><a href="SuiteRunner/0_runATFRegression.html#testValidateUserNameFieldByDeletingValueInPM">testValidateUserNameFieldByDeletingValueInPM</a></td><td>Success</td><td></td><td>130.778</td>
</tr>
<tr valign="top" class="Failure">
<td><a href="SuiteRunner/0_runATFRegression.html">runATFRegression</a></td><td><a name="testValidateUserNameFieldByDeletingValueInPM"></a><a href="SuiteRunner/0_runATFRegression.html#testValidateUserNameFieldByDeletingValueInPM">testValidateUserNameFieldByDeletingValueInPM</a></td><td>Failure</td><td>N/A<br>
<br>
<code>junit.framework.AssertionFailedError<br/>	at UserManagement.ProfileManagement.RegisteredUserTestCasesForEditProfileDetails.ValidateEmailField.ValidateEmailFieldByDeletingValue.testValidateUserNameFieldByDeletingValueInPM(ValidateEmailFieldByDeletingValue.java:32)<br/></code></td><td>127.233</td>
</tr>
<tr valign="top" class="TableRowColor">
<td><a href="SuiteRunner/0_runATFRegression.html">runATFRegression</a></td><td><a name="testValidateUserNameFieldByDeletingValueInPM"></a><a href="SuiteRunner/0_runATFRegression.html#testValidateUserNameFieldByDeletingValueInPM">testValidateUserNameFieldByDeletingValueInPM</a></td><td>Success</td><td></td><td>132.731</td>
</tr>
<tr valign="top" class="Failure">
<td><a href="SuiteRunner/0_runATFRegression.html">runATFRegression</a></td><td><a name="testValidateUserNameFieldByDeletingValueInPM"></a><a href="SuiteRunner/0_runATFRegression.html#testValidateUserNameFieldByDeletingValueInPM">testValidateUserNameFieldByDeletingValueInPM</a></td><td>Failure</td><td>N/A<br>
<br>
<code>junit.framework.AssertionFailedError<br/>	at UserManagement.ProfileManagement.RegisteredUserTestCasesForEditProfileDetails.ValidateMobileNumberField.ValidateMobileNumberFieldByDeletingValue.testValidateUserNameFieldByDeletingValueInPM(ValidateMobileNumberFieldByDeletingValue.java:32)<br/></code></td><td>129.966</td>
</tr>
<tr valign="top" class="TableRowColor">
<td><a href="SuiteRunner/0_runATFRegression.html">runATFRegression</a></td><td><a name="testValidateUserNameFieldByDeletingValueInPM"></a><a href="SuiteRunner/0_runATFRegression.html#testValidateUserNameFieldByDeletingValueInPM">testValidateUserNameFieldByDeletingValueInPM</a></td><td>Success</td><td></td><td>137.167</td>
</tr>
<tr valign="top" class="Failure">
<td><a href="SuiteRunner/0_runATFRegression.html">runATFRegression</a></td><td><a name="testValidateUserNameFieldByDeletingValueInPM"></a><a href="SuiteRunner/0_runATFRegression.html#testValidateUserNameFieldByDeletingValueInPM">testValidateUserNameFieldByDeletingValueInPM</a></td><td>Failure</td><td>N/A<br>
<br>
<code>junit.framework.AssertionFailedError<br/>	at UserManagement.ProfileManagement.RegisteredUserTestCasesForEditProfileDetails.ValidateMobileNumberField.ValidateMobileNumberFieldByEnteringExistingNo.testValidateUserNameFieldByDeletingValueInPM(ValidateMobileNumberFieldByEnteringExistingNo.java:32)<br/></code></td><td>131.341</td>
</tr>
<tr valign="top" class="TableRowColor">
<td><a href="SuiteRunner/0_runATFRegression.html">runATFRegression</a></td><td><a name="testValidateCurrentPasswordWhenChangingPassword"></a><a href="SuiteRunner/0_runATFRegression.html#testValidateCurrentPasswordWhenChangingPassword">testValidateCurrentPasswordWhenChangingPassword</a></td><td>Success</td><td></td><td>153.489</td>
</tr>
<tr valign="top" class="TableRowColor">
<td><a href="SuiteRunner/0_runATFRegression.html">runATFRegression</a></td><td><a name="testVerifyPasswordChangeWorks"></a><a href="SuiteRunner/0_runATFRegression.html#testVerifyPasswordChangeWorks">testVerifyPasswordChangeWorks</a></td><td>Success</td><td></td><td>149.866</td>
</tr>
<tr valign="top" class="TableRowColor">
<td><a href="SuiteRunner/0_runATFRegression.html">runATFRegression</a></td><td><a name="testVerifyPasswordChangeWorks"></a><a href="SuiteRunner/0_runATFRegression.html#testVerifyPasswordChangeWorks">testVerifyPasswordChangeWorks</a></td><td>Success</td><td></td><td>145.383</td>
</tr>
<tr valign="top" class="TableRowColor">
<td><a href="SuiteRunner/0_runATFRegression.html">runATFRegression</a></td><td><a name="testUserProfileChanges"></a><a href="SuiteRunner/0_runATFRegression.html#testUserProfileChanges">testUserProfileChanges</a></td><td>Success</td><td></td><td>167.218</td>
</tr>
<tr valign="top" class="TableRowColor">
<td><a href="SuiteRunner/0_runATFRegression.html">runATFRegression</a></td><td><a name="testUserProfileChanges"></a><a href="SuiteRunner/0_runATFRegression.html#testUserProfileChanges">testUserProfileChanges</a></td><td>Success</td><td></td><td>159.252</td>
</tr>
<tr valign="top" class="Failure">
<td><a href="SuiteRunner/0_runATFRegression.html">runATFRegression</a></td><td><a name="testUserProfileChanges"></a><a href="SuiteRunner/0_runATFRegression.html#testUserProfileChanges">testUserProfileChanges</a></td><td>Failure</td><td>N/A<br>
<br>
<code>junit.framework.AssertionFailedError<br/>	at UserManagement.ProfileManagement.RegisteredUserTestCasesForChangePaymentInfo.ValidateCreditCardField.ValidatePaymentInfoCreditCardNumberWithInvalidInput.testUserProfileChanges(ValidatePaymentInfoCreditCardNumberWithInvalidInput.java:47)<br/></code></td><td>148.257</td>
</tr>
<tr valign="top" class="Failure">
<td><a href="SuiteRunner/0_runATFRegression.html">runATFRegression</a></td><td><a name="testUserProfileChanges"></a><a href="SuiteRunner/0_runATFRegression.html#testUserProfileChanges">testUserProfileChanges</a></td><td>Failure</td><td>N/A<br>
<br>
<code>junit.framework.AssertionFailedError<br/>	at UserManagement.ProfileManagement.RegisteredUserTestCasesForChangePaymentInfo.ValidateExpiryMonthField.ValidatePaymentInfoMonthByEnteringInvalidMonth.testUserProfileChanges(ValidatePaymentInfoMonthByEnteringInvalidMonth.java:46)<br/></code></td><td>170.108</td>
</tr>
<tr valign="top" class="Failure">
<td><a href="SuiteRunner/0_runATFRegression.html">runATFRegression</a></td><td><a name="testUserProfileChanges"></a><a href="SuiteRunner/0_runATFRegression.html#testUserProfileChanges">testUserProfileChanges</a></td><td>Failure</td><td>N/A<br>
<br>
<code>junit.framework.AssertionFailedError<br/>	at UserManagement.ProfileManagement.RegisteredUserTestCasesForChangePaymentInfo.ValidateExpiryMonthField.ValidatePaymentInfoMonthMandatoryField.testUserProfileChanges(ValidatePaymentInfoMonthMandatoryField.java:46)<br/></code></td><td>171.779</td>
</tr>
<tr valign="top" class="Error">
<td><a href="SuiteRunner/0_runATFRegression.html">runATFRegression</a></td><td><a name="testUserProfileChanges"></a><a href="SuiteRunner/0_runATFRegression.html#testUserProfileChanges">testUserProfileChanges</a></td><td>Error</td><td>Unable to locate element: {"method":"xpath","selector":"html/body/div[1]/div[3]/div/div/div/form/div[2]/fieldset[1]/div[2]/label[3]/label"} Command duration or timeout: 30.11 seconds For documentation on this error, please visit: http://seleniumhq.org/exceptions/no_such_element.html Build info: version: '2.32.0', revision: '6c40c18', time: '2013-04-09 17:22:56' System info: os.name: 'Windows XP', os.arch: 'x86', os.version: '5.1', java.version: '1.6.0' Session ID: bd5dc575-b068-4543-8e3c-f0d7e76cf4b6 Driver info: org.openqa.selenium.firefox.FirefoxDriver Capabilities [{platform=XP, acceptSslCerts=true, javascriptEnabled=true, browserName=firefox, rotatable=false, locationContextEnabled=true, version=21.0, cssSelectorsEnabled=true, databaseEnabled=true, handlesAlerts=true, browserConnectionEnabled=true, nativeEvents=true, webStorageEnabled=true, applicationCacheEnabled=true, takesScreenshot=true}]<br>
<br>
<code>org.openqa.selenium.NoSuchElementException: Unable to locate element: {"method":"xpath","selector":"html/body/div[1]/div[3]/div/div/div/form/div[2]/fieldset[1]/div[2]/label[3]/label"}<br/>Command duration or timeout: 30.11 seconds<br/>For documentation on this error, please visit: http://seleniumhq.org/exceptions/no_such_element.html<br/>Build info: version: '2.32.0', revision: '6c40c18', time: '2013-04-09 17:22:56'<br/>System info: os.name: 'Windows XP', os.arch: 'x86', os.version: '5.1', java.version: '1.6.0'<br/>Session ID: bd5dc575-b068-4543-8e3c-f0d7e76cf4b6<br/>Driver info: org.openqa.selenium.firefox.FirefoxDriver<br/>Capabilities [{platform=XP, acceptSslCerts=true, javascriptEnabled=true, browserName=firefox, rotatable=false, locationContextEnabled=true, version=21.0, cssSelectorsEnabled=true, databaseEnabled=true, handlesAlerts=true, browserConnectionEnabled=true, nativeEvents=true, webStorageEnabled=true, applicationCacheEnabled=true, takesScreenshot=true}]<br/>	at java.lang.reflect.Constructor.newInstance(Constructor.java:513)<br/>	at org.openqa.selenium.remote.ErrorHandler.createThrowable(ErrorHandler.java:187)<br/>	at org.openqa.selenium.remote.ErrorHandler.throwIfResponseFailed(ErrorHandler.java:145)<br/>	at org.openqa.selenium.remote.RemoteWebDriver.execute(RemoteWebDriver.java:554)<br/>	at org.openqa.selenium.remote.RemoteWebDriver.findElement(RemoteWebDriver.java:307)<br/>	at org.openqa.selenium.remote.RemoteWebDriver.findElementByXPath(RemoteWebDriver.java:404)<br/>	at org.openqa.selenium.By$ByXPath.findElement(By.java:344)<br/>	at org.openqa.selenium.remote.RemoteWebDriver.findElement(RemoteWebDriver.java:299)<br/>	at UserManagement.ProfileManagement.RegisteredUserTestCasesForChangePaymentInfo.ValidateYearField.ValidatePaymentInfoYearFieldByEnteringPastYear.testUserProfileChanges(ValidatePaymentInfoYearFieldByEnteringPastYear.java:49)<br/>Caused by: org.openqa.selenium.remote.ErrorHandler$UnknownServerException: Unable to locate element: {"method":"xpath","selector":"html/body/div[1]/div[3]/div/div/div/form/div[2]/fieldset[1]/div[2]/label[3]/label"}<br/>Build info: version: '2.32.0', revision: '6c40c18', time: '2013-04-09 17:22:56'<br/>System info: os.name: 'Windows XP', os.arch: 'x86', os.version: '5.1', java.version: '1.6.0'<br/>Driver info: driver.version: unknown<br/>	at <anonymous class>.FirefoxDriver.prototype.findElementInternal_(file:///C:/DOCUME~1/HARSHI~1.GOW/LOCALS~1/Temp/anonymous54980webdriver-profile/extensions/fxdriver@googlecode.com/components/driver_component.js:8405)<br/>	at <anonymous class>.fxdriver.Timer.prototype.setTimeout/<.notify(file:///C:/DOCUME~1/HARSHI~1.GOW/LOCALS~1/Temp/anonymous54980webdriver-profile/extensions/fxdriver@googlecode.com/components/driver_component.js:386)<br/></code></td><td>201.533</td>
</tr>
<tr valign="top" class="Failure">
<td><a href="SuiteRunner/0_runATFRegression.html">runATFRegression</a></td><td><a name="testUserProfileChanges"></a><a href="SuiteRunner/0_runATFRegression.html#testUserProfileChanges">testUserProfileChanges</a></td><td>Failure</td><td>N/A<br>
<br>
<code>junit.framework.AssertionFailedError<br/>	at UserManagement.ProfileManagement.RegisteredUserTestCasesForChangePaymentInfo.ValidateYearField.ValidatePaymentInfoYearMandatoryField.testUserProfileChanges(ValidatePaymentInfoYearMandatoryField.java:46)<br/></code></td><td>170.404</td>
</tr>
<tr valign="top" class="TableRowColor">
<td><a href="SuiteRunner/0_runATFRegression.html">runATFRegression</a></td><td><a name="testUserProfileChanges"></a><a href="SuiteRunner/0_runATFRegression.html#testUserProfileChanges">testUserProfileChanges</a></td><td>Success</td><td></td><td>151.005</td>
</tr>
<tr valign="top" class="TableRowColor">
<td><a href="SuiteRunner/0_runATFRegression.html">runATFRegression</a></td><td><a name="testUserProfileChanges"></a><a href="SuiteRunner/0_runATFRegression.html#testUserProfileChanges">testUserProfileChanges</a></td><td>Success</td><td></td><td>151.771</td>
</tr>
<tr valign="top" class="TableRowColor">
<td><a href="SuiteRunner/0_runATFRegression.html">runATFRegression</a></td><td><a name="testVerifyChangePinCodeDetailsUpdatedSuccessfully"></a><a href="SuiteRunner/0_runATFRegression.html#testVerifyChangePinCodeDetailsUpdatedSuccessfully">testVerifyChangePinCodeDetailsUpdatedSuccessfully</a></td><td>Success</td><td></td><td>155.332</td>
</tr>
<tr valign="top" class="TableRowColor">
<td><a href="SuiteRunner/0_runATFRegression.html">runATFRegression</a></td><td><a name="testVerifyChangePinCodeDetailsUpdatedSuccessfully"></a><a href="SuiteRunner/0_runATFRegression.html#testVerifyChangePinCodeDetailsUpdatedSuccessfully">testVerifyChangePinCodeDetailsUpdatedSuccessfully</a></td><td>Success</td><td></td><td>146.195</td>
</tr>
<tr valign="top" class="TableRowColor">
<td><a href="SuiteRunner/0_runATFRegression.html">runATFRegression</a></td><td><a name="testVerifyChangePinCodeDetailsUpdatedSuccessfully"></a><a href="SuiteRunner/0_runATFRegression.html#testVerifyChangePinCodeDetailsUpdatedSuccessfully">testVerifyChangePinCodeDetailsUpdatedSuccessfully</a></td><td>Success</td><td></td><td>163.626</td>
</tr>
<tr valign="top" class="TableRowColor">
<td><a href="SuiteRunner/0_runATFRegression.html">runATFRegression</a></td><td><a name="testVerifyChangePinCodeDetailsUpdatedSuccessfully"></a><a href="SuiteRunner/0_runATFRegression.html#testVerifyChangePinCodeDetailsUpdatedSuccessfully">testVerifyChangePinCodeDetailsUpdatedSuccessfully</a></td><td>Success</td><td></td><td>157.175</td>
</tr>
<tr valign="top" class="TableRowColor">
<td><a href="SuiteRunner/0_runATFRegression.html">runATFRegression</a></td><td><a name="testVerifyChangePinCodeDetailsUpdatedSuccessfully"></a><a href="SuiteRunner/0_runATFRegression.html#testVerifyChangePinCodeDetailsUpdatedSuccessfully">testVerifyChangePinCodeDetailsUpdatedSuccessfully</a></td><td>Success</td><td></td><td>159.611</td>
</tr>
<tr valign="top" class="TableRowColor">
<td><a href="SuiteRunner/0_runATFRegression.html">runATFRegression</a></td><td><a name="testVerifyChangePinCodeDetailsUpdatedSuccessfully"></a><a href="SuiteRunner/0_runATFRegression.html#testVerifyChangePinCodeDetailsUpdatedSuccessfully">testVerifyChangePinCodeDetailsUpdatedSuccessfully</a></td><td>Success</td><td></td><td>151.583</td>
</tr>
<tr valign="top" class="Error">
<td><a href="SuiteRunner/0_runATFRegression.html">runATFRegression</a></td><td><a name="testChangeActivationCode"></a><a href="SuiteRunner/0_runATFRegression.html#testChangeActivationCode">testChangeActivationCode</a></td><td>Error</td><td>Unable to locate element: {"method":"link text","selector":"Skip activation, go to XIDIO"} Command duration or timeout: 30.08 seconds For documentation on this error, please visit: http://seleniumhq.org/exceptions/no_such_element.html Build info: version: '2.32.0', revision: '6c40c18', time: '2013-04-09 17:22:56' System info: os.name: 'Windows XP', os.arch: 'x86', os.version: '5.1', java.version: '1.6.0' Session ID: e1929eeb-3d60-45c1-a6ee-255a7ca00b7f Driver info: org.openqa.selenium.firefox.FirefoxDriver Capabilities [{platform=XP, acceptSslCerts=true, javascriptEnabled=true, browserName=firefox, rotatable=false, locationContextEnabled=true, version=21.0, cssSelectorsEnabled=true, databaseEnabled=true, handlesAlerts=true, browserConnectionEnabled=true, nativeEvents=true, webStorageEnabled=true, applicationCacheEnabled=true, takesScreenshot=true}]<br>
<br>
<code>org.openqa.selenium.NoSuchElementException: Unable to locate element: {"method":"link text","selector":"Skip activation, go to XIDIO"}<br/>Command duration or timeout: 30.08 seconds<br/>For documentation on this error, please visit: http://seleniumhq.org/exceptions/no_such_element.html<br/>Build info: version: '2.32.0', revision: '6c40c18', time: '2013-04-09 17:22:56'<br/>System info: os.name: 'Windows XP', os.arch: 'x86', os.version: '5.1', java.version: '1.6.0'<br/>Session ID: e1929eeb-3d60-45c1-a6ee-255a7ca00b7f<br/>Driver info: org.openqa.selenium.firefox.FirefoxDriver<br/>Capabilities [{platform=XP, acceptSslCerts=true, javascriptEnabled=true, browserName=firefox, rotatable=false, locationContextEnabled=true, version=21.0, cssSelectorsEnabled=true, databaseEnabled=true, handlesAlerts=true, browserConnectionEnabled=true, nativeEvents=true, webStorageEnabled=true, applicationCacheEnabled=true, takesScreenshot=true}]<br/>	at java.lang.reflect.Constructor.newInstance(Constructor.java:513)<br/>	at org.openqa.selenium.remote.ErrorHandler.createThrowable(ErrorHandler.java:187)<br/>	at org.openqa.selenium.remote.ErrorHandler.throwIfResponseFailed(ErrorHandler.java:145)<br/>	at org.openqa.selenium.remote.RemoteWebDriver.execute(RemoteWebDriver.java:554)<br/>	at org.openqa.selenium.remote.RemoteWebDriver.findElement(RemoteWebDriver.java:307)<br/>	at org.openqa.selenium.remote.RemoteWebDriver.findElementByLinkText(RemoteWebDriver.java:356)<br/>	at org.openqa.selenium.By$ByLinkText.findElement(By.java:241)<br/>	at org.openqa.selenium.remote.RemoteWebDriver.findElement(RemoteWebDriver.java:299)<br/>	at DataServices.UserRegistrationUsingComcastApplication.UserRegistrationUsingComcast.testUserRegistrationUsingComcast(UserRegistrationUsingComcast.java:36)<br/>	at UserManagement.ProfileManagement.RegisteredUserTestCasesForChangeActivationCode.ChangeActivationCodeWithValidAC.ValidateUserActivationCodeUpdatesSuccessfully.testChangeActivationCode(ValidateUserActivationCodeUpdatesSuccessfully.java:25)<br/>Caused by: org.openqa.selenium.remote.ErrorHandler$UnknownServerException: Unable to locate element: {"method":"link text","selector":"Skip activation, go to XIDIO"}<br/>Build info: version: '2.32.0', revision: '6c40c18', time: '2013-04-09 17:22:56'<br/>System info: os.name: 'Windows XP', os.arch: 'x86', os.version: '5.1', java.version: '1.6.0'<br/>Driver info: driver.version: unknown<br/>	at <anonymous class>.FirefoxDriver.prototype.findElementInternal_(file:///C:/DOCUME~1/HARSHI~1.GOW/LOCALS~1/Temp/anonymous55000webdriver-profile/extensions/fxdriver@googlecode.com/components/driver_component.js:8405)<br/>	at <anonymous class>.fxdriver.Timer.prototype.setTimeout/<.notify(file:///C:/DOCUME~1/HARSHI~1.GOW/LOCALS~1/Temp/anonymous55000webdriver-profile/extensions/fxdriver@googlecode.com/components/driver_component.js:386)<br/></code></td><td>92.637</td>
</tr>
<tr valign="top" class="TableRowColor">
<td><a href="SuiteRunner/0_runATFRegression.html">runATFRegression</a></td><td><a name="testChangeActivationCode"></a><a href="SuiteRunner/0_runATFRegression.html#testChangeActivationCode">testChangeActivationCode</a></td><td>Success</td><td></td><td>160.893</td>
</tr>
<tr valign="top" class="TableRowColor">
<td><a href="SuiteRunner/0_runATFRegression.html">runATFRegression</a></td><td><a name="testLoginToCamcast"></a><a href="SuiteRunner/0_runATFRegression.html#testLoginToCamcast">testLoginToCamcast</a></td><td>Success</td><td></td><td>138.388</td>
</tr>
<tr valign="top" class="TableRowColor">
<td><a href="SuiteRunner/1_runDemoTestSuite.html">runDemoTestSuite</a></td><td><a name="testUserRegistration"></a><a href="SuiteRunner/1_runDemoTestSuite.html#testUserRegistration">testUserRegistration</a></td><td>Success</td><td></td><td>104.328</td>
</tr>
</table>
</body>
</html>
