<html xmlns:lxslt="http://xml.apache.org/xslt" xmlns:stringutils="xalan://org.apache.tools.ant.util.StringUtils">
<head>
<META http-equiv="Content-Type" content="text/html; charset=US-ASCII">
<title>Unit Test Results: All Tests</title>
<link rel="stylesheet" type="text/css" title="Style" href="stylesheet.css">
</head>
<body onload="open('allclasses-frame.html','classListFrame')">
<h1>Unit Test Results</h1>
<table width="100%">
<tr>
<td align="left"></td><td align="right">Designed for use with <a href="http://www.junit.org/">JUnit</a> and <a href="http://ant.apache.org/">Ant</a>.</td>
</tr>
</table>
<hr size="1">
<h2>All Tests</h2>
<table class="details" border="0" cellpadding="5" cellspacing="2" width="95%">
<tr valign="top">
<th>Class</th><th>Name</th><th>Status</th><th width="80%">Type</th><th nowrap>Time(s)</th>
</tr>
<tr valign="top" class="TableRowColor">
<td><a href="SuiteRunner/0_runATFRegression.html">runATFRegression</a></td><td><a name="testRegistrationToXidioApplicationByClickingActivation"></a><a href="SuiteRunner/0_runATFRegression.html#testRegistrationToXidioApplicationByClickingActivation">testRegistrationToXidioApplicationByClickingActivation</a></td><td>Success</td><td></td><td>104.633</td>
</tr>
<tr valign="top" class="TableRowColor">
<td><a href="SuiteRunner/0_runATFRegression.html">runATFRegression</a></td><td><a name="testUserRegistration"></a><a href="SuiteRunner/0_runATFRegression.html#testUserRegistration">testUserRegistration</a></td><td>Success</td><td></td><td>89.342</td>
</tr>
<tr valign="top" class="TableRowColor">
<td><a href="SuiteRunner/0_runATFRegression.html">runATFRegression</a></td><td><a name="testRegistrationToXidioApplicationBySkipingPaymentStepAndActivationStep"></a><a href="SuiteRunner/0_runATFRegression.html#testRegistrationToXidioApplicationBySkipingPaymentStepAndActivationStep">testRegistrationToXidioApplicationBySkipingPaymentStepAndActivationStep</a></td><td>Success</td><td></td><td>94.825</td>
</tr>
<tr valign="top" class="TableRowColor">
<td><a href="SuiteRunner/0_runATFRegression.html">runATFRegression</a></td><td><a name="testRegistrationToXidioApplicationWithValidCredentialByDeclingTermAndCondition"></a><a href="SuiteRunner/0_runATFRegression.html#testRegistrationToXidioApplicationWithValidCredentialByDeclingTermAndCondition">testRegistrationToXidioApplicationWithValidCredentialByDeclingTermAndCondition</a></td><td>Success</td><td></td><td>130.233</td>
</tr>
<tr valign="top" class="TableRowColor">
<td><a href="SuiteRunner/0_runATFRegression.html">runATFRegression</a></td><td><a name="testRegisterToXidioApplicationDirectlyWithPaymentDetailsWithoutPersonalInfo"></a><a href="SuiteRunner/0_runATFRegression.html#testRegisterToXidioApplicationDirectlyWithPaymentDetailsWithoutPersonalInfo">testRegisterToXidioApplicationDirectlyWithPaymentDetailsWithoutPersonalInfo</a></td><td>Success</td><td></td><td>56.073</td>
</tr>
<tr valign="top" class="TableRowColor">
<td><a href="SuiteRunner/0_runATFRegression.html">runATFRegression</a></td><td><a name="testRegisterToXidioApplicationWithoutFirstName"></a><a href="SuiteRunner/0_runATFRegression.html#testRegisterToXidioApplicationWithoutFirstName">testRegisterToXidioApplicationWithoutFirstName</a></td><td>Success</td><td></td><td>42.374</td>
</tr>
<tr valign="top" class="TableRowColor">
<td><a href="SuiteRunner/0_runATFRegression.html">runATFRegression</a></td><td><a name="testRegisterToXidioApplicationWithoutLastName"></a><a href="SuiteRunner/0_runATFRegression.html#testRegisterToXidioApplicationWithoutLastName">testRegisterToXidioApplicationWithoutLastName</a></td><td>Success</td><td></td><td>43.031</td>
</tr>
<tr valign="top" class="TableRowColor">
<td><a href="SuiteRunner/0_runATFRegression.html">runATFRegression</a></td><td><a name="testRegisterToXidioApplicationWithoutEnteringAddress"></a><a href="SuiteRunner/0_runATFRegression.html#testRegisterToXidioApplicationWithoutEnteringAddress">testRegisterToXidioApplicationWithoutEnteringAddress</a></td><td>Success</td><td></td><td>81.720</td>
</tr>
<tr valign="top" class="TableRowColor">
<td><a href="SuiteRunner/0_runATFRegression.html">runATFRegression</a></td><td><a name="testRegisterToXidioApplicationWithoutEnteringCity"></a><a href="SuiteRunner/0_runATFRegression.html#testRegisterToXidioApplicationWithoutEnteringCity">testRegisterToXidioApplicationWithoutEnteringCity</a></td><td>Success</td><td></td><td>56.416</td>
</tr>
<tr valign="top" class="TableRowColor">
<td><a href="SuiteRunner/0_runATFRegression.html">runATFRegression</a></td><td><a name="testRegisterToXidioApplicationWithoutEnteringZip"></a><a href="SuiteRunner/0_runATFRegression.html#testRegisterToXidioApplicationWithoutEnteringZip">testRegisterToXidioApplicationWithoutEnteringZip</a></td><td>Success</td><td></td><td>42.485</td>
</tr>
<tr valign="top" class="TableRowColor">
<td><a href="SuiteRunner/0_runATFRegression.html">runATFRegression</a></td><td><a name="testRegisterToXidioApplicationWithoutEnteringEmail"></a><a href="SuiteRunner/0_runATFRegression.html#testRegisterToXidioApplicationWithoutEnteringEmail">testRegisterToXidioApplicationWithoutEnteringEmail</a></td><td>Success</td><td></td><td>43.515</td>
</tr>
<tr valign="top" class="TableRowColor">
<td><a href="SuiteRunner/0_runATFRegression.html">runATFRegression</a></td><td><a name="testRegisterToXidioApplicationByEnteringInValidEmail"></a><a href="SuiteRunner/0_runATFRegression.html#testRegisterToXidioApplicationByEnteringInValidEmail">testRegisterToXidioApplicationByEnteringInValidEmail</a></td><td>Success</td><td></td><td>47.451</td>
</tr>
<tr valign="top" class="TableRowColor">
<td><a href="SuiteRunner/0_runATFRegression.html">runATFRegression</a></td><td><a name="testRegisterToXidioApplicationWithEnteringInValidZip"></a><a href="SuiteRunner/0_runATFRegression.html#testRegisterToXidioApplicationWithEnteringInValidZip">testRegisterToXidioApplicationWithEnteringInValidZip</a></td><td>Success</td><td></td><td>43.859</td>
</tr>
<tr valign="top" class="TableRowColor">
<td><a href="SuiteRunner/0_runATFRegression.html">runATFRegression</a></td><td><a name="testRegisterToXidioApplicationWithEnteringInValidZip"></a><a href="SuiteRunner/0_runATFRegression.html#testRegisterToXidioApplicationWithEnteringInValidZip">testRegisterToXidioApplicationWithEnteringInValidZip</a></td><td>Success</td><td></td><td>44.984</td>
</tr>
<tr valign="top" class="TableRowColor">
<td><a href="SuiteRunner/0_runATFRegression.html">runATFRegression</a></td><td><a name="testRegisterToXidioApplicationWithoutEnteringMobileNumber"></a><a href="SuiteRunner/0_runATFRegression.html#testRegisterToXidioApplicationWithoutEnteringMobileNumber">testRegisterToXidioApplicationWithoutEnteringMobileNumber</a></td><td>Success</td><td></td><td>41.110</td>
</tr>
<tr valign="top" class="TableRowColor">
<td><a href="SuiteRunner/0_runATFRegression.html">runATFRegression</a></td><td><a name="testRegisterToXidioApplicationByEnteringInValidMobileNumber"></a><a href="SuiteRunner/0_runATFRegression.html#testRegisterToXidioApplicationByEnteringInValidMobileNumber">testRegisterToXidioApplicationByEnteringInValidMobileNumber</a></td><td>Success</td><td></td><td>42.843</td>
</tr>
<tr valign="top" class="TableRowColor">
<td><a href="SuiteRunner/0_runATFRegression.html">runATFRegression</a></td><td><a name="testRegisterToXidioApplicationWithoutEnteringPassword"></a><a href="SuiteRunner/0_runATFRegression.html#testRegisterToXidioApplicationWithoutEnteringPassword">testRegisterToXidioApplicationWithoutEnteringPassword</a></td><td>Success</td><td></td><td>40.860</td>
</tr>
<tr valign="top" class="TableRowColor">
<td><a href="SuiteRunner/0_runATFRegression.html">runATFRegression</a></td><td><a name="testRegisterToXidioApplicationByEnteringInValidPassword"></a><a href="SuiteRunner/0_runATFRegression.html#testRegisterToXidioApplicationByEnteringInValidPassword">testRegisterToXidioApplicationByEnteringInValidPassword</a></td><td>Success</td><td></td><td>42.843</td>
</tr>
<tr valign="top" class="TableRowColor">
<td><a href="SuiteRunner/0_runATFRegression.html">runATFRegression</a></td><td><a name="testRegisterToXidioApplicationByEnteringInValidPassword"></a><a href="SuiteRunner/0_runATFRegression.html#testRegisterToXidioApplicationByEnteringInValidPassword">testRegisterToXidioApplicationByEnteringInValidPassword</a></td><td>Success</td><td></td><td>42.812</td>
</tr>
<tr valign="top" class="TableRowColor">
<td><a href="SuiteRunner/0_runATFRegression.html">runATFRegression</a></td><td><a name="testRegisterToXidioApplicationByEnteringInValidLengthOfPassword"></a><a href="SuiteRunner/0_runATFRegression.html#testRegisterToXidioApplicationByEnteringInValidLengthOfPassword">testRegisterToXidioApplicationByEnteringInValidLengthOfPassword</a></td><td>Success</td><td></td><td>44.843</td>
</tr>
<tr valign="top" class="TableRowColor">
<td><a href="SuiteRunner/0_runATFRegression.html">runATFRegression</a></td><td><a name="testRegisterToXidioApplicationWithNoCreditCardNumber"></a><a href="SuiteRunner/0_runATFRegression.html#testRegisterToXidioApplicationWithNoCreditCardNumber">testRegisterToXidioApplicationWithNoCreditCardNumber</a></td><td>Success</td><td></td><td>76.222</td>
</tr>
<tr valign="top" class="TableRowColor">
<td><a href="SuiteRunner/0_runATFRegression.html">runATFRegression</a></td><td><a name="testRegisterToXidioApplicationWithInvalidCreditCardNumber"></a><a href="SuiteRunner/0_runATFRegression.html#testRegisterToXidioApplicationWithInvalidCreditCardNumber">testRegisterToXidioApplicationWithInvalidCreditCardNumber</a></td><td>Success</td><td></td><td>64.008</td>
</tr>
<tr valign="top" class="Failure">
<td><a href="SuiteRunner/0_runATFRegression.html">runATFRegression</a></td><td><a name="testRegisterToXidioApplicationWithInvalidSecurityCodeLength"></a><a href="SuiteRunner/0_runATFRegression.html#testRegisterToXidioApplicationWithInvalidSecurityCodeLength">testRegisterToXidioApplicationWithInvalidSecurityCodeLength</a></td><td>Failure</td><td>N/A<br>
<br>
<code>junit.framework.AssertionFailedError<br/>	at UserManagement.UserRegistration.UserRegistrationTestCasesForCreditCardDetails.UserRegWithInvalidSecurityCode.UserRegWithInvalidSecurityCodeLength.RegisterToXidioApplicationWithInvalidSecurityCodeLength.testRegisterToXidioApplicationWithInvalidSecurityCodeLength(RegisterToXidioApplicationWithInvalidSecurityCodeLength.java:46)<br/></code></td><td>79.455</td>
</tr>
<tr valign="top" class="Failure">
<td><a href="SuiteRunner/0_runATFRegression.html">runATFRegression</a></td><td><a name="testRegisterToXidioApplicationWithInvalidSecurityCodeLength"></a><a href="SuiteRunner/0_runATFRegression.html#testRegisterToXidioApplicationWithInvalidSecurityCodeLength">testRegisterToXidioApplicationWithInvalidSecurityCodeLength</a></td><td>Failure</td><td>N/A<br>
<br>
<code>junit.framework.AssertionFailedError<br/>	at UserManagement.UserRegistration.UserRegistrationTestCasesForCreditCardDetails.UserRegWithNoSecurityCode.RegisterToXidioApplicationWithNoSecurityCode.testRegisterToXidioApplicationWithInvalidSecurityCodeLength(RegisterToXidioApplicationWithNoSecurityCode.java:37)<br/></code></td><td>77.143</td>
</tr>
<tr valign="top" class="Failure">
<td><a href="SuiteRunner/0_runATFRegression.html">runATFRegression</a></td><td><a name="testRegisterToXidioApplicationWithNoCreditCardNumber"></a><a href="SuiteRunner/0_runATFRegression.html#testRegisterToXidioApplicationWithNoCreditCardNumber">testRegisterToXidioApplicationWithNoCreditCardNumber</a></td><td>Failure</td><td>N/A<br>
<br>
<code>junit.framework.AssertionFailedError<br/>	at UserManagement.UserRegistration.UserRegistrationTestCasesForCreditCardDetails.UserRegWithNoPINCode.RegisterToXidioApplicationWithNoPinCode.testRegisterToXidioApplicationWithNoCreditCardNumber(RegisterToXidioApplicationWithNoPinCode.java:37)<br/></code></td><td>93.543</td>
</tr>
<tr valign="top" class="Failure">
<td><a href="SuiteRunner/0_runATFRegression.html">runATFRegression</a></td><td><a name="testRegisterToXidioApplicationWithInvalidSecurityCodeLength"></a><a href="SuiteRunner/0_runATFRegression.html#testRegisterToXidioApplicationWithInvalidSecurityCodeLength">testRegisterToXidioApplicationWithInvalidSecurityCodeLength</a></td><td>Failure</td><td>N/A<br>
<br>
<code>junit.framework.AssertionFailedError<br/>	at UserManagement.UserRegistration.UserRegistrationTestCasesForCreditCardDetails.UserRegWithInvalidPin.UserRegWithInvalidPinCodeCharLength.RegisterToXidioApplicationWithInvalidPinCodeCharLength.testRegisterToXidioApplicationWithInvalidSecurityCodeLength(RegisterToXidioApplicationWithInvalidPinCodeCharLength.java:38)<br/></code></td><td>78.986</td>
</tr>
<tr valign="top" class="Error">
<td><a href="SuiteRunner/0_runATFRegression.html">runATFRegression</a></td><td><a name="testRegisterToXidioApplicationWithInvalidSecurityCodeLength"></a><a href="SuiteRunner/0_runATFRegression.html#testRegisterToXidioApplicationWithInvalidSecurityCodeLength">testRegisterToXidioApplicationWithInvalidSecurityCodeLength</a></td><td>Error</td><td>Element is not currently visible and so may not be interacted with Command duration or timeout: 30.08 seconds Build info: version: '2.32.0', revision: '6c40c18', time: '2013-04-09 17:22:56' System info: os.name: 'Windows XP', os.arch: 'x86', os.version: '5.1', java.version: '1.6.0' Session ID: 1eb80a8c-4247-48df-b85c-cab2eb9f7e10 Driver info: org.openqa.selenium.firefox.FirefoxDriver Capabilities [{platform=XP, acceptSslCerts=true, javascriptEnabled=true, browserName=firefox, rotatable=false, locationContextEnabled=true, version=21.0, cssSelectorsEnabled=true, databaseEnabled=true, handlesAlerts=true, browserConnectionEnabled=true, nativeEvents=true, webStorageEnabled=true, applicationCacheEnabled=true, takesScreenshot=true}]<br>
<br>
<code>org.openqa.selenium.ElementNotVisibleException: Element is not currently visible and so may not be interacted with<br/>Command duration or timeout: 30.08 seconds<br/>Build info: version: '2.32.0', revision: '6c40c18', time: '2013-04-09 17:22:56'<br/>System info: os.name: 'Windows XP', os.arch: 'x86', os.version: '5.1', java.version: '1.6.0'<br/>Session ID: 1eb80a8c-4247-48df-b85c-cab2eb9f7e10<br/>Driver info: org.openqa.selenium.firefox.FirefoxDriver<br/>Capabilities [{platform=XP, acceptSslCerts=true, javascriptEnabled=true, browserName=firefox, rotatable=false, locationContextEnabled=true, version=21.0, cssSelectorsEnabled=true, databaseEnabled=true, handlesAlerts=true, browserConnectionEnabled=true, nativeEvents=true, webStorageEnabled=true, applicationCacheEnabled=true, takesScreenshot=true}]<br/>	at java.lang.reflect.Constructor.newInstance(Constructor.java:513)<br/>	at org.openqa.selenium.remote.ErrorHandler.createThrowable(ErrorHandler.java:187)<br/>	at org.openqa.selenium.remote.ErrorHandler.throwIfResponseFailed(ErrorHandler.java:145)<br/>	at org.openqa.selenium.remote.RemoteWebDriver.execute(RemoteWebDriver.java:554)<br/>	at org.openqa.selenium.remote.RemoteWebElement.execute(RemoteWebElement.java:268)<br/>	at org.openqa.selenium.remote.RemoteWebElement.click(RemoteWebElement.java:79)<br/>	at UserManagement.UserRegistration.UserRegistrationTestCasesForCreditCardDetails.UserRegToCheckDiplayPinCheckboxWorks.RegisterToXidioApplicationWithCheckingDiplayPinCheckbox.testRegisterToXidioApplicationWithInvalidSecurityCodeLength(RegisterToXidioApplicationWithCheckingDiplayPinCheckbox.java:33)<br/>Caused by: org.openqa.selenium.remote.ErrorHandler$UnknownServerException: Element is not currently visible and so may not be interacted with<br/>Build info: version: '2.32.0', revision: '6c40c18', time: '2013-04-09 17:22:56'<br/>System info: os.name: 'Windows XP', os.arch: 'x86', os.version: '5.1', java.version: '1.6.0'<br/>Driver info: driver.version: unknown<br/>	at <anonymous class>.fxdriver.preconditions.visible(file:///C:/DOCUME~1/HARSHI~1.GOW/LOCALS~1/Temp/anonymous6541webdriver-profile/extensions/fxdriver@googlecode.com/components/command_processor.js:7682)<br/>	at <anonymous class>.DelayedCommand.prototype.checkPreconditions_(file:///C:/DOCUME~1/HARSHI~1.GOW/LOCALS~1/Temp/anonymous6541webdriver-profile/extensions/fxdriver@googlecode.com/components/command_processor.js:10402)<br/>	at <anonymous class>.DelayedCommand.prototype.executeInternal_/h(file:///C:/DOCUME~1/HARSHI~1.GOW/LOCALS~1/Temp/anonymous6541webdriver-profile/extensions/fxdriver@googlecode.com/components/command_processor.js:10421)<br/>	at <anonymous class>.fxdriver.Timer.prototype.setTimeout/<.notify(file:///C:/DOCUME~1/HARSHI~1.GOW/LOCALS~1/Temp/anonymous6541webdriver-profile/extensions/fxdriver@googlecode.com/components/command_processor.js:386)<br/></code></td><td>93.668</td>
</tr>
<tr valign="top" class="TableRowColor">
<td><a href="SuiteRunner/0_runATFRegression.html">runATFRegression</a></td><td><a name="testRegisterToXidioApplicationWithInvalidSecurityCodeLength"></a><a href="SuiteRunner/0_runATFRegression.html#testRegisterToXidioApplicationWithInvalidSecurityCodeLength">testRegisterToXidioApplicationWithInvalidSecurityCodeLength</a></td><td>Success</td><td></td><td>91.825</td>
</tr>
<tr valign="top" class="TableRowColor">
<td><a href="SuiteRunner/0_runATFRegression.html">runATFRegression</a></td><td><a name="testChangeActivationCode"></a><a href="SuiteRunner/0_runATFRegression.html#testChangeActivationCode">testChangeActivationCode</a></td><td>Success</td><td></td><td>109.631</td>
</tr>
<tr valign="top" class="TableRowColor">
<td><a href="SuiteRunner/0_runATFRegression.html">runATFRegression</a></td><td><a name="testSignOutFeatureInCamcast"></a><a href="SuiteRunner/0_runATFRegression.html#testSignOutFeatureInCamcast">testSignOutFeatureInCamcast</a></td><td>Success</td><td></td><td>123.907</td>
</tr>
<tr valign="top" class="TableRowColor">
<td><a href="SuiteRunner/0_runATFRegression.html">runATFRegression</a></td><td><a name="testLoginToCamcast"></a><a href="SuiteRunner/0_runATFRegression.html#testLoginToCamcast">testLoginToCamcast</a></td><td>Success</td><td></td><td>123.673</td>
</tr>
<tr valign="top" class="TableRowColor">
<td><a href="SuiteRunner/0_runATFRegression.html">runATFRegression</a></td><td><a name="testLoginToXidioApplicationUsingInValidPassword"></a><a href="SuiteRunner/0_runATFRegression.html#testLoginToXidioApplicationUsingInValidPassword">testLoginToXidioApplicationUsingInValidPassword</a></td><td>Success</td><td></td><td>42.063</td>
</tr>
<tr valign="top" class="TableRowColor">
<td><a href="SuiteRunner/0_runATFRegression.html">runATFRegression</a></td><td><a name="testLoginToXidioApplicationUsingInValidPassword"></a><a href="SuiteRunner/0_runATFRegression.html#testLoginToXidioApplicationUsingInValidPassword">testLoginToXidioApplicationUsingInValidPassword</a></td><td>Success</td><td></td><td>38.438</td>
</tr>
<tr valign="top" class="TableRowColor">
<td><a href="SuiteRunner/0_runATFRegression.html">runATFRegression</a></td><td><a name="testResetTheXidioPassword"></a><a href="SuiteRunner/0_runATFRegression.html#testResetTheXidioPassword">testResetTheXidioPassword</a></td><td>Success</td><td></td><td>43.484</td>
</tr>
<tr valign="top" class="TableRowColor">
<td><a href="SuiteRunner/0_runATFRegression.html">runATFRegression</a></td><td><a name="testResetXidioPasswordWithoutProvidingEmailID"></a><a href="SuiteRunner/0_runATFRegression.html#testResetXidioPasswordWithoutProvidingEmailID">testResetXidioPasswordWithoutProvidingEmailID</a></td><td>Success</td><td></td><td>43.156</td>
</tr>
<tr valign="top" class="TableRowColor">
<td><a href="SuiteRunner/0_runATFRegression.html">runATFRegression</a></td><td><a name="testResetTheXidioPasswordWithWrongEmail"></a><a href="SuiteRunner/0_runATFRegression.html#testResetTheXidioPasswordWithWrongEmail">testResetTheXidioPasswordWithWrongEmail</a></td><td>Success</td><td></td><td>44.327</td>
</tr>
<tr valign="top" class="TableRowColor">
<td><a href="SuiteRunner/0_runATFRegression.html">runATFRegression</a></td><td><a name="testEditXidioAddressInProfileManagement"></a><a href="SuiteRunner/0_runATFRegression.html#testEditXidioAddressInProfileManagement">testEditXidioAddressInProfileManagement</a></td><td>Success</td><td></td><td>140.838</td>
</tr>
<tr valign="top" class="TableRowColor">
<td><a href="SuiteRunner/0_runATFRegression.html">runATFRegression</a></td><td><a name="testEditXidioLastNameInProfileManagement"></a><a href="SuiteRunner/0_runATFRegression.html#testEditXidioLastNameInProfileManagement">testEditXidioLastNameInProfileManagement</a></td><td>Success</td><td></td><td>157.660</td>
</tr>
<tr valign="top" class="TableRowColor">
<td><a href="SuiteRunner/0_runATFRegression.html">runATFRegression</a></td><td><a name="testEditXidioAddressInProfileManagement"></a><a href="SuiteRunner/0_runATFRegression.html#testEditXidioAddressInProfileManagement">testEditXidioAddressInProfileManagement</a></td><td>Success</td><td></td><td>143.837</td>
</tr>
<tr valign="top" class="TableRowColor">
<td><a href="SuiteRunner/0_runATFRegression.html">runATFRegression</a></td><td><a name="testEditXidioCityInProfileManagement"></a><a href="SuiteRunner/0_runATFRegression.html#testEditXidioCityInProfileManagement">testEditXidioCityInProfileManagement</a></td><td>Success</td><td></td><td>149.616</td>
</tr>
<tr valign="top" class="TableRowColor">
<td><a href="SuiteRunner/0_runATFRegression.html">runATFRegression</a></td><td><a name="testEditXidioStateInProfileManagement"></a><a href="SuiteRunner/0_runATFRegression.html#testEditXidioStateInProfileManagement">testEditXidioStateInProfileManagement</a></td><td>Success</td><td></td><td>147.960</td>
</tr>
<tr valign="top" class="TableRowColor">
<td><a href="SuiteRunner/0_runATFRegression.html">runATFRegression</a></td><td><a name="testEditXidioZipInProfileManagement"></a><a href="SuiteRunner/0_runATFRegression.html#testEditXidioZipInProfileManagement">testEditXidioZipInProfileManagement</a></td><td>Success</td><td></td><td>143.384</td>
</tr>
<tr valign="top" class="Error">
<td><a href="SuiteRunner/0_runATFRegression.html">runATFRegression</a></td><td><a name="testEditXidioUserEmail"></a><a href="SuiteRunner/0_runATFRegression.html#testEditXidioUserEmail">testEditXidioUserEmail</a></td><td>Error</td><td>expected:&lt;[Xidio120613101231]@test.com&gt; but was:&lt;[xidio130613012549]@test.com&gt;<br>
<br>
<code>	at UserManagement.ProfileManagement.RegisteredUserTestCasesForEditProfileDetails.ValidateEmailField.EditXidioUserEmail.testEditXidioUserEmail(EditXidioUserEmail.java:43)<br/></code></td><td>157.051</td>
</tr>
<tr valign="top" class="Error">
<td><a href="SuiteRunner/0_runATFRegression.html">runATFRegression</a></td><td><a name="testEditXidioUserEmail"></a><a href="SuiteRunner/0_runATFRegression.html#testEditXidioUserEmail">testEditXidioUserEmail</a></td><td>Error</td><td>expected:&lt;999[8841404]&gt; but was:&lt;999[0899601]&gt;<br>
<br>
<code>	at UserManagement.ProfileManagement.RegisteredUserTestCasesForEditProfileDetails.ValidateMobileNumberField.ExitXidioUserMobileNumber.testEditXidioUserEmail(ExitXidioUserMobileNumber.java:37)<br/></code></td><td>141.760</td>
</tr>
<tr valign="top" class="TableRowColor">
<td><a href="SuiteRunner/0_runATFRegression.html">runATFRegression</a></td><td><a name="testValidateUserNameFieldByDeletingValueInPM"></a><a href="SuiteRunner/0_runATFRegression.html#testValidateUserNameFieldByDeletingValueInPM">testValidateUserNameFieldByDeletingValueInPM</a></td><td>Success</td><td></td><td>144.118</td>
</tr>
<tr valign="top" class="Failure">
<td><a href="SuiteRunner/0_runATFRegression.html">runATFRegression</a></td><td><a name="testValidateUserNameFieldByDeletingValueInPM"></a><a href="SuiteRunner/0_runATFRegression.html#testValidateUserNameFieldByDeletingValueInPM">testValidateUserNameFieldByDeletingValueInPM</a></td><td>Failure</td><td>N/A<br>
<br>
<code>junit.framework.AssertionFailedError<br/>	at UserManagement.ProfileManagement.RegisteredUserTestCasesForEditProfileDetails.ValidateLastNameField.ValidateLastNameFieldByDeletingValue.testValidateUserNameFieldByDeletingValueInPM(ValidateLastNameFieldByDeletingValue.java:33)<br/></code></td><td>134.247</td>
</tr>
<tr valign="top" class="Failure">
<td><a href="SuiteRunner/0_runATFRegression.html">runATFRegression</a></td><td><a name="testValidateUserNameFieldByDeletingValueInPM"></a><a href="SuiteRunner/0_runATFRegression.html#testValidateUserNameFieldByDeletingValueInPM">testValidateUserNameFieldByDeletingValueInPM</a></td><td>Failure</td><td>N/A<br>
<br>
<code>junit.framework.AssertionFailedError<br/>	at UserManagement.ProfileManagement.RegisteredUserTestCasesForEditProfileDetails.ValidateAddressField.ValidateAddressFieldByDeletingValue.testValidateUserNameFieldByDeletingValueInPM(ValidateAddressFieldByDeletingValue.java:31)<br/></code></td><td>133.106</td>
</tr>
<tr valign="top" class="Failure">
<td><a href="SuiteRunner/0_runATFRegression.html">runATFRegression</a></td><td><a name="testValidateUserNameFieldByDeletingValueInPM"></a><a href="SuiteRunner/0_runATFRegression.html#testValidateUserNameFieldByDeletingValueInPM">testValidateUserNameFieldByDeletingValueInPM</a></td><td>Failure</td><td>N/A<br>
<br>
<code>junit.framework.AssertionFailedError<br/>	at UserManagement.ProfileManagement.RegisteredUserTestCasesForEditProfileDetails.ValidateCityField.ValidateCityFieldByDeletingValue.testValidateUserNameFieldByDeletingValueInPM(ValidateCityFieldByDeletingValue.java:31)<br/></code></td><td>132.310</td>
</tr>
<tr valign="top" class="Failure">
<td><a href="SuiteRunner/0_runATFRegression.html">runATFRegression</a></td><td><a name="testValidateUserNameFieldByDeletingValueInPM"></a><a href="SuiteRunner/0_runATFRegression.html#testValidateUserNameFieldByDeletingValueInPM">testValidateUserNameFieldByDeletingValueInPM</a></td><td>Failure</td><td>N/A<br>
<br>
<code>junit.framework.AssertionFailedError<br/>	at UserManagement.ProfileManagement.RegisteredUserTestCasesForEditProfileDetails.ValidateZipField.ValidateZipFieldByDeletingValue.testValidateUserNameFieldByDeletingValueInPM(ValidateZipFieldByDeletingValue.java:32)<br/></code></td><td>158.238</td>
</tr>
<tr valign="top" class="TableRowColor">
<td><a href="SuiteRunner/0_runATFRegression.html">runATFRegression</a></td><td><a name="testValidateUserNameFieldByDeletingValueInPM"></a><a href="SuiteRunner/0_runATFRegression.html#testValidateUserNameFieldByDeletingValueInPM">testValidateUserNameFieldByDeletingValueInPM</a></td><td>Success</td><td></td><td>131.654</td>
</tr>
<tr valign="top" class="TableRowColor">
<td><a href="SuiteRunner/0_runATFRegression.html">runATFRegression</a></td><td><a name="testValidateUserNameFieldByDeletingValueInPM"></a><a href="SuiteRunner/0_runATFRegression.html#testValidateUserNameFieldByDeletingValueInPM">testValidateUserNameFieldByDeletingValueInPM</a></td><td>Success</td><td></td><td>133.716</td>
</tr>
<tr valign="top" class="TableRowColor">
<td><a href="SuiteRunner/0_runATFRegression.html">runATFRegression</a></td><td><a name="testValidateUserNameFieldByDeletingValueInPM"></a><a href="SuiteRunner/0_runATFRegression.html#testValidateUserNameFieldByDeletingValueInPM">testValidateUserNameFieldByDeletingValueInPM</a></td><td>Success</td><td></td><td>131.826</td>
</tr>
<tr valign="top" class="TableRowColor">
<td><a href="SuiteRunner/0_runATFRegression.html">runATFRegression</a></td><td><a name="testValidateUserNameFieldByDeletingValueInPM"></a><a href="SuiteRunner/0_runATFRegression.html#testValidateUserNameFieldByDeletingValueInPM">testValidateUserNameFieldByDeletingValueInPM</a></td><td>Success</td><td></td><td>139.542</td>
</tr>
<tr valign="top" class="Failure">
<td><a href="SuiteRunner/0_runATFRegression.html">runATFRegression</a></td><td><a name="testValidateUserNameFieldByDeletingValueInPM"></a><a href="SuiteRunner/0_runATFRegression.html#testValidateUserNameFieldByDeletingValueInPM">testValidateUserNameFieldByDeletingValueInPM</a></td><td>Failure</td><td>N/A<br>
<br>
<code>junit.framework.AssertionFailedError<br/>	at UserManagement.ProfileManagement.RegisteredUserTestCasesForEditProfileDetails.ValidateMobileNumberField.ValidateMobileNumberFieldByDeletingValue.testValidateUserNameFieldByDeletingValueInPM(ValidateMobileNumberFieldByDeletingValue.java:32)<br/></code></td><td>132.186</td>
</tr>
<tr valign="top" class="TableRowColor">
<td><a href="SuiteRunner/0_runATFRegression.html">runATFRegression</a></td><td><a name="testValidateUserNameFieldByDeletingValueInPM"></a><a href="SuiteRunner/0_runATFRegression.html#testValidateUserNameFieldByDeletingValueInPM">testValidateUserNameFieldByDeletingValueInPM</a></td><td>Success</td><td></td><td>132.576</td>
</tr>
<tr valign="top" class="Failure">
<td><a href="SuiteRunner/0_runATFRegression.html">runATFRegression</a></td><td><a name="testValidateUserNameFieldByDeletingValueInPM"></a><a href="SuiteRunner/0_runATFRegression.html#testValidateUserNameFieldByDeletingValueInPM">testValidateUserNameFieldByDeletingValueInPM</a></td><td>Failure</td><td>N/A<br>
<br>
<code>junit.framework.AssertionFailedError<br/>	at UserManagement.ProfileManagement.RegisteredUserTestCasesForEditProfileDetails.ValidateMobileNumberField.ValidateMobileNumberFieldByEnteringExistingNo.testValidateUserNameFieldByDeletingValueInPM(ValidateMobileNumberFieldByEnteringExistingNo.java:32)<br/></code></td><td>139.854</td>
</tr>
<tr valign="top" class="TableRowColor">
<td><a href="SuiteRunner/0_runATFRegression.html">runATFRegression</a></td><td><a name="testValidateCurrentPasswordWhenChangingPassword"></a><a href="SuiteRunner/0_runATFRegression.html#testValidateCurrentPasswordWhenChangingPassword">testValidateCurrentPasswordWhenChangingPassword</a></td><td>Success</td><td></td><td>154.521</td>
</tr>
<tr valign="top" class="TableRowColor">
<td><a href="SuiteRunner/0_runATFRegression.html">runATFRegression</a></td><td><a name="testVerifyPasswordChangeWorks"></a><a href="SuiteRunner/0_runATFRegression.html#testVerifyPasswordChangeWorks">testVerifyPasswordChangeWorks</a></td><td>Success</td><td></td><td>140.229</td>
</tr>
<tr valign="top" class="TableRowColor">
<td><a href="SuiteRunner/0_runATFRegression.html">runATFRegression</a></td><td><a name="testVerifyPasswordChangeWorks"></a><a href="SuiteRunner/0_runATFRegression.html#testVerifyPasswordChangeWorks">testVerifyPasswordChangeWorks</a></td><td>Success</td><td></td><td>145.242</td>
</tr>
<tr valign="top" class="TableRowColor">
<td><a href="SuiteRunner/0_runATFRegression.html">runATFRegression</a></td><td><a name="testUserProfileChanges"></a><a href="SuiteRunner/0_runATFRegression.html#testUserProfileChanges">testUserProfileChanges</a></td><td>Success</td><td></td><td>169.812</td>
</tr>
<tr valign="top" class="TableRowColor">
<td><a href="SuiteRunner/0_runATFRegression.html">runATFRegression</a></td><td><a name="testUserProfileChanges"></a><a href="SuiteRunner/0_runATFRegression.html#testUserProfileChanges">testUserProfileChanges</a></td><td>Success</td><td></td><td>204.767</td>
</tr>
<tr valign="top" class="Failure">
<td><a href="SuiteRunner/0_runATFRegression.html">runATFRegression</a></td><td><a name="testUserProfileChanges"></a><a href="SuiteRunner/0_runATFRegression.html#testUserProfileChanges">testUserProfileChanges</a></td><td>Failure</td><td>N/A<br>
<br>
<code>junit.framework.AssertionFailedError<br/>	at UserManagement.ProfileManagement.RegisteredUserTestCasesForChangePaymentInfo.ValidateCreditCardField.ValidatePaymentInfoCreditCardNumberWithInvalidInput.testUserProfileChanges(ValidatePaymentInfoCreditCardNumberWithInvalidInput.java:47)<br/></code></td><td>155.989</td>
</tr>
<tr valign="top" class="Failure">
<td><a href="SuiteRunner/0_runATFRegression.html">runATFRegression</a></td><td><a name="testUserProfileChanges"></a><a href="SuiteRunner/0_runATFRegression.html#testUserProfileChanges">testUserProfileChanges</a></td><td>Failure</td><td>N/A<br>
<br>
<code>junit.framework.AssertionFailedError<br/>	at UserManagement.ProfileManagement.RegisteredUserTestCasesForChangePaymentInfo.ValidateExpiryMonthField.ValidatePaymentInfoMonthByEnteringInvalidMonth.testUserProfileChanges(ValidatePaymentInfoMonthByEnteringInvalidMonth.java:46)<br/></code></td><td>171.467</td>
</tr>
<tr valign="top" class="Failure">
<td><a href="SuiteRunner/0_runATFRegression.html">runATFRegression</a></td><td><a name="testUserProfileChanges"></a><a href="SuiteRunner/0_runATFRegression.html#testUserProfileChanges">testUserProfileChanges</a></td><td>Failure</td><td>N/A<br>
<br>
<code>junit.framework.AssertionFailedError<br/>	at UserManagement.ProfileManagement.RegisteredUserTestCasesForChangePaymentInfo.ValidateExpiryMonthField.ValidatePaymentInfoMonthMandatoryField.testUserProfileChanges(ValidatePaymentInfoMonthMandatoryField.java:46)<br/></code></td><td>174.825</td>
</tr>
<tr valign="top" class="Error">
<td><a href="SuiteRunner/0_runATFRegression.html">runATFRegression</a></td><td><a name="testUserProfileChanges"></a><a href="SuiteRunner/0_runATFRegression.html#testUserProfileChanges">testUserProfileChanges</a></td><td>Error</td><td>Unable to locate element: {"method":"xpath","selector":"html/body/div[1]/div[3]/div/div/div/form/div[2]/fieldset[1]/div[2]/label[3]/label"} Command duration or timeout: 30.08 seconds For documentation on this error, please visit: http://seleniumhq.org/exceptions/no_such_element.html Build info: version: '2.32.0', revision: '6c40c18', time: '2013-04-09 17:22:56' System info: os.name: 'Windows XP', os.arch: 'x86', os.version: '5.1', java.version: '1.6.0' Session ID: e97ba267-97ae-48f4-84ec-a93eeda3ba93 Driver info: org.openqa.selenium.firefox.FirefoxDriver Capabilities [{platform=XP, acceptSslCerts=true, javascriptEnabled=true, browserName=firefox, rotatable=false, locationContextEnabled=true, version=21.0, cssSelectorsEnabled=true, databaseEnabled=true, handlesAlerts=true, browserConnectionEnabled=true, nativeEvents=true, webStorageEnabled=true, applicationCacheEnabled=true, takesScreenshot=true}]<br>
<br>
<code>org.openqa.selenium.NoSuchElementException: Unable to locate element: {"method":"xpath","selector":"html/body/div[1]/div[3]/div/div/div/form/div[2]/fieldset[1]/div[2]/label[3]/label"}<br/>Command duration or timeout: 30.08 seconds<br/>For documentation on this error, please visit: http://seleniumhq.org/exceptions/no_such_element.html<br/>Build info: version: '2.32.0', revision: '6c40c18', time: '2013-04-09 17:22:56'<br/>System info: os.name: 'Windows XP', os.arch: 'x86', os.version: '5.1', java.version: '1.6.0'<br/>Session ID: e97ba267-97ae-48f4-84ec-a93eeda3ba93<br/>Driver info: org.openqa.selenium.firefox.FirefoxDriver<br/>Capabilities [{platform=XP, acceptSslCerts=true, javascriptEnabled=true, browserName=firefox, rotatable=false, locationContextEnabled=true, version=21.0, cssSelectorsEnabled=true, databaseEnabled=true, handlesAlerts=true, browserConnectionEnabled=true, nativeEvents=true, webStorageEnabled=true, applicationCacheEnabled=true, takesScreenshot=true}]<br/>	at java.lang.reflect.Constructor.newInstance(Constructor.java:513)<br/>	at org.openqa.selenium.remote.ErrorHandler.createThrowable(ErrorHandler.java:187)<br/>	at org.openqa.selenium.remote.ErrorHandler.throwIfResponseFailed(ErrorHandler.java:145)<br/>	at org.openqa.selenium.remote.RemoteWebDriver.execute(RemoteWebDriver.java:554)<br/>	at org.openqa.selenium.remote.RemoteWebDriver.findElement(RemoteWebDriver.java:307)<br/>	at org.openqa.selenium.remote.RemoteWebDriver.findElementByXPath(RemoteWebDriver.java:404)<br/>	at org.openqa.selenium.By$ByXPath.findElement(By.java:344)<br/>	at org.openqa.selenium.remote.RemoteWebDriver.findElement(RemoteWebDriver.java:299)<br/>	at UserManagement.ProfileManagement.RegisteredUserTestCasesForChangePaymentInfo.ValidateYearField.ValidatePaymentInfoYearFieldByEnteringPastYear.testUserProfileChanges(ValidatePaymentInfoYearFieldByEnteringPastYear.java:49)<br/>Caused by: org.openqa.selenium.remote.ErrorHandler$UnknownServerException: Unable to locate element: {"method":"xpath","selector":"html/body/div[1]/div[3]/div/div/div/form/div[2]/fieldset[1]/div[2]/label[3]/label"}<br/>Build info: version: '2.32.0', revision: '6c40c18', time: '2013-04-09 17:22:56'<br/>System info: os.name: 'Windows XP', os.arch: 'x86', os.version: '5.1', java.version: '1.6.0'<br/>Driver info: driver.version: unknown<br/>	at <anonymous class>.FirefoxDriver.prototype.findElementInternal_(file:///C:/DOCUME~1/HARSHI~1.GOW/LOCALS~1/Temp/anonymous6618webdriver-profile/extensions/fxdriver@googlecode.com/components/driver_component.js:8405)<br/>	at <anonymous class>.fxdriver.Timer.prototype.setTimeout/<.notify(file:///C:/DOCUME~1/HARSHI~1.GOW/LOCALS~1/Temp/anonymous6618webdriver-profile/extensions/fxdriver@googlecode.com/components/driver_component.js:386)<br/></code></td><td>202.706</td>
</tr>
<tr valign="top" class="Failure">
<td><a href="SuiteRunner/0_runATFRegression.html">runATFRegression</a></td><td><a name="testUserProfileChanges"></a><a href="SuiteRunner/0_runATFRegression.html#testUserProfileChanges">testUserProfileChanges</a></td><td>Failure</td><td>N/A<br>
<br>
<code>junit.framework.AssertionFailedError<br/>	at UserManagement.ProfileManagement.RegisteredUserTestCasesForChangePaymentInfo.ValidateYearField.ValidatePaymentInfoYearMandatoryField.testUserProfileChanges(ValidatePaymentInfoYearMandatoryField.java:46)<br/></code></td><td>171.467</td>
</tr>
<tr valign="top" class="TableRowColor">
<td><a href="SuiteRunner/0_runATFRegression.html">runATFRegression</a></td><td><a name="testUserProfileChanges"></a><a href="SuiteRunner/0_runATFRegression.html#testUserProfileChanges">testUserProfileChanges</a></td><td>Success</td><td></td><td>156.332</td>
</tr>
<tr valign="top" class="TableRowColor">
<td><a href="SuiteRunner/0_runATFRegression.html">runATFRegression</a></td><td><a name="testUserProfileChanges"></a><a href="SuiteRunner/0_runATFRegression.html#testUserProfileChanges">testUserProfileChanges</a></td><td>Success</td><td></td><td>153.537</td>
</tr>
<tr valign="top" class="TableRowColor">
<td><a href="SuiteRunner/0_runATFRegression.html">runATFRegression</a></td><td><a name="testVerifyChangePinCodeDetailsUpdatedSuccessfully"></a><a href="SuiteRunner/0_runATFRegression.html#testVerifyChangePinCodeDetailsUpdatedSuccessfully">testVerifyChangePinCodeDetailsUpdatedSuccessfully</a></td><td>Success</td><td></td><td>164.688</td>
</tr>
<tr valign="top" class="TableRowColor">
<td><a href="SuiteRunner/0_runATFRegression.html">runATFRegression</a></td><td><a name="testVerifyChangePinCodeDetailsUpdatedSuccessfully"></a><a href="SuiteRunner/0_runATFRegression.html#testVerifyChangePinCodeDetailsUpdatedSuccessfully">testVerifyChangePinCodeDetailsUpdatedSuccessfully</a></td><td>Success</td><td></td><td>155.427</td>
</tr>
<tr valign="top" class="TableRowColor">
<td><a href="SuiteRunner/0_runATFRegression.html">runATFRegression</a></td><td><a name="testVerifyChangePinCodeDetailsUpdatedSuccessfully"></a><a href="SuiteRunner/0_runATFRegression.html#testVerifyChangePinCodeDetailsUpdatedSuccessfully">testVerifyChangePinCodeDetailsUpdatedSuccessfully</a></td><td>Success</td><td></td><td>164.736</td>
</tr>
<tr valign="top" class="TableRowColor">
<td><a href="SuiteRunner/0_runATFRegression.html">runATFRegression</a></td><td><a name="testVerifyChangePinCodeDetailsUpdatedSuccessfully"></a><a href="SuiteRunner/0_runATFRegression.html#testVerifyChangePinCodeDetailsUpdatedSuccessfully">testVerifyChangePinCodeDetailsUpdatedSuccessfully</a></td><td>Success</td><td></td><td>200.332</td>
</tr>
<tr valign="top" class="TableRowColor">
<td><a href="SuiteRunner/0_runATFRegression.html">runATFRegression</a></td><td><a name="testVerifyChangePinCodeDetailsUpdatedSuccessfully"></a><a href="SuiteRunner/0_runATFRegression.html#testVerifyChangePinCodeDetailsUpdatedSuccessfully">testVerifyChangePinCodeDetailsUpdatedSuccessfully</a></td><td>Success</td><td></td><td>163.799</td>
</tr>
<tr valign="top" class="TableRowColor">
<td><a href="SuiteRunner/0_runATFRegression.html">runATFRegression</a></td><td><a name="testVerifyChangePinCodeDetailsUpdatedSuccessfully"></a><a href="SuiteRunner/0_runATFRegression.html#testVerifyChangePinCodeDetailsUpdatedSuccessfully">testVerifyChangePinCodeDetailsUpdatedSuccessfully</a></td><td>Success</td><td></td><td>155.005</td>
</tr>
<tr valign="top" class="Error">
<td><a href="SuiteRunner/0_runATFRegression.html">runATFRegression</a></td><td><a name="testChangeActivationCode"></a><a href="SuiteRunner/0_runATFRegression.html#testChangeActivationCode">testChangeActivationCode</a></td><td>Error</td><td>Unable to locate element: {"method":"name","selector":"old_password"} Command duration or timeout: 30.11 seconds For documentation on this error, please visit: http://seleniumhq.org/exceptions/no_such_element.html Build info: version: '2.32.0', revision: '6c40c18', time: '2013-04-09 17:22:56' System info: os.name: 'Windows XP', os.arch: 'x86', os.version: '5.1', java.version: '1.6.0' Session ID: 8e7f75f9-6d0e-474f-9686-7aac96fc505e Driver info: org.openqa.selenium.firefox.FirefoxDriver Capabilities [{platform=XP, acceptSslCerts=true, javascriptEnabled=true, browserName=firefox, rotatable=false, locationContextEnabled=true, version=21.0, cssSelectorsEnabled=true, databaseEnabled=true, handlesAlerts=true, browserConnectionEnabled=true, nativeEvents=true, webStorageEnabled=true, applicationCacheEnabled=true, takesScreenshot=true}]<br>
<br>
<code>org.openqa.selenium.NoSuchElementException: Unable to locate element: {"method":"name","selector":"old_password"}<br/>Command duration or timeout: 30.11 seconds<br/>For documentation on this error, please visit: http://seleniumhq.org/exceptions/no_such_element.html<br/>Build info: version: '2.32.0', revision: '6c40c18', time: '2013-04-09 17:22:56'<br/>System info: os.name: 'Windows XP', os.arch: 'x86', os.version: '5.1', java.version: '1.6.0'<br/>Session ID: 8e7f75f9-6d0e-474f-9686-7aac96fc505e<br/>Driver info: org.openqa.selenium.firefox.FirefoxDriver<br/>Capabilities [{platform=XP, acceptSslCerts=true, javascriptEnabled=true, browserName=firefox, rotatable=false, locationContextEnabled=true, version=21.0, cssSelectorsEnabled=true, databaseEnabled=true, handlesAlerts=true, browserConnectionEnabled=true, nativeEvents=true, webStorageEnabled=true, applicationCacheEnabled=true, takesScreenshot=true}]<br/>	at java.lang.reflect.Constructor.newInstance(Constructor.java:513)<br/>	at org.openqa.selenium.remote.ErrorHandler.createThrowable(ErrorHandler.java:187)<br/>	at org.openqa.selenium.remote.ErrorHandler.throwIfResponseFailed(ErrorHandler.java:145)<br/>	at org.openqa.selenium.remote.RemoteWebDriver.execute(RemoteWebDriver.java:554)<br/>	at org.openqa.selenium.remote.RemoteWebDriver.findElement(RemoteWebDriver.java:307)<br/>	at org.openqa.selenium.remote.RemoteWebDriver.findElementByName(RemoteWebDriver.java:380)<br/>	at org.openqa.selenium.By$ByName.findElement(By.java:292)<br/>	at org.openqa.selenium.remote.RemoteWebDriver.findElement(RemoteWebDriver.java:299)<br/>	at Core.UserManagement.UserLoginFunctions.UserLoginFunctions.ChangePassword(UserLoginFunctions.java:26)<br/>	at UserManagement.ProfileManagement.RegisteredUserTestCasesForChangeActivationCode.ChangeActivationCodeWithValidAC.ValidateUserActivationCodeUpdatesSuccessfully.testChangeActivationCode(ValidateUserActivationCodeUpdatesSuccessfully.java:32)<br/>Caused by: org.openqa.selenium.remote.ErrorHandler$UnknownServerException: Unable to locate element: {"method":"name","selector":"old_password"}<br/>Build info: version: '2.32.0', revision: '6c40c18', time: '2013-04-09 17:22:56'<br/>System info: os.name: 'Windows XP', os.arch: 'x86', os.version: '5.1', java.version: '1.6.0'<br/>Driver info: driver.version: unknown<br/>	at <anonymous class>.FirefoxDriver.prototype.findElementInternal_(file:///C:/DOCUME~1/HARSHI~1.GOW/LOCALS~1/Temp/anonymous6638webdriver-profile/extensions/fxdriver@googlecode.com/components/driver_component.js:8405)<br/>	at <anonymous class>.fxdriver.Timer.prototype.setTimeout/<.notify(file:///C:/DOCUME~1/HARSHI~1.GOW/LOCALS~1/Temp/anonymous6638webdriver-profile/extensions/fxdriver@googlecode.com/components/driver_component.js:386)<br/></code></td><td>154.989</td>
</tr>
<tr valign="top" class="TableRowColor">
<td><a href="SuiteRunner/0_runATFRegression.html">runATFRegression</a></td><td><a name="testChangeActivationCode"></a><a href="SuiteRunner/0_runATFRegression.html#testChangeActivationCode">testChangeActivationCode</a></td><td>Success</td><td></td><td>143.462</td>
</tr>
<tr valign="top" class="TableRowColor">
<td><a href="SuiteRunner/0_runATFRegression.html">runATFRegression</a></td><td><a name="testResetTheXidioPassword"></a><a href="SuiteRunner/0_runATFRegression.html#testResetTheXidioPassword">testResetTheXidioPassword</a></td><td>Success</td><td></td><td>45.124</td>
</tr>
<tr valign="top" class="TableRowColor">
<td><a href="SuiteRunner/0_runATFRegression.html">runATFRegression</a></td><td><a name="testResetTheXidioPasswordWithWrongEmail"></a><a href="SuiteRunner/0_runATFRegression.html#testResetTheXidioPasswordWithWrongEmail">testResetTheXidioPasswordWithWrongEmail</a></td><td>Success</td><td></td><td>44.171</td>
</tr>
<tr valign="top" class="TableRowColor">
<td><a href="SuiteRunner/0_runATFRegression.html">runATFRegression</a></td><td><a name="testResetXidioPasswordWithoutProvidingEmailID"></a><a href="SuiteRunner/0_runATFRegression.html#testResetXidioPasswordWithoutProvidingEmailID">testResetXidioPasswordWithoutProvidingEmailID</a></td><td>Success</td><td></td><td>43.968</td>
</tr>
<tr valign="top" class="TableRowColor">
<td><a href="SuiteRunner/0_runATFRegression.html">runATFRegression</a></td><td><a name="testLoginToXidioApplicationUsingInValidPassword"></a><a href="SuiteRunner/0_runATFRegression.html#testLoginToXidioApplicationUsingInValidPassword">testLoginToXidioApplicationUsingInValidPassword</a></td><td>Success</td><td></td><td>64.195</td>
</tr>
<tr valign="top" class="TableRowColor">
<td><a href="SuiteRunner/0_runATFRegression.html">runATFRegression</a></td><td><a name="testLoginToXidioApplicationUsingInValidUName"></a><a href="SuiteRunner/0_runATFRegression.html#testLoginToXidioApplicationUsingInValidUName">testLoginToXidioApplicationUsingInValidUName</a></td><td>Success</td><td></td><td>29.770</td>
</tr>
<tr valign="top" class="TableRowColor">
<td><a href="SuiteRunner/0_runATFRegression.html">runATFRegression</a></td><td><a name="testLoginToCamcast"></a><a href="SuiteRunner/0_runATFRegression.html#testLoginToCamcast">testLoginToCamcast</a></td><td>Success</td><td></td><td>127.093</td>
</tr>
<tr valign="top" class="Error">
<td><a href="SuiteRunner/0_runATFRegression.html">runATFRegression</a></td><td><a name="testVerifyFeedbackSubmitedSuccessfully"></a><a href="SuiteRunner/0_runATFRegression.html#testVerifyFeedbackSubmitedSuccessfully">testVerifyFeedbackSubmitedSuccessfully</a></td><td>Error</td><td>Unable to locate element: {"method":"css selector","selector":"img[alt=\"Ocean Life\"]"} Command duration or timeout: 30.04 seconds For documentation on this error, please visit: http://seleniumhq.org/exceptions/no_such_element.html Build info: version: '2.32.0', revision: '6c40c18', time: '2013-04-09 17:22:56' System info: os.name: 'Windows XP', os.arch: 'x86', os.version: '5.1', java.version: '1.6.0' Session ID: 091b49a8-2e32-4b48-bf98-f692c21a3caf Driver info: org.openqa.selenium.firefox.FirefoxDriver Capabilities [{platform=XP, acceptSslCerts=true, javascriptEnabled=true, browserName=firefox, rotatable=false, locationContextEnabled=true, version=21.0, cssSelectorsEnabled=true, databaseEnabled=true, handlesAlerts=true, browserConnectionEnabled=true, nativeEvents=true, webStorageEnabled=true, applicationCacheEnabled=true, takesScreenshot=true}]<br>
<br>
<code>org.openqa.selenium.NoSuchElementException: Unable to locate element: {"method":"css selector","selector":"img[alt=\"Ocean Life\"]"}<br/>Command duration or timeout: 30.04 seconds<br/>For documentation on this error, please visit: http://seleniumhq.org/exceptions/no_such_element.html<br/>Build info: version: '2.32.0', revision: '6c40c18', time: '2013-04-09 17:22:56'<br/>System info: os.name: 'Windows XP', os.arch: 'x86', os.version: '5.1', java.version: '1.6.0'<br/>Session ID: 091b49a8-2e32-4b48-bf98-f692c21a3caf<br/>Driver info: org.openqa.selenium.firefox.FirefoxDriver<br/>Capabilities [{platform=XP, acceptSslCerts=true, javascriptEnabled=true, browserName=firefox, rotatable=false, locationContextEnabled=true, version=21.0, cssSelectorsEnabled=true, databaseEnabled=true, handlesAlerts=true, browserConnectionEnabled=true, nativeEvents=true, webStorageEnabled=true, applicationCacheEnabled=true, takesScreenshot=true}]<br/>	at java.lang.reflect.Constructor.newInstance(Constructor.java:513)<br/>	at org.openqa.selenium.remote.ErrorHandler.createThrowable(ErrorHandler.java:187)<br/>	at org.openqa.selenium.remote.ErrorHandler.throwIfResponseFailed(ErrorHandler.java:145)<br/>	at org.openqa.selenium.remote.RemoteWebDriver.execute(RemoteWebDriver.java:554)<br/>	at org.openqa.selenium.remote.RemoteWebDriver.findElement(RemoteWebDriver.java:307)<br/>	at org.openqa.selenium.remote.RemoteWebDriver.findElementByCssSelector(RemoteWebDriver.java:396)<br/>	at org.openqa.selenium.By$ByCssSelector.findElement(By.java:407)<br/>	at org.openqa.selenium.remote.RemoteWebDriver.findElement(RemoteWebDriver.java:299)<br/>	at VideoManagement.VideoFeedBackManagement.VerifyFeedbackSubmitedSuccessfully.testVerifyFeedbackSubmitedSuccessfully(VerifyFeedbackSubmitedSuccessfully.java:25)<br/>Caused by: org.openqa.selenium.remote.ErrorHandler$UnknownServerException: Unable to locate element: {"method":"css selector","selector":"img[alt=\"Ocean Life\"]"}<br/>Build info: version: '2.32.0', revision: '6c40c18', time: '2013-04-09 17:22:56'<br/>System info: os.name: 'Windows XP', os.arch: 'x86', os.version: '5.1', java.version: '1.6.0'<br/>Driver info: driver.version: unknown<br/>	at <anonymous class>.FirefoxDriver.prototype.findElementInternal_(file:///C:/DOCUME~1/HARSHI~1.GOW/LOCALS~1/Temp/anonymous6654webdriver-profile/extensions/fxdriver@googlecode.com/components/driver_component.js:8405)<br/>	at <anonymous class>.fxdriver.Timer.prototype.setTimeout/<.notify(file:///C:/DOCUME~1/HARSHI~1.GOW/LOCALS~1/Temp/anonymous6654webdriver-profile/extensions/fxdriver@googlecode.com/components/driver_component.js:386)<br/></code></td><td>157.379</td>
</tr>
<tr valign="top" class="TableRowColor">
<td><a href="SuiteRunner/0_runATFRegression.html">runATFRegression</a></td><td><a name="testEnsureSearchChannelStoreIsWorkingFine"></a><a href="SuiteRunner/0_runATFRegression.html#testEnsureSearchChannelStoreIsWorkingFine">testEnsureSearchChannelStoreIsWorkingFine</a></td><td>Success</td><td></td><td>147.727</td>
</tr>
<tr valign="top" class="Error">
<td><a href="SuiteRunner/0_runATFRegression.html">runATFRegression</a></td><td><a name="testVerifySelectedCategoryAndSubCategoryVideosAreDisplayed"></a><a href="SuiteRunner/0_runATFRegression.html#testVerifySelectedCategoryAndSubCategoryVideosAreDisplayed">testVerifySelectedCategoryAndSubCategoryVideosAreDisplayed</a></td><td>Error</td><td>Unable to locate element: {"method":"link text","selector":"XIDIO"} Command duration or timeout: 32.77 seconds For documentation on this error, please visit: http://seleniumhq.org/exceptions/no_such_element.html Build info: version: '2.32.0', revision: '6c40c18', time: '2013-04-09 17:22:56' System info: os.name: 'Windows XP', os.arch: 'x86', os.version: '5.1', java.version: '1.6.0' Session ID: e62ddefd-e745-4498-b7ee-72f35ba57809 Driver info: org.openqa.selenium.firefox.FirefoxDriver Capabilities [{platform=XP, acceptSslCerts=true, javascriptEnabled=true, browserName=firefox, rotatable=false, locationContextEnabled=true, version=21.0, cssSelectorsEnabled=true, databaseEnabled=true, handlesAlerts=true, browserConnectionEnabled=true, nativeEvents=true, webStorageEnabled=true, applicationCacheEnabled=true, takesScreenshot=true}]<br>
<br>
<code>org.openqa.selenium.NoSuchElementException: Unable to locate element: {"method":"link text","selector":"XIDIO"}<br/>Command duration or timeout: 32.77 seconds<br/>For documentation on this error, please visit: http://seleniumhq.org/exceptions/no_such_element.html<br/>Build info: version: '2.32.0', revision: '6c40c18', time: '2013-04-09 17:22:56'<br/>System info: os.name: 'Windows XP', os.arch: 'x86', os.version: '5.1', java.version: '1.6.0'<br/>Session ID: e62ddefd-e745-4498-b7ee-72f35ba57809<br/>Driver info: org.openqa.selenium.firefox.FirefoxDriver<br/>Capabilities [{platform=XP, acceptSslCerts=true, javascriptEnabled=true, browserName=firefox, rotatable=false, locationContextEnabled=true, version=21.0, cssSelectorsEnabled=true, databaseEnabled=true, handlesAlerts=true, browserConnectionEnabled=true, nativeEvents=true, webStorageEnabled=true, applicationCacheEnabled=true, takesScreenshot=true}]<br/>	at java.lang.reflect.Constructor.newInstance(Constructor.java:513)<br/>	at org.openqa.selenium.remote.ErrorHandler.createThrowable(ErrorHandler.java:187)<br/>	at org.openqa.selenium.remote.ErrorHandler.throwIfResponseFailed(ErrorHandler.java:145)<br/>	at org.openqa.selenium.remote.RemoteWebDriver.execute(RemoteWebDriver.java:554)<br/>	at org.openqa.selenium.remote.RemoteWebDriver.findElement(RemoteWebDriver.java:307)<br/>	at org.openqa.selenium.remote.RemoteWebDriver.findElementByLinkText(RemoteWebDriver.java:356)<br/>	at org.openqa.selenium.By$ByLinkText.findElement(By.java:241)<br/>	at org.openqa.selenium.remote.RemoteWebDriver.findElement(RemoteWebDriver.java:299)<br/>	at VideoManagement.VideoSearchFunctionality.SearchVideoByCategory.VerifySelectedCategoryAndSubCategoryVideosAreDisplayed.testVerifySelectedCategoryAndSubCategoryVideosAreDisplayed(VerifySelectedCategoryAndSubCategoryVideosAreDisplayed.java:20)<br/>Caused by: org.openqa.selenium.remote.ErrorHandler$UnknownServerException: Unable to locate element: {"method":"link text","selector":"XIDIO"}<br/>Build info: version: '2.32.0', revision: '6c40c18', time: '2013-04-09 17:22:56'<br/>System info: os.name: 'Windows XP', os.arch: 'x86', os.version: '5.1', java.version: '1.6.0'<br/>Driver info: driver.version: unknown<br/>	at <anonymous class>.FirefoxDriver.prototype.findElementInternal_(file:///C:/DOCUME~1/HARSHI~1.GOW/LOCALS~1/Temp/anonymous6658webdriver-profile/extensions/fxdriver@googlecode.com/components/driver_component.js:8405)<br/>	at <anonymous class>.fxdriver.Timer.prototype.setTimeout/<.notify(file:///C:/DOCUME~1/HARSHI~1.GOW/LOCALS~1/Temp/anonymous6658webdriver-profile/extensions/fxdriver@googlecode.com/components/driver_component.js:386)<br/></code></td><td>82.204</td>
</tr>
<tr valign="top" class="Error">
<td><a href="SuiteRunner/0_runATFRegression.html">runATFRegression</a></td><td><a name="testVerifySubcriptionOfPaidVideo"></a><a href="SuiteRunner/0_runATFRegression.html#testVerifySubcriptionOfPaidVideo">testVerifySubcriptionOfPaidVideo</a></td><td>Error</td><td>Unable to locate element: {"method":"xpath","selector":"html/body/div[1]/div[3]/div/h2"} Command duration or timeout: 30.11 seconds For documentation on this error, please visit: http://seleniumhq.org/exceptions/no_such_element.html Build info: version: '2.32.0', revision: '6c40c18', time: '2013-04-09 17:22:56' System info: os.name: 'Windows XP', os.arch: 'x86', os.version: '5.1', java.version: '1.6.0' Session ID: 55c94a14-855f-4749-a9c5-907c0bfc2384 Driver info: org.openqa.selenium.firefox.FirefoxDriver Capabilities [{platform=XP, acceptSslCerts=true, javascriptEnabled=true, browserName=firefox, rotatable=false, locationContextEnabled=true, version=21.0, cssSelectorsEnabled=true, databaseEnabled=true, handlesAlerts=true, browserConnectionEnabled=true, nativeEvents=true, webStorageEnabled=true, applicationCacheEnabled=true, takesScreenshot=true}]<br>
<br>
<code>org.openqa.selenium.NoSuchElementException: Unable to locate element: {"method":"xpath","selector":"html/body/div[1]/div[3]/div/h2"}<br/>Command duration or timeout: 30.11 seconds<br/>For documentation on this error, please visit: http://seleniumhq.org/exceptions/no_such_element.html<br/>Build info: version: '2.32.0', revision: '6c40c18', time: '2013-04-09 17:22:56'<br/>System info: os.name: 'Windows XP', os.arch: 'x86', os.version: '5.1', java.version: '1.6.0'<br/>Session ID: 55c94a14-855f-4749-a9c5-907c0bfc2384<br/>Driver info: org.openqa.selenium.firefox.FirefoxDriver<br/>Capabilities [{platform=XP, acceptSslCerts=true, javascriptEnabled=true, browserName=firefox, rotatable=false, locationContextEnabled=true, version=21.0, cssSelectorsEnabled=true, databaseEnabled=true, handlesAlerts=true, browserConnectionEnabled=true, nativeEvents=true, webStorageEnabled=true, applicationCacheEnabled=true, takesScreenshot=true}]<br/>	at java.lang.reflect.Constructor.newInstance(Constructor.java:513)<br/>	at org.openqa.selenium.remote.ErrorHandler.createThrowable(ErrorHandler.java:187)<br/>	at org.openqa.selenium.remote.ErrorHandler.throwIfResponseFailed(ErrorHandler.java:145)<br/>	at org.openqa.selenium.remote.RemoteWebDriver.execute(RemoteWebDriver.java:554)<br/>	at org.openqa.selenium.remote.RemoteWebDriver.findElement(RemoteWebDriver.java:307)<br/>	at org.openqa.selenium.remote.RemoteWebDriver.findElementByXPath(RemoteWebDriver.java:404)<br/>	at org.openqa.selenium.By$ByXPath.findElement(By.java:344)<br/>	at org.openqa.selenium.remote.RemoteWebDriver.findElement(RemoteWebDriver.java:299)<br/>	at VideoManagement.VideoSubscriptionManagement.PaidSubscriptionForVideo.VerifySubcriptionOfPaidVideo.testVerifySubcriptionOfPaidVideo(VerifySubcriptionOfPaidVideo.java:33)<br/>Caused by: org.openqa.selenium.remote.ErrorHandler$UnknownServerException: Unable to locate element: {"method":"xpath","selector":"html/body/div[1]/div[3]/div/h2"}<br/>Build info: version: '2.32.0', revision: '6c40c18', time: '2013-04-09 17:22:56'<br/>System info: os.name: 'Windows XP', os.arch: 'x86', os.version: '5.1', java.version: '1.6.0'<br/>Driver info: driver.version: unknown<br/>	at <anonymous class>.FirefoxDriver.prototype.findElementInternal_(file:///C:/DOCUME~1/HARSHI~1.GOW/LOCALS~1/Temp/anonymous6660webdriver-profile/extensions/fxdriver@googlecode.com/components/driver_component.js:8405)<br/>	at <anonymous class>.fxdriver.Timer.prototype.setTimeout/<.notify(file:///C:/DOCUME~1/HARSHI~1.GOW/LOCALS~1/Temp/anonymous6660webdriver-profile/extensions/fxdriver@googlecode.com/components/driver_component.js:386)<br/></code></td><td>180.621</td>
</tr>
<tr valign="top" class="TableRowColor">
<td><a href="SuiteRunner/1_runDemoTestSuite.html">runDemoTestSuite</a></td><td><a name="testUserRegistration"></a><a href="SuiteRunner/1_runDemoTestSuite.html#testUserRegistration">testUserRegistration</a></td><td>Success</td><td></td><td>104.328</td>
</tr>
</table>
</body>
</html>
