<html xmlns:lxslt="http://xml.apache.org/xslt" xmlns:stringutils="xalan://org.apache.tools.ant.util.StringUtils">
<head>
<META http-equiv="Content-Type" content="text/html; charset=US-ASCII">
<title>Unit Test Results: All Tests</title>
<link rel="stylesheet" type="text/css" title="Style" href="stylesheet.css">
</head>
<body onload="open('allclasses-frame.html','classListFrame')">
<h1>Unit Test Results</h1>
<table width="100%">
<tr>
<td align="left"></td><td align="right">Designed for use with <a href="http://www.junit.org/">JUnit</a> and <a href="http://ant.apache.org/">Ant</a>.</td>
</tr>
</table>
<hr size="1">
<h2>All Tests</h2>
<table class="details" border="0" cellpadding="5" cellspacing="2" width="95%">
<tr valign="top">
<th>Class</th><th>Name</th><th>Status</th><th width="80%">Type</th><th nowrap>Time(s)</th>
</tr>
<tr valign="top" class="TableRowColor">
<td><a href="SuiteRunner/0_runATFRegression.html">runATFRegression</a></td><td><a name="testRegistrationToXidioApplicationByClickingActivation"></a><a href="SuiteRunner/0_runATFRegression.html#testRegistrationToXidioApplicationByClickingActivation">testRegistrationToXidioApplicationByClickingActivation</a></td><td>Success</td><td></td><td>119.122</td>
</tr>
<tr valign="top" class="TableRowColor">
<td><a href="SuiteRunner/0_runATFRegression.html">runATFRegression</a></td><td><a name="testUserRegistration"></a><a href="SuiteRunner/0_runATFRegression.html#testUserRegistration">testUserRegistration</a></td><td>Success</td><td></td><td>109.530</td>
</tr>
<tr valign="top" class="TableRowColor">
<td><a href="SuiteRunner/0_runATFRegression.html">runATFRegression</a></td><td><a name="testRegistrationToXidioApplicationBySkipingPaymentStepAndActivationStep"></a><a href="SuiteRunner/0_runATFRegression.html#testRegistrationToXidioApplicationBySkipingPaymentStepAndActivationStep">testRegistrationToXidioApplicationBySkipingPaymentStepAndActivationStep</a></td><td>Success</td><td></td><td>103.188</td>
</tr>
<tr valign="top" class="TableRowColor">
<td><a href="SuiteRunner/0_runATFRegression.html">runATFRegression</a></td><td><a name="testRegistrationToXidioApplicationWithValidCredentialByDeclingTermAndCondition"></a><a href="SuiteRunner/0_runATFRegression.html#testRegistrationToXidioApplicationWithValidCredentialByDeclingTermAndCondition">testRegistrationToXidioApplicationWithValidCredentialByDeclingTermAndCondition</a></td><td>Success</td><td></td><td>172.849</td>
</tr>
<tr valign="top" class="TableRowColor">
<td><a href="SuiteRunner/0_runATFRegression.html">runATFRegression</a></td><td><a name="testRegisterToXidioApplicationDirectlyWithPaymentDetailsWithoutPersonalInfo"></a><a href="SuiteRunner/0_runATFRegression.html#testRegisterToXidioApplicationDirectlyWithPaymentDetailsWithoutPersonalInfo">testRegisterToXidioApplicationDirectlyWithPaymentDetailsWithoutPersonalInfo</a></td><td>Success</td><td></td><td>58.116</td>
</tr>
<tr valign="top" class="TableRowColor">
<td><a href="SuiteRunner/0_runATFRegression.html">runATFRegression</a></td><td><a name="testRegisterToXidioApplicationWithoutFirstName"></a><a href="SuiteRunner/0_runATFRegression.html#testRegisterToXidioApplicationWithoutFirstName">testRegisterToXidioApplicationWithoutFirstName</a></td><td>Success</td><td></td><td>70.286</td>
</tr>
<tr valign="top" class="TableRowColor">
<td><a href="SuiteRunner/0_runATFRegression.html">runATFRegression</a></td><td><a name="testRegisterToXidioApplicationWithoutLastName"></a><a href="SuiteRunner/0_runATFRegression.html#testRegisterToXidioApplicationWithoutLastName">testRegisterToXidioApplicationWithoutLastName</a></td><td>Success</td><td></td><td>63.959</td>
</tr>
<tr valign="top" class="TableRowColor">
<td><a href="SuiteRunner/0_runATFRegression.html">runATFRegression</a></td><td><a name="testRegisterToXidioApplicationWithoutEnteringAddress"></a><a href="SuiteRunner/0_runATFRegression.html#testRegisterToXidioApplicationWithoutEnteringAddress">testRegisterToXidioApplicationWithoutEnteringAddress</a></td><td>Success</td><td></td><td>63.474</td>
</tr>
<tr valign="top" class="TableRowColor">
<td><a href="SuiteRunner/0_runATFRegression.html">runATFRegression</a></td><td><a name="testRegisterToXidioApplicationWithoutEnteringCity"></a><a href="SuiteRunner/0_runATFRegression.html#testRegisterToXidioApplicationWithoutEnteringCity">testRegisterToXidioApplicationWithoutEnteringCity</a></td><td>Success</td><td></td><td>65.021</td>
</tr>
<tr valign="top" class="TableRowColor">
<td><a href="SuiteRunner/0_runATFRegression.html">runATFRegression</a></td><td><a name="testRegisterToXidioApplicationWithoutEnteringZip"></a><a href="SuiteRunner/0_runATFRegression.html#testRegisterToXidioApplicationWithoutEnteringZip">testRegisterToXidioApplicationWithoutEnteringZip</a></td><td>Success</td><td></td><td>63.412</td>
</tr>
<tr valign="top" class="TableRowColor">
<td><a href="SuiteRunner/0_runATFRegression.html">runATFRegression</a></td><td><a name="testRegisterToXidioApplicationWithoutEnteringEmail"></a><a href="SuiteRunner/0_runATFRegression.html#testRegisterToXidioApplicationWithoutEnteringEmail">testRegisterToXidioApplicationWithoutEnteringEmail</a></td><td>Success</td><td></td><td>63.130</td>
</tr>
<tr valign="top" class="TableRowColor">
<td><a href="SuiteRunner/0_runATFRegression.html">runATFRegression</a></td><td><a name="testRegisterToXidioApplicationByEnteringInValidEmail"></a><a href="SuiteRunner/0_runATFRegression.html#testRegisterToXidioApplicationByEnteringInValidEmail">testRegisterToXidioApplicationByEnteringInValidEmail</a></td><td>Success</td><td></td><td>83.784</td>
</tr>
<tr valign="top" class="TableRowColor">
<td><a href="SuiteRunner/0_runATFRegression.html">runATFRegression</a></td><td><a name="testRegisterToXidioApplicationWithEnteringInValidZip"></a><a href="SuiteRunner/0_runATFRegression.html#testRegisterToXidioApplicationWithEnteringInValidZip">testRegisterToXidioApplicationWithEnteringInValidZip</a></td><td>Success</td><td></td><td>63.521</td>
</tr>
<tr valign="top" class="TableRowColor">
<td><a href="SuiteRunner/0_runATFRegression.html">runATFRegression</a></td><td><a name="testRegisterToXidioApplicationWithEnteringInValidZip"></a><a href="SuiteRunner/0_runATFRegression.html#testRegisterToXidioApplicationWithEnteringInValidZip">testRegisterToXidioApplicationWithEnteringInValidZip</a></td><td>Success</td><td></td><td>65.537</td>
</tr>
<tr valign="top" class="TableRowColor">
<td><a href="SuiteRunner/0_runATFRegression.html">runATFRegression</a></td><td><a name="testRegisterToXidioApplicationWithoutEnteringMobileNumber"></a><a href="SuiteRunner/0_runATFRegression.html#testRegisterToXidioApplicationWithoutEnteringMobileNumber">testRegisterToXidioApplicationWithoutEnteringMobileNumber</a></td><td>Success</td><td></td><td>60.710</td>
</tr>
<tr valign="top" class="TableRowColor">
<td><a href="SuiteRunner/0_runATFRegression.html">runATFRegression</a></td><td><a name="testRegisterToXidioApplicationByEnteringInValidMobileNumber"></a><a href="SuiteRunner/0_runATFRegression.html#testRegisterToXidioApplicationByEnteringInValidMobileNumber">testRegisterToXidioApplicationByEnteringInValidMobileNumber</a></td><td>Success</td><td></td><td>63.131</td>
</tr>
<tr valign="top" class="TableRowColor">
<td><a href="SuiteRunner/0_runATFRegression.html">runATFRegression</a></td><td><a name="testRegisterToXidioApplicationWithoutEnteringPassword"></a><a href="SuiteRunner/0_runATFRegression.html#testRegisterToXidioApplicationWithoutEnteringPassword">testRegisterToXidioApplicationWithoutEnteringPassword</a></td><td>Success</td><td></td><td>61.366</td>
</tr>
<tr valign="top" class="TableRowColor">
<td><a href="SuiteRunner/0_runATFRegression.html">runATFRegression</a></td><td><a name="testRegisterToXidioApplicationByEnteringInValidPassword"></a><a href="SuiteRunner/0_runATFRegression.html#testRegisterToXidioApplicationByEnteringInValidPassword">testRegisterToXidioApplicationByEnteringInValidPassword</a></td><td>Success</td><td></td><td>63.381</td>
</tr>
<tr valign="top" class="TableRowColor">
<td><a href="SuiteRunner/0_runATFRegression.html">runATFRegression</a></td><td><a name="testRegisterToXidioApplicationByEnteringInValidPassword"></a><a href="SuiteRunner/0_runATFRegression.html#testRegisterToXidioApplicationByEnteringInValidPassword">testRegisterToXidioApplicationByEnteringInValidPassword</a></td><td>Success</td><td></td><td>63.021</td>
</tr>
<tr valign="top" class="TableRowColor">
<td><a href="SuiteRunner/0_runATFRegression.html">runATFRegression</a></td><td><a name="testRegisterToXidioApplicationByEnteringInValidLengthOfPassword"></a><a href="SuiteRunner/0_runATFRegression.html#testRegisterToXidioApplicationByEnteringInValidLengthOfPassword">testRegisterToXidioApplicationByEnteringInValidLengthOfPassword</a></td><td>Success</td><td></td><td>63.412</td>
</tr>
<tr valign="top" class="TableRowColor">
<td><a href="SuiteRunner/0_runATFRegression.html">runATFRegression</a></td><td><a name="testRegisterToXidioApplicationWithNoCreditCardNumber"></a><a href="SuiteRunner/0_runATFRegression.html#testRegisterToXidioApplicationWithNoCreditCardNumber">testRegisterToXidioApplicationWithNoCreditCardNumber</a></td><td>Success</td><td></td><td>102.828</td>
</tr>
<tr valign="top" class="TableRowColor">
<td><a href="SuiteRunner/0_runATFRegression.html">runATFRegression</a></td><td><a name="testRegisterToXidioApplicationWithInvalidCreditCardNumber"></a><a href="SuiteRunner/0_runATFRegression.html#testRegisterToXidioApplicationWithInvalidCreditCardNumber">testRegisterToXidioApplicationWithInvalidCreditCardNumber</a></td><td>Success</td><td></td><td>70.083</td>
</tr>
<tr valign="top" class="Failure">
<td><a href="SuiteRunner/0_runATFRegression.html">runATFRegression</a></td><td><a name="testRegisterToXidioApplicationWithInvalidSecurityCodeLength"></a><a href="SuiteRunner/0_runATFRegression.html#testRegisterToXidioApplicationWithInvalidSecurityCodeLength">testRegisterToXidioApplicationWithInvalidSecurityCodeLength</a></td><td>Failure</td><td>N/A<br>
<br>
<code>junit.framework.AssertionFailedError<br/>	at UserManagement.UserRegistration.UserRegistrationTestCasesForCreditCardDetails.UserRegWithInvalidSecurityCode.UserRegWithInvalidSecurityCodeLength.RegisterToXidioApplicationWithInvalidSecurityCodeLength.testRegisterToXidioApplicationWithInvalidSecurityCodeLength(RegisterToXidioApplicationWithInvalidSecurityCodeLength.java:46)<br/></code></td><td>104.375</td>
</tr>
<tr valign="top" class="Failure">
<td><a href="SuiteRunner/0_runATFRegression.html">runATFRegression</a></td><td><a name="testRegisterToXidioApplicationWithInvalidSecurityCodeLength"></a><a href="SuiteRunner/0_runATFRegression.html#testRegisterToXidioApplicationWithInvalidSecurityCodeLength">testRegisterToXidioApplicationWithInvalidSecurityCodeLength</a></td><td>Failure</td><td>N/A<br>
<br>
<code>junit.framework.AssertionFailedError<br/>	at UserManagement.UserRegistration.UserRegistrationTestCasesForCreditCardDetails.UserRegWithNoSecurityCode.RegisterToXidioApplicationWithNoSecurityCode.testRegisterToXidioApplicationWithInvalidSecurityCodeLength(RegisterToXidioApplicationWithNoSecurityCode.java:37)<br/></code></td><td>103.125</td>
</tr>
<tr valign="top" class="Failure">
<td><a href="SuiteRunner/0_runATFRegression.html">runATFRegression</a></td><td><a name="testRegisterToXidioApplicationWithNoCreditCardNumber"></a><a href="SuiteRunner/0_runATFRegression.html#testRegisterToXidioApplicationWithNoCreditCardNumber">testRegisterToXidioApplicationWithNoCreditCardNumber</a></td><td>Failure</td><td>N/A<br>
<br>
<code>junit.framework.AssertionFailedError<br/>	at UserManagement.UserRegistration.UserRegistrationTestCasesForCreditCardDetails.UserRegWithNoPINCode.RegisterToXidioApplicationWithNoPinCode.testRegisterToXidioApplicationWithNoCreditCardNumber(RegisterToXidioApplicationWithNoPinCode.java:37)<br/></code></td><td>104.718</td>
</tr>
<tr valign="top" class="Failure">
<td><a href="SuiteRunner/0_runATFRegression.html">runATFRegression</a></td><td><a name="testRegisterToXidioApplicationWithInvalidSecurityCodeLength"></a><a href="SuiteRunner/0_runATFRegression.html#testRegisterToXidioApplicationWithInvalidSecurityCodeLength">testRegisterToXidioApplicationWithInvalidSecurityCodeLength</a></td><td>Failure</td><td>N/A<br>
<br>
<code>junit.framework.AssertionFailedError<br/>	at UserManagement.UserRegistration.UserRegistrationTestCasesForCreditCardDetails.UserRegWithInvalidPin.UserRegWithInvalidPinCodeCharLength.RegisterToXidioApplicationWithInvalidPinCodeCharLength.testRegisterToXidioApplicationWithInvalidSecurityCodeLength(RegisterToXidioApplicationWithInvalidPinCodeCharLength.java:38)<br/></code></td><td>101.422</td>
</tr>
<tr valign="top" class="Error">
<td><a href="SuiteRunner/0_runATFRegression.html">runATFRegression</a></td><td><a name="testRegisterToXidioApplicationWithInvalidSecurityCodeLength"></a><a href="SuiteRunner/0_runATFRegression.html#testRegisterToXidioApplicationWithInvalidSecurityCodeLength">testRegisterToXidioApplicationWithInvalidSecurityCodeLength</a></td><td>Error</td><td>Element is not currently visible and so may not be interacted with Command duration or timeout: 30.03 seconds Build info: version: '2.32.0', revision: '6c40c18', time: '2013-04-09 17:22:56' System info: os.name: 'Windows XP', os.arch: 'x86', os.version: '5.1', java.version: '1.6.0' Session ID: 97ca9e0c-06aa-4f31-aeba-9d310fa2cd78 Driver info: org.openqa.selenium.firefox.FirefoxDriver Capabilities [{platform=XP, acceptSslCerts=true, javascriptEnabled=true, browserName=firefox, rotatable=false, locationContextEnabled=true, version=21.0, cssSelectorsEnabled=true, databaseEnabled=true, handlesAlerts=true, browserConnectionEnabled=true, nativeEvents=true, webStorageEnabled=true, applicationCacheEnabled=true, takesScreenshot=true}]<br>
<br>
<code>org.openqa.selenium.ElementNotVisibleException: Element is not currently visible and so may not be interacted with<br/>Command duration or timeout: 30.03 seconds<br/>Build info: version: '2.32.0', revision: '6c40c18', time: '2013-04-09 17:22:56'<br/>System info: os.name: 'Windows XP', os.arch: 'x86', os.version: '5.1', java.version: '1.6.0'<br/>Session ID: 97ca9e0c-06aa-4f31-aeba-9d310fa2cd78<br/>Driver info: org.openqa.selenium.firefox.FirefoxDriver<br/>Capabilities [{platform=XP, acceptSslCerts=true, javascriptEnabled=true, browserName=firefox, rotatable=false, locationContextEnabled=true, version=21.0, cssSelectorsEnabled=true, databaseEnabled=true, handlesAlerts=true, browserConnectionEnabled=true, nativeEvents=true, webStorageEnabled=true, applicationCacheEnabled=true, takesScreenshot=true}]<br/>	at java.lang.reflect.Constructor.newInstance(Constructor.java:513)<br/>	at org.openqa.selenium.remote.ErrorHandler.createThrowable(ErrorHandler.java:187)<br/>	at org.openqa.selenium.remote.ErrorHandler.throwIfResponseFailed(ErrorHandler.java:145)<br/>	at org.openqa.selenium.remote.RemoteWebDriver.execute(RemoteWebDriver.java:554)<br/>	at org.openqa.selenium.remote.RemoteWebElement.execute(RemoteWebElement.java:268)<br/>	at org.openqa.selenium.remote.RemoteWebElement.click(RemoteWebElement.java:79)<br/>	at UserManagement.UserRegistration.UserRegistrationTestCasesForCreditCardDetails.UserRegToCheckDiplayPinCheckboxWorks.RegisterToXidioApplicationWithCheckingDiplayPinCheckbox.testRegisterToXidioApplicationWithInvalidSecurityCodeLength(RegisterToXidioApplicationWithCheckingDiplayPinCheckbox.java:33)<br/>Caused by: org.openqa.selenium.remote.ErrorHandler$UnknownServerException: Element is not currently visible and so may not be interacted with<br/>Build info: version: '2.32.0', revision: '6c40c18', time: '2013-04-09 17:22:56'<br/>System info: os.name: 'Windows XP', os.arch: 'x86', os.version: '5.1', java.version: '1.6.0'<br/>Driver info: driver.version: unknown<br/>	at <anonymous class>.fxdriver.preconditions.visible(file:///C:/DOCUME~1/HARSHI~1.GOW/LOCALS~1/Temp/anonymous16404webdriver-profile/extensions/fxdriver@googlecode.com/components/command_processor.js:7682)<br/>	at <anonymous class>.DelayedCommand.prototype.checkPreconditions_(file:///C:/DOCUME~1/HARSHI~1.GOW/LOCALS~1/Temp/anonymous16404webdriver-profile/extensions/fxdriver@googlecode.com/components/command_processor.js:10402)<br/>	at <anonymous class>.DelayedCommand.prototype.executeInternal_/h(file:///C:/DOCUME~1/HARSHI~1.GOW/LOCALS~1/Temp/anonymous16404webdriver-profile/extensions/fxdriver@googlecode.com/components/command_processor.js:10421)<br/>	at <anonymous class>.fxdriver.Timer.prototype.setTimeout/<.notify(file:///C:/DOCUME~1/HARSHI~1.GOW/LOCALS~1/Temp/anonymous16404webdriver-profile/extensions/fxdriver@googlecode.com/components/command_processor.js:386)<br/></code></td><td>95.235</td>
</tr>
<tr valign="top" class="TableRowColor">
<td><a href="SuiteRunner/0_runATFRegression.html">runATFRegression</a></td><td><a name="testRegisterToXidioApplicationWithInvalidSecurityCodeLength"></a><a href="SuiteRunner/0_runATFRegression.html#testRegisterToXidioApplicationWithInvalidSecurityCodeLength">testRegisterToXidioApplicationWithInvalidSecurityCodeLength</a></td><td>Success</td><td></td><td>97.891</td>
</tr>
<tr valign="top" class="TableRowColor">
<td><a href="SuiteRunner/0_runATFRegression.html">runATFRegression</a></td><td><a name="testChangeActivationCode"></a><a href="SuiteRunner/0_runATFRegression.html#testChangeActivationCode">testChangeActivationCode</a></td><td>Success</td><td></td><td>104.984</td>
</tr>
<tr valign="top" class="Failure">
<td><a href="SuiteRunner/0_runATFRegression.html">runATFRegression</a></td><td><a name="testSignOutFeatureInCamcast"></a><a href="SuiteRunner/0_runATFRegression.html#testSignOutFeatureInCamcast">testSignOutFeatureInCamcast</a></td><td>Failure</td><td>N/A<br>
<br>
<code>junit.framework.AssertionFailedError<br/>	at UserManagement.UserLogin.ValidateSignOutWorks.CheckSignOutFeatureWorksFine.testSignOutFeatureInCamcast(CheckSignOutFeatureWorksFine.java:26)<br/></code></td><td>135.448</td>
</tr>
<tr valign="top" class="Failure">
<td><a href="SuiteRunner/0_runATFRegression.html">runATFRegression</a></td><td><a name="testLoginToCamcast"></a><a href="SuiteRunner/0_runATFRegression.html#testLoginToCamcast">testLoginToCamcast</a></td><td>Failure</td><td>N/A<br>
<br>
<code>junit.framework.AssertionFailedError<br/>	at DiagnoseServices.ValidateComcastWebApplicationAccessiblity.ValidateComcastAppAccessibility.LoginToXidioApplicationWithValidCredentials.testLoginToCamcast(LoginToXidioApplicationWithValidCredentials.java:27)<br/></code>N/A<br>
<br>
<code>junit.framework.AssertionFailedError<br/>	at DiagnoseServices.ValidateComcastWebApplicationAccessiblity.ValidateComcastAppAccessibility.LoginToXidioApplicationWithValidCredentials.testLoginToCamcast(LoginToXidioApplicationWithValidCredentials.java:27)<br/></code></td><td>33.542</td>
</tr>
<tr valign="top" class="TableRowColor">
<td><a href="SuiteRunner/0_runATFRegression.html">runATFRegression</a></td><td><a name="testLoginToXidioApplicationUsingInValidPassword"></a><a href="SuiteRunner/0_runATFRegression.html#testLoginToXidioApplicationUsingInValidPassword">testLoginToXidioApplicationUsingInValidPassword</a></td><td>Success</td><td></td><td>27.840</td>
</tr>
<tr valign="top" class="TableRowColor">
<td><a href="SuiteRunner/0_runATFRegression.html">runATFRegression</a></td><td><a name="testLoginToXidioApplicationUsingInValidPassword"></a><a href="SuiteRunner/0_runATFRegression.html#testLoginToXidioApplicationUsingInValidPassword">testLoginToXidioApplicationUsingInValidPassword</a></td><td>Success</td><td></td><td>28.058</td>
</tr>
<tr valign="top" class="TableRowColor">
<td><a href="SuiteRunner/0_runATFRegression.html">runATFRegression</a></td><td><a name="testResetTheXidioPassword"></a><a href="SuiteRunner/0_runATFRegression.html#testResetTheXidioPassword">testResetTheXidioPassword</a></td><td>Success</td><td></td><td>45.180</td>
</tr>
<tr valign="top" class="TableRowColor">
<td><a href="SuiteRunner/0_runATFRegression.html">runATFRegression</a></td><td><a name="testResetXidioPasswordWithoutProvidingEmailID"></a><a href="SuiteRunner/0_runATFRegression.html#testResetXidioPasswordWithoutProvidingEmailID">testResetXidioPasswordWithoutProvidingEmailID</a></td><td>Success</td><td></td><td>45.290</td>
</tr>
<tr valign="top" class="TableRowColor">
<td><a href="SuiteRunner/0_runATFRegression.html">runATFRegression</a></td><td><a name="testResetTheXidioPasswordWithWrongEmail"></a><a href="SuiteRunner/0_runATFRegression.html#testResetTheXidioPasswordWithWrongEmail">testResetTheXidioPasswordWithWrongEmail</a></td><td>Success</td><td></td><td>50.133</td>
</tr>
<tr valign="top" class="Error">
<td><a href="SuiteRunner/0_runATFRegression.html">runATFRegression</a></td><td><a name="testEditXidioAddressInProfileManagement"></a><a href="SuiteRunner/0_runATFRegression.html#testEditXidioAddressInProfileManagement">testEditXidioAddressInProfileManagement</a></td><td>Error</td><td>Unable to locate element: {"method":"name","selector":"user[address]"} Command duration or timeout: 37.15 seconds For documentation on this error, please visit: http://seleniumhq.org/exceptions/no_such_element.html Build info: version: '2.32.0', revision: '6c40c18', time: '2013-04-09 17:22:56' System info: os.name: 'Windows XP', os.arch: 'x86', os.version: '5.1', java.version: '1.6.0' Session ID: da82c1c7-906b-4a5e-af80-73199cb05db7 Driver info: org.openqa.selenium.firefox.FirefoxDriver Capabilities [{platform=XP, acceptSslCerts=true, javascriptEnabled=true, browserName=firefox, rotatable=false, locationContextEnabled=true, version=21.0, cssSelectorsEnabled=true, databaseEnabled=true, handlesAlerts=true, browserConnectionEnabled=true, nativeEvents=true, webStorageEnabled=true, applicationCacheEnabled=true, takesScreenshot=true}]<br>
<br>
<code>org.openqa.selenium.NoSuchElementException: Unable to locate element: {"method":"name","selector":"user[address]"}<br/>Command duration or timeout: 37.15 seconds<br/>For documentation on this error, please visit: http://seleniumhq.org/exceptions/no_such_element.html<br/>Build info: version: '2.32.0', revision: '6c40c18', time: '2013-04-09 17:22:56'<br/>System info: os.name: 'Windows XP', os.arch: 'x86', os.version: '5.1', java.version: '1.6.0'<br/>Session ID: da82c1c7-906b-4a5e-af80-73199cb05db7<br/>Driver info: org.openqa.selenium.firefox.FirefoxDriver<br/>Capabilities [{platform=XP, acceptSslCerts=true, javascriptEnabled=true, browserName=firefox, rotatable=false, locationContextEnabled=true, version=21.0, cssSelectorsEnabled=true, databaseEnabled=true, handlesAlerts=true, browserConnectionEnabled=true, nativeEvents=true, webStorageEnabled=true, applicationCacheEnabled=true, takesScreenshot=true}]<br/>	at java.lang.reflect.Constructor.newInstance(Constructor.java:513)<br/>	at org.openqa.selenium.remote.ErrorHandler.createThrowable(ErrorHandler.java:187)<br/>	at org.openqa.selenium.remote.ErrorHandler.throwIfResponseFailed(ErrorHandler.java:145)<br/>	at org.openqa.selenium.remote.RemoteWebDriver.execute(RemoteWebDriver.java:554)<br/>	at org.openqa.selenium.remote.RemoteWebDriver.findElement(RemoteWebDriver.java:307)<br/>	at org.openqa.selenium.remote.RemoteWebDriver.findElementByName(RemoteWebDriver.java:380)<br/>	at org.openqa.selenium.By$ByName.findElement(By.java:292)<br/>	at org.openqa.selenium.remote.RemoteWebDriver.findElement(RemoteWebDriver.java:299)<br/>	at UserManagement.ProfileManagement.RegisteredUserTestCasesForEditProfileDetails.ValidateAddressField.EditXidioAddressInProfileManagement.testEditXidioAddressInProfileManagement(EditXidioAddressInProfileManagement.java:29)<br/>Caused by: org.openqa.selenium.remote.ErrorHandler$UnknownServerException: Unable to locate element: {"method":"name","selector":"user[address]"}<br/>Build info: version: '2.32.0', revision: '6c40c18', time: '2013-04-09 17:22:56'<br/>System info: os.name: 'Windows XP', os.arch: 'x86', os.version: '5.1', java.version: '1.6.0'<br/>Driver info: driver.version: unknown<br/>	at <anonymous class>.FirefoxDriver.prototype.findElementInternal_(file:///C:/DOCUME~1/HARSHI~1.GOW/LOCALS~1/Temp/anonymous16424webdriver-profile/extensions/fxdriver@googlecode.com/components/driver_component.js:8405)<br/>	at <anonymous class>.fxdriver.Timer.prototype.setTimeout/<.notify(file:///C:/DOCUME~1/HARSHI~1.GOW/LOCALS~1/Temp/anonymous16424webdriver-profile/extensions/fxdriver@googlecode.com/components/driver_component.js:386)<br/></code>Unable to locate element: {"method":"name","selector":"user[address]"} Command duration or timeout: 36.87 seconds For documentation on this error, please visit: http://seleniumhq.org/exceptions/no_such_element.html Build info: version: '2.32.0', revision: '6c40c18', time: '2013-04-09 17:22:56' System info: os.name: 'Windows XP', os.arch: 'x86', os.version: '5.1', java.version: '1.6.0' Session ID: f3c18a3d-6ca2-4eff-a81e-26d06ffaeae1 Driver info: org.openqa.selenium.firefox.FirefoxDriver Capabilities [{platform=XP, acceptSslCerts=true, javascriptEnabled=true, browserName=firefox, rotatable=false, locationContextEnabled=true, version=21.0, cssSelectorsEnabled=true, databaseEnabled=true, handlesAlerts=true, browserConnectionEnabled=true, nativeEvents=true, webStorageEnabled=true, applicationCacheEnabled=true, takesScreenshot=true}]<br>
<br>
<code>org.openqa.selenium.NoSuchElementException: Unable to locate element: {"method":"name","selector":"user[address]"}<br/>Command duration or timeout: 36.87 seconds<br/>For documentation on this error, please visit: http://seleniumhq.org/exceptions/no_such_element.html<br/>Build info: version: '2.32.0', revision: '6c40c18', time: '2013-04-09 17:22:56'<br/>System info: os.name: 'Windows XP', os.arch: 'x86', os.version: '5.1', java.version: '1.6.0'<br/>Session ID: f3c18a3d-6ca2-4eff-a81e-26d06ffaeae1<br/>Driver info: org.openqa.selenium.firefox.FirefoxDriver<br/>Capabilities [{platform=XP, acceptSslCerts=true, javascriptEnabled=true, browserName=firefox, rotatable=false, locationContextEnabled=true, version=21.0, cssSelectorsEnabled=true, databaseEnabled=true, handlesAlerts=true, browserConnectionEnabled=true, nativeEvents=true, webStorageEnabled=true, applicationCacheEnabled=true, takesScreenshot=true}]<br/>	at java.lang.reflect.Constructor.newInstance(Constructor.java:513)<br/>	at org.openqa.selenium.remote.ErrorHandler.createThrowable(ErrorHandler.java:187)<br/>	at org.openqa.selenium.remote.ErrorHandler.throwIfResponseFailed(ErrorHandler.java:145)<br/>	at org.openqa.selenium.remote.RemoteWebDriver.execute(RemoteWebDriver.java:554)<br/>	at org.openqa.selenium.remote.RemoteWebDriver.findElement(RemoteWebDriver.java:307)<br/>	at org.openqa.selenium.remote.RemoteWebDriver.findElementByName(RemoteWebDriver.java:380)<br/>	at org.openqa.selenium.By$ByName.findElement(By.java:292)<br/>	at org.openqa.selenium.remote.RemoteWebDriver.findElement(RemoteWebDriver.java:299)<br/>	at UserManagement.ProfileManagement.RegisteredUserTestCasesForEditProfileDetails.ValidateAddressField.EditXidioAddressInProfileManagement.testEditXidioAddressInProfileManagement(EditXidioAddressInProfileManagement.java:29)<br/>Caused by: org.openqa.selenium.remote.ErrorHandler$UnknownServerException: Unable to locate element: {"method":"name","selector":"user[address]"}<br/>Build info: version: '2.32.0', revision: '6c40c18', time: '2013-04-09 17:22:56'<br/>System info: os.name: 'Windows XP', os.arch: 'x86', os.version: '5.1', java.version: '1.6.0'<br/>Driver info: driver.version: unknown<br/>	at <anonymous class>.FirefoxDriver.prototype.findElementInternal_(file:///C:/DOCUME~1/HARSHI~1.GOW/LOCALS~1/Temp/anonymous16428webdriver-profile/extensions/fxdriver@googlecode.com/components/driver_component.js:8405)<br/>	at <anonymous class>.fxdriver.Timer.prototype.setTimeout/<.notify(file:///C:/DOCUME~1/HARSHI~1.GOW/LOCALS~1/Temp/anonymous16428webdriver-profile/extensions/fxdriver@googlecode.com/components/driver_component.js:386)<br/></code></td><td>175.598</td>
</tr>
<tr valign="top" class="Error">
<td><a href="SuiteRunner/0_runATFRegression.html">runATFRegression</a></td><td><a name="testEditXidioLastNameInProfileManagement"></a><a href="SuiteRunner/0_runATFRegression.html#testEditXidioLastNameInProfileManagement">testEditXidioLastNameInProfileManagement</a></td><td>Error</td><td>Unable to locate element: {"method":"name","selector":"old_password"} Command duration or timeout: 30.12 seconds For documentation on this error, please visit: http://seleniumhq.org/exceptions/no_such_element.html Build info: version: '2.32.0', revision: '6c40c18', time: '2013-04-09 17:22:56' System info: os.name: 'Windows XP', os.arch: 'x86', os.version: '5.1', java.version: '1.6.0' Session ID: 2b399870-4238-4860-bb2b-6bb262305cef Driver info: org.openqa.selenium.firefox.FirefoxDriver Capabilities [{platform=XP, acceptSslCerts=true, javascriptEnabled=true, browserName=firefox, rotatable=false, locationContextEnabled=true, version=21.0, cssSelectorsEnabled=true, databaseEnabled=true, handlesAlerts=true, browserConnectionEnabled=true, nativeEvents=true, webStorageEnabled=true, applicationCacheEnabled=true, takesScreenshot=true}]<br>
<br>
<code>org.openqa.selenium.NoSuchElementException: Unable to locate element: {"method":"name","selector":"old_password"}<br/>Command duration or timeout: 30.12 seconds<br/>For documentation on this error, please visit: http://seleniumhq.org/exceptions/no_such_element.html<br/>Build info: version: '2.32.0', revision: '6c40c18', time: '2013-04-09 17:22:56'<br/>System info: os.name: 'Windows XP', os.arch: 'x86', os.version: '5.1', java.version: '1.6.0'<br/>Session ID: 2b399870-4238-4860-bb2b-6bb262305cef<br/>Driver info: org.openqa.selenium.firefox.FirefoxDriver<br/>Capabilities [{platform=XP, acceptSslCerts=true, javascriptEnabled=true, browserName=firefox, rotatable=false, locationContextEnabled=true, version=21.0, cssSelectorsEnabled=true, databaseEnabled=true, handlesAlerts=true, browserConnectionEnabled=true, nativeEvents=true, webStorageEnabled=true, applicationCacheEnabled=true, takesScreenshot=true}]<br/>	at java.lang.reflect.Constructor.newInstance(Constructor.java:513)<br/>	at org.openqa.selenium.remote.ErrorHandler.createThrowable(ErrorHandler.java:187)<br/>	at org.openqa.selenium.remote.ErrorHandler.throwIfResponseFailed(ErrorHandler.java:145)<br/>	at org.openqa.selenium.remote.RemoteWebDriver.execute(RemoteWebDriver.java:554)<br/>	at org.openqa.selenium.remote.RemoteWebDriver.findElement(RemoteWebDriver.java:307)<br/>	at org.openqa.selenium.remote.RemoteWebDriver.findElementByName(RemoteWebDriver.java:380)<br/>	at org.openqa.selenium.By$ByName.findElement(By.java:292)<br/>	at org.openqa.selenium.remote.RemoteWebDriver.findElement(RemoteWebDriver.java:299)<br/>	at Core.UserManagement.UserLoginFunctions.UserLoginFunctions.ChangePassword(UserLoginFunctions.java:24)<br/>	at UserManagement.ProfileManagement.RegisteredUserTestCasesForEditProfileDetails.ValidateLastNameField.EditXidioLastNameInProfileManagement.testEditXidioLastNameInProfileManagement(EditXidioLastNameInProfileManagement.java:27)<br/>Caused by: org.openqa.selenium.remote.ErrorHandler$UnknownServerException: Unable to locate element: {"method":"name","selector":"old_password"}<br/>Build info: version: '2.32.0', revision: '6c40c18', time: '2013-04-09 17:22:56'<br/>System info: os.name: 'Windows XP', os.arch: 'x86', os.version: '5.1', java.version: '1.6.0'<br/>Driver info: driver.version: unknown<br/>	at <anonymous class>.FirefoxDriver.prototype.findElementInternal_(file:///C:/DOCUME~1/HARSHI~1.GOW/LOCALS~1/Temp/anonymous16426webdriver-profile/extensions/fxdriver@googlecode.com/components/driver_component.js:8405)<br/>	at <anonymous class>.fxdriver.Timer.prototype.setTimeout/<.notify(file:///C:/DOCUME~1/HARSHI~1.GOW/LOCALS~1/Temp/anonymous16426webdriver-profile/extensions/fxdriver@googlecode.com/components/driver_component.js:386)<br/></code></td><td>168.756</td>
</tr>
<tr valign="top" class="Error">
<td><a href="SuiteRunner/0_runATFRegression.html">runATFRegression</a></td><td><a name="testEditXidioCityInProfileManagement"></a><a href="SuiteRunner/0_runATFRegression.html#testEditXidioCityInProfileManagement">testEditXidioCityInProfileManagement</a></td><td>Error</td><td>Unable to locate element: {"method":"name","selector":"user[city]"} Command duration or timeout: 36.92 seconds For documentation on this error, please visit: http://seleniumhq.org/exceptions/no_such_element.html Build info: version: '2.32.0', revision: '6c40c18', time: '2013-04-09 17:22:56' System info: os.name: 'Windows XP', os.arch: 'x86', os.version: '5.1', java.version: '1.6.0' Session ID: 9b8a8a8f-99d7-4cdc-8db3-54f82aa01d00 Driver info: org.openqa.selenium.firefox.FirefoxDriver Capabilities [{platform=XP, acceptSslCerts=true, javascriptEnabled=true, browserName=firefox, rotatable=false, locationContextEnabled=true, version=21.0, cssSelectorsEnabled=true, databaseEnabled=true, handlesAlerts=true, browserConnectionEnabled=true, nativeEvents=true, webStorageEnabled=true, applicationCacheEnabled=true, takesScreenshot=true}]<br>
<br>
<code>org.openqa.selenium.NoSuchElementException: Unable to locate element: {"method":"name","selector":"user[city]"}<br/>Command duration or timeout: 36.92 seconds<br/>For documentation on this error, please visit: http://seleniumhq.org/exceptions/no_such_element.html<br/>Build info: version: '2.32.0', revision: '6c40c18', time: '2013-04-09 17:22:56'<br/>System info: os.name: 'Windows XP', os.arch: 'x86', os.version: '5.1', java.version: '1.6.0'<br/>Session ID: 9b8a8a8f-99d7-4cdc-8db3-54f82aa01d00<br/>Driver info: org.openqa.selenium.firefox.FirefoxDriver<br/>Capabilities [{platform=XP, acceptSslCerts=true, javascriptEnabled=true, browserName=firefox, rotatable=false, locationContextEnabled=true, version=21.0, cssSelectorsEnabled=true, databaseEnabled=true, handlesAlerts=true, browserConnectionEnabled=true, nativeEvents=true, webStorageEnabled=true, applicationCacheEnabled=true, takesScreenshot=true}]<br/>	at java.lang.reflect.Constructor.newInstance(Constructor.java:513)<br/>	at org.openqa.selenium.remote.ErrorHandler.createThrowable(ErrorHandler.java:187)<br/>	at org.openqa.selenium.remote.ErrorHandler.throwIfResponseFailed(ErrorHandler.java:145)<br/>	at org.openqa.selenium.remote.RemoteWebDriver.execute(RemoteWebDriver.java:554)<br/>	at org.openqa.selenium.remote.RemoteWebDriver.findElement(RemoteWebDriver.java:307)<br/>	at org.openqa.selenium.remote.RemoteWebDriver.findElementByName(RemoteWebDriver.java:380)<br/>	at org.openqa.selenium.By$ByName.findElement(By.java:292)<br/>	at org.openqa.selenium.remote.RemoteWebDriver.findElement(RemoteWebDriver.java:299)<br/>	at UserManagement.ProfileManagement.RegisteredUserTestCasesForEditProfileDetails.ValidateCityField.EditXidioCityInProfileManagement.testEditXidioCityInProfileManagement(EditXidioCityInProfileManagement.java:26)<br/>Caused by: org.openqa.selenium.remote.ErrorHandler$UnknownServerException: Unable to locate element: {"method":"name","selector":"user[city]"}<br/>Build info: version: '2.32.0', revision: '6c40c18', time: '2013-04-09 17:22:56'<br/>System info: os.name: 'Windows XP', os.arch: 'x86', os.version: '5.1', java.version: '1.6.0'<br/>Driver info: driver.version: unknown<br/>	at <anonymous class>.FirefoxDriver.prototype.findElementInternal_(file:///C:/DOCUME~1/HARSHI~1.GOW/LOCALS~1/Temp/anonymous16430webdriver-profile/extensions/fxdriver@googlecode.com/components/driver_component.js:8405)<br/>	at <anonymous class>.fxdriver.Timer.prototype.setTimeout/<.notify(file:///C:/DOCUME~1/HARSHI~1.GOW/LOCALS~1/Temp/anonymous16430webdriver-profile/extensions/fxdriver@googlecode.com/components/driver_component.js:386)<br/></code></td><td>179.456</td>
</tr>
<tr valign="top" class="Error">
<td><a href="SuiteRunner/0_runATFRegression.html">runATFRegression</a></td><td><a name="testEditXidioStateInProfileManagement"></a><a href="SuiteRunner/0_runATFRegression.html#testEditXidioStateInProfileManagement">testEditXidioStateInProfileManagement</a></td><td>Error</td><td>Unable to locate element: {"method":"name","selector":"user[state]"} Command duration or timeout: 36.85 seconds For documentation on this error, please visit: http://seleniumhq.org/exceptions/no_such_element.html Build info: version: '2.32.0', revision: '6c40c18', time: '2013-04-09 17:22:56' System info: os.name: 'Windows XP', os.arch: 'x86', os.version: '5.1', java.version: '1.6.0' Session ID: e7ea1592-d577-4d9b-9c21-d75a7cce8e7d Driver info: org.openqa.selenium.firefox.FirefoxDriver Capabilities [{platform=XP, acceptSslCerts=true, javascriptEnabled=true, browserName=firefox, rotatable=false, locationContextEnabled=true, version=21.0, cssSelectorsEnabled=true, databaseEnabled=true, handlesAlerts=true, browserConnectionEnabled=true, nativeEvents=true, webStorageEnabled=true, applicationCacheEnabled=true, takesScreenshot=true}]<br>
<br>
<code>org.openqa.selenium.NoSuchElementException: Unable to locate element: {"method":"name","selector":"user[state]"}<br/>Command duration or timeout: 36.85 seconds<br/>For documentation on this error, please visit: http://seleniumhq.org/exceptions/no_such_element.html<br/>Build info: version: '2.32.0', revision: '6c40c18', time: '2013-04-09 17:22:56'<br/>System info: os.name: 'Windows XP', os.arch: 'x86', os.version: '5.1', java.version: '1.6.0'<br/>Session ID: e7ea1592-d577-4d9b-9c21-d75a7cce8e7d<br/>Driver info: org.openqa.selenium.firefox.FirefoxDriver<br/>Capabilities [{platform=XP, acceptSslCerts=true, javascriptEnabled=true, browserName=firefox, rotatable=false, locationContextEnabled=true, version=21.0, cssSelectorsEnabled=true, databaseEnabled=true, handlesAlerts=true, browserConnectionEnabled=true, nativeEvents=true, webStorageEnabled=true, applicationCacheEnabled=true, takesScreenshot=true}]<br/>	at java.lang.reflect.Constructor.newInstance(Constructor.java:513)<br/>	at org.openqa.selenium.remote.ErrorHandler.createThrowable(ErrorHandler.java:187)<br/>	at org.openqa.selenium.remote.ErrorHandler.throwIfResponseFailed(ErrorHandler.java:145)<br/>	at org.openqa.selenium.remote.RemoteWebDriver.execute(RemoteWebDriver.java:554)<br/>	at org.openqa.selenium.remote.RemoteWebDriver.findElement(RemoteWebDriver.java:307)<br/>	at org.openqa.selenium.remote.RemoteWebDriver.findElementByName(RemoteWebDriver.java:380)<br/>	at org.openqa.selenium.By$ByName.findElement(By.java:292)<br/>	at org.openqa.selenium.remote.RemoteWebDriver.findElement(RemoteWebDriver.java:299)<br/>	at UserManagement.ProfileManagement.RegisteredUserTestCasesForEditProfileDetails.ValidateStateField.EditXidioStateInProfileManagement.testEditXidioStateInProfileManagement(EditXidioStateInProfileManagement.java:29)<br/>Caused by: org.openqa.selenium.remote.ErrorHandler$UnknownServerException: Unable to locate element: {"method":"name","selector":"user[state]"}<br/>Build info: version: '2.32.0', revision: '6c40c18', time: '2013-04-09 17:22:56'<br/>System info: os.name: 'Windows XP', os.arch: 'x86', os.version: '5.1', java.version: '1.6.0'<br/>Driver info: driver.version: unknown<br/>	at <anonymous class>.FirefoxDriver.prototype.findElementInternal_(file:///C:/DOCUME~1/HARSHI~1.GOW/LOCALS~1/Temp/anonymous16432webdriver-profile/extensions/fxdriver@googlecode.com/components/driver_component.js:8405)<br/>	at <anonymous class>.fxdriver.Timer.prototype.setTimeout/<.notify(file:///C:/DOCUME~1/HARSHI~1.GOW/LOCALS~1/Temp/anonymous16432webdriver-profile/extensions/fxdriver@googlecode.com/components/driver_component.js:386)<br/></code></td><td>174.535</td>
</tr>
<tr valign="top" class="Failure">
<td><a href="SuiteRunner/0_runATFRegression.html">runATFRegression</a></td><td><a name="testEditXidioZipInProfileManagement"></a><a href="SuiteRunner/0_runATFRegression.html#testEditXidioZipInProfileManagement">testEditXidioZipInProfileManagement</a></td><td>Failure</td><td>N/A<br>
<br>
<code>junit.framework.AssertionFailedError<br/>	at UserManagement.ProfileManagement.RegisteredUserTestCasesForEditProfileDetails.ValidateZipField.EditXidioZipInProfileManagement.testEditXidioZipInProfileManagement(EditXidioZipInProfileManagement.java:27)<br/></code></td><td>137.057</td>
</tr>
<tr valign="top" class="Error">
<td><a href="SuiteRunner/0_runATFRegression.html">runATFRegression</a></td><td><a name="testEditXidioUserEmail"></a><a href="SuiteRunner/0_runATFRegression.html#testEditXidioUserEmail">testEditXidioUserEmail</a></td><td>Error</td><td>Unable to locate element: {"method":"name","selector":"old_password"} Command duration or timeout: 30.12 seconds For documentation on this error, please visit: http://seleniumhq.org/exceptions/no_such_element.html Build info: version: '2.32.0', revision: '6c40c18', time: '2013-04-09 17:22:56' System info: os.name: 'Windows XP', os.arch: 'x86', os.version: '5.1', java.version: '1.6.0' Session ID: 54d30cbc-df09-4dd8-9ec4-74e849a7c84a Driver info: org.openqa.selenium.firefox.FirefoxDriver Capabilities [{platform=XP, acceptSslCerts=true, javascriptEnabled=true, browserName=firefox, rotatable=false, locationContextEnabled=true, version=21.0, cssSelectorsEnabled=true, databaseEnabled=true, handlesAlerts=true, browserConnectionEnabled=true, nativeEvents=true, webStorageEnabled=true, applicationCacheEnabled=true, takesScreenshot=true}]<br>
<br>
<code>org.openqa.selenium.NoSuchElementException: Unable to locate element: {"method":"name","selector":"old_password"}<br/>Command duration or timeout: 30.12 seconds<br/>For documentation on this error, please visit: http://seleniumhq.org/exceptions/no_such_element.html<br/>Build info: version: '2.32.0', revision: '6c40c18', time: '2013-04-09 17:22:56'<br/>System info: os.name: 'Windows XP', os.arch: 'x86', os.version: '5.1', java.version: '1.6.0'<br/>Session ID: 54d30cbc-df09-4dd8-9ec4-74e849a7c84a<br/>Driver info: org.openqa.selenium.firefox.FirefoxDriver<br/>Capabilities [{platform=XP, acceptSslCerts=true, javascriptEnabled=true, browserName=firefox, rotatable=false, locationContextEnabled=true, version=21.0, cssSelectorsEnabled=true, databaseEnabled=true, handlesAlerts=true, browserConnectionEnabled=true, nativeEvents=true, webStorageEnabled=true, applicationCacheEnabled=true, takesScreenshot=true}]<br/>	at java.lang.reflect.Constructor.newInstance(Constructor.java:513)<br/>	at org.openqa.selenium.remote.ErrorHandler.createThrowable(ErrorHandler.java:187)<br/>	at org.openqa.selenium.remote.ErrorHandler.throwIfResponseFailed(ErrorHandler.java:145)<br/>	at org.openqa.selenium.remote.RemoteWebDriver.execute(RemoteWebDriver.java:554)<br/>	at org.openqa.selenium.remote.RemoteWebDriver.findElement(RemoteWebDriver.java:307)<br/>	at org.openqa.selenium.remote.RemoteWebDriver.findElementByName(RemoteWebDriver.java:380)<br/>	at org.openqa.selenium.By$ByName.findElement(By.java:292)<br/>	at org.openqa.selenium.remote.RemoteWebDriver.findElement(RemoteWebDriver.java:299)<br/>	at Core.UserManagement.UserLoginFunctions.UserLoginFunctions.ChangePassword(UserLoginFunctions.java:24)<br/>	at UserManagement.ProfileManagement.RegisteredUserTestCasesForEditProfileDetails.ValidateEmailField.EditXidioUserEmail.testEditXidioUserEmail(EditXidioUserEmail.java:28)<br/>Caused by: org.openqa.selenium.remote.ErrorHandler$UnknownServerException: Unable to locate element: {"method":"name","selector":"old_password"}<br/>Build info: version: '2.32.0', revision: '6c40c18', time: '2013-04-09 17:22:56'<br/>System info: os.name: 'Windows XP', os.arch: 'x86', os.version: '5.1', java.version: '1.6.0'<br/>Driver info: driver.version: unknown<br/>	at <anonymous class>.FirefoxDriver.prototype.findElementInternal_(file:///C:/DOCUME~1/HARSHI~1.GOW/LOCALS~1/Temp/anonymous16436webdriver-profile/extensions/fxdriver@googlecode.com/components/driver_component.js:8405)<br/>	at <anonymous class>.fxdriver.Timer.prototype.setTimeout/<.notify(file:///C:/DOCUME~1/HARSHI~1.GOW/LOCALS~1/Temp/anonymous16436webdriver-profile/extensions/fxdriver@googlecode.com/components/driver_component.js:386)<br/></code></td><td>166.599</td>
</tr>
<tr valign="top" class="Error">
<td><a href="SuiteRunner/0_runATFRegression.html">runATFRegression</a></td><td><a name="testEditXidioUserEmail"></a><a href="SuiteRunner/0_runATFRegression.html#testEditXidioUserEmail">testEditXidioUserEmail</a></td><td>Error</td><td>Unable to locate element: {"method":"name","selector":"old_password"} Command duration or timeout: 30.11 seconds For documentation on this error, please visit: http://seleniumhq.org/exceptions/no_such_element.html Build info: version: '2.32.0', revision: '6c40c18', time: '2013-04-09 17:22:56' System info: os.name: 'Windows XP', os.arch: 'x86', os.version: '5.1', java.version: '1.6.0' Session ID: 3695180f-fca1-4494-9bf9-075825e986d1 Driver info: org.openqa.selenium.firefox.FirefoxDriver Capabilities [{platform=XP, acceptSslCerts=true, javascriptEnabled=true, browserName=firefox, rotatable=false, locationContextEnabled=true, version=21.0, cssSelectorsEnabled=true, databaseEnabled=true, handlesAlerts=true, browserConnectionEnabled=true, nativeEvents=true, webStorageEnabled=true, applicationCacheEnabled=true, takesScreenshot=true}]<br>
<br>
<code>org.openqa.selenium.NoSuchElementException: Unable to locate element: {"method":"name","selector":"old_password"}<br/>Command duration or timeout: 30.11 seconds<br/>For documentation on this error, please visit: http://seleniumhq.org/exceptions/no_such_element.html<br/>Build info: version: '2.32.0', revision: '6c40c18', time: '2013-04-09 17:22:56'<br/>System info: os.name: 'Windows XP', os.arch: 'x86', os.version: '5.1', java.version: '1.6.0'<br/>Session ID: 3695180f-fca1-4494-9bf9-075825e986d1<br/>Driver info: org.openqa.selenium.firefox.FirefoxDriver<br/>Capabilities [{platform=XP, acceptSslCerts=true, javascriptEnabled=true, browserName=firefox, rotatable=false, locationContextEnabled=true, version=21.0, cssSelectorsEnabled=true, databaseEnabled=true, handlesAlerts=true, browserConnectionEnabled=true, nativeEvents=true, webStorageEnabled=true, applicationCacheEnabled=true, takesScreenshot=true}]<br/>	at java.lang.reflect.Constructor.newInstance(Constructor.java:513)<br/>	at org.openqa.selenium.remote.ErrorHandler.createThrowable(ErrorHandler.java:187)<br/>	at org.openqa.selenium.remote.ErrorHandler.throwIfResponseFailed(ErrorHandler.java:145)<br/>	at org.openqa.selenium.remote.RemoteWebDriver.execute(RemoteWebDriver.java:554)<br/>	at org.openqa.selenium.remote.RemoteWebDriver.findElement(RemoteWebDriver.java:307)<br/>	at org.openqa.selenium.remote.RemoteWebDriver.findElementByName(RemoteWebDriver.java:380)<br/>	at org.openqa.selenium.By$ByName.findElement(By.java:292)<br/>	at org.openqa.selenium.remote.RemoteWebDriver.findElement(RemoteWebDriver.java:299)<br/>	at Core.UserManagement.UserLoginFunctions.UserLoginFunctions.ChangePassword(UserLoginFunctions.java:24)<br/>	at UserManagement.ProfileManagement.RegisteredUserTestCasesForEditProfileDetails.ValidateMobileNumberField.ExitXidioUserMobileNumber.testEditXidioUserEmail(ExitXidioUserMobileNumber.java:25)<br/>Caused by: org.openqa.selenium.remote.ErrorHandler$UnknownServerException: Unable to locate element: {"method":"name","selector":"old_password"}<br/>Build info: version: '2.32.0', revision: '6c40c18', time: '2013-04-09 17:22:56'<br/>System info: os.name: 'Windows XP', os.arch: 'x86', os.version: '5.1', java.version: '1.6.0'<br/>Driver info: driver.version: unknown<br/>	at <anonymous class>.FirefoxDriver.prototype.findElementInternal_(file:///C:/DOCUME~1/HARSHI~1.GOW/LOCALS~1/Temp/anonymous16438webdriver-profile/extensions/fxdriver@googlecode.com/components/driver_component.js:8405)<br/>	at <anonymous class>.fxdriver.Timer.prototype.setTimeout/<.notify(file:///C:/DOCUME~1/HARSHI~1.GOW/LOCALS~1/Temp/anonymous16438webdriver-profile/extensions/fxdriver@googlecode.com/components/driver_component.js:386)<br/></code></td><td>159.647</td>
</tr>
<tr valign="top" class="Error">
<td><a href="SuiteRunner/0_runATFRegression.html">runATFRegression</a></td><td><a name="testValidateUserNameFieldByDeletingValueInPM"></a><a href="SuiteRunner/0_runATFRegression.html#testValidateUserNameFieldByDeletingValueInPM">testValidateUserNameFieldByDeletingValueInPM</a></td><td>Error</td><td>Unable to locate element: {"method":"name","selector":"old_password"} Command duration or timeout: 30.04 seconds For documentation on this error, please visit: http://seleniumhq.org/exceptions/no_such_element.html Build info: version: '2.32.0', revision: '6c40c18', time: '2013-04-09 17:22:56' System info: os.name: 'Windows XP', os.arch: 'x86', os.version: '5.1', java.version: '1.6.0' Session ID: ebd5a1c0-cc4e-4df8-a3dc-de1dcde294a1 Driver info: org.openqa.selenium.firefox.FirefoxDriver Capabilities [{platform=XP, acceptSslCerts=true, javascriptEnabled=true, browserName=firefox, rotatable=false, locationContextEnabled=true, version=21.0, cssSelectorsEnabled=true, databaseEnabled=true, handlesAlerts=true, browserConnectionEnabled=true, nativeEvents=true, webStorageEnabled=true, applicationCacheEnabled=true, takesScreenshot=true}]<br>
<br>
<code>org.openqa.selenium.NoSuchElementException: Unable to locate element: {"method":"name","selector":"old_password"}<br/>Command duration or timeout: 30.04 seconds<br/>For documentation on this error, please visit: http://seleniumhq.org/exceptions/no_such_element.html<br/>Build info: version: '2.32.0', revision: '6c40c18', time: '2013-04-09 17:22:56'<br/>System info: os.name: 'Windows XP', os.arch: 'x86', os.version: '5.1', java.version: '1.6.0'<br/>Session ID: ebd5a1c0-cc4e-4df8-a3dc-de1dcde294a1<br/>Driver info: org.openqa.selenium.firefox.FirefoxDriver<br/>Capabilities [{platform=XP, acceptSslCerts=true, javascriptEnabled=true, browserName=firefox, rotatable=false, locationContextEnabled=true, version=21.0, cssSelectorsEnabled=true, databaseEnabled=true, handlesAlerts=true, browserConnectionEnabled=true, nativeEvents=true, webStorageEnabled=true, applicationCacheEnabled=true, takesScreenshot=true}]<br/>	at java.lang.reflect.Constructor.newInstance(Constructor.java:513)<br/>	at org.openqa.selenium.remote.ErrorHandler.createThrowable(ErrorHandler.java:187)<br/>	at org.openqa.selenium.remote.ErrorHandler.throwIfResponseFailed(ErrorHandler.java:145)<br/>	at org.openqa.selenium.remote.RemoteWebDriver.execute(RemoteWebDriver.java:554)<br/>	at org.openqa.selenium.remote.RemoteWebDriver.findElement(RemoteWebDriver.java:307)<br/>	at org.openqa.selenium.remote.RemoteWebDriver.findElementByName(RemoteWebDriver.java:380)<br/>	at org.openqa.selenium.By$ByName.findElement(By.java:292)<br/>	at org.openqa.selenium.remote.RemoteWebDriver.findElement(RemoteWebDriver.java:299)<br/>	at Core.UserManagement.UserLoginFunctions.UserLoginFunctions.ChangePassword(UserLoginFunctions.java:24)<br/>	at UserManagement.ProfileManagement.RegisteredUserTestCasesForEditProfileDetails.ValidateFirstNameField.ValidateFirstNameFieldByDeletingValue.testValidateUserNameFieldByDeletingValueInPM(ValidateFirstNameFieldByDeletingValue.java:27)<br/>Caused by: org.openqa.selenium.remote.ErrorHandler$UnknownServerException: Unable to locate element: {"method":"name","selector":"old_password"}<br/>Build info: version: '2.32.0', revision: '6c40c18', time: '2013-04-09 17:22:56'<br/>System info: os.name: 'Windows XP', os.arch: 'x86', os.version: '5.1', java.version: '1.6.0'<br/>Driver info: driver.version: unknown<br/>	at <anonymous class>.FirefoxDriver.prototype.findElementInternal_(file:///C:/DOCUME~1/HARSHI~1.GOW/LOCALS~1/Temp/anonymous16440webdriver-profile/extensions/fxdriver@googlecode.com/components/driver_component.js:8405)<br/>	at <anonymous class>.fxdriver.Timer.prototype.setTimeout/<.notify(file:///C:/DOCUME~1/HARSHI~1.GOW/LOCALS~1/Temp/anonymous16440webdriver-profile/extensions/fxdriver@googlecode.com/components/driver_component.js:386)<br/></code></td><td>160.179</td>
</tr>
<tr valign="top" class="Error">
<td><a href="SuiteRunner/0_runATFRegression.html">runATFRegression</a></td><td><a name="testValidateUserNameFieldByDeletingValueInPM"></a><a href="SuiteRunner/0_runATFRegression.html#testValidateUserNameFieldByDeletingValueInPM">testValidateUserNameFieldByDeletingValueInPM</a></td><td>Error</td><td>Unable to locate element: {"method":"name","selector":"old_password"} Command duration or timeout: 30.04 seconds For documentation on this error, please visit: http://seleniumhq.org/exceptions/no_such_element.html Build info: version: '2.32.0', revision: '6c40c18', time: '2013-04-09 17:22:56' System info: os.name: 'Windows XP', os.arch: 'x86', os.version: '5.1', java.version: '1.6.0' Session ID: c7360c38-47c0-454c-a22f-2c49408c28ac Driver info: org.openqa.selenium.firefox.FirefoxDriver Capabilities [{platform=XP, acceptSslCerts=true, javascriptEnabled=true, browserName=firefox, rotatable=false, locationContextEnabled=true, version=21.0, cssSelectorsEnabled=true, databaseEnabled=true, handlesAlerts=true, browserConnectionEnabled=true, nativeEvents=true, webStorageEnabled=true, applicationCacheEnabled=true, takesScreenshot=true}]<br>
<br>
<code>org.openqa.selenium.NoSuchElementException: Unable to locate element: {"method":"name","selector":"old_password"}<br/>Command duration or timeout: 30.04 seconds<br/>For documentation on this error, please visit: http://seleniumhq.org/exceptions/no_such_element.html<br/>Build info: version: '2.32.0', revision: '6c40c18', time: '2013-04-09 17:22:56'<br/>System info: os.name: 'Windows XP', os.arch: 'x86', os.version: '5.1', java.version: '1.6.0'<br/>Session ID: c7360c38-47c0-454c-a22f-2c49408c28ac<br/>Driver info: org.openqa.selenium.firefox.FirefoxDriver<br/>Capabilities [{platform=XP, acceptSslCerts=true, javascriptEnabled=true, browserName=firefox, rotatable=false, locationContextEnabled=true, version=21.0, cssSelectorsEnabled=true, databaseEnabled=true, handlesAlerts=true, browserConnectionEnabled=true, nativeEvents=true, webStorageEnabled=true, applicationCacheEnabled=true, takesScreenshot=true}]<br/>	at java.lang.reflect.Constructor.newInstance(Constructor.java:513)<br/>	at org.openqa.selenium.remote.ErrorHandler.createThrowable(ErrorHandler.java:187)<br/>	at org.openqa.selenium.remote.ErrorHandler.throwIfResponseFailed(ErrorHandler.java:145)<br/>	at org.openqa.selenium.remote.RemoteWebDriver.execute(RemoteWebDriver.java:554)<br/>	at org.openqa.selenium.remote.RemoteWebDriver.findElement(RemoteWebDriver.java:307)<br/>	at org.openqa.selenium.remote.RemoteWebDriver.findElementByName(RemoteWebDriver.java:380)<br/>	at org.openqa.selenium.By$ByName.findElement(By.java:292)<br/>	at org.openqa.selenium.remote.RemoteWebDriver.findElement(RemoteWebDriver.java:299)<br/>	at Core.UserManagement.UserLoginFunctions.UserLoginFunctions.ChangePassword(UserLoginFunctions.java:24)<br/>	at UserManagement.ProfileManagement.RegisteredUserTestCasesForEditProfileDetails.ValidateLastNameField.ValidateLastNameFieldByDeletingValue.testValidateUserNameFieldByDeletingValueInPM(ValidateLastNameFieldByDeletingValue.java:24)<br/>Caused by: org.openqa.selenium.remote.ErrorHandler$UnknownServerException: Unable to locate element: {"method":"name","selector":"old_password"}<br/>Build info: version: '2.32.0', revision: '6c40c18', time: '2013-04-09 17:22:56'<br/>System info: os.name: 'Windows XP', os.arch: 'x86', os.version: '5.1', java.version: '1.6.0'<br/>Driver info: driver.version: unknown<br/>	at <anonymous class>.FirefoxDriver.prototype.findElementInternal_(file:///C:/DOCUME~1/HARSHI~1.GOW/LOCALS~1/Temp/anonymous16442webdriver-profile/extensions/fxdriver@googlecode.com/components/driver_component.js:8405)<br/>	at <anonymous class>.fxdriver.Timer.prototype.setTimeout/<.notify(file:///C:/DOCUME~1/HARSHI~1.GOW/LOCALS~1/Temp/anonymous16442webdriver-profile/extensions/fxdriver@googlecode.com/components/driver_component.js:386)<br/></code></td><td>159.585</td>
</tr>
<tr valign="top" class="Error">
<td><a href="SuiteRunner/0_runATFRegression.html">runATFRegression</a></td><td><a name="testValidateUserNameFieldByDeletingValueInPM"></a><a href="SuiteRunner/0_runATFRegression.html#testValidateUserNameFieldByDeletingValueInPM">testValidateUserNameFieldByDeletingValueInPM</a></td><td>Error</td><td>Unable to locate element: {"method":"name","selector":"old_password"} Command duration or timeout: 30.07 seconds For documentation on this error, please visit: http://seleniumhq.org/exceptions/no_such_element.html Build info: version: '2.32.0', revision: '6c40c18', time: '2013-04-09 17:22:56' System info: os.name: 'Windows XP', os.arch: 'x86', os.version: '5.1', java.version: '1.6.0' Session ID: 66939c91-1cf6-4539-a158-3946456813fc Driver info: org.openqa.selenium.firefox.FirefoxDriver Capabilities [{platform=XP, acceptSslCerts=true, javascriptEnabled=true, browserName=firefox, rotatable=false, locationContextEnabled=true, version=21.0, cssSelectorsEnabled=true, databaseEnabled=true, handlesAlerts=true, browserConnectionEnabled=true, nativeEvents=true, webStorageEnabled=true, applicationCacheEnabled=true, takesScreenshot=true}]<br>
<br>
<code>org.openqa.selenium.NoSuchElementException: Unable to locate element: {"method":"name","selector":"old_password"}<br/>Command duration or timeout: 30.07 seconds<br/>For documentation on this error, please visit: http://seleniumhq.org/exceptions/no_such_element.html<br/>Build info: version: '2.32.0', revision: '6c40c18', time: '2013-04-09 17:22:56'<br/>System info: os.name: 'Windows XP', os.arch: 'x86', os.version: '5.1', java.version: '1.6.0'<br/>Session ID: 66939c91-1cf6-4539-a158-3946456813fc<br/>Driver info: org.openqa.selenium.firefox.FirefoxDriver<br/>Capabilities [{platform=XP, acceptSslCerts=true, javascriptEnabled=true, browserName=firefox, rotatable=false, locationContextEnabled=true, version=21.0, cssSelectorsEnabled=true, databaseEnabled=true, handlesAlerts=true, browserConnectionEnabled=true, nativeEvents=true, webStorageEnabled=true, applicationCacheEnabled=true, takesScreenshot=true}]<br/>	at java.lang.reflect.Constructor.newInstance(Constructor.java:513)<br/>	at org.openqa.selenium.remote.ErrorHandler.createThrowable(ErrorHandler.java:187)<br/>	at org.openqa.selenium.remote.ErrorHandler.throwIfResponseFailed(ErrorHandler.java:145)<br/>	at org.openqa.selenium.remote.RemoteWebDriver.execute(RemoteWebDriver.java:554)<br/>	at org.openqa.selenium.remote.RemoteWebDriver.findElement(RemoteWebDriver.java:307)<br/>	at org.openqa.selenium.remote.RemoteWebDriver.findElementByName(RemoteWebDriver.java:380)<br/>	at org.openqa.selenium.By$ByName.findElement(By.java:292)<br/>	at org.openqa.selenium.remote.RemoteWebDriver.findElement(RemoteWebDriver.java:299)<br/>	at Core.UserManagement.UserLoginFunctions.UserLoginFunctions.ChangePassword(UserLoginFunctions.java:24)<br/>	at UserManagement.ProfileManagement.RegisteredUserTestCasesForEditProfileDetails.ValidateAddressField.ValidateAddressFieldByDeletingValue.testValidateUserNameFieldByDeletingValueInPM(ValidateAddressFieldByDeletingValue.java:24)<br/>Caused by: org.openqa.selenium.remote.ErrorHandler$UnknownServerException: Unable to locate element: {"method":"name","selector":"old_password"}<br/>Build info: version: '2.32.0', revision: '6c40c18', time: '2013-04-09 17:22:56'<br/>System info: os.name: 'Windows XP', os.arch: 'x86', os.version: '5.1', java.version: '1.6.0'<br/>Driver info: driver.version: unknown<br/>	at <anonymous class>.FirefoxDriver.prototype.findElementInternal_(file:///C:/DOCUME~1/HARSHI~1.GOW/LOCALS~1/Temp/anonymous16444webdriver-profile/extensions/fxdriver@googlecode.com/components/driver_component.js:8405)<br/>	at <anonymous class>.fxdriver.Timer.prototype.setTimeout/<.notify(file:///C:/DOCUME~1/HARSHI~1.GOW/LOCALS~1/Temp/anonymous16444webdriver-profile/extensions/fxdriver@googlecode.com/components/driver_component.js:386)<br/></code></td><td>159.429</td>
</tr>
<tr valign="top" class="Error">
<td><a href="SuiteRunner/0_runATFRegression.html">runATFRegression</a></td><td><a name="testValidateUserNameFieldByDeletingValueInPM"></a><a href="SuiteRunner/0_runATFRegression.html#testValidateUserNameFieldByDeletingValueInPM">testValidateUserNameFieldByDeletingValueInPM</a></td><td>Error</td><td>Unable to locate element: {"method":"name","selector":"old_password"} Command duration or timeout: 30.06 seconds For documentation on this error, please visit: http://seleniumhq.org/exceptions/no_such_element.html Build info: version: '2.32.0', revision: '6c40c18', time: '2013-04-09 17:22:56' System info: os.name: 'Windows XP', os.arch: 'x86', os.version: '5.1', java.version: '1.6.0' Session ID: 91848b33-1156-41c3-8b9c-e1d4faf6a623 Driver info: org.openqa.selenium.firefox.FirefoxDriver Capabilities [{platform=XP, acceptSslCerts=true, javascriptEnabled=true, browserName=firefox, rotatable=false, locationContextEnabled=true, version=21.0, cssSelectorsEnabled=true, databaseEnabled=true, handlesAlerts=true, browserConnectionEnabled=true, nativeEvents=true, webStorageEnabled=true, applicationCacheEnabled=true, takesScreenshot=true}]<br>
<br>
<code>org.openqa.selenium.NoSuchElementException: Unable to locate element: {"method":"name","selector":"old_password"}<br/>Command duration or timeout: 30.06 seconds<br/>For documentation on this error, please visit: http://seleniumhq.org/exceptions/no_such_element.html<br/>Build info: version: '2.32.0', revision: '6c40c18', time: '2013-04-09 17:22:56'<br/>System info: os.name: 'Windows XP', os.arch: 'x86', os.version: '5.1', java.version: '1.6.0'<br/>Session ID: 91848b33-1156-41c3-8b9c-e1d4faf6a623<br/>Driver info: org.openqa.selenium.firefox.FirefoxDriver<br/>Capabilities [{platform=XP, acceptSslCerts=true, javascriptEnabled=true, browserName=firefox, rotatable=false, locationContextEnabled=true, version=21.0, cssSelectorsEnabled=true, databaseEnabled=true, handlesAlerts=true, browserConnectionEnabled=true, nativeEvents=true, webStorageEnabled=true, applicationCacheEnabled=true, takesScreenshot=true}]<br/>	at java.lang.reflect.Constructor.newInstance(Constructor.java:513)<br/>	at org.openqa.selenium.remote.ErrorHandler.createThrowable(ErrorHandler.java:187)<br/>	at org.openqa.selenium.remote.ErrorHandler.throwIfResponseFailed(ErrorHandler.java:145)<br/>	at org.openqa.selenium.remote.RemoteWebDriver.execute(RemoteWebDriver.java:554)<br/>	at org.openqa.selenium.remote.RemoteWebDriver.findElement(RemoteWebDriver.java:307)<br/>	at org.openqa.selenium.remote.RemoteWebDriver.findElementByName(RemoteWebDriver.java:380)<br/>	at org.openqa.selenium.By$ByName.findElement(By.java:292)<br/>	at org.openqa.selenium.remote.RemoteWebDriver.findElement(RemoteWebDriver.java:299)<br/>	at Core.UserManagement.UserLoginFunctions.UserLoginFunctions.ChangePassword(UserLoginFunctions.java:24)<br/>	at UserManagement.ProfileManagement.RegisteredUserTestCasesForEditProfileDetails.ValidateCityField.ValidateCityFieldByDeletingValue.testValidateUserNameFieldByDeletingValueInPM(ValidateCityFieldByDeletingValue.java:24)<br/>Caused by: org.openqa.selenium.remote.ErrorHandler$UnknownServerException: Unable to locate element: {"method":"name","selector":"old_password"}<br/>Build info: version: '2.32.0', revision: '6c40c18', time: '2013-04-09 17:22:56'<br/>System info: os.name: 'Windows XP', os.arch: 'x86', os.version: '5.1', java.version: '1.6.0'<br/>Driver info: driver.version: unknown<br/>	at <anonymous class>.FirefoxDriver.prototype.findElementInternal_(file:///C:/DOCUME~1/HARSHI~1.GOW/LOCALS~1/Temp/anonymous16446webdriver-profile/extensions/fxdriver@googlecode.com/components/driver_component.js:8405)<br/>	at <anonymous class>.fxdriver.Timer.prototype.setTimeout/<.notify(file:///C:/DOCUME~1/HARSHI~1.GOW/LOCALS~1/Temp/anonymous16446webdriver-profile/extensions/fxdriver@googlecode.com/components/driver_component.js:386)<br/></code></td><td>185.284</td>
</tr>
<tr valign="top" class="Error">
<td><a href="SuiteRunner/0_runATFRegression.html">runATFRegression</a></td><td><a name="testValidateUserNameFieldByDeletingValueInPM"></a><a href="SuiteRunner/0_runATFRegression.html#testValidateUserNameFieldByDeletingValueInPM">testValidateUserNameFieldByDeletingValueInPM</a></td><td>Error</td><td>Unable to locate element: {"method":"name","selector":"old_password"} Command duration or timeout: 30.09 seconds For documentation on this error, please visit: http://seleniumhq.org/exceptions/no_such_element.html Build info: version: '2.32.0', revision: '6c40c18', time: '2013-04-09 17:22:56' System info: os.name: 'Windows XP', os.arch: 'x86', os.version: '5.1', java.version: '1.6.0' Session ID: 9dc3c824-bae0-485c-8c1a-a8d0711ced95 Driver info: org.openqa.selenium.firefox.FirefoxDriver Capabilities [{platform=XP, acceptSslCerts=true, javascriptEnabled=true, browserName=firefox, rotatable=false, locationContextEnabled=true, version=21.0, cssSelectorsEnabled=true, databaseEnabled=true, handlesAlerts=true, browserConnectionEnabled=true, nativeEvents=true, webStorageEnabled=true, applicationCacheEnabled=true, takesScreenshot=true}]<br>
<br>
<code>org.openqa.selenium.NoSuchElementException: Unable to locate element: {"method":"name","selector":"old_password"}<br/>Command duration or timeout: 30.09 seconds<br/>For documentation on this error, please visit: http://seleniumhq.org/exceptions/no_such_element.html<br/>Build info: version: '2.32.0', revision: '6c40c18', time: '2013-04-09 17:22:56'<br/>System info: os.name: 'Windows XP', os.arch: 'x86', os.version: '5.1', java.version: '1.6.0'<br/>Session ID: 9dc3c824-bae0-485c-8c1a-a8d0711ced95<br/>Driver info: org.openqa.selenium.firefox.FirefoxDriver<br/>Capabilities [{platform=XP, acceptSslCerts=true, javascriptEnabled=true, browserName=firefox, rotatable=false, locationContextEnabled=true, version=21.0, cssSelectorsEnabled=true, databaseEnabled=true, handlesAlerts=true, browserConnectionEnabled=true, nativeEvents=true, webStorageEnabled=true, applicationCacheEnabled=true, takesScreenshot=true}]<br/>	at java.lang.reflect.Constructor.newInstance(Constructor.java:513)<br/>	at org.openqa.selenium.remote.ErrorHandler.createThrowable(ErrorHandler.java:187)<br/>	at org.openqa.selenium.remote.ErrorHandler.throwIfResponseFailed(ErrorHandler.java:145)<br/>	at org.openqa.selenium.remote.RemoteWebDriver.execute(RemoteWebDriver.java:554)<br/>	at org.openqa.selenium.remote.RemoteWebDriver.findElement(RemoteWebDriver.java:307)<br/>	at org.openqa.selenium.remote.RemoteWebDriver.findElementByName(RemoteWebDriver.java:380)<br/>	at org.openqa.selenium.By$ByName.findElement(By.java:292)<br/>	at org.openqa.selenium.remote.RemoteWebDriver.findElement(RemoteWebDriver.java:299)<br/>	at Core.UserManagement.UserLoginFunctions.UserLoginFunctions.ChangePassword(UserLoginFunctions.java:24)<br/>	at UserManagement.ProfileManagement.RegisteredUserTestCasesForEditProfileDetails.ValidateZipField.ValidateZipFieldByDeletingValue.testValidateUserNameFieldByDeletingValueInPM(ValidateZipFieldByDeletingValue.java:24)<br/>Caused by: org.openqa.selenium.remote.ErrorHandler$UnknownServerException: Unable to locate element: {"method":"name","selector":"old_password"}<br/>Build info: version: '2.32.0', revision: '6c40c18', time: '2013-04-09 17:22:56'<br/>System info: os.name: 'Windows XP', os.arch: 'x86', os.version: '5.1', java.version: '1.6.0'<br/>Driver info: driver.version: unknown<br/>	at <anonymous class>.FirefoxDriver.prototype.findElementInternal_(file:///C:/DOCUME~1/HARSHI~1.GOW/LOCALS~1/Temp/anonymous16448webdriver-profile/extensions/fxdriver@googlecode.com/components/driver_component.js:8405)<br/>	at <anonymous class>.fxdriver.Timer.prototype.setTimeout/<.notify(file:///C:/DOCUME~1/HARSHI~1.GOW/LOCALS~1/Temp/anonymous16448webdriver-profile/extensions/fxdriver@googlecode.com/components/driver_component.js:386)<br/></code></td><td>159.491</td>
</tr>
<tr valign="top" class="Error">
<td><a href="SuiteRunner/0_runATFRegression.html">runATFRegression</a></td><td><a name="testValidateUserNameFieldByDeletingValueInPM"></a><a href="SuiteRunner/0_runATFRegression.html#testValidateUserNameFieldByDeletingValueInPM">testValidateUserNameFieldByDeletingValueInPM</a></td><td>Error</td><td>Unable to locate element: {"method":"name","selector":"old_password"} Command duration or timeout: 30.12 seconds For documentation on this error, please visit: http://seleniumhq.org/exceptions/no_such_element.html Build info: version: '2.32.0', revision: '6c40c18', time: '2013-04-09 17:22:56' System info: os.name: 'Windows XP', os.arch: 'x86', os.version: '5.1', java.version: '1.6.0' Session ID: c2e137a6-e31a-439f-85e5-472fb580a71e Driver info: org.openqa.selenium.firefox.FirefoxDriver Capabilities [{platform=XP, acceptSslCerts=true, javascriptEnabled=true, browserName=firefox, rotatable=false, locationContextEnabled=true, version=21.0, cssSelectorsEnabled=true, databaseEnabled=true, handlesAlerts=true, browserConnectionEnabled=true, nativeEvents=true, webStorageEnabled=true, applicationCacheEnabled=true, takesScreenshot=true}]<br>
<br>
<code>org.openqa.selenium.NoSuchElementException: Unable to locate element: {"method":"name","selector":"old_password"}<br/>Command duration or timeout: 30.12 seconds<br/>For documentation on this error, please visit: http://seleniumhq.org/exceptions/no_such_element.html<br/>Build info: version: '2.32.0', revision: '6c40c18', time: '2013-04-09 17:22:56'<br/>System info: os.name: 'Windows XP', os.arch: 'x86', os.version: '5.1', java.version: '1.6.0'<br/>Session ID: c2e137a6-e31a-439f-85e5-472fb580a71e<br/>Driver info: org.openqa.selenium.firefox.FirefoxDriver<br/>Capabilities [{platform=XP, acceptSslCerts=true, javascriptEnabled=true, browserName=firefox, rotatable=false, locationContextEnabled=true, version=21.0, cssSelectorsEnabled=true, databaseEnabled=true, handlesAlerts=true, browserConnectionEnabled=true, nativeEvents=true, webStorageEnabled=true, applicationCacheEnabled=true, takesScreenshot=true}]<br/>	at java.lang.reflect.Constructor.newInstance(Constructor.java:513)<br/>	at org.openqa.selenium.remote.ErrorHandler.createThrowable(ErrorHandler.java:187)<br/>	at org.openqa.selenium.remote.ErrorHandler.throwIfResponseFailed(ErrorHandler.java:145)<br/>	at org.openqa.selenium.remote.RemoteWebDriver.execute(RemoteWebDriver.java:554)<br/>	at org.openqa.selenium.remote.RemoteWebDriver.findElement(RemoteWebDriver.java:307)<br/>	at org.openqa.selenium.remote.RemoteWebDriver.findElementByName(RemoteWebDriver.java:380)<br/>	at org.openqa.selenium.By$ByName.findElement(By.java:292)<br/>	at org.openqa.selenium.remote.RemoteWebDriver.findElement(RemoteWebDriver.java:299)<br/>	at Core.UserManagement.UserLoginFunctions.UserLoginFunctions.ChangePassword(UserLoginFunctions.java:24)<br/>	at UserManagement.ProfileManagement.RegisteredUserTestCasesForEditProfileDetails.ValidateZipField.ValidateZipFieldByEnteringCharactersValue.testValidateUserNameFieldByDeletingValueInPM(ValidateZipFieldByEnteringCharactersValue.java:24)<br/>Caused by: org.openqa.selenium.remote.ErrorHandler$UnknownServerException: Unable to locate element: {"method":"name","selector":"old_password"}<br/>Build info: version: '2.32.0', revision: '6c40c18', time: '2013-04-09 17:22:56'<br/>System info: os.name: 'Windows XP', os.arch: 'x86', os.version: '5.1', java.version: '1.6.0'<br/>Driver info: driver.version: unknown<br/>	at <anonymous class>.FirefoxDriver.prototype.findElementInternal_(file:///C:/DOCUME~1/HARSHI~1.GOW/LOCALS~1/Temp/anonymous16450webdriver-profile/extensions/fxdriver@googlecode.com/components/driver_component.js:8405)<br/>	at <anonymous class>.fxdriver.Timer.prototype.setTimeout/<.notify(file:///C:/DOCUME~1/HARSHI~1.GOW/LOCALS~1/Temp/anonymous16450webdriver-profile/extensions/fxdriver@googlecode.com/components/driver_component.js:386)<br/></code></td><td>159.132</td>
</tr>
<tr valign="top" class="Error">
<td><a href="SuiteRunner/0_runATFRegression.html">runATFRegression</a></td><td><a name="testValidateUserNameFieldByDeletingValueInPM"></a><a href="SuiteRunner/0_runATFRegression.html#testValidateUserNameFieldByDeletingValueInPM">testValidateUserNameFieldByDeletingValueInPM</a></td><td>Error</td><td>Unable to locate element: {"method":"name","selector":"old_password"} Command duration or timeout: 30.07 seconds For documentation on this error, please visit: http://seleniumhq.org/exceptions/no_such_element.html Build info: version: '2.32.0', revision: '6c40c18', time: '2013-04-09 17:22:56' System info: os.name: 'Windows XP', os.arch: 'x86', os.version: '5.1', java.version: '1.6.0' Session ID: f18d7ea1-8ec7-4896-a9aa-7bb6b13262d1 Driver info: org.openqa.selenium.firefox.FirefoxDriver Capabilities [{platform=XP, acceptSslCerts=true, javascriptEnabled=true, browserName=firefox, rotatable=false, locationContextEnabled=true, version=21.0, cssSelectorsEnabled=true, databaseEnabled=true, handlesAlerts=true, browserConnectionEnabled=true, nativeEvents=true, webStorageEnabled=true, applicationCacheEnabled=true, takesScreenshot=true}]<br>
<br>
<code>org.openqa.selenium.NoSuchElementException: Unable to locate element: {"method":"name","selector":"old_password"}<br/>Command duration or timeout: 30.07 seconds<br/>For documentation on this error, please visit: http://seleniumhq.org/exceptions/no_such_element.html<br/>Build info: version: '2.32.0', revision: '6c40c18', time: '2013-04-09 17:22:56'<br/>System info: os.name: 'Windows XP', os.arch: 'x86', os.version: '5.1', java.version: '1.6.0'<br/>Session ID: f18d7ea1-8ec7-4896-a9aa-7bb6b13262d1<br/>Driver info: org.openqa.selenium.firefox.FirefoxDriver<br/>Capabilities [{platform=XP, acceptSslCerts=true, javascriptEnabled=true, browserName=firefox, rotatable=false, locationContextEnabled=true, version=21.0, cssSelectorsEnabled=true, databaseEnabled=true, handlesAlerts=true, browserConnectionEnabled=true, nativeEvents=true, webStorageEnabled=true, applicationCacheEnabled=true, takesScreenshot=true}]<br/>	at java.lang.reflect.Constructor.newInstance(Constructor.java:513)<br/>	at org.openqa.selenium.remote.ErrorHandler.createThrowable(ErrorHandler.java:187)<br/>	at org.openqa.selenium.remote.ErrorHandler.throwIfResponseFailed(ErrorHandler.java:145)<br/>	at org.openqa.selenium.remote.RemoteWebDriver.execute(RemoteWebDriver.java:554)<br/>	at org.openqa.selenium.remote.RemoteWebDriver.findElement(RemoteWebDriver.java:307)<br/>	at org.openqa.selenium.remote.RemoteWebDriver.findElementByName(RemoteWebDriver.java:380)<br/>	at org.openqa.selenium.By$ByName.findElement(By.java:292)<br/>	at org.openqa.selenium.remote.RemoteWebDriver.findElement(RemoteWebDriver.java:299)<br/>	at Core.UserManagement.UserLoginFunctions.UserLoginFunctions.ChangePassword(UserLoginFunctions.java:24)<br/>	at UserManagement.ProfileManagement.RegisteredUserTestCasesForEditProfileDetails.ValidateZipField.ValidateZipFieldByEnteringInvalidZipLength.testValidateUserNameFieldByDeletingValueInPM(ValidateZipFieldByEnteringInvalidZipLength.java:24)<br/>Caused by: org.openqa.selenium.remote.ErrorHandler$UnknownServerException: Unable to locate element: {"method":"name","selector":"old_password"}<br/>Build info: version: '2.32.0', revision: '6c40c18', time: '2013-04-09 17:22:56'<br/>System info: os.name: 'Windows XP', os.arch: 'x86', os.version: '5.1', java.version: '1.6.0'<br/>Driver info: driver.version: unknown<br/>	at <anonymous class>.FirefoxDriver.prototype.findElementInternal_(file:///C:/DOCUME~1/HARSHI~1.GOW/LOCALS~1/Temp/anonymous16452webdriver-profile/extensions/fxdriver@googlecode.com/components/driver_component.js:8405)<br/>	at <anonymous class>.fxdriver.Timer.prototype.setTimeout/<.notify(file:///C:/DOCUME~1/HARSHI~1.GOW/LOCALS~1/Temp/anonymous16452webdriver-profile/extensions/fxdriver@googlecode.com/components/driver_component.js:386)<br/></code></td><td>158.398</td>
</tr>
<tr valign="top" class="Error">
<td><a href="SuiteRunner/0_runATFRegression.html">runATFRegression</a></td><td><a name="testValidateUserNameFieldByDeletingValueInPM"></a><a href="SuiteRunner/0_runATFRegression.html#testValidateUserNameFieldByDeletingValueInPM">testValidateUserNameFieldByDeletingValueInPM</a></td><td>Error</td><td>Unable to locate element: {"method":"name","selector":"old_password"} Command duration or timeout: 30.12 seconds For documentation on this error, please visit: http://seleniumhq.org/exceptions/no_such_element.html Build info: version: '2.32.0', revision: '6c40c18', time: '2013-04-09 17:22:56' System info: os.name: 'Windows XP', os.arch: 'x86', os.version: '5.1', java.version: '1.6.0' Session ID: d57bde5a-e5da-4e3d-a646-a66ab948eadb Driver info: org.openqa.selenium.firefox.FirefoxDriver Capabilities [{platform=XP, acceptSslCerts=true, javascriptEnabled=true, browserName=firefox, rotatable=false, locationContextEnabled=true, version=21.0, cssSelectorsEnabled=true, databaseEnabled=true, handlesAlerts=true, browserConnectionEnabled=true, nativeEvents=true, webStorageEnabled=true, applicationCacheEnabled=true, takesScreenshot=true}]<br>
<br>
<code>org.openqa.selenium.NoSuchElementException: Unable to locate element: {"method":"name","selector":"old_password"}<br/>Command duration or timeout: 30.12 seconds<br/>For documentation on this error, please visit: http://seleniumhq.org/exceptions/no_such_element.html<br/>Build info: version: '2.32.0', revision: '6c40c18', time: '2013-04-09 17:22:56'<br/>System info: os.name: 'Windows XP', os.arch: 'x86', os.version: '5.1', java.version: '1.6.0'<br/>Session ID: d57bde5a-e5da-4e3d-a646-a66ab948eadb<br/>Driver info: org.openqa.selenium.firefox.FirefoxDriver<br/>Capabilities [{platform=XP, acceptSslCerts=true, javascriptEnabled=true, browserName=firefox, rotatable=false, locationContextEnabled=true, version=21.0, cssSelectorsEnabled=true, databaseEnabled=true, handlesAlerts=true, browserConnectionEnabled=true, nativeEvents=true, webStorageEnabled=true, applicationCacheEnabled=true, takesScreenshot=true}]<br/>	at java.lang.reflect.Constructor.newInstance(Constructor.java:513)<br/>	at org.openqa.selenium.remote.ErrorHandler.createThrowable(ErrorHandler.java:187)<br/>	at org.openqa.selenium.remote.ErrorHandler.throwIfResponseFailed(ErrorHandler.java:145)<br/>	at org.openqa.selenium.remote.RemoteWebDriver.execute(RemoteWebDriver.java:554)<br/>	at org.openqa.selenium.remote.RemoteWebDriver.findElement(RemoteWebDriver.java:307)<br/>	at org.openqa.selenium.remote.RemoteWebDriver.findElementByName(RemoteWebDriver.java:380)<br/>	at org.openqa.selenium.By$ByName.findElement(By.java:292)<br/>	at org.openqa.selenium.remote.RemoteWebDriver.findElement(RemoteWebDriver.java:299)<br/>	at Core.UserManagement.UserLoginFunctions.UserLoginFunctions.ChangePassword(UserLoginFunctions.java:24)<br/>	at UserManagement.ProfileManagement.RegisteredUserTestCasesForEditProfileDetails.ValidateEmailField.ValidateEmailFieldByDeletingValue.testValidateUserNameFieldByDeletingValueInPM(ValidateEmailFieldByDeletingValue.java:24)<br/>Caused by: org.openqa.selenium.remote.ErrorHandler$UnknownServerException: Unable to locate element: {"method":"name","selector":"old_password"}<br/>Build info: version: '2.32.0', revision: '6c40c18', time: '2013-04-09 17:22:56'<br/>System info: os.name: 'Windows XP', os.arch: 'x86', os.version: '5.1', java.version: '1.6.0'<br/>Driver info: driver.version: unknown<br/>	at <anonymous class>.FirefoxDriver.prototype.findElementInternal_(file:///C:/DOCUME~1/HARSHI~1.GOW/LOCALS~1/Temp/anonymous16454webdriver-profile/extensions/fxdriver@googlecode.com/components/driver_component.js:8405)<br/>	at <anonymous class>.fxdriver.Timer.prototype.setTimeout/<.notify(file:///C:/DOCUME~1/HARSHI~1.GOW/LOCALS~1/Temp/anonymous16454webdriver-profile/extensions/fxdriver@googlecode.com/components/driver_component.js:386)<br/></code></td><td>159.006</td>
</tr>
<tr valign="top" class="Error">
<td><a href="SuiteRunner/0_runATFRegression.html">runATFRegression</a></td><td><a name="testValidateUserNameFieldByDeletingValueInPM"></a><a href="SuiteRunner/0_runATFRegression.html#testValidateUserNameFieldByDeletingValueInPM">testValidateUserNameFieldByDeletingValueInPM</a></td><td>Error</td><td>Unable to locate element: {"method":"name","selector":"old_password"} Command duration or timeout: 30.04 seconds For documentation on this error, please visit: http://seleniumhq.org/exceptions/no_such_element.html Build info: version: '2.32.0', revision: '6c40c18', time: '2013-04-09 17:22:56' System info: os.name: 'Windows XP', os.arch: 'x86', os.version: '5.1', java.version: '1.6.0' Session ID: 9bcd49c4-6f20-4579-a3e8-d8c65daeae6f Driver info: org.openqa.selenium.firefox.FirefoxDriver Capabilities [{platform=XP, acceptSslCerts=true, javascriptEnabled=true, browserName=firefox, rotatable=false, locationContextEnabled=true, version=21.0, cssSelectorsEnabled=true, databaseEnabled=true, handlesAlerts=true, browserConnectionEnabled=true, nativeEvents=true, webStorageEnabled=true, applicationCacheEnabled=true, takesScreenshot=true}]<br>
<br>
<code>org.openqa.selenium.NoSuchElementException: Unable to locate element: {"method":"name","selector":"old_password"}<br/>Command duration or timeout: 30.04 seconds<br/>For documentation on this error, please visit: http://seleniumhq.org/exceptions/no_such_element.html<br/>Build info: version: '2.32.0', revision: '6c40c18', time: '2013-04-09 17:22:56'<br/>System info: os.name: 'Windows XP', os.arch: 'x86', os.version: '5.1', java.version: '1.6.0'<br/>Session ID: 9bcd49c4-6f20-4579-a3e8-d8c65daeae6f<br/>Driver info: org.openqa.selenium.firefox.FirefoxDriver<br/>Capabilities [{platform=XP, acceptSslCerts=true, javascriptEnabled=true, browserName=firefox, rotatable=false, locationContextEnabled=true, version=21.0, cssSelectorsEnabled=true, databaseEnabled=true, handlesAlerts=true, browserConnectionEnabled=true, nativeEvents=true, webStorageEnabled=true, applicationCacheEnabled=true, takesScreenshot=true}]<br/>	at java.lang.reflect.Constructor.newInstance(Constructor.java:513)<br/>	at org.openqa.selenium.remote.ErrorHandler.createThrowable(ErrorHandler.java:187)<br/>	at org.openqa.selenium.remote.ErrorHandler.throwIfResponseFailed(ErrorHandler.java:145)<br/>	at org.openqa.selenium.remote.RemoteWebDriver.execute(RemoteWebDriver.java:554)<br/>	at org.openqa.selenium.remote.RemoteWebDriver.findElement(RemoteWebDriver.java:307)<br/>	at org.openqa.selenium.remote.RemoteWebDriver.findElementByName(RemoteWebDriver.java:380)<br/>	at org.openqa.selenium.By$ByName.findElement(By.java:292)<br/>	at org.openqa.selenium.remote.RemoteWebDriver.findElement(RemoteWebDriver.java:299)<br/>	at Core.UserManagement.UserLoginFunctions.UserLoginFunctions.ChangePassword(UserLoginFunctions.java:24)<br/>	at UserManagement.ProfileManagement.RegisteredUserTestCasesForEditProfileDetails.ValidateEmailField.ValidateEmailFieldByEnteringInvalidEmailID.testValidateUserNameFieldByDeletingValueInPM(ValidateEmailFieldByEnteringInvalidEmailID.java:24)<br/>Caused by: org.openqa.selenium.remote.ErrorHandler$UnknownServerException: Unable to locate element: {"method":"name","selector":"old_password"}<br/>Build info: version: '2.32.0', revision: '6c40c18', time: '2013-04-09 17:22:56'<br/>System info: os.name: 'Windows XP', os.arch: 'x86', os.version: '5.1', java.version: '1.6.0'<br/>Driver info: driver.version: unknown<br/>	at <anonymous class>.FirefoxDriver.prototype.findElementInternal_(file:///C:/DOCUME~1/HARSHI~1.GOW/LOCALS~1/Temp/anonymous16456webdriver-profile/extensions/fxdriver@googlecode.com/components/driver_component.js:8405)<br/>	at <anonymous class>.fxdriver.Timer.prototype.setTimeout/<.notify(file:///C:/DOCUME~1/HARSHI~1.GOW/LOCALS~1/Temp/anonymous16456webdriver-profile/extensions/fxdriver@googlecode.com/components/driver_component.js:386)<br/></code></td><td>159.522</td>
</tr>
<tr valign="top" class="Error">
<td><a href="SuiteRunner/0_runATFRegression.html">runATFRegression</a></td><td><a name="testValidateUserNameFieldByDeletingValueInPM"></a><a href="SuiteRunner/0_runATFRegression.html#testValidateUserNameFieldByDeletingValueInPM">testValidateUserNameFieldByDeletingValueInPM</a></td><td>Error</td><td>Unable to locate element: {"method":"name","selector":"old_password"} Command duration or timeout: 30.03 seconds For documentation on this error, please visit: http://seleniumhq.org/exceptions/no_such_element.html Build info: version: '2.32.0', revision: '6c40c18', time: '2013-04-09 17:22:56' System info: os.name: 'Windows XP', os.arch: 'x86', os.version: '5.1', java.version: '1.6.0' Session ID: 6cc6d5a5-4048-4b45-a707-feb96a44fd44 Driver info: org.openqa.selenium.firefox.FirefoxDriver Capabilities [{platform=XP, acceptSslCerts=true, javascriptEnabled=true, browserName=firefox, rotatable=false, locationContextEnabled=true, version=21.0, cssSelectorsEnabled=true, databaseEnabled=true, handlesAlerts=true, browserConnectionEnabled=true, nativeEvents=true, webStorageEnabled=true, applicationCacheEnabled=true, takesScreenshot=true}]<br>
<br>
<code>org.openqa.selenium.NoSuchElementException: Unable to locate element: {"method":"name","selector":"old_password"}<br/>Command duration or timeout: 30.03 seconds<br/>For documentation on this error, please visit: http://seleniumhq.org/exceptions/no_such_element.html<br/>Build info: version: '2.32.0', revision: '6c40c18', time: '2013-04-09 17:22:56'<br/>System info: os.name: 'Windows XP', os.arch: 'x86', os.version: '5.1', java.version: '1.6.0'<br/>Session ID: 6cc6d5a5-4048-4b45-a707-feb96a44fd44<br/>Driver info: org.openqa.selenium.firefox.FirefoxDriver<br/>Capabilities [{platform=XP, acceptSslCerts=true, javascriptEnabled=true, browserName=firefox, rotatable=false, locationContextEnabled=true, version=21.0, cssSelectorsEnabled=true, databaseEnabled=true, handlesAlerts=true, browserConnectionEnabled=true, nativeEvents=true, webStorageEnabled=true, applicationCacheEnabled=true, takesScreenshot=true}]<br/>	at java.lang.reflect.Constructor.newInstance(Constructor.java:513)<br/>	at org.openqa.selenium.remote.ErrorHandler.createThrowable(ErrorHandler.java:187)<br/>	at org.openqa.selenium.remote.ErrorHandler.throwIfResponseFailed(ErrorHandler.java:145)<br/>	at org.openqa.selenium.remote.RemoteWebDriver.execute(RemoteWebDriver.java:554)<br/>	at org.openqa.selenium.remote.RemoteWebDriver.findElement(RemoteWebDriver.java:307)<br/>	at org.openqa.selenium.remote.RemoteWebDriver.findElementByName(RemoteWebDriver.java:380)<br/>	at org.openqa.selenium.By$ByName.findElement(By.java:292)<br/>	at org.openqa.selenium.remote.RemoteWebDriver.findElement(RemoteWebDriver.java:299)<br/>	at Core.UserManagement.UserLoginFunctions.UserLoginFunctions.ChangePassword(UserLoginFunctions.java:24)<br/>	at UserManagement.ProfileManagement.RegisteredUserTestCasesForEditProfileDetails.ValidateMobileNumberField.ValidateMobileNumberFieldByDeletingValue.testValidateUserNameFieldByDeletingValueInPM(ValidateMobileNumberFieldByDeletingValue.java:24)<br/>Caused by: org.openqa.selenium.remote.ErrorHandler$UnknownServerException: Unable to locate element: {"method":"name","selector":"old_password"}<br/>Build info: version: '2.32.0', revision: '6c40c18', time: '2013-04-09 17:22:56'<br/>System info: os.name: 'Windows XP', os.arch: 'x86', os.version: '5.1', java.version: '1.6.0'<br/>Driver info: driver.version: unknown<br/>	at <anonymous class>.FirefoxDriver.prototype.findElementInternal_(file:///C:/DOCUME~1/HARSHI~1.GOW/LOCALS~1/Temp/anonymous16458webdriver-profile/extensions/fxdriver@googlecode.com/components/driver_component.js:8405)<br/>	at <anonymous class>.fxdriver.Timer.prototype.setTimeout/<.notify(file:///C:/DOCUME~1/HARSHI~1.GOW/LOCALS~1/Temp/anonymous16458webdriver-profile/extensions/fxdriver@googlecode.com/components/driver_component.js:386)<br/></code></td><td>161.209</td>
</tr>
<tr valign="top" class="Error">
<td><a href="SuiteRunner/0_runATFRegression.html">runATFRegression</a></td><td><a name="testValidateUserNameFieldByDeletingValueInPM"></a><a href="SuiteRunner/0_runATFRegression.html#testValidateUserNameFieldByDeletingValueInPM">testValidateUserNameFieldByDeletingValueInPM</a></td><td>Error</td><td>Unable to locate element: {"method":"name","selector":"old_password"} Command duration or timeout: 30.09 seconds For documentation on this error, please visit: http://seleniumhq.org/exceptions/no_such_element.html Build info: version: '2.32.0', revision: '6c40c18', time: '2013-04-09 17:22:56' System info: os.name: 'Windows XP', os.arch: 'x86', os.version: '5.1', java.version: '1.6.0' Session ID: c138f685-0167-45ec-8879-445424d0d785 Driver info: org.openqa.selenium.firefox.FirefoxDriver Capabilities [{platform=XP, acceptSslCerts=true, javascriptEnabled=true, browserName=firefox, rotatable=false, locationContextEnabled=true, version=21.0, cssSelectorsEnabled=true, databaseEnabled=true, handlesAlerts=true, browserConnectionEnabled=true, nativeEvents=true, webStorageEnabled=true, applicationCacheEnabled=true, takesScreenshot=true}]<br>
<br>
<code>org.openqa.selenium.NoSuchElementException: Unable to locate element: {"method":"name","selector":"old_password"}<br/>Command duration or timeout: 30.09 seconds<br/>For documentation on this error, please visit: http://seleniumhq.org/exceptions/no_such_element.html<br/>Build info: version: '2.32.0', revision: '6c40c18', time: '2013-04-09 17:22:56'<br/>System info: os.name: 'Windows XP', os.arch: 'x86', os.version: '5.1', java.version: '1.6.0'<br/>Session ID: c138f685-0167-45ec-8879-445424d0d785<br/>Driver info: org.openqa.selenium.firefox.FirefoxDriver<br/>Capabilities [{platform=XP, acceptSslCerts=true, javascriptEnabled=true, browserName=firefox, rotatable=false, locationContextEnabled=true, version=21.0, cssSelectorsEnabled=true, databaseEnabled=true, handlesAlerts=true, browserConnectionEnabled=true, nativeEvents=true, webStorageEnabled=true, applicationCacheEnabled=true, takesScreenshot=true}]<br/>	at java.lang.reflect.Constructor.newInstance(Constructor.java:513)<br/>	at org.openqa.selenium.remote.ErrorHandler.createThrowable(ErrorHandler.java:187)<br/>	at org.openqa.selenium.remote.ErrorHandler.throwIfResponseFailed(ErrorHandler.java:145)<br/>	at org.openqa.selenium.remote.RemoteWebDriver.execute(RemoteWebDriver.java:554)<br/>	at org.openqa.selenium.remote.RemoteWebDriver.findElement(RemoteWebDriver.java:307)<br/>	at org.openqa.selenium.remote.RemoteWebDriver.findElementByName(RemoteWebDriver.java:380)<br/>	at org.openqa.selenium.By$ByName.findElement(By.java:292)<br/>	at org.openqa.selenium.remote.RemoteWebDriver.findElement(RemoteWebDriver.java:299)<br/>	at Core.UserManagement.UserLoginFunctions.UserLoginFunctions.ChangePassword(UserLoginFunctions.java:24)<br/>	at UserManagement.ProfileManagement.RegisteredUserTestCasesForEditProfileDetails.ValidateMobileNumberField.ValidateMobileNumberFieldByEnteringInvalidNo.testValidateUserNameFieldByDeletingValueInPM(ValidateMobileNumberFieldByEnteringInvalidNo.java:24)<br/>Caused by: org.openqa.selenium.remote.ErrorHandler$UnknownServerException: Unable to locate element: {"method":"name","selector":"old_password"}<br/>Build info: version: '2.32.0', revision: '6c40c18', time: '2013-04-09 17:22:56'<br/>System info: os.name: 'Windows XP', os.arch: 'x86', os.version: '5.1', java.version: '1.6.0'<br/>Driver info: driver.version: unknown<br/>	at <anonymous class>.FirefoxDriver.prototype.findElementInternal_(file:///C:/DOCUME~1/HARSHI~1.GOW/LOCALS~1/Temp/anonymous16460webdriver-profile/extensions/fxdriver@googlecode.com/components/driver_component.js:8405)<br/>	at <anonymous class>.fxdriver.Timer.prototype.setTimeout/<.notify(file:///C:/DOCUME~1/HARSHI~1.GOW/LOCALS~1/Temp/anonymous16460webdriver-profile/extensions/fxdriver@googlecode.com/components/driver_component.js:386)<br/></code></td><td>158.600</td>
</tr>
<tr valign="top" class="Error">
<td><a href="SuiteRunner/0_runATFRegression.html">runATFRegression</a></td><td><a name="testValidateUserNameFieldByDeletingValueInPM"></a><a href="SuiteRunner/0_runATFRegression.html#testValidateUserNameFieldByDeletingValueInPM">testValidateUserNameFieldByDeletingValueInPM</a></td><td>Error</td><td>Unable to locate element: {"method":"name","selector":"old_password"} Command duration or timeout: 30.04 seconds For documentation on this error, please visit: http://seleniumhq.org/exceptions/no_such_element.html Build info: version: '2.32.0', revision: '6c40c18', time: '2013-04-09 17:22:56' System info: os.name: 'Windows XP', os.arch: 'x86', os.version: '5.1', java.version: '1.6.0' Session ID: 3ead4555-d616-43e2-aa7f-73fa627a7c12 Driver info: org.openqa.selenium.firefox.FirefoxDriver Capabilities [{platform=XP, acceptSslCerts=true, javascriptEnabled=true, browserName=firefox, rotatable=false, locationContextEnabled=true, version=21.0, cssSelectorsEnabled=true, databaseEnabled=true, handlesAlerts=true, browserConnectionEnabled=true, nativeEvents=true, webStorageEnabled=true, applicationCacheEnabled=true, takesScreenshot=true}]<br>
<br>
<code>org.openqa.selenium.NoSuchElementException: Unable to locate element: {"method":"name","selector":"old_password"}<br/>Command duration or timeout: 30.04 seconds<br/>For documentation on this error, please visit: http://seleniumhq.org/exceptions/no_such_element.html<br/>Build info: version: '2.32.0', revision: '6c40c18', time: '2013-04-09 17:22:56'<br/>System info: os.name: 'Windows XP', os.arch: 'x86', os.version: '5.1', java.version: '1.6.0'<br/>Session ID: 3ead4555-d616-43e2-aa7f-73fa627a7c12<br/>Driver info: org.openqa.selenium.firefox.FirefoxDriver<br/>Capabilities [{platform=XP, acceptSslCerts=true, javascriptEnabled=true, browserName=firefox, rotatable=false, locationContextEnabled=true, version=21.0, cssSelectorsEnabled=true, databaseEnabled=true, handlesAlerts=true, browserConnectionEnabled=true, nativeEvents=true, webStorageEnabled=true, applicationCacheEnabled=true, takesScreenshot=true}]<br/>	at java.lang.reflect.Constructor.newInstance(Constructor.java:513)<br/>	at org.openqa.selenium.remote.ErrorHandler.createThrowable(ErrorHandler.java:187)<br/>	at org.openqa.selenium.remote.ErrorHandler.throwIfResponseFailed(ErrorHandler.java:145)<br/>	at org.openqa.selenium.remote.RemoteWebDriver.execute(RemoteWebDriver.java:554)<br/>	at org.openqa.selenium.remote.RemoteWebDriver.findElement(RemoteWebDriver.java:307)<br/>	at org.openqa.selenium.remote.RemoteWebDriver.findElementByName(RemoteWebDriver.java:380)<br/>	at org.openqa.selenium.By$ByName.findElement(By.java:292)<br/>	at org.openqa.selenium.remote.RemoteWebDriver.findElement(RemoteWebDriver.java:299)<br/>	at Core.UserManagement.UserLoginFunctions.UserLoginFunctions.ChangePassword(UserLoginFunctions.java:24)<br/>	at UserManagement.ProfileManagement.RegisteredUserTestCasesForEditProfileDetails.ValidateMobileNumberField.ValidateMobileNumberFieldByEnteringExistingNo.testValidateUserNameFieldByDeletingValueInPM(ValidateMobileNumberFieldByEnteringExistingNo.java:24)<br/>Caused by: org.openqa.selenium.remote.ErrorHandler$UnknownServerException: Unable to locate element: {"method":"name","selector":"old_password"}<br/>Build info: version: '2.32.0', revision: '6c40c18', time: '2013-04-09 17:22:56'<br/>System info: os.name: 'Windows XP', os.arch: 'x86', os.version: '5.1', java.version: '1.6.0'<br/>Driver info: driver.version: unknown<br/>	at <anonymous class>.FirefoxDriver.prototype.findElementInternal_(file:///C:/DOCUME~1/HARSHI~1.GOW/LOCALS~1/Temp/anonymous16462webdriver-profile/extensions/fxdriver@googlecode.com/components/driver_component.js:8405)<br/>	at <anonymous class>.fxdriver.Timer.prototype.setTimeout/<.notify(file:///C:/DOCUME~1/HARSHI~1.GOW/LOCALS~1/Temp/anonymous16462webdriver-profile/extensions/fxdriver@googlecode.com/components/driver_component.js:386)<br/></code></td><td>161.616</td>
</tr>
<tr valign="top" class="Error">
<td><a href="SuiteRunner/0_runATFRegression.html">runATFRegression</a></td><td><a name="testValidateCurrentPasswordWhenChangingPassword"></a><a href="SuiteRunner/0_runATFRegression.html#testValidateCurrentPasswordWhenChangingPassword">testValidateCurrentPasswordWhenChangingPassword</a></td><td>Error</td><td>Unable to locate element: {"method":"name","selector":"old_password"} Command duration or timeout: 30.06 seconds For documentation on this error, please visit: http://seleniumhq.org/exceptions/no_such_element.html Build info: version: '2.32.0', revision: '6c40c18', time: '2013-04-09 17:22:56' System info: os.name: 'Windows XP', os.arch: 'x86', os.version: '5.1', java.version: '1.6.0' Session ID: a34678a9-49ad-40c4-bf3d-9000c1bc307a Driver info: org.openqa.selenium.firefox.FirefoxDriver Capabilities [{platform=XP, acceptSslCerts=true, javascriptEnabled=true, browserName=firefox, rotatable=false, locationContextEnabled=true, version=21.0, cssSelectorsEnabled=true, databaseEnabled=true, handlesAlerts=true, browserConnectionEnabled=true, nativeEvents=true, webStorageEnabled=true, applicationCacheEnabled=true, takesScreenshot=true}]<br>
<br>
<code>org.openqa.selenium.NoSuchElementException: Unable to locate element: {"method":"name","selector":"old_password"}<br/>Command duration or timeout: 30.06 seconds<br/>For documentation on this error, please visit: http://seleniumhq.org/exceptions/no_such_element.html<br/>Build info: version: '2.32.0', revision: '6c40c18', time: '2013-04-09 17:22:56'<br/>System info: os.name: 'Windows XP', os.arch: 'x86', os.version: '5.1', java.version: '1.6.0'<br/>Session ID: a34678a9-49ad-40c4-bf3d-9000c1bc307a<br/>Driver info: org.openqa.selenium.firefox.FirefoxDriver<br/>Capabilities [{platform=XP, acceptSslCerts=true, javascriptEnabled=true, browserName=firefox, rotatable=false, locationContextEnabled=true, version=21.0, cssSelectorsEnabled=true, databaseEnabled=true, handlesAlerts=true, browserConnectionEnabled=true, nativeEvents=true, webStorageEnabled=true, applicationCacheEnabled=true, takesScreenshot=true}]<br/>	at java.lang.reflect.Constructor.newInstance(Constructor.java:513)<br/>	at org.openqa.selenium.remote.ErrorHandler.createThrowable(ErrorHandler.java:187)<br/>	at org.openqa.selenium.remote.ErrorHandler.throwIfResponseFailed(ErrorHandler.java:145)<br/>	at org.openqa.selenium.remote.RemoteWebDriver.execute(RemoteWebDriver.java:554)<br/>	at org.openqa.selenium.remote.RemoteWebDriver.findElement(RemoteWebDriver.java:307)<br/>	at org.openqa.selenium.remote.RemoteWebDriver.findElementByName(RemoteWebDriver.java:380)<br/>	at org.openqa.selenium.By$ByName.findElement(By.java:292)<br/>	at org.openqa.selenium.remote.RemoteWebDriver.findElement(RemoteWebDriver.java:299)<br/>	at Core.UserManagement.UserLoginFunctions.UserLoginFunctions.ChangePassword(UserLoginFunctions.java:24)<br/>	at UserManagement.ProfileManagement.RegisteredUserTestCasesForChangePassword.ValidateCurrentUserPassWhileChangingPass.ValidateCurrentPasswordWhenChangingPassword.testValidateCurrentPasswordWhenChangingPassword(ValidateCurrentPasswordWhenChangingPassword.java:29)<br/>Caused by: org.openqa.selenium.remote.ErrorHandler$UnknownServerException: Unable to locate element: {"method":"name","selector":"old_password"}<br/>Build info: version: '2.32.0', revision: '6c40c18', time: '2013-04-09 17:22:56'<br/>System info: os.name: 'Windows XP', os.arch: 'x86', os.version: '5.1', java.version: '1.6.0'<br/>Driver info: driver.version: unknown<br/>	at <anonymous class>.FirefoxDriver.prototype.findElementInternal_(file:///C:/DOCUME~1/HARSHI~1.GOW/LOCALS~1/Temp/anonymous16464webdriver-profile/extensions/fxdriver@googlecode.com/components/driver_component.js:8405)<br/>	at <anonymous class>.fxdriver.Timer.prototype.setTimeout/<.notify(file:///C:/DOCUME~1/HARSHI~1.GOW/LOCALS~1/Temp/anonymous16464webdriver-profile/extensions/fxdriver@googlecode.com/components/driver_component.js:386)<br/></code></td><td>165.756</td>
</tr>
<tr valign="top" class="Error">
<td><a href="SuiteRunner/0_runATFRegression.html">runATFRegression</a></td><td><a name="testVerifyPasswordChangeWorks"></a><a href="SuiteRunner/0_runATFRegression.html#testVerifyPasswordChangeWorks">testVerifyPasswordChangeWorks</a></td><td>Error</td><td>Unable to locate element: {"method":"link text","selector":"Change password"} Command duration or timeout: 36.93 seconds For documentation on this error, please visit: http://seleniumhq.org/exceptions/no_such_element.html Build info: version: '2.32.0', revision: '6c40c18', time: '2013-04-09 17:22:56' System info: os.name: 'Windows XP', os.arch: 'x86', os.version: '5.1', java.version: '1.6.0' Session ID: 35bd6a17-c415-414e-95e4-5a37fe708c9f Driver info: org.openqa.selenium.firefox.FirefoxDriver Capabilities [{platform=XP, acceptSslCerts=true, javascriptEnabled=true, browserName=firefox, rotatable=false, locationContextEnabled=true, version=21.0, cssSelectorsEnabled=true, databaseEnabled=true, handlesAlerts=true, browserConnectionEnabled=true, nativeEvents=true, webStorageEnabled=true, applicationCacheEnabled=true, takesScreenshot=true}]<br>
<br>
<code>org.openqa.selenium.NoSuchElementException: Unable to locate element: {"method":"link text","selector":"Change password"}<br/>Command duration or timeout: 36.93 seconds<br/>For documentation on this error, please visit: http://seleniumhq.org/exceptions/no_such_element.html<br/>Build info: version: '2.32.0', revision: '6c40c18', time: '2013-04-09 17:22:56'<br/>System info: os.name: 'Windows XP', os.arch: 'x86', os.version: '5.1', java.version: '1.6.0'<br/>Session ID: 35bd6a17-c415-414e-95e4-5a37fe708c9f<br/>Driver info: org.openqa.selenium.firefox.FirefoxDriver<br/>Capabilities [{platform=XP, acceptSslCerts=true, javascriptEnabled=true, browserName=firefox, rotatable=false, locationContextEnabled=true, version=21.0, cssSelectorsEnabled=true, databaseEnabled=true, handlesAlerts=true, browserConnectionEnabled=true, nativeEvents=true, webStorageEnabled=true, applicationCacheEnabled=true, takesScreenshot=true}]<br/>	at java.lang.reflect.Constructor.newInstance(Constructor.java:513)<br/>	at org.openqa.selenium.remote.ErrorHandler.createThrowable(ErrorHandler.java:187)<br/>	at org.openqa.selenium.remote.ErrorHandler.throwIfResponseFailed(ErrorHandler.java:145)<br/>	at org.openqa.selenium.remote.RemoteWebDriver.execute(RemoteWebDriver.java:554)<br/>	at org.openqa.selenium.remote.RemoteWebDriver.findElement(RemoteWebDriver.java:307)<br/>	at org.openqa.selenium.remote.RemoteWebDriver.findElementByLinkText(RemoteWebDriver.java:356)<br/>	at org.openqa.selenium.By$ByLinkText.findElement(By.java:241)<br/>	at org.openqa.selenium.remote.RemoteWebDriver.findElement(RemoteWebDriver.java:299)<br/>	at UserManagement.ProfileManagement.RegisteredUserTestCasesForChangePassword.ValidateNewAndConfirmPassword.ValidateNewPasswordAndConfirmPasswordMatch.testVerifyPasswordChangeWorks(ValidateNewPasswordAndConfirmPasswordMatch.java:29)<br/>Caused by: org.openqa.selenium.remote.ErrorHandler$UnknownServerException: Unable to locate element: {"method":"link text","selector":"Change password"}<br/>Build info: version: '2.32.0', revision: '6c40c18', time: '2013-04-09 17:22:56'<br/>System info: os.name: 'Windows XP', os.arch: 'x86', os.version: '5.1', java.version: '1.6.0'<br/>Driver info: driver.version: unknown<br/>	at <anonymous class>.FirefoxDriver.prototype.findElementInternal_(file:///C:/DOCUME~1/HARSHI~1.GOW/LOCALS~1/Temp/anonymous16466webdriver-profile/extensions/fxdriver@googlecode.com/components/driver_component.js:8405)<br/>	at <anonymous class>.fxdriver.Timer.prototype.setTimeout/<.notify(file:///C:/DOCUME~1/HARSHI~1.GOW/LOCALS~1/Temp/anonymous16466webdriver-profile/extensions/fxdriver@googlecode.com/components/driver_component.js:386)<br/></code></td><td>181.644</td>
</tr>
<tr valign="top" class="Error">
<td><a href="SuiteRunner/0_runATFRegression.html">runATFRegression</a></td><td><a name="testVerifyPasswordChangeWorks"></a><a href="SuiteRunner/0_runATFRegression.html#testVerifyPasswordChangeWorks">testVerifyPasswordChangeWorks</a></td><td>Error</td><td>Unable to locate element: {"method":"link text","selector":"Change password"} Command duration or timeout: 37.14 seconds For documentation on this error, please visit: http://seleniumhq.org/exceptions/no_such_element.html Build info: version: '2.32.0', revision: '6c40c18', time: '2013-04-09 17:22:56' System info: os.name: 'Windows XP', os.arch: 'x86', os.version: '5.1', java.version: '1.6.0' Session ID: 16760b43-2c21-4834-af15-65b4790ab47e Driver info: org.openqa.selenium.firefox.FirefoxDriver Capabilities [{platform=XP, acceptSslCerts=true, javascriptEnabled=true, browserName=firefox, rotatable=false, locationContextEnabled=true, version=21.0, cssSelectorsEnabled=true, databaseEnabled=true, handlesAlerts=true, browserConnectionEnabled=true, nativeEvents=true, webStorageEnabled=true, applicationCacheEnabled=true, takesScreenshot=true}]<br>
<br>
<code>org.openqa.selenium.NoSuchElementException: Unable to locate element: {"method":"link text","selector":"Change password"}<br/>Command duration or timeout: 37.14 seconds<br/>For documentation on this error, please visit: http://seleniumhq.org/exceptions/no_such_element.html<br/>Build info: version: '2.32.0', revision: '6c40c18', time: '2013-04-09 17:22:56'<br/>System info: os.name: 'Windows XP', os.arch: 'x86', os.version: '5.1', java.version: '1.6.0'<br/>Session ID: 16760b43-2c21-4834-af15-65b4790ab47e<br/>Driver info: org.openqa.selenium.firefox.FirefoxDriver<br/>Capabilities [{platform=XP, acceptSslCerts=true, javascriptEnabled=true, browserName=firefox, rotatable=false, locationContextEnabled=true, version=21.0, cssSelectorsEnabled=true, databaseEnabled=true, handlesAlerts=true, browserConnectionEnabled=true, nativeEvents=true, webStorageEnabled=true, applicationCacheEnabled=true, takesScreenshot=true}]<br/>	at java.lang.reflect.Constructor.newInstance(Constructor.java:513)<br/>	at org.openqa.selenium.remote.ErrorHandler.createThrowable(ErrorHandler.java:187)<br/>	at org.openqa.selenium.remote.ErrorHandler.throwIfResponseFailed(ErrorHandler.java:145)<br/>	at org.openqa.selenium.remote.RemoteWebDriver.execute(RemoteWebDriver.java:554)<br/>	at org.openqa.selenium.remote.RemoteWebDriver.findElement(RemoteWebDriver.java:307)<br/>	at org.openqa.selenium.remote.RemoteWebDriver.findElementByLinkText(RemoteWebDriver.java:356)<br/>	at org.openqa.selenium.By$ByLinkText.findElement(By.java:241)<br/>	at org.openqa.selenium.remote.RemoteWebDriver.findElement(RemoteWebDriver.java:299)<br/>	at UserManagement.ProfileManagement.RegisteredUserTestCasesForChangePassword.VerifyPasswordChangesSuccessfully.VerifyPasswordChangeWorks.testVerifyPasswordChangeWorks(VerifyPasswordChangeWorks.java:28)<br/>Caused by: org.openqa.selenium.remote.ErrorHandler$UnknownServerException: Unable to locate element: {"method":"link text","selector":"Change password"}<br/>Build info: version: '2.32.0', revision: '6c40c18', time: '2013-04-09 17:22:56'<br/>System info: os.name: 'Windows XP', os.arch: 'x86', os.version: '5.1', java.version: '1.6.0'<br/>Driver info: driver.version: unknown<br/>	at <anonymous class>.FirefoxDriver.prototype.findElementInternal_(file:///C:/DOCUME~1/HARSHI~1.GOW/LOCALS~1/Temp/anonymous16468webdriver-profile/extensions/fxdriver@googlecode.com/components/driver_component.js:8405)<br/>	at <anonymous class>.fxdriver.Timer.prototype.setTimeout/<.notify(file:///C:/DOCUME~1/HARSHI~1.GOW/LOCALS~1/Temp/anonymous16468webdriver-profile/extensions/fxdriver@googlecode.com/components/driver_component.js:386)<br/></code></td><td>180.426</td>
</tr>
<tr valign="top" class="TableRowColor">
<td><a href="SuiteRunner/0_runATFRegression.html">runATFRegression</a></td><td><a name="testUserProfileChanges"></a><a href="SuiteRunner/0_runATFRegression.html#testUserProfileChanges">testUserProfileChanges</a></td><td>Success</td><td></td><td>165.397</td>
</tr>
<tr valign="top" class="TableRowColor">
<td><a href="SuiteRunner/0_runATFRegression.html">runATFRegression</a></td><td><a name="testUserProfileChanges"></a><a href="SuiteRunner/0_runATFRegression.html#testUserProfileChanges">testUserProfileChanges</a></td><td>Success</td><td></td><td>172.661</td>
</tr>
<tr valign="top" class="Error">
<td><a href="SuiteRunner/0_runATFRegression.html">runATFRegression</a></td><td><a name="testUserProfileChanges"></a><a href="SuiteRunner/0_runATFRegression.html#testUserProfileChanges">testUserProfileChanges</a></td><td>Error</td><td>Unable to locate element: {"method":"name","selector":"old_password"} Command duration or timeout: 30.12 seconds For documentation on this error, please visit: http://seleniumhq.org/exceptions/no_such_element.html Build info: version: '2.32.0', revision: '6c40c18', time: '2013-04-09 17:22:56' System info: os.name: 'Windows XP', os.arch: 'x86', os.version: '5.1', java.version: '1.6.0' Session ID: da87f3d9-ef79-4e9b-8de2-ab0680048571 Driver info: org.openqa.selenium.firefox.FirefoxDriver Capabilities [{platform=XP, acceptSslCerts=true, javascriptEnabled=true, browserName=firefox, rotatable=false, locationContextEnabled=true, version=21.0, cssSelectorsEnabled=true, databaseEnabled=true, handlesAlerts=true, browserConnectionEnabled=true, nativeEvents=true, webStorageEnabled=true, applicationCacheEnabled=true, takesScreenshot=true}]<br>
<br>
<code>org.openqa.selenium.NoSuchElementException: Unable to locate element: {"method":"name","selector":"old_password"}<br/>Command duration or timeout: 30.12 seconds<br/>For documentation on this error, please visit: http://seleniumhq.org/exceptions/no_such_element.html<br/>Build info: version: '2.32.0', revision: '6c40c18', time: '2013-04-09 17:22:56'<br/>System info: os.name: 'Windows XP', os.arch: 'x86', os.version: '5.1', java.version: '1.6.0'<br/>Session ID: da87f3d9-ef79-4e9b-8de2-ab0680048571<br/>Driver info: org.openqa.selenium.firefox.FirefoxDriver<br/>Capabilities [{platform=XP, acceptSslCerts=true, javascriptEnabled=true, browserName=firefox, rotatable=false, locationContextEnabled=true, version=21.0, cssSelectorsEnabled=true, databaseEnabled=true, handlesAlerts=true, browserConnectionEnabled=true, nativeEvents=true, webStorageEnabled=true, applicationCacheEnabled=true, takesScreenshot=true}]<br/>	at java.lang.reflect.Constructor.newInstance(Constructor.java:513)<br/>	at org.openqa.selenium.remote.ErrorHandler.createThrowable(ErrorHandler.java:187)<br/>	at org.openqa.selenium.remote.ErrorHandler.throwIfResponseFailed(ErrorHandler.java:145)<br/>	at org.openqa.selenium.remote.RemoteWebDriver.execute(RemoteWebDriver.java:554)<br/>	at org.openqa.selenium.remote.RemoteWebDriver.findElement(RemoteWebDriver.java:307)<br/>	at org.openqa.selenium.remote.RemoteWebDriver.findElementByName(RemoteWebDriver.java:380)<br/>	at org.openqa.selenium.By$ByName.findElement(By.java:292)<br/>	at org.openqa.selenium.remote.RemoteWebDriver.findElement(RemoteWebDriver.java:299)<br/>	at Core.UserManagement.UserLoginFunctions.UserLoginFunctions.ChangePassword(UserLoginFunctions.java:24)<br/>	at UserManagement.ProfileManagement.RegisteredUserTestCasesForChangePaymentInfo.ValidateCreditCardField.ValidatePaymentInfoCreditCardNumberWithInvalidInput.testUserProfileChanges(ValidatePaymentInfoCreditCardNumberWithInvalidInput.java:33)<br/>Caused by: org.openqa.selenium.remote.ErrorHandler$UnknownServerException: Unable to locate element: {"method":"name","selector":"old_password"}<br/>Build info: version: '2.32.0', revision: '6c40c18', time: '2013-04-09 17:22:56'<br/>System info: os.name: 'Windows XP', os.arch: 'x86', os.version: '5.1', java.version: '1.6.0'<br/>Driver info: driver.version: unknown<br/>	at <anonymous class>.FirefoxDriver.prototype.findElementInternal_(file:///C:/DOCUME~1/HARSHI~1.GOW/LOCALS~1/Temp/anonymous16476webdriver-profile/extensions/fxdriver@googlecode.com/components/driver_component.js:8405)<br/>	at <anonymous class>.fxdriver.Timer.prototype.setTimeout/<.notify(file:///C:/DOCUME~1/HARSHI~1.GOW/LOCALS~1/Temp/anonymous16476webdriver-profile/extensions/fxdriver@googlecode.com/components/driver_component.js:386)<br/></code></td><td>166.912</td>
</tr>
<tr valign="top" class="Error">
<td><a href="SuiteRunner/0_runATFRegression.html">runATFRegression</a></td><td><a name="testUserProfileChanges"></a><a href="SuiteRunner/0_runATFRegression.html#testUserProfileChanges">testUserProfileChanges</a></td><td>Error</td><td>Unable to locate element: {"method":"name","selector":"old_password"} Command duration or timeout: 30.12 seconds For documentation on this error, please visit: http://seleniumhq.org/exceptions/no_such_element.html Build info: version: '2.32.0', revision: '6c40c18', time: '2013-04-09 17:22:56' System info: os.name: 'Windows XP', os.arch: 'x86', os.version: '5.1', java.version: '1.6.0' Session ID: aa9b6ec9-ad81-4382-bdf1-7a4fa6669317 Driver info: org.openqa.selenium.firefox.FirefoxDriver Capabilities [{platform=XP, acceptSslCerts=true, javascriptEnabled=true, browserName=firefox, rotatable=false, locationContextEnabled=true, version=21.0, cssSelectorsEnabled=true, databaseEnabled=true, handlesAlerts=true, browserConnectionEnabled=true, nativeEvents=true, webStorageEnabled=true, applicationCacheEnabled=true, takesScreenshot=true}]<br>
<br>
<code>org.openqa.selenium.NoSuchElementException: Unable to locate element: {"method":"name","selector":"old_password"}<br/>Command duration or timeout: 30.12 seconds<br/>For documentation on this error, please visit: http://seleniumhq.org/exceptions/no_such_element.html<br/>Build info: version: '2.32.0', revision: '6c40c18', time: '2013-04-09 17:22:56'<br/>System info: os.name: 'Windows XP', os.arch: 'x86', os.version: '5.1', java.version: '1.6.0'<br/>Session ID: aa9b6ec9-ad81-4382-bdf1-7a4fa6669317<br/>Driver info: org.openqa.selenium.firefox.FirefoxDriver<br/>Capabilities [{platform=XP, acceptSslCerts=true, javascriptEnabled=true, browserName=firefox, rotatable=false, locationContextEnabled=true, version=21.0, cssSelectorsEnabled=true, databaseEnabled=true, handlesAlerts=true, browserConnectionEnabled=true, nativeEvents=true, webStorageEnabled=true, applicationCacheEnabled=true, takesScreenshot=true}]<br/>	at java.lang.reflect.Constructor.newInstance(Constructor.java:513)<br/>	at org.openqa.selenium.remote.ErrorHandler.createThrowable(ErrorHandler.java:187)<br/>	at org.openqa.selenium.remote.ErrorHandler.throwIfResponseFailed(ErrorHandler.java:145)<br/>	at org.openqa.selenium.remote.RemoteWebDriver.execute(RemoteWebDriver.java:554)<br/>	at org.openqa.selenium.remote.RemoteWebDriver.findElement(RemoteWebDriver.java:307)<br/>	at org.openqa.selenium.remote.RemoteWebDriver.findElementByName(RemoteWebDriver.java:380)<br/>	at org.openqa.selenium.By$ByName.findElement(By.java:292)<br/>	at org.openqa.selenium.remote.RemoteWebDriver.findElement(RemoteWebDriver.java:299)<br/>	at Core.UserManagement.UserLoginFunctions.UserLoginFunctions.ChangePassword(UserLoginFunctions.java:24)<br/>	at UserManagement.ProfileManagement.RegisteredUserTestCasesForChangePaymentInfo.ValidateExpiryMonthField.ValidatePaymentInfoMonthByEnteringInvalidMonth.testUserProfileChanges(ValidatePaymentInfoMonthByEnteringInvalidMonth.java:32)<br/>Caused by: org.openqa.selenium.remote.ErrorHandler$UnknownServerException: Unable to locate element: {"method":"name","selector":"old_password"}<br/>Build info: version: '2.32.0', revision: '6c40c18', time: '2013-04-09 17:22:56'<br/>System info: os.name: 'Windows XP', os.arch: 'x86', os.version: '5.1', java.version: '1.6.0'<br/>Driver info: driver.version: unknown<br/>	at <anonymous class>.FirefoxDriver.prototype.findElementInternal_(file:///C:/DOCUME~1/HARSHI~1.GOW/LOCALS~1/Temp/anonymous16478webdriver-profile/extensions/fxdriver@googlecode.com/components/driver_component.js:8405)<br/>	at <anonymous class>.fxdriver.Timer.prototype.setTimeout/<.notify(file:///C:/DOCUME~1/HARSHI~1.GOW/LOCALS~1/Temp/anonymous16478webdriver-profile/extensions/fxdriver@googlecode.com/components/driver_component.js:386)<br/></code></td><td>166.647</td>
</tr>
<tr valign="top" class="Error">
<td><a href="SuiteRunner/0_runATFRegression.html">runATFRegression</a></td><td><a name="testUserProfileChanges"></a><a href="SuiteRunner/0_runATFRegression.html#testUserProfileChanges">testUserProfileChanges</a></td><td>Error</td><td>Unable to locate element: {"method":"name","selector":"old_password"} Command duration or timeout: 30.11 seconds For documentation on this error, please visit: http://seleniumhq.org/exceptions/no_such_element.html Build info: version: '2.32.0', revision: '6c40c18', time: '2013-04-09 17:22:56' System info: os.name: 'Windows XP', os.arch: 'x86', os.version: '5.1', java.version: '1.6.0' Session ID: db235b72-af1f-4c89-abc0-3139eef0f132 Driver info: org.openqa.selenium.firefox.FirefoxDriver Capabilities [{platform=XP, acceptSslCerts=true, javascriptEnabled=true, browserName=firefox, rotatable=false, locationContextEnabled=true, version=21.0, cssSelectorsEnabled=true, databaseEnabled=true, handlesAlerts=true, browserConnectionEnabled=true, nativeEvents=true, webStorageEnabled=true, applicationCacheEnabled=true, takesScreenshot=true}]<br>
<br>
<code>org.openqa.selenium.NoSuchElementException: Unable to locate element: {"method":"name","selector":"old_password"}<br/>Command duration or timeout: 30.11 seconds<br/>For documentation on this error, please visit: http://seleniumhq.org/exceptions/no_such_element.html<br/>Build info: version: '2.32.0', revision: '6c40c18', time: '2013-04-09 17:22:56'<br/>System info: os.name: 'Windows XP', os.arch: 'x86', os.version: '5.1', java.version: '1.6.0'<br/>Session ID: db235b72-af1f-4c89-abc0-3139eef0f132<br/>Driver info: org.openqa.selenium.firefox.FirefoxDriver<br/>Capabilities [{platform=XP, acceptSslCerts=true, javascriptEnabled=true, browserName=firefox, rotatable=false, locationContextEnabled=true, version=21.0, cssSelectorsEnabled=true, databaseEnabled=true, handlesAlerts=true, browserConnectionEnabled=true, nativeEvents=true, webStorageEnabled=true, applicationCacheEnabled=true, takesScreenshot=true}]<br/>	at java.lang.reflect.Constructor.newInstance(Constructor.java:513)<br/>	at org.openqa.selenium.remote.ErrorHandler.createThrowable(ErrorHandler.java:187)<br/>	at org.openqa.selenium.remote.ErrorHandler.throwIfResponseFailed(ErrorHandler.java:145)<br/>	at org.openqa.selenium.remote.RemoteWebDriver.execute(RemoteWebDriver.java:554)<br/>	at org.openqa.selenium.remote.RemoteWebDriver.findElement(RemoteWebDriver.java:307)<br/>	at org.openqa.selenium.remote.RemoteWebDriver.findElementByName(RemoteWebDriver.java:380)<br/>	at org.openqa.selenium.By$ByName.findElement(By.java:292)<br/>	at org.openqa.selenium.remote.RemoteWebDriver.findElement(RemoteWebDriver.java:299)<br/>	at Core.UserManagement.UserLoginFunctions.UserLoginFunctions.ChangePassword(UserLoginFunctions.java:24)<br/>	at UserManagement.ProfileManagement.RegisteredUserTestCasesForChangePaymentInfo.ValidateExpiryMonthField.ValidatePaymentInfoMonthMandatoryField.testUserProfileChanges(ValidatePaymentInfoMonthMandatoryField.java:32)<br/>Caused by: org.openqa.selenium.remote.ErrorHandler$UnknownServerException: Unable to locate element: {"method":"name","selector":"old_password"}<br/>Build info: version: '2.32.0', revision: '6c40c18', time: '2013-04-09 17:22:56'<br/>System info: os.name: 'Windows XP', os.arch: 'x86', os.version: '5.1', java.version: '1.6.0'<br/>Driver info: driver.version: unknown<br/>	at <anonymous class>.FirefoxDriver.prototype.findElementInternal_(file:///C:/DOCUME~1/HARSHI~1.GOW/LOCALS~1/Temp/anonymous16480webdriver-profile/extensions/fxdriver@googlecode.com/components/driver_component.js:8405)<br/>	at <anonymous class>.fxdriver.Timer.prototype.setTimeout/<.notify(file:///C:/DOCUME~1/HARSHI~1.GOW/LOCALS~1/Temp/anonymous16480webdriver-profile/extensions/fxdriver@googlecode.com/components/driver_component.js:386)<br/></code></td><td>166.256</td>
</tr>
<tr valign="top" class="Error">
<td><a href="SuiteRunner/0_runATFRegression.html">runATFRegression</a></td><td><a name="testUserProfileChanges"></a><a href="SuiteRunner/0_runATFRegression.html#testUserProfileChanges">testUserProfileChanges</a></td><td>Error</td><td>Unable to locate element: {"method":"name","selector":"old_password"} Command duration or timeout: 30.04 seconds For documentation on this error, please visit: http://seleniumhq.org/exceptions/no_such_element.html Build info: version: '2.32.0', revision: '6c40c18', time: '2013-04-09 17:22:56' System info: os.name: 'Windows XP', os.arch: 'x86', os.version: '5.1', java.version: '1.6.0' Session ID: 490c9156-a598-414e-bc91-4cb131958b5c Driver info: org.openqa.selenium.firefox.FirefoxDriver Capabilities [{platform=XP, acceptSslCerts=true, javascriptEnabled=true, browserName=firefox, rotatable=false, locationContextEnabled=true, version=21.0, cssSelectorsEnabled=true, databaseEnabled=true, handlesAlerts=true, browserConnectionEnabled=true, nativeEvents=true, webStorageEnabled=true, applicationCacheEnabled=true, takesScreenshot=true}]<br>
<br>
<code>org.openqa.selenium.NoSuchElementException: Unable to locate element: {"method":"name","selector":"old_password"}<br/>Command duration or timeout: 30.04 seconds<br/>For documentation on this error, please visit: http://seleniumhq.org/exceptions/no_such_element.html<br/>Build info: version: '2.32.0', revision: '6c40c18', time: '2013-04-09 17:22:56'<br/>System info: os.name: 'Windows XP', os.arch: 'x86', os.version: '5.1', java.version: '1.6.0'<br/>Session ID: 490c9156-a598-414e-bc91-4cb131958b5c<br/>Driver info: org.openqa.selenium.firefox.FirefoxDriver<br/>Capabilities [{platform=XP, acceptSslCerts=true, javascriptEnabled=true, browserName=firefox, rotatable=false, locationContextEnabled=true, version=21.0, cssSelectorsEnabled=true, databaseEnabled=true, handlesAlerts=true, browserConnectionEnabled=true, nativeEvents=true, webStorageEnabled=true, applicationCacheEnabled=true, takesScreenshot=true}]<br/>	at java.lang.reflect.Constructor.newInstance(Constructor.java:513)<br/>	at org.openqa.selenium.remote.ErrorHandler.createThrowable(ErrorHandler.java:187)<br/>	at org.openqa.selenium.remote.ErrorHandler.throwIfResponseFailed(ErrorHandler.java:145)<br/>	at org.openqa.selenium.remote.RemoteWebDriver.execute(RemoteWebDriver.java:554)<br/>	at org.openqa.selenium.remote.RemoteWebDriver.findElement(RemoteWebDriver.java:307)<br/>	at org.openqa.selenium.remote.RemoteWebDriver.findElementByName(RemoteWebDriver.java:380)<br/>	at org.openqa.selenium.By$ByName.findElement(By.java:292)<br/>	at org.openqa.selenium.remote.RemoteWebDriver.findElement(RemoteWebDriver.java:299)<br/>	at Core.UserManagement.UserLoginFunctions.UserLoginFunctions.ChangePassword(UserLoginFunctions.java:24)<br/>	at UserManagement.ProfileManagement.RegisteredUserTestCasesForChangePaymentInfo.ValidateYearField.ValidatePaymentInfoYearFieldByEnteringPastYear.testUserProfileChanges(ValidatePaymentInfoYearFieldByEnteringPastYear.java:35)<br/>Caused by: org.openqa.selenium.remote.ErrorHandler$UnknownServerException: Unable to locate element: {"method":"name","selector":"old_password"}<br/>Build info: version: '2.32.0', revision: '6c40c18', time: '2013-04-09 17:22:56'<br/>System info: os.name: 'Windows XP', os.arch: 'x86', os.version: '5.1', java.version: '1.6.0'<br/>Driver info: driver.version: unknown<br/>	at <anonymous class>.FirefoxDriver.prototype.findElementInternal_(file:///C:/DOCUME~1/HARSHI~1.GOW/LOCALS~1/Temp/anonymous16482webdriver-profile/extensions/fxdriver@googlecode.com/components/driver_component.js:8405)<br/>	at <anonymous class>.fxdriver.Timer.prototype.setTimeout/<.notify(file:///C:/DOCUME~1/HARSHI~1.GOW/LOCALS~1/Temp/anonymous16482webdriver-profile/extensions/fxdriver@googlecode.com/components/driver_component.js:386)<br/></code></td><td>165.818</td>
</tr>
<tr valign="top" class="Error">
<td><a href="SuiteRunner/0_runATFRegression.html">runATFRegression</a></td><td><a name="testUserProfileChanges"></a><a href="SuiteRunner/0_runATFRegression.html#testUserProfileChanges">testUserProfileChanges</a></td><td>Error</td><td>Unable to locate element: {"method":"name","selector":"old_password"} Command duration or timeout: 30.10 seconds For documentation on this error, please visit: http://seleniumhq.org/exceptions/no_such_element.html Build info: version: '2.32.0', revision: '6c40c18', time: '2013-04-09 17:22:56' System info: os.name: 'Windows XP', os.arch: 'x86', os.version: '5.1', java.version: '1.6.0' Session ID: f9ea707d-11aa-4ac3-87da-c57123a67232 Driver info: org.openqa.selenium.firefox.FirefoxDriver Capabilities [{platform=XP, acceptSslCerts=true, javascriptEnabled=true, browserName=firefox, rotatable=false, locationContextEnabled=true, version=21.0, cssSelectorsEnabled=true, databaseEnabled=true, handlesAlerts=true, browserConnectionEnabled=true, nativeEvents=true, webStorageEnabled=true, applicationCacheEnabled=true, takesScreenshot=true}]<br>
<br>
<code>org.openqa.selenium.NoSuchElementException: Unable to locate element: {"method":"name","selector":"old_password"}<br/>Command duration or timeout: 30.10 seconds<br/>For documentation on this error, please visit: http://seleniumhq.org/exceptions/no_such_element.html<br/>Build info: version: '2.32.0', revision: '6c40c18', time: '2013-04-09 17:22:56'<br/>System info: os.name: 'Windows XP', os.arch: 'x86', os.version: '5.1', java.version: '1.6.0'<br/>Session ID: f9ea707d-11aa-4ac3-87da-c57123a67232<br/>Driver info: org.openqa.selenium.firefox.FirefoxDriver<br/>Capabilities [{platform=XP, acceptSslCerts=true, javascriptEnabled=true, browserName=firefox, rotatable=false, locationContextEnabled=true, version=21.0, cssSelectorsEnabled=true, databaseEnabled=true, handlesAlerts=true, browserConnectionEnabled=true, nativeEvents=true, webStorageEnabled=true, applicationCacheEnabled=true, takesScreenshot=true}]<br/>	at java.lang.reflect.Constructor.newInstance(Constructor.java:513)<br/>	at org.openqa.selenium.remote.ErrorHandler.createThrowable(ErrorHandler.java:187)<br/>	at org.openqa.selenium.remote.ErrorHandler.throwIfResponseFailed(ErrorHandler.java:145)<br/>	at org.openqa.selenium.remote.RemoteWebDriver.execute(RemoteWebDriver.java:554)<br/>	at org.openqa.selenium.remote.RemoteWebDriver.findElement(RemoteWebDriver.java:307)<br/>	at org.openqa.selenium.remote.RemoteWebDriver.findElementByName(RemoteWebDriver.java:380)<br/>	at org.openqa.selenium.By$ByName.findElement(By.java:292)<br/>	at org.openqa.selenium.remote.RemoteWebDriver.findElement(RemoteWebDriver.java:299)<br/>	at Core.UserManagement.UserLoginFunctions.UserLoginFunctions.ChangePassword(UserLoginFunctions.java:24)<br/>	at UserManagement.ProfileManagement.RegisteredUserTestCasesForChangePaymentInfo.ValidateYearField.ValidatePaymentInfoYearMandatoryField.testUserProfileChanges(ValidatePaymentInfoYearMandatoryField.java:32)<br/>Caused by: org.openqa.selenium.remote.ErrorHandler$UnknownServerException: Unable to locate element: {"method":"name","selector":"old_password"}<br/>Build info: version: '2.32.0', revision: '6c40c18', time: '2013-04-09 17:22:56'<br/>System info: os.name: 'Windows XP', os.arch: 'x86', os.version: '5.1', java.version: '1.6.0'<br/>Driver info: driver.version: unknown<br/>	at <anonymous class>.FirefoxDriver.prototype.findElementInternal_(file:///C:/DOCUME~1/HARSHI~1.GOW/LOCALS~1/Temp/anonymous16484webdriver-profile/extensions/fxdriver@googlecode.com/components/driver_component.js:8405)<br/>	at <anonymous class>.fxdriver.Timer.prototype.setTimeout/<.notify(file:///C:/DOCUME~1/HARSHI~1.GOW/LOCALS~1/Temp/anonymous16484webdriver-profile/extensions/fxdriver@googlecode.com/components/driver_component.js:386)<br/></code></td><td>159.366</td>
</tr>
<tr valign="top" class="Error">
<td><a href="SuiteRunner/0_runATFRegression.html">runATFRegression</a></td><td><a name="testUserProfileChanges"></a><a href="SuiteRunner/0_runATFRegression.html#testUserProfileChanges">testUserProfileChanges</a></td><td>Error</td><td>Unable to locate element: {"method":"name","selector":"old_password"} Command duration or timeout: 30.10 seconds For documentation on this error, please visit: http://seleniumhq.org/exceptions/no_such_element.html Build info: version: '2.32.0', revision: '6c40c18', time: '2013-04-09 17:22:56' System info: os.name: 'Windows XP', os.arch: 'x86', os.version: '5.1', java.version: '1.6.0' Session ID: 56501a09-5716-4ad7-b31d-0773f989c6e6 Driver info: org.openqa.selenium.firefox.FirefoxDriver Capabilities [{platform=XP, acceptSslCerts=true, javascriptEnabled=true, browserName=firefox, rotatable=false, locationContextEnabled=true, version=21.0, cssSelectorsEnabled=true, databaseEnabled=true, handlesAlerts=true, browserConnectionEnabled=true, nativeEvents=true, webStorageEnabled=true, applicationCacheEnabled=true, takesScreenshot=true}]<br>
<br>
<code>org.openqa.selenium.NoSuchElementException: Unable to locate element: {"method":"name","selector":"old_password"}<br/>Command duration or timeout: 30.10 seconds<br/>For documentation on this error, please visit: http://seleniumhq.org/exceptions/no_such_element.html<br/>Build info: version: '2.32.0', revision: '6c40c18', time: '2013-04-09 17:22:56'<br/>System info: os.name: 'Windows XP', os.arch: 'x86', os.version: '5.1', java.version: '1.6.0'<br/>Session ID: 56501a09-5716-4ad7-b31d-0773f989c6e6<br/>Driver info: org.openqa.selenium.firefox.FirefoxDriver<br/>Capabilities [{platform=XP, acceptSslCerts=true, javascriptEnabled=true, browserName=firefox, rotatable=false, locationContextEnabled=true, version=21.0, cssSelectorsEnabled=true, databaseEnabled=true, handlesAlerts=true, browserConnectionEnabled=true, nativeEvents=true, webStorageEnabled=true, applicationCacheEnabled=true, takesScreenshot=true}]<br/>	at java.lang.reflect.Constructor.newInstance(Constructor.java:513)<br/>	at org.openqa.selenium.remote.ErrorHandler.createThrowable(ErrorHandler.java:187)<br/>	at org.openqa.selenium.remote.ErrorHandler.throwIfResponseFailed(ErrorHandler.java:145)<br/>	at org.openqa.selenium.remote.RemoteWebDriver.execute(RemoteWebDriver.java:554)<br/>	at org.openqa.selenium.remote.RemoteWebDriver.findElement(RemoteWebDriver.java:307)<br/>	at org.openqa.selenium.remote.RemoteWebDriver.findElementByName(RemoteWebDriver.java:380)<br/>	at org.openqa.selenium.By$ByName.findElement(By.java:292)<br/>	at org.openqa.selenium.remote.RemoteWebDriver.findElement(RemoteWebDriver.java:299)<br/>	at Core.UserManagement.UserLoginFunctions.UserLoginFunctions.ChangePassword(UserLoginFunctions.java:24)<br/>	at UserManagement.ProfileManagement.RegisteredUserTestCasesForChangePaymentInfo.ValidateSecurityField.ValidatePaymentInfoSecurityCodeWithInvalidInputLength.testUserProfileChanges(ValidatePaymentInfoSecurityCodeWithInvalidInputLength.java:32)<br/>Caused by: org.openqa.selenium.remote.ErrorHandler$UnknownServerException: Unable to locate element: {"method":"name","selector":"old_password"}<br/>Build info: version: '2.32.0', revision: '6c40c18', time: '2013-04-09 17:22:56'<br/>System info: os.name: 'Windows XP', os.arch: 'x86', os.version: '5.1', java.version: '1.6.0'<br/>Driver info: driver.version: unknown<br/>	at <anonymous class>.FirefoxDriver.prototype.findElementInternal_(file:///C:/DOCUME~1/HARSHI~1.GOW/LOCALS~1/Temp/anonymous16486webdriver-profile/extensions/fxdriver@googlecode.com/components/driver_component.js:8405)<br/>	at <anonymous class>.fxdriver.Timer.prototype.setTimeout/<.notify(file:///C:/DOCUME~1/HARSHI~1.GOW/LOCALS~1/Temp/anonymous16486webdriver-profile/extensions/fxdriver@googlecode.com/components/driver_component.js:386)<br/></code></td><td>164.943</td>
</tr>
<tr valign="top" class="Error">
<td><a href="SuiteRunner/0_runATFRegression.html">runATFRegression</a></td><td><a name="testUserProfileChanges"></a><a href="SuiteRunner/0_runATFRegression.html#testUserProfileChanges">testUserProfileChanges</a></td><td>Error</td><td>Unable to locate element: {"method":"name","selector":"old_password"} Command duration or timeout: 30.04 seconds For documentation on this error, please visit: http://seleniumhq.org/exceptions/no_such_element.html Build info: version: '2.32.0', revision: '6c40c18', time: '2013-04-09 17:22:56' System info: os.name: 'Windows XP', os.arch: 'x86', os.version: '5.1', java.version: '1.6.0' Session ID: dfba8591-5d02-4844-9051-9ea254d6da51 Driver info: org.openqa.selenium.firefox.FirefoxDriver Capabilities [{platform=XP, acceptSslCerts=true, javascriptEnabled=true, browserName=firefox, rotatable=false, locationContextEnabled=true, version=21.0, cssSelectorsEnabled=true, databaseEnabled=true, handlesAlerts=true, browserConnectionEnabled=true, nativeEvents=true, webStorageEnabled=true, applicationCacheEnabled=true, takesScreenshot=true}]<br>
<br>
<code>org.openqa.selenium.NoSuchElementException: Unable to locate element: {"method":"name","selector":"old_password"}<br/>Command duration or timeout: 30.04 seconds<br/>For documentation on this error, please visit: http://seleniumhq.org/exceptions/no_such_element.html<br/>Build info: version: '2.32.0', revision: '6c40c18', time: '2013-04-09 17:22:56'<br/>System info: os.name: 'Windows XP', os.arch: 'x86', os.version: '5.1', java.version: '1.6.0'<br/>Session ID: dfba8591-5d02-4844-9051-9ea254d6da51<br/>Driver info: org.openqa.selenium.firefox.FirefoxDriver<br/>Capabilities [{platform=XP, acceptSslCerts=true, javascriptEnabled=true, browserName=firefox, rotatable=false, locationContextEnabled=true, version=21.0, cssSelectorsEnabled=true, databaseEnabled=true, handlesAlerts=true, browserConnectionEnabled=true, nativeEvents=true, webStorageEnabled=true, applicationCacheEnabled=true, takesScreenshot=true}]<br/>	at java.lang.reflect.Constructor.newInstance(Constructor.java:513)<br/>	at org.openqa.selenium.remote.ErrorHandler.createThrowable(ErrorHandler.java:187)<br/>	at org.openqa.selenium.remote.ErrorHandler.throwIfResponseFailed(ErrorHandler.java:145)<br/>	at org.openqa.selenium.remote.RemoteWebDriver.execute(RemoteWebDriver.java:554)<br/>	at org.openqa.selenium.remote.RemoteWebDriver.findElement(RemoteWebDriver.java:307)<br/>	at org.openqa.selenium.remote.RemoteWebDriver.findElementByName(RemoteWebDriver.java:380)<br/>	at org.openqa.selenium.By$ByName.findElement(By.java:292)<br/>	at org.openqa.selenium.remote.RemoteWebDriver.findElement(RemoteWebDriver.java:299)<br/>	at Core.UserManagement.UserLoginFunctions.UserLoginFunctions.ChangePassword(UserLoginFunctions.java:24)<br/>	at UserManagement.ProfileManagement.RegisteredUserTestCasesForChangePaymentInfo.ValidateSecurityField.ValidatePaymentInfoSecurityCodeByEnteringCharacters.testUserProfileChanges(ValidatePaymentInfoSecurityCodeByEnteringCharacters.java:32)<br/>Caused by: org.openqa.selenium.remote.ErrorHandler$UnknownServerException: Unable to locate element: {"method":"name","selector":"old_password"}<br/>Build info: version: '2.32.0', revision: '6c40c18', time: '2013-04-09 17:22:56'<br/>System info: os.name: 'Windows XP', os.arch: 'x86', os.version: '5.1', java.version: '1.6.0'<br/>Driver info: driver.version: unknown<br/>	at <anonymous class>.FirefoxDriver.prototype.findElementInternal_(file:///C:/DOCUME~1/HARSHI~1.GOW/LOCALS~1/Temp/anonymous16488webdriver-profile/extensions/fxdriver@googlecode.com/components/driver_component.js:8405)<br/>	at <anonymous class>.fxdriver.Timer.prototype.setTimeout/<.notify(file:///C:/DOCUME~1/HARSHI~1.GOW/LOCALS~1/Temp/anonymous16488webdriver-profile/extensions/fxdriver@googlecode.com/components/driver_component.js:386)<br/></code></td><td>166.865</td>
</tr>
<tr valign="top" class="Error">
<td><a href="SuiteRunner/0_runATFRegression.html">runATFRegression</a></td><td><a name="testVerifyChangePinCodeDetailsUpdatedSuccessfully"></a><a href="SuiteRunner/0_runATFRegression.html#testVerifyChangePinCodeDetailsUpdatedSuccessfully">testVerifyChangePinCodeDetailsUpdatedSuccessfully</a></td><td>Error</td><td>Unable to locate element: {"method":"name","selector":"old_password"} Command duration or timeout: 30.04 seconds For documentation on this error, please visit: http://seleniumhq.org/exceptions/no_such_element.html Build info: version: '2.32.0', revision: '6c40c18', time: '2013-04-09 17:22:56' System info: os.name: 'Windows XP', os.arch: 'x86', os.version: '5.1', java.version: '1.6.0' Session ID: abfd4f56-c9ba-4cb5-90cd-d0c74c4e7a08 Driver info: org.openqa.selenium.firefox.FirefoxDriver Capabilities [{platform=XP, acceptSslCerts=true, javascriptEnabled=true, browserName=firefox, rotatable=false, locationContextEnabled=true, version=21.0, cssSelectorsEnabled=true, databaseEnabled=true, handlesAlerts=true, browserConnectionEnabled=true, nativeEvents=true, webStorageEnabled=true, applicationCacheEnabled=true, takesScreenshot=true}]<br>
<br>
<code>org.openqa.selenium.NoSuchElementException: Unable to locate element: {"method":"name","selector":"old_password"}<br/>Command duration or timeout: 30.04 seconds<br/>For documentation on this error, please visit: http://seleniumhq.org/exceptions/no_such_element.html<br/>Build info: version: '2.32.0', revision: '6c40c18', time: '2013-04-09 17:22:56'<br/>System info: os.name: 'Windows XP', os.arch: 'x86', os.version: '5.1', java.version: '1.6.0'<br/>Session ID: abfd4f56-c9ba-4cb5-90cd-d0c74c4e7a08<br/>Driver info: org.openqa.selenium.firefox.FirefoxDriver<br/>Capabilities [{platform=XP, acceptSslCerts=true, javascriptEnabled=true, browserName=firefox, rotatable=false, locationContextEnabled=true, version=21.0, cssSelectorsEnabled=true, databaseEnabled=true, handlesAlerts=true, browserConnectionEnabled=true, nativeEvents=true, webStorageEnabled=true, applicationCacheEnabled=true, takesScreenshot=true}]<br/>	at java.lang.reflect.Constructor.newInstance(Constructor.java:513)<br/>	at org.openqa.selenium.remote.ErrorHandler.createThrowable(ErrorHandler.java:187)<br/>	at org.openqa.selenium.remote.ErrorHandler.throwIfResponseFailed(ErrorHandler.java:145)<br/>	at org.openqa.selenium.remote.RemoteWebDriver.execute(RemoteWebDriver.java:554)<br/>	at org.openqa.selenium.remote.RemoteWebDriver.findElement(RemoteWebDriver.java:307)<br/>	at org.openqa.selenium.remote.RemoteWebDriver.findElementByName(RemoteWebDriver.java:380)<br/>	at org.openqa.selenium.By$ByName.findElement(By.java:292)<br/>	at org.openqa.selenium.remote.RemoteWebDriver.findElement(RemoteWebDriver.java:299)<br/>	at Core.UserManagement.UserLoginFunctions.UserLoginFunctions.ChangePassword(UserLoginFunctions.java:24)<br/>	at UserManagement.ProfileManagement.RegisteredUserTestCasesForChangePinCode.VerifyChangePinCodeDetailsUpdatedSuccessfully.testVerifyChangePinCodeDetailsUpdatedSuccessfully(VerifyChangePinCodeDetailsUpdatedSuccessfully.java:25)<br/>Caused by: org.openqa.selenium.remote.ErrorHandler$UnknownServerException: Unable to locate element: {"method":"name","selector":"old_password"}<br/>Build info: version: '2.32.0', revision: '6c40c18', time: '2013-04-09 17:22:56'<br/>System info: os.name: 'Windows XP', os.arch: 'x86', os.version: '5.1', java.version: '1.6.0'<br/>Driver info: driver.version: unknown<br/>	at <anonymous class>.FirefoxDriver.prototype.findElementInternal_(file:///C:/DOCUME~1/HARSHI~1.GOW/LOCALS~1/Temp/anonymous16490webdriver-profile/extensions/fxdriver@googlecode.com/components/driver_component.js:8405)<br/>	at <anonymous class>.fxdriver.Timer.prototype.setTimeout/<.notify(file:///C:/DOCUME~1/HARSHI~1.GOW/LOCALS~1/Temp/anonymous16490webdriver-profile/extensions/fxdriver@googlecode.com/components/driver_component.js:386)<br/></code></td><td>167.021</td>
</tr>
<tr valign="top" class="Error">
<td><a href="SuiteRunner/0_runATFRegression.html">runATFRegression</a></td><td><a name="testVerifyChangePinCodeDetailsUpdatedSuccessfully"></a><a href="SuiteRunner/0_runATFRegression.html#testVerifyChangePinCodeDetailsUpdatedSuccessfully">testVerifyChangePinCodeDetailsUpdatedSuccessfully</a></td><td>Error</td><td>Unable to locate element: {"method":"name","selector":"old_password"} Command duration or timeout: 30.12 seconds For documentation on this error, please visit: http://seleniumhq.org/exceptions/no_such_element.html Build info: version: '2.32.0', revision: '6c40c18', time: '2013-04-09 17:22:56' System info: os.name: 'Windows XP', os.arch: 'x86', os.version: '5.1', java.version: '1.6.0' Session ID: 03461baf-4b87-4df1-9e9f-c01e50607ef2 Driver info: org.openqa.selenium.firefox.FirefoxDriver Capabilities [{platform=XP, acceptSslCerts=true, javascriptEnabled=true, browserName=firefox, rotatable=false, locationContextEnabled=true, version=21.0, cssSelectorsEnabled=true, databaseEnabled=true, handlesAlerts=true, browserConnectionEnabled=true, nativeEvents=true, webStorageEnabled=true, applicationCacheEnabled=true, takesScreenshot=true}]<br>
<br>
<code>org.openqa.selenium.NoSuchElementException: Unable to locate element: {"method":"name","selector":"old_password"}<br/>Command duration or timeout: 30.12 seconds<br/>For documentation on this error, please visit: http://seleniumhq.org/exceptions/no_such_element.html<br/>Build info: version: '2.32.0', revision: '6c40c18', time: '2013-04-09 17:22:56'<br/>System info: os.name: 'Windows XP', os.arch: 'x86', os.version: '5.1', java.version: '1.6.0'<br/>Session ID: 03461baf-4b87-4df1-9e9f-c01e50607ef2<br/>Driver info: org.openqa.selenium.firefox.FirefoxDriver<br/>Capabilities [{platform=XP, acceptSslCerts=true, javascriptEnabled=true, browserName=firefox, rotatable=false, locationContextEnabled=true, version=21.0, cssSelectorsEnabled=true, databaseEnabled=true, handlesAlerts=true, browserConnectionEnabled=true, nativeEvents=true, webStorageEnabled=true, applicationCacheEnabled=true, takesScreenshot=true}]<br/>	at java.lang.reflect.Constructor.newInstance(Constructor.java:513)<br/>	at org.openqa.selenium.remote.ErrorHandler.createThrowable(ErrorHandler.java:187)<br/>	at org.openqa.selenium.remote.ErrorHandler.throwIfResponseFailed(ErrorHandler.java:145)<br/>	at org.openqa.selenium.remote.RemoteWebDriver.execute(RemoteWebDriver.java:554)<br/>	at org.openqa.selenium.remote.RemoteWebDriver.findElement(RemoteWebDriver.java:307)<br/>	at org.openqa.selenium.remote.RemoteWebDriver.findElementByName(RemoteWebDriver.java:380)<br/>	at org.openqa.selenium.By$ByName.findElement(By.java:292)<br/>	at org.openqa.selenium.remote.RemoteWebDriver.findElement(RemoteWebDriver.java:299)<br/>	at Core.UserManagement.UserLoginFunctions.UserLoginFunctions.ChangePassword(UserLoginFunctions.java:24)<br/>	at UserManagement.ProfileManagement.RegisteredUserTestCasesForChangePinCode.ValidateChangePinCodeAllMandatoryFields.testVerifyChangePinCodeDetailsUpdatedSuccessfully(ValidateChangePinCodeAllMandatoryFields.java:31)<br/>Caused by: org.openqa.selenium.remote.ErrorHandler$UnknownServerException: Unable to locate element: {"method":"name","selector":"old_password"}<br/>Build info: version: '2.32.0', revision: '6c40c18', time: '2013-04-09 17:22:56'<br/>System info: os.name: 'Windows XP', os.arch: 'x86', os.version: '5.1', java.version: '1.6.0'<br/>Driver info: driver.version: unknown<br/>	at <anonymous class>.FirefoxDriver.prototype.findElementInternal_(file:///C:/DOCUME~1/HARSHI~1.GOW/LOCALS~1/Temp/anonymous16492webdriver-profile/extensions/fxdriver@googlecode.com/components/driver_component.js:8405)<br/>	at <anonymous class>.fxdriver.Timer.prototype.setTimeout/<.notify(file:///C:/DOCUME~1/HARSHI~1.GOW/LOCALS~1/Temp/anonymous16492webdriver-profile/extensions/fxdriver@googlecode.com/components/driver_component.js:386)<br/></code></td><td>159.210</td>
</tr>
<tr valign="top" class="Error">
<td><a href="SuiteRunner/0_runATFRegression.html">runATFRegression</a></td><td><a name="testVerifyChangePinCodeDetailsUpdatedSuccessfully"></a><a href="SuiteRunner/0_runATFRegression.html#testVerifyChangePinCodeDetailsUpdatedSuccessfully">testVerifyChangePinCodeDetailsUpdatedSuccessfully</a></td><td>Error</td><td>Unable to locate element: {"method":"name","selector":"old_password"} Command duration or timeout: 30.09 seconds For documentation on this error, please visit: http://seleniumhq.org/exceptions/no_such_element.html Build info: version: '2.32.0', revision: '6c40c18', time: '2013-04-09 17:22:56' System info: os.name: 'Windows XP', os.arch: 'x86', os.version: '5.1', java.version: '1.6.0' Session ID: 0c12dce1-c65c-453d-80d6-385963a2a311 Driver info: org.openqa.selenium.firefox.FirefoxDriver Capabilities [{platform=XP, acceptSslCerts=true, javascriptEnabled=true, browserName=firefox, rotatable=false, locationContextEnabled=true, version=21.0, cssSelectorsEnabled=true, databaseEnabled=true, handlesAlerts=true, browserConnectionEnabled=true, nativeEvents=true, webStorageEnabled=true, applicationCacheEnabled=true, takesScreenshot=true}]<br>
<br>
<code>org.openqa.selenium.NoSuchElementException: Unable to locate element: {"method":"name","selector":"old_password"}<br/>Command duration or timeout: 30.09 seconds<br/>For documentation on this error, please visit: http://seleniumhq.org/exceptions/no_such_element.html<br/>Build info: version: '2.32.0', revision: '6c40c18', time: '2013-04-09 17:22:56'<br/>System info: os.name: 'Windows XP', os.arch: 'x86', os.version: '5.1', java.version: '1.6.0'<br/>Session ID: 0c12dce1-c65c-453d-80d6-385963a2a311<br/>Driver info: org.openqa.selenium.firefox.FirefoxDriver<br/>Capabilities [{platform=XP, acceptSslCerts=true, javascriptEnabled=true, browserName=firefox, rotatable=false, locationContextEnabled=true, version=21.0, cssSelectorsEnabled=true, databaseEnabled=true, handlesAlerts=true, browserConnectionEnabled=true, nativeEvents=true, webStorageEnabled=true, applicationCacheEnabled=true, takesScreenshot=true}]<br/>	at java.lang.reflect.Constructor.newInstance(Constructor.java:513)<br/>	at org.openqa.selenium.remote.ErrorHandler.createThrowable(ErrorHandler.java:187)<br/>	at org.openqa.selenium.remote.ErrorHandler.throwIfResponseFailed(ErrorHandler.java:145)<br/>	at org.openqa.selenium.remote.RemoteWebDriver.execute(RemoteWebDriver.java:554)<br/>	at org.openqa.selenium.remote.RemoteWebDriver.findElement(RemoteWebDriver.java:307)<br/>	at org.openqa.selenium.remote.RemoteWebDriver.findElementByName(RemoteWebDriver.java:380)<br/>	at org.openqa.selenium.By$ByName.findElement(By.java:292)<br/>	at org.openqa.selenium.remote.RemoteWebDriver.findElement(RemoteWebDriver.java:299)<br/>	at Core.UserManagement.UserLoginFunctions.UserLoginFunctions.ChangePassword(UserLoginFunctions.java:24)<br/>	at UserManagement.ProfileManagement.RegisteredUserTestCasesForChangePinCode.ValidatePinCodeField.ValidateChangePinCodeByEnteringInvalidPinLength.testVerifyChangePinCodeDetailsUpdatedSuccessfully(ValidateChangePinCodeByEnteringInvalidPinLength.java:33)<br/>Caused by: org.openqa.selenium.remote.ErrorHandler$UnknownServerException: Unable to locate element: {"method":"name","selector":"old_password"}<br/>Build info: version: '2.32.0', revision: '6c40c18', time: '2013-04-09 17:22:56'<br/>System info: os.name: 'Windows XP', os.arch: 'x86', os.version: '5.1', java.version: '1.6.0'<br/>Driver info: driver.version: unknown<br/>	at <anonymous class>.FirefoxDriver.prototype.findElementInternal_(file:///C:/DOCUME~1/HARSHI~1.GOW/LOCALS~1/Temp/anonymous16494webdriver-profile/extensions/fxdriver@googlecode.com/components/driver_component.js:8405)<br/>	at <anonymous class>.fxdriver.Timer.prototype.setTimeout/<.notify(file:///C:/DOCUME~1/HARSHI~1.GOW/LOCALS~1/Temp/anonymous16494webdriver-profile/extensions/fxdriver@googlecode.com/components/driver_component.js:386)<br/></code></td><td>166.161</td>
</tr>
<tr valign="top" class="Error">
<td><a href="SuiteRunner/0_runATFRegression.html">runATFRegression</a></td><td><a name="testVerifyChangePinCodeDetailsUpdatedSuccessfully"></a><a href="SuiteRunner/0_runATFRegression.html#testVerifyChangePinCodeDetailsUpdatedSuccessfully">testVerifyChangePinCodeDetailsUpdatedSuccessfully</a></td><td>Error</td><td>Unable to locate element: {"method":"name","selector":"old_password"} Command duration or timeout: 30.04 seconds For documentation on this error, please visit: http://seleniumhq.org/exceptions/no_such_element.html Build info: version: '2.32.0', revision: '6c40c18', time: '2013-04-09 17:22:56' System info: os.name: 'Windows XP', os.arch: 'x86', os.version: '5.1', java.version: '1.6.0' Session ID: e7807fea-8157-42e5-a616-92ca04727878 Driver info: org.openqa.selenium.firefox.FirefoxDriver Capabilities [{platform=XP, acceptSslCerts=true, javascriptEnabled=true, browserName=firefox, rotatable=false, locationContextEnabled=true, version=21.0, cssSelectorsEnabled=true, databaseEnabled=true, handlesAlerts=true, browserConnectionEnabled=true, nativeEvents=true, webStorageEnabled=true, applicationCacheEnabled=true, takesScreenshot=true}]<br>
<br>
<code>org.openqa.selenium.NoSuchElementException: Unable to locate element: {"method":"name","selector":"old_password"}<br/>Command duration or timeout: 30.04 seconds<br/>For documentation on this error, please visit: http://seleniumhq.org/exceptions/no_such_element.html<br/>Build info: version: '2.32.0', revision: '6c40c18', time: '2013-04-09 17:22:56'<br/>System info: os.name: 'Windows XP', os.arch: 'x86', os.version: '5.1', java.version: '1.6.0'<br/>Session ID: e7807fea-8157-42e5-a616-92ca04727878<br/>Driver info: org.openqa.selenium.firefox.FirefoxDriver<br/>Capabilities [{platform=XP, acceptSslCerts=true, javascriptEnabled=true, browserName=firefox, rotatable=false, locationContextEnabled=true, version=21.0, cssSelectorsEnabled=true, databaseEnabled=true, handlesAlerts=true, browserConnectionEnabled=true, nativeEvents=true, webStorageEnabled=true, applicationCacheEnabled=true, takesScreenshot=true}]<br/>	at java.lang.reflect.Constructor.newInstance(Constructor.java:513)<br/>	at org.openqa.selenium.remote.ErrorHandler.createThrowable(ErrorHandler.java:187)<br/>	at org.openqa.selenium.remote.ErrorHandler.throwIfResponseFailed(ErrorHandler.java:145)<br/>	at org.openqa.selenium.remote.RemoteWebDriver.execute(RemoteWebDriver.java:554)<br/>	at org.openqa.selenium.remote.RemoteWebDriver.findElement(RemoteWebDriver.java:307)<br/>	at org.openqa.selenium.remote.RemoteWebDriver.findElementByName(RemoteWebDriver.java:380)<br/>	at org.openqa.selenium.By$ByName.findElement(By.java:292)<br/>	at org.openqa.selenium.remote.RemoteWebDriver.findElement(RemoteWebDriver.java:299)<br/>	at Core.UserManagement.UserLoginFunctions.UserLoginFunctions.ChangePassword(UserLoginFunctions.java:24)<br/>	at UserManagement.ProfileManagement.RegisteredUserTestCasesForChangePinCode.ValidatePasswordField.ValidateChangePasswordByEnteringInvalidPass.testVerifyChangePinCodeDetailsUpdatedSuccessfully(ValidateChangePasswordByEnteringInvalidPass.java:33)<br/>Caused by: org.openqa.selenium.remote.ErrorHandler$UnknownServerException: Unable to locate element: {"method":"name","selector":"old_password"}<br/>Build info: version: '2.32.0', revision: '6c40c18', time: '2013-04-09 17:22:56'<br/>System info: os.name: 'Windows XP', os.arch: 'x86', os.version: '5.1', java.version: '1.6.0'<br/>Driver info: driver.version: unknown<br/>	at <anonymous class>.FirefoxDriver.prototype.findElementInternal_(file:///C:/DOCUME~1/HARSHI~1.GOW/LOCALS~1/Temp/anonymous16496webdriver-profile/extensions/fxdriver@googlecode.com/components/driver_component.js:8405)<br/>	at <anonymous class>.fxdriver.Timer.prototype.setTimeout/<.notify(file:///C:/DOCUME~1/HARSHI~1.GOW/LOCALS~1/Temp/anonymous16496webdriver-profile/extensions/fxdriver@googlecode.com/components/driver_component.js:386)<br/></code></td><td>160.569</td>
</tr>
<tr valign="top" class="Error">
<td><a href="SuiteRunner/0_runATFRegression.html">runATFRegression</a></td><td><a name="testVerifyChangePinCodeDetailsUpdatedSuccessfully"></a><a href="SuiteRunner/0_runATFRegression.html#testVerifyChangePinCodeDetailsUpdatedSuccessfully">testVerifyChangePinCodeDetailsUpdatedSuccessfully</a></td><td>Error</td><td>Unable to locate element: {"method":"name","selector":"old_password"} Command duration or timeout: 30.11 seconds For documentation on this error, please visit: http://seleniumhq.org/exceptions/no_such_element.html Build info: version: '2.32.0', revision: '6c40c18', time: '2013-04-09 17:22:56' System info: os.name: 'Windows XP', os.arch: 'x86', os.version: '5.1', java.version: '1.6.0' Session ID: b1b369fb-aeb2-472d-943d-69a00e24b2d5 Driver info: org.openqa.selenium.firefox.FirefoxDriver Capabilities [{platform=XP, acceptSslCerts=true, javascriptEnabled=true, browserName=firefox, rotatable=false, locationContextEnabled=true, version=21.0, cssSelectorsEnabled=true, databaseEnabled=true, handlesAlerts=true, browserConnectionEnabled=true, nativeEvents=true, webStorageEnabled=true, applicationCacheEnabled=true, takesScreenshot=true}]<br>
<br>
<code>org.openqa.selenium.NoSuchElementException: Unable to locate element: {"method":"name","selector":"old_password"}<br/>Command duration or timeout: 30.11 seconds<br/>For documentation on this error, please visit: http://seleniumhq.org/exceptions/no_such_element.html<br/>Build info: version: '2.32.0', revision: '6c40c18', time: '2013-04-09 17:22:56'<br/>System info: os.name: 'Windows XP', os.arch: 'x86', os.version: '5.1', java.version: '1.6.0'<br/>Session ID: b1b369fb-aeb2-472d-943d-69a00e24b2d5<br/>Driver info: org.openqa.selenium.firefox.FirefoxDriver<br/>Capabilities [{platform=XP, acceptSslCerts=true, javascriptEnabled=true, browserName=firefox, rotatable=false, locationContextEnabled=true, version=21.0, cssSelectorsEnabled=true, databaseEnabled=true, handlesAlerts=true, browserConnectionEnabled=true, nativeEvents=true, webStorageEnabled=true, applicationCacheEnabled=true, takesScreenshot=true}]<br/>	at java.lang.reflect.Constructor.newInstance(Constructor.java:513)<br/>	at org.openqa.selenium.remote.ErrorHandler.createThrowable(ErrorHandler.java:187)<br/>	at org.openqa.selenium.remote.ErrorHandler.throwIfResponseFailed(ErrorHandler.java:145)<br/>	at org.openqa.selenium.remote.RemoteWebDriver.execute(RemoteWebDriver.java:554)<br/>	at org.openqa.selenium.remote.RemoteWebDriver.findElement(RemoteWebDriver.java:307)<br/>	at org.openqa.selenium.remote.RemoteWebDriver.findElementByName(RemoteWebDriver.java:380)<br/>	at org.openqa.selenium.By$ByName.findElement(By.java:292)<br/>	at org.openqa.selenium.remote.RemoteWebDriver.findElement(RemoteWebDriver.java:299)<br/>	at Core.UserManagement.UserLoginFunctions.UserLoginFunctions.ChangePassword(UserLoginFunctions.java:24)<br/>	at UserManagement.ProfileManagement.RegisteredUserTestCasesForChangePinCode.ValidatePinCodeField.VerifyEnteredPinIsVisibleWhenUserClicksOnDisplayPin.testVerifyChangePinCodeDetailsUpdatedSuccessfully(VerifyEnteredPinIsVisibleWhenUserClicksOnDisplayPin.java:33)<br/>Caused by: org.openqa.selenium.remote.ErrorHandler$UnknownServerException: Unable to locate element: {"method":"name","selector":"old_password"}<br/>Build info: version: '2.32.0', revision: '6c40c18', time: '2013-04-09 17:22:56'<br/>System info: os.name: 'Windows XP', os.arch: 'x86', os.version: '5.1', java.version: '1.6.0'<br/>Driver info: driver.version: unknown<br/>	at <anonymous class>.FirefoxDriver.prototype.findElementInternal_(file:///C:/DOCUME~1/HARSHI~1.GOW/LOCALS~1/Temp/anonymous16498webdriver-profile/extensions/fxdriver@googlecode.com/components/driver_component.js:8405)<br/>	at <anonymous class>.fxdriver.Timer.prototype.setTimeout/<.notify(file:///C:/DOCUME~1/HARSHI~1.GOW/LOCALS~1/Temp/anonymous16498webdriver-profile/extensions/fxdriver@googlecode.com/components/driver_component.js:386)<br/></code></td><td>159.413</td>
</tr>
<tr valign="top" class="Error">
<td><a href="SuiteRunner/0_runATFRegression.html">runATFRegression</a></td><td><a name="testVerifyChangePinCodeDetailsUpdatedSuccessfully"></a><a href="SuiteRunner/0_runATFRegression.html#testVerifyChangePinCodeDetailsUpdatedSuccessfully">testVerifyChangePinCodeDetailsUpdatedSuccessfully</a></td><td>Error</td><td>Unable to locate element: {"method":"name","selector":"old_password"} Command duration or timeout: 30.11 seconds For documentation on this error, please visit: http://seleniumhq.org/exceptions/no_such_element.html Build info: version: '2.32.0', revision: '6c40c18', time: '2013-04-09 17:22:56' System info: os.name: 'Windows XP', os.arch: 'x86', os.version: '5.1', java.version: '1.6.0' Session ID: 75b1d28e-9246-4141-be8c-6741278c8ec3 Driver info: org.openqa.selenium.firefox.FirefoxDriver Capabilities [{platform=XP, acceptSslCerts=true, javascriptEnabled=true, browserName=firefox, rotatable=false, locationContextEnabled=true, version=21.0, cssSelectorsEnabled=true, databaseEnabled=true, handlesAlerts=true, browserConnectionEnabled=true, nativeEvents=true, webStorageEnabled=true, applicationCacheEnabled=true, takesScreenshot=true}]<br>
<br>
<code>org.openqa.selenium.NoSuchElementException: Unable to locate element: {"method":"name","selector":"old_password"}<br/>Command duration or timeout: 30.11 seconds<br/>For documentation on this error, please visit: http://seleniumhq.org/exceptions/no_such_element.html<br/>Build info: version: '2.32.0', revision: '6c40c18', time: '2013-04-09 17:22:56'<br/>System info: os.name: 'Windows XP', os.arch: 'x86', os.version: '5.1', java.version: '1.6.0'<br/>Session ID: 75b1d28e-9246-4141-be8c-6741278c8ec3<br/>Driver info: org.openqa.selenium.firefox.FirefoxDriver<br/>Capabilities [{platform=XP, acceptSslCerts=true, javascriptEnabled=true, browserName=firefox, rotatable=false, locationContextEnabled=true, version=21.0, cssSelectorsEnabled=true, databaseEnabled=true, handlesAlerts=true, browserConnectionEnabled=true, nativeEvents=true, webStorageEnabled=true, applicationCacheEnabled=true, takesScreenshot=true}]<br/>	at java.lang.reflect.Constructor.newInstance(Constructor.java:513)<br/>	at org.openqa.selenium.remote.ErrorHandler.createThrowable(ErrorHandler.java:187)<br/>	at org.openqa.selenium.remote.ErrorHandler.throwIfResponseFailed(ErrorHandler.java:145)<br/>	at org.openqa.selenium.remote.RemoteWebDriver.execute(RemoteWebDriver.java:554)<br/>	at org.openqa.selenium.remote.RemoteWebDriver.findElement(RemoteWebDriver.java:307)<br/>	at org.openqa.selenium.remote.RemoteWebDriver.findElementByName(RemoteWebDriver.java:380)<br/>	at org.openqa.selenium.By$ByName.findElement(By.java:292)<br/>	at org.openqa.selenium.remote.RemoteWebDriver.findElement(RemoteWebDriver.java:299)<br/>	at Core.UserManagement.UserLoginFunctions.UserLoginFunctions.ChangePassword(UserLoginFunctions.java:24)<br/>	at UserManagement.ProfileManagement.RegisteredUserTestCasesForChangePinCode.ValidatePasswordField.VerifyEnteredPasswordIsVisibleWhenUserClicksOnDisplayPass.testVerifyChangePinCodeDetailsUpdatedSuccessfully(VerifyEnteredPasswordIsVisibleWhenUserClicksOnDisplayPass.java:33)<br/>Caused by: org.openqa.selenium.remote.ErrorHandler$UnknownServerException: Unable to locate element: {"method":"name","selector":"old_password"}<br/>Build info: version: '2.32.0', revision: '6c40c18', time: '2013-04-09 17:22:56'<br/>System info: os.name: 'Windows XP', os.arch: 'x86', os.version: '5.1', java.version: '1.6.0'<br/>Driver info: driver.version: unknown<br/>	at <anonymous class>.FirefoxDriver.prototype.findElementInternal_(file:///C:/DOCUME~1/HARSHI~1.GOW/LOCALS~1/Temp/anonymous16500webdriver-profile/extensions/fxdriver@googlecode.com/components/driver_component.js:8405)<br/>	at <anonymous class>.fxdriver.Timer.prototype.setTimeout/<.notify(file:///C:/DOCUME~1/HARSHI~1.GOW/LOCALS~1/Temp/anonymous16500webdriver-profile/extensions/fxdriver@googlecode.com/components/driver_component.js:386)<br/></code></td><td>165.990</td>
</tr>
<tr valign="top" class="Error">
<td><a href="SuiteRunner/0_runATFRegression.html">runATFRegression</a></td><td><a name="testChangeActivationCode"></a><a href="SuiteRunner/0_runATFRegression.html#testChangeActivationCode">testChangeActivationCode</a></td><td>Error</td><td>Unable to locate element: {"method":"name","selector":"old_password"} Command duration or timeout: 30.04 seconds For documentation on this error, please visit: http://seleniumhq.org/exceptions/no_such_element.html Build info: version: '2.32.0', revision: '6c40c18', time: '2013-04-09 17:22:56' System info: os.name: 'Windows XP', os.arch: 'x86', os.version: '5.1', java.version: '1.6.0' Session ID: 202e0bae-f978-4f2c-817f-06d098b40c0b Driver info: org.openqa.selenium.firefox.FirefoxDriver Capabilities [{platform=XP, acceptSslCerts=true, javascriptEnabled=true, browserName=firefox, rotatable=false, locationContextEnabled=true, version=21.0, cssSelectorsEnabled=true, databaseEnabled=true, handlesAlerts=true, browserConnectionEnabled=true, nativeEvents=true, webStorageEnabled=true, applicationCacheEnabled=true, takesScreenshot=true}]<br>
<br>
<code>org.openqa.selenium.NoSuchElementException: Unable to locate element: {"method":"name","selector":"old_password"}<br/>Command duration or timeout: 30.04 seconds<br/>For documentation on this error, please visit: http://seleniumhq.org/exceptions/no_such_element.html<br/>Build info: version: '2.32.0', revision: '6c40c18', time: '2013-04-09 17:22:56'<br/>System info: os.name: 'Windows XP', os.arch: 'x86', os.version: '5.1', java.version: '1.6.0'<br/>Session ID: 202e0bae-f978-4f2c-817f-06d098b40c0b<br/>Driver info: org.openqa.selenium.firefox.FirefoxDriver<br/>Capabilities [{platform=XP, acceptSslCerts=true, javascriptEnabled=true, browserName=firefox, rotatable=false, locationContextEnabled=true, version=21.0, cssSelectorsEnabled=true, databaseEnabled=true, handlesAlerts=true, browserConnectionEnabled=true, nativeEvents=true, webStorageEnabled=true, applicationCacheEnabled=true, takesScreenshot=true}]<br/>	at java.lang.reflect.Constructor.newInstance(Constructor.java:513)<br/>	at org.openqa.selenium.remote.ErrorHandler.createThrowable(ErrorHandler.java:187)<br/>	at org.openqa.selenium.remote.ErrorHandler.throwIfResponseFailed(ErrorHandler.java:145)<br/>	at org.openqa.selenium.remote.RemoteWebDriver.execute(RemoteWebDriver.java:554)<br/>	at org.openqa.selenium.remote.RemoteWebDriver.findElement(RemoteWebDriver.java:307)<br/>	at org.openqa.selenium.remote.RemoteWebDriver.findElementByName(RemoteWebDriver.java:380)<br/>	at org.openqa.selenium.By$ByName.findElement(By.java:292)<br/>	at org.openqa.selenium.remote.RemoteWebDriver.findElement(RemoteWebDriver.java:299)<br/>	at Core.UserManagement.UserLoginFunctions.UserLoginFunctions.ChangePassword(UserLoginFunctions.java:24)<br/>	at UserManagement.ProfileManagement.RegisteredUserTestCasesForChangeActivationCode.ChangeActivationCodeWithValidAC.ValidateUserActivationCodeUpdatesSuccessfully.testChangeActivationCode(ValidateUserActivationCodeUpdatesSuccessfully.java:32)<br/>Caused by: org.openqa.selenium.remote.ErrorHandler$UnknownServerException: Unable to locate element: {"method":"name","selector":"old_password"}<br/>Build info: version: '2.32.0', revision: '6c40c18', time: '2013-04-09 17:22:56'<br/>System info: os.name: 'Windows XP', os.arch: 'x86', os.version: '5.1', java.version: '1.6.0'<br/>Driver info: driver.version: unknown<br/>	at <anonymous class>.FirefoxDriver.prototype.findElementInternal_(file:///C:/DOCUME~1/HARSHI~1.GOW/LOCALS~1/Temp/anonymous16502webdriver-profile/extensions/fxdriver@googlecode.com/components/driver_component.js:8405)<br/>	at <anonymous class>.fxdriver.Timer.prototype.setTimeout/<.notify(file:///C:/DOCUME~1/HARSHI~1.GOW/LOCALS~1/Temp/anonymous16502webdriver-profile/extensions/fxdriver@googlecode.com/components/driver_component.js:386)<br/></code></td><td>180.488</td>
</tr>
<tr valign="top" class="Error">
<td><a href="SuiteRunner/0_runATFRegression.html">runATFRegression</a></td><td><a name="testChangeActivationCode"></a><a href="SuiteRunner/0_runATFRegression.html#testChangeActivationCode">testChangeActivationCode</a></td><td>Error</td><td>Unable to locate element: {"method":"name","selector":"old_password"} Command duration or timeout: 30.11 seconds For documentation on this error, please visit: http://seleniumhq.org/exceptions/no_such_element.html Build info: version: '2.32.0', revision: '6c40c18', time: '2013-04-09 17:22:56' System info: os.name: 'Windows XP', os.arch: 'x86', os.version: '5.1', java.version: '1.6.0' Session ID: cf940cc0-107b-4ce1-b38d-d2d764bb82c8 Driver info: org.openqa.selenium.firefox.FirefoxDriver Capabilities [{platform=XP, acceptSslCerts=true, javascriptEnabled=true, browserName=firefox, rotatable=false, locationContextEnabled=true, version=21.0, cssSelectorsEnabled=true, databaseEnabled=true, handlesAlerts=true, browserConnectionEnabled=true, nativeEvents=true, webStorageEnabled=true, applicationCacheEnabled=true, takesScreenshot=true}]<br>
<br>
<code>org.openqa.selenium.NoSuchElementException: Unable to locate element: {"method":"name","selector":"old_password"}<br/>Command duration or timeout: 30.11 seconds<br/>For documentation on this error, please visit: http://seleniumhq.org/exceptions/no_such_element.html<br/>Build info: version: '2.32.0', revision: '6c40c18', time: '2013-04-09 17:22:56'<br/>System info: os.name: 'Windows XP', os.arch: 'x86', os.version: '5.1', java.version: '1.6.0'<br/>Session ID: cf940cc0-107b-4ce1-b38d-d2d764bb82c8<br/>Driver info: org.openqa.selenium.firefox.FirefoxDriver<br/>Capabilities [{platform=XP, acceptSslCerts=true, javascriptEnabled=true, browserName=firefox, rotatable=false, locationContextEnabled=true, version=21.0, cssSelectorsEnabled=true, databaseEnabled=true, handlesAlerts=true, browserConnectionEnabled=true, nativeEvents=true, webStorageEnabled=true, applicationCacheEnabled=true, takesScreenshot=true}]<br/>	at java.lang.reflect.Constructor.newInstance(Constructor.java:513)<br/>	at org.openqa.selenium.remote.ErrorHandler.createThrowable(ErrorHandler.java:187)<br/>	at org.openqa.selenium.remote.ErrorHandler.throwIfResponseFailed(ErrorHandler.java:145)<br/>	at org.openqa.selenium.remote.RemoteWebDriver.execute(RemoteWebDriver.java:554)<br/>	at org.openqa.selenium.remote.RemoteWebDriver.findElement(RemoteWebDriver.java:307)<br/>	at org.openqa.selenium.remote.RemoteWebDriver.findElementByName(RemoteWebDriver.java:380)<br/>	at org.openqa.selenium.By$ByName.findElement(By.java:292)<br/>	at org.openqa.selenium.remote.RemoteWebDriver.findElement(RemoteWebDriver.java:299)<br/>	at Core.UserManagement.UserLoginFunctions.UserLoginFunctions.ChangePassword(UserLoginFunctions.java:24)<br/>	at UserManagement.ProfileManagement.RegisteredUserTestCasesForChangeActivationCode.ChangeActivationCodeWithInValidAC.ValidateUserActivationCodeByEnteringInvalidCode.testChangeActivationCode(ValidateUserActivationCodeByEnteringInvalidCode.java:33)<br/>Caused by: org.openqa.selenium.remote.ErrorHandler$UnknownServerException: Unable to locate element: {"method":"name","selector":"old_password"}<br/>Build info: version: '2.32.0', revision: '6c40c18', time: '2013-04-09 17:22:56'<br/>System info: os.name: 'Windows XP', os.arch: 'x86', os.version: '5.1', java.version: '1.6.0'<br/>Driver info: driver.version: unknown<br/>	at <anonymous class>.FirefoxDriver.prototype.findElementInternal_(file:///C:/DOCUME~1/HARSHI~1.GOW/LOCALS~1/Temp/anonymous16504webdriver-profile/extensions/fxdriver@googlecode.com/components/driver_component.js:8405)<br/>	at <anonymous class>.fxdriver.Timer.prototype.setTimeout/<.notify(file:///C:/DOCUME~1/HARSHI~1.GOW/LOCALS~1/Temp/anonymous16504webdriver-profile/extensions/fxdriver@googlecode.com/components/driver_component.js:386)<br/></code></td><td>160.179</td>
</tr>
<tr valign="top" class="TableRowColor">
<td><a href="SuiteRunner/0_runATFRegression.html">runATFRegression</a></td><td><a name="testResetTheXidioPassword"></a><a href="SuiteRunner/0_runATFRegression.html#testResetTheXidioPassword">testResetTheXidioPassword</a></td><td>Success</td><td></td><td>45.962</td>
</tr>
<tr valign="top" class="TableRowColor">
<td><a href="SuiteRunner/0_runATFRegression.html">runATFRegression</a></td><td><a name="testResetTheXidioPasswordWithWrongEmail"></a><a href="SuiteRunner/0_runATFRegression.html#testResetTheXidioPasswordWithWrongEmail">testResetTheXidioPasswordWithWrongEmail</a></td><td>Success</td><td></td><td>43.243</td>
</tr>
<tr valign="top" class="TableRowColor">
<td><a href="SuiteRunner/0_runATFRegression.html">runATFRegression</a></td><td><a name="testResetXidioPasswordWithoutProvidingEmailID"></a><a href="SuiteRunner/0_runATFRegression.html#testResetXidioPasswordWithoutProvidingEmailID">testResetXidioPasswordWithoutProvidingEmailID</a></td><td>Success</td><td></td><td>42.774</td>
</tr>
<tr valign="top" class="TableRowColor">
<td><a href="SuiteRunner/0_runATFRegression.html">runATFRegression</a></td><td><a name="testLoginToXidioApplicationUsingInValidPassword"></a><a href="SuiteRunner/0_runATFRegression.html#testLoginToXidioApplicationUsingInValidPassword">testLoginToXidioApplicationUsingInValidPassword</a></td><td>Success</td><td></td><td>27.543</td>
</tr>
<tr valign="top" class="TableRowColor">
<td><a href="SuiteRunner/0_runATFRegression.html">runATFRegression</a></td><td><a name="testLoginToXidioApplicationUsingInValidUName"></a><a href="SuiteRunner/0_runATFRegression.html#testLoginToXidioApplicationUsingInValidUName">testLoginToXidioApplicationUsingInValidUName</a></td><td>Success</td><td></td><td>28.308</td>
</tr>
<tr valign="top" class="Error">
<td><a href="SuiteRunner/0_runATFRegression.html">runATFRegression</a></td><td><a name="testVerifyFeedbackSubmitedSuccessfully"></a><a href="SuiteRunner/0_runATFRegression.html#testVerifyFeedbackSubmitedSuccessfully">testVerifyFeedbackSubmitedSuccessfully</a></td><td>Error</td><td>Unable to locate element: {"method":"link text","selector":"Skip activation, go to XIDIO"} Command duration or timeout: 30.14 seconds For documentation on this error, please visit: http://seleniumhq.org/exceptions/no_such_element.html Build info: version: '2.32.0', revision: '6c40c18', time: '2013-04-09 17:22:56' System info: os.name: 'Windows XP', os.arch: 'x86', os.version: '5.1', java.version: '1.6.0' Session ID: 1955092f-dd79-4b82-be1a-248f88d4edc1 Driver info: org.openqa.selenium.firefox.FirefoxDriver Capabilities [{platform=XP, acceptSslCerts=true, javascriptEnabled=true, browserName=firefox, rotatable=false, locationContextEnabled=true, version=21.0, cssSelectorsEnabled=true, databaseEnabled=true, handlesAlerts=true, browserConnectionEnabled=true, nativeEvents=true, webStorageEnabled=true, applicationCacheEnabled=true, takesScreenshot=true}]<br>
<br>
<code>org.openqa.selenium.NoSuchElementException: Unable to locate element: {"method":"link text","selector":"Skip activation, go to XIDIO"}<br/>Command duration or timeout: 30.14 seconds<br/>For documentation on this error, please visit: http://seleniumhq.org/exceptions/no_such_element.html<br/>Build info: version: '2.32.0', revision: '6c40c18', time: '2013-04-09 17:22:56'<br/>System info: os.name: 'Windows XP', os.arch: 'x86', os.version: '5.1', java.version: '1.6.0'<br/>Session ID: 1955092f-dd79-4b82-be1a-248f88d4edc1<br/>Driver info: org.openqa.selenium.firefox.FirefoxDriver<br/>Capabilities [{platform=XP, acceptSslCerts=true, javascriptEnabled=true, browserName=firefox, rotatable=false, locationContextEnabled=true, version=21.0, cssSelectorsEnabled=true, databaseEnabled=true, handlesAlerts=true, browserConnectionEnabled=true, nativeEvents=true, webStorageEnabled=true, applicationCacheEnabled=true, takesScreenshot=true}]<br/>	at java.lang.reflect.Constructor.newInstance(Constructor.java:513)<br/>	at org.openqa.selenium.remote.ErrorHandler.createThrowable(ErrorHandler.java:187)<br/>	at org.openqa.selenium.remote.ErrorHandler.throwIfResponseFailed(ErrorHandler.java:145)<br/>	at org.openqa.selenium.remote.RemoteWebDriver.execute(RemoteWebDriver.java:554)<br/>	at org.openqa.selenium.remote.RemoteWebDriver.findElement(RemoteWebDriver.java:307)<br/>	at org.openqa.selenium.remote.RemoteWebDriver.findElementByLinkText(RemoteWebDriver.java:356)<br/>	at org.openqa.selenium.By$ByLinkText.findElement(By.java:241)<br/>	at org.openqa.selenium.remote.RemoteWebDriver.findElement(RemoteWebDriver.java:299)<br/>	at DataServices.UserRegistrationUsingComcastApplication.UserRegistrationUsingComcast.testUserRegistrationUsingComcast(UserRegistrationUsingComcast.java:39)<br/>	at VideoManagement.VideoFeedBackManagement.VerifyFeedbackSubmitedSuccessfully.testVerifyFeedbackSubmitedSuccessfully(VerifyFeedbackSubmitedSuccessfully.java:18)<br/>Caused by: org.openqa.selenium.remote.ErrorHandler$UnknownServerException: Unable to locate element: {"method":"link text","selector":"Skip activation, go to XIDIO"}<br/>Build info: version: '2.32.0', revision: '6c40c18', time: '2013-04-09 17:22:56'<br/>System info: os.name: 'Windows XP', os.arch: 'x86', os.version: '5.1', java.version: '1.6.0'<br/>Driver info: driver.version: unknown<br/>	at <anonymous class>.FirefoxDriver.prototype.findElementInternal_(file:///C:/DOCUME~1/HARSHI~1.GOW/LOCALS~1/Temp/anonymous16518webdriver-profile/extensions/fxdriver@googlecode.com/components/driver_component.js:8405)<br/>	at <anonymous class>.fxdriver.Timer.prototype.setTimeout/<.notify(file:///C:/DOCUME~1/HARSHI~1.GOW/LOCALS~1/Temp/anonymous16518webdriver-profile/extensions/fxdriver@googlecode.com/components/driver_component.js:386)<br/></code></td><td>120.013</td>
</tr>
<tr valign="top" class="Error">
<td><a href="SuiteRunner/0_runATFRegression.html">runATFRegression</a></td><td><a name="testEnsureSearchChannelStoreIsWorkingFine"></a><a href="SuiteRunner/0_runATFRegression.html#testEnsureSearchChannelStoreIsWorkingFine">testEnsureSearchChannelStoreIsWorkingFine</a></td><td>Error</td><td>Unable to locate element: {"method":"name","selector":"old_password"} Command duration or timeout: 30.12 seconds For documentation on this error, please visit: http://seleniumhq.org/exceptions/no_such_element.html Build info: version: '2.32.0', revision: '6c40c18', time: '2013-04-09 17:22:56' System info: os.name: 'Windows XP', os.arch: 'x86', os.version: '5.1', java.version: '1.6.0' Session ID: 812bd903-53b9-4d7f-bc2b-a59398c3e21e Driver info: org.openqa.selenium.firefox.FirefoxDriver Capabilities [{platform=XP, acceptSslCerts=true, javascriptEnabled=true, browserName=firefox, rotatable=false, locationContextEnabled=true, version=21.0, cssSelectorsEnabled=true, databaseEnabled=true, handlesAlerts=true, browserConnectionEnabled=true, nativeEvents=true, webStorageEnabled=true, applicationCacheEnabled=true, takesScreenshot=true}]<br>
<br>
<code>org.openqa.selenium.NoSuchElementException: Unable to locate element: {"method":"name","selector":"old_password"}<br/>Command duration or timeout: 30.12 seconds<br/>For documentation on this error, please visit: http://seleniumhq.org/exceptions/no_such_element.html<br/>Build info: version: '2.32.0', revision: '6c40c18', time: '2013-04-09 17:22:56'<br/>System info: os.name: 'Windows XP', os.arch: 'x86', os.version: '5.1', java.version: '1.6.0'<br/>Session ID: 812bd903-53b9-4d7f-bc2b-a59398c3e21e<br/>Driver info: org.openqa.selenium.firefox.FirefoxDriver<br/>Capabilities [{platform=XP, acceptSslCerts=true, javascriptEnabled=true, browserName=firefox, rotatable=false, locationContextEnabled=true, version=21.0, cssSelectorsEnabled=true, databaseEnabled=true, handlesAlerts=true, browserConnectionEnabled=true, nativeEvents=true, webStorageEnabled=true, applicationCacheEnabled=true, takesScreenshot=true}]<br/>	at java.lang.reflect.Constructor.newInstance(Constructor.java:513)<br/>	at org.openqa.selenium.remote.ErrorHandler.createThrowable(ErrorHandler.java:187)<br/>	at org.openqa.selenium.remote.ErrorHandler.throwIfResponseFailed(ErrorHandler.java:145)<br/>	at org.openqa.selenium.remote.RemoteWebDriver.execute(RemoteWebDriver.java:554)<br/>	at org.openqa.selenium.remote.RemoteWebDriver.findElement(RemoteWebDriver.java:307)<br/>	at org.openqa.selenium.remote.RemoteWebDriver.findElementByName(RemoteWebDriver.java:380)<br/>	at org.openqa.selenium.By$ByName.findElement(By.java:292)<br/>	at org.openqa.selenium.remote.RemoteWebDriver.findElement(RemoteWebDriver.java:299)<br/>	at Core.UserManagement.UserLoginFunctions.UserLoginFunctions.ChangePassword(UserLoginFunctions.java:24)<br/>	at VideoManagement.VideoSearchFunctionality.SearchVideoByCategory.EnsureSearchChannelStoreIsWorkingFine.testEnsureSearchChannelStoreIsWorkingFine(EnsureSearchChannelStoreIsWorkingFine.java:26)<br/>Caused by: org.openqa.selenium.remote.ErrorHandler$UnknownServerException: Unable to locate element: {"method":"name","selector":"old_password"}<br/>Build info: version: '2.32.0', revision: '6c40c18', time: '2013-04-09 17:22:56'<br/>System info: os.name: 'Windows XP', os.arch: 'x86', os.version: '5.1', java.version: '1.6.0'<br/>Driver info: driver.version: unknown<br/>	at <anonymous class>.FirefoxDriver.prototype.findElementInternal_(file:///C:/DOCUME~1/HARSHI~1.GOW/LOCALS~1/Temp/anonymous16520webdriver-profile/extensions/fxdriver@googlecode.com/components/driver_component.js:8405)<br/>	at <anonymous class>.fxdriver.Timer.prototype.setTimeout/<.notify(file:///C:/DOCUME~1/HARSHI~1.GOW/LOCALS~1/Temp/anonymous16520webdriver-profile/extensions/fxdriver@googlecode.com/components/driver_component.js:386)<br/></code></td><td>158.366</td>
</tr>
<tr valign="top" class="Error">
<td><a href="SuiteRunner/0_runATFRegression.html">runATFRegression</a></td><td><a name="testVerifySelectedCategoryAndSubCategoryVideosAreDisplayed"></a><a href="SuiteRunner/0_runATFRegression.html#testVerifySelectedCategoryAndSubCategoryVideosAreDisplayed">testVerifySelectedCategoryAndSubCategoryVideosAreDisplayed</a></td><td>Error</td><td>Unable to locate element: {"method":"link text","selector":"XIDIO"} Command duration or timeout: 30.14 seconds For documentation on this error, please visit: http://seleniumhq.org/exceptions/no_such_element.html Build info: version: '2.32.0', revision: '6c40c18', time: '2013-04-09 17:22:56' System info: os.name: 'Windows XP', os.arch: 'x86', os.version: '5.1', java.version: '1.6.0' Session ID: 319ba4fd-52d2-4b5a-864e-273af45b82fd Driver info: org.openqa.selenium.firefox.FirefoxDriver Capabilities [{platform=XP, acceptSslCerts=true, javascriptEnabled=true, browserName=firefox, rotatable=false, locationContextEnabled=true, version=21.0, cssSelectorsEnabled=true, databaseEnabled=true, handlesAlerts=true, browserConnectionEnabled=true, nativeEvents=true, webStorageEnabled=true, applicationCacheEnabled=true, takesScreenshot=true}]<br>
<br>
<code>org.openqa.selenium.NoSuchElementException: Unable to locate element: {"method":"link text","selector":"XIDIO"}<br/>Command duration or timeout: 30.14 seconds<br/>For documentation on this error, please visit: http://seleniumhq.org/exceptions/no_such_element.html<br/>Build info: version: '2.32.0', revision: '6c40c18', time: '2013-04-09 17:22:56'<br/>System info: os.name: 'Windows XP', os.arch: 'x86', os.version: '5.1', java.version: '1.6.0'<br/>Session ID: 319ba4fd-52d2-4b5a-864e-273af45b82fd<br/>Driver info: org.openqa.selenium.firefox.FirefoxDriver<br/>Capabilities [{platform=XP, acceptSslCerts=true, javascriptEnabled=true, browserName=firefox, rotatable=false, locationContextEnabled=true, version=21.0, cssSelectorsEnabled=true, databaseEnabled=true, handlesAlerts=true, browserConnectionEnabled=true, nativeEvents=true, webStorageEnabled=true, applicationCacheEnabled=true, takesScreenshot=true}]<br/>	at java.lang.reflect.Constructor.newInstance(Constructor.java:513)<br/>	at org.openqa.selenium.remote.ErrorHandler.createThrowable(ErrorHandler.java:187)<br/>	at org.openqa.selenium.remote.ErrorHandler.throwIfResponseFailed(ErrorHandler.java:145)<br/>	at org.openqa.selenium.remote.RemoteWebDriver.execute(RemoteWebDriver.java:554)<br/>	at org.openqa.selenium.remote.RemoteWebDriver.findElement(RemoteWebDriver.java:307)<br/>	at org.openqa.selenium.remote.RemoteWebDriver.findElementByLinkText(RemoteWebDriver.java:356)<br/>	at org.openqa.selenium.By$ByLinkText.findElement(By.java:241)<br/>	at org.openqa.selenium.remote.RemoteWebDriver.findElement(RemoteWebDriver.java:299)<br/>	at VideoManagement.VideoSearchFunctionality.SearchVideoByCategory.VerifySelectedCategoryAndSubCategoryVideosAreDisplayed.testVerifySelectedCategoryAndSubCategoryVideosAreDisplayed(VerifySelectedCategoryAndSubCategoryVideosAreDisplayed.java:20)<br/>Caused by: org.openqa.selenium.remote.ErrorHandler$UnknownServerException: Unable to locate element: {"method":"link text","selector":"XIDIO"}<br/>Build info: version: '2.32.0', revision: '6c40c18', time: '2013-04-09 17:22:56'<br/>System info: os.name: 'Windows XP', os.arch: 'x86', os.version: '5.1', java.version: '1.6.0'<br/>Driver info: driver.version: unknown<br/>	at <anonymous class>.FirefoxDriver.prototype.findElementInternal_(file:///C:/DOCUME~1/HARSHI~1.GOW/LOCALS~1/Temp/anonymous16522webdriver-profile/extensions/fxdriver@googlecode.com/components/driver_component.js:8405)<br/>	at <anonymous class>.fxdriver.Timer.prototype.setTimeout/<.notify(file:///C:/DOCUME~1/HARSHI~1.GOW/LOCALS~1/Temp/anonymous16522webdriver-profile/extensions/fxdriver@googlecode.com/components/driver_component.js:386)<br/></code></td><td>56.945</td>
</tr>
<tr valign="top" class="Error">
<td><a href="SuiteRunner/0_runATFRegression.html">runATFRegression</a></td><td><a name="testVerifySubcriptionOfPaidVideo"></a><a href="SuiteRunner/0_runATFRegression.html#testVerifySubcriptionOfPaidVideo">testVerifySubcriptionOfPaidVideo</a></td><td>Error</td><td>Unable to locate element: {"method":"name","selector":"old_password"} Command duration or timeout: 30.03 seconds For documentation on this error, please visit: http://seleniumhq.org/exceptions/no_such_element.html Build info: version: '2.32.0', revision: '6c40c18', time: '2013-04-09 17:22:56' System info: os.name: 'Windows XP', os.arch: 'x86', os.version: '5.1', java.version: '1.6.0' Session ID: 7a7908d7-a94e-4d8b-8ba0-fa087c370982 Driver info: org.openqa.selenium.firefox.FirefoxDriver Capabilities [{platform=XP, acceptSslCerts=true, javascriptEnabled=true, browserName=firefox, rotatable=false, locationContextEnabled=true, version=21.0, cssSelectorsEnabled=true, databaseEnabled=true, handlesAlerts=true, browserConnectionEnabled=true, nativeEvents=true, webStorageEnabled=true, applicationCacheEnabled=true, takesScreenshot=true}]<br>
<br>
<code>org.openqa.selenium.NoSuchElementException: Unable to locate element: {"method":"name","selector":"old_password"}<br/>Command duration or timeout: 30.03 seconds<br/>For documentation on this error, please visit: http://seleniumhq.org/exceptions/no_such_element.html<br/>Build info: version: '2.32.0', revision: '6c40c18', time: '2013-04-09 17:22:56'<br/>System info: os.name: 'Windows XP', os.arch: 'x86', os.version: '5.1', java.version: '1.6.0'<br/>Session ID: 7a7908d7-a94e-4d8b-8ba0-fa087c370982<br/>Driver info: org.openqa.selenium.firefox.FirefoxDriver<br/>Capabilities [{platform=XP, acceptSslCerts=true, javascriptEnabled=true, browserName=firefox, rotatable=false, locationContextEnabled=true, version=21.0, cssSelectorsEnabled=true, databaseEnabled=true, handlesAlerts=true, browserConnectionEnabled=true, nativeEvents=true, webStorageEnabled=true, applicationCacheEnabled=true, takesScreenshot=true}]<br/>	at java.lang.reflect.Constructor.newInstance(Constructor.java:513)<br/>	at org.openqa.selenium.remote.ErrorHandler.createThrowable(ErrorHandler.java:187)<br/>	at org.openqa.selenium.remote.ErrorHandler.throwIfResponseFailed(ErrorHandler.java:145)<br/>	at org.openqa.selenium.remote.RemoteWebDriver.execute(RemoteWebDriver.java:554)<br/>	at org.openqa.selenium.remote.RemoteWebDriver.findElement(RemoteWebDriver.java:307)<br/>	at org.openqa.selenium.remote.RemoteWebDriver.findElementByName(RemoteWebDriver.java:380)<br/>	at org.openqa.selenium.By$ByName.findElement(By.java:292)<br/>	at org.openqa.selenium.remote.RemoteWebDriver.findElement(RemoteWebDriver.java:299)<br/>	at Core.UserManagement.UserLoginFunctions.UserLoginFunctions.ChangePassword(UserLoginFunctions.java:24)<br/>	at VideoManagement.VideoSubscriptionManagement.PaidSubscriptionForVideo.VerifySubcriptionOfPaidVideo.testVerifySubcriptionOfPaidVideo(VerifySubcriptionOfPaidVideo.java:25)<br/>Caused by: org.openqa.selenium.remote.ErrorHandler$UnknownServerException: Unable to locate element: {"method":"name","selector":"old_password"}<br/>Build info: version: '2.32.0', revision: '6c40c18', time: '2013-04-09 17:22:56'<br/>System info: os.name: 'Windows XP', os.arch: 'x86', os.version: '5.1', java.version: '1.6.0'<br/>Driver info: driver.version: unknown<br/>	at <anonymous class>.FirefoxDriver.prototype.findElementInternal_(file:///C:/DOCUME~1/HARSHI~1.GOW/LOCALS~1/Temp/anonymous16524webdriver-profile/extensions/fxdriver@googlecode.com/components/driver_component.js:8405)<br/>	at <anonymous class>.fxdriver.Timer.prototype.setTimeout/<.notify(file:///C:/DOCUME~1/HARSHI~1.GOW/LOCALS~1/Temp/anonymous16524webdriver-profile/extensions/fxdriver@googlecode.com/components/driver_component.js:386)<br/></code></td><td>169.068</td>
</tr>
<tr valign="top" class="TableRowColor">
<td><a href="SuiteRunner/1_runDemoTestSuite.html">runDemoTestSuite</a></td><td><a name="testUserRegistration"></a><a href="SuiteRunner/1_runDemoTestSuite.html#testUserRegistration">testUserRegistration</a></td><td>Success</td><td></td><td>104.328</td>
</tr>
</table>
</body>
</html>
