<html xmlns:lxslt="http://xml.apache.org/xslt" xmlns:stringutils="xalan://org.apache.tools.ant.util.StringUtils">
<head>
<META http-equiv="Content-Type" content="text/html; charset=US-ASCII">
<title>Unit Test Results: All Tests</title>
<link rel="stylesheet" type="text/css" title="Style" href="stylesheet.css">
</head>
<body onload="open('allclasses-frame.html','classListFrame')">
<h1>Unit Test Results</h1>
<table width="100%">
<tr>
<td align="left"></td><td align="right">Designed for use with <a href="http://www.junit.org/">JUnit</a> and <a href="http://ant.apache.org/">Ant</a>.</td>
</tr>
</table>
<hr size="1">
<h2>All Tests</h2>
<table class="details" border="0" cellpadding="5" cellspacing="2" width="95%">
<tr valign="top">
<th>Class</th><th>Name</th><th>Status</th><th width="80%">Type</th><th nowrap>Time(s)</th>
</tr>
<tr valign="top" class="TableRowColor">
<td><a href="SuiteRunner/0_runATFRegression.html">runATFRegression</a></td><td><a name="testRegistrationToXidioApplicationByClickingActivation"></a><a href="SuiteRunner/0_runATFRegression.html#testRegistrationToXidioApplicationByClickingActivation">testRegistrationToXidioApplicationByClickingActivation</a></td><td>Success</td><td></td><td>84.951</td>
</tr>
<tr valign="top" class="Error">
<td><a href="SuiteRunner/0_runATFRegression.html">runATFRegression</a></td><td><a name="testUserRegistration"></a><a href="SuiteRunner/0_runATFRegression.html#testUserRegistration">testUserRegistration</a></td><td>Error</td><td>Unable to locate element: {"method":"id","selector":"terms_conditions_accept"} Command duration or timeout: 30.13 seconds For documentation on this error, please visit: http://seleniumhq.org/exceptions/no_such_element.html Build info: version: '2.32.0', revision: '6c40c18', time: '2013-04-09 17:22:56' System info: os.name: 'Windows XP', os.arch: 'x86', os.version: '5.1', java.version: '1.6.0' Session ID: 57c73b54-7540-4b86-83f8-792a48da8f4e Driver info: org.openqa.selenium.firefox.FirefoxDriver Capabilities [{platform=XP, acceptSslCerts=true, javascriptEnabled=true, browserName=firefox, rotatable=false, locationContextEnabled=true, version=21.0, cssSelectorsEnabled=true, databaseEnabled=true, handlesAlerts=true, browserConnectionEnabled=true, nativeEvents=true, webStorageEnabled=true, applicationCacheEnabled=true, takesScreenshot=true}]<br>
<br>
<code>org.openqa.selenium.NoSuchElementException: Unable to locate element: {"method":"id","selector":"terms_conditions_accept"}<br/>Command duration or timeout: 30.13 seconds<br/>For documentation on this error, please visit: http://seleniumhq.org/exceptions/no_such_element.html<br/>Build info: version: '2.32.0', revision: '6c40c18', time: '2013-04-09 17:22:56'<br/>System info: os.name: 'Windows XP', os.arch: 'x86', os.version: '5.1', java.version: '1.6.0'<br/>Session ID: 57c73b54-7540-4b86-83f8-792a48da8f4e<br/>Driver info: org.openqa.selenium.firefox.FirefoxDriver<br/>Capabilities [{platform=XP, acceptSslCerts=true, javascriptEnabled=true, browserName=firefox, rotatable=false, locationContextEnabled=true, version=21.0, cssSelectorsEnabled=true, databaseEnabled=true, handlesAlerts=true, browserConnectionEnabled=true, nativeEvents=true, webStorageEnabled=true, applicationCacheEnabled=true, takesScreenshot=true}]<br/>	at java.lang.reflect.Constructor.newInstance(Constructor.java:513)<br/>	at org.openqa.selenium.remote.ErrorHandler.createThrowable(ErrorHandler.java:187)<br/>	at org.openqa.selenium.remote.ErrorHandler.throwIfResponseFailed(ErrorHandler.java:145)<br/>	at org.openqa.selenium.remote.RemoteWebDriver.execute(RemoteWebDriver.java:554)<br/>	at org.openqa.selenium.remote.RemoteWebDriver.findElement(RemoteWebDriver.java:307)<br/>	at org.openqa.selenium.remote.RemoteWebDriver.findElementById(RemoteWebDriver.java:348)<br/>	at org.openqa.selenium.By$ById.findElement(By.java:216)<br/>	at org.openqa.selenium.remote.RemoteWebDriver.findElement(RemoteWebDriver.java:299)<br/>	at UserManagement.UserRegistration.RegisterToXidioApplicationUsingValidCredentials.testUserRegistration(RegisterToXidioApplicationUsingValidCredentials.java:39)<br/>Caused by: org.openqa.selenium.remote.ErrorHandler$UnknownServerException: Unable to locate element: {"method":"id","selector":"terms_conditions_accept"}<br/>Build info: version: '2.32.0', revision: '6c40c18', time: '2013-04-09 17:22:56'<br/>System info: os.name: 'Windows XP', os.arch: 'x86', os.version: '5.1', java.version: '1.6.0'<br/>Driver info: driver.version: unknown<br/>	at <anonymous class>.FirefoxDriver.prototype.findElementInternal_(file:///C:/DOCUME~1/HARSHI~1.GOW/LOCALS~1/Temp/anonymous60457webdriver-profile/extensions/fxdriver@googlecode.com/components/driver_component.js:8405)<br/>	at <anonymous class>.fxdriver.Timer.prototype.setTimeout/<.notify(file:///C:/DOCUME~1/HARSHI~1.GOW/LOCALS~1/Temp/anonymous60457webdriver-profile/extensions/fxdriver@googlecode.com/components/driver_component.js:386)<br/></code></td><td>73.685</td>
</tr>
<tr valign="top" class="Error">
<td><a href="SuiteRunner/0_runATFRegression.html">runATFRegression</a></td><td><a name="testRegistrationToXidioApplicationBySkipingPaymentStepAndActivationStep"></a><a href="SuiteRunner/0_runATFRegression.html#testRegistrationToXidioApplicationBySkipingPaymentStepAndActivationStep">testRegistrationToXidioApplicationBySkipingPaymentStepAndActivationStep</a></td><td>Error</td><td>Unable to locate element: {"method":"link text","selector":"Skip this step"} Command duration or timeout: 30.11 seconds For documentation on this error, please visit: http://seleniumhq.org/exceptions/no_such_element.html Build info: version: '2.32.0', revision: '6c40c18', time: '2013-04-09 17:22:56' System info: os.name: 'Windows XP', os.arch: 'x86', os.version: '5.1', java.version: '1.6.0' Session ID: e3c5cbe1-de1c-4cc4-b7a7-7c32c0a126cf Driver info: org.openqa.selenium.firefox.FirefoxDriver Capabilities [{platform=XP, acceptSslCerts=true, javascriptEnabled=true, browserName=firefox, rotatable=false, locationContextEnabled=true, version=21.0, cssSelectorsEnabled=true, databaseEnabled=true, handlesAlerts=true, browserConnectionEnabled=true, nativeEvents=true, webStorageEnabled=true, applicationCacheEnabled=true, takesScreenshot=true}]<br>
<br>
<code>org.openqa.selenium.NoSuchElementException: Unable to locate element: {"method":"link text","selector":"Skip this step"}<br/>Command duration or timeout: 30.11 seconds<br/>For documentation on this error, please visit: http://seleniumhq.org/exceptions/no_such_element.html<br/>Build info: version: '2.32.0', revision: '6c40c18', time: '2013-04-09 17:22:56'<br/>System info: os.name: 'Windows XP', os.arch: 'x86', os.version: '5.1', java.version: '1.6.0'<br/>Session ID: e3c5cbe1-de1c-4cc4-b7a7-7c32c0a126cf<br/>Driver info: org.openqa.selenium.firefox.FirefoxDriver<br/>Capabilities [{platform=XP, acceptSslCerts=true, javascriptEnabled=true, browserName=firefox, rotatable=false, locationContextEnabled=true, version=21.0, cssSelectorsEnabled=true, databaseEnabled=true, handlesAlerts=true, browserConnectionEnabled=true, nativeEvents=true, webStorageEnabled=true, applicationCacheEnabled=true, takesScreenshot=true}]<br/>	at java.lang.reflect.Constructor.newInstance(Constructor.java:513)<br/>	at org.openqa.selenium.remote.ErrorHandler.createThrowable(ErrorHandler.java:187)<br/>	at org.openqa.selenium.remote.ErrorHandler.throwIfResponseFailed(ErrorHandler.java:145)<br/>	at org.openqa.selenium.remote.RemoteWebDriver.execute(RemoteWebDriver.java:554)<br/>	at org.openqa.selenium.remote.RemoteWebDriver.findElement(RemoteWebDriver.java:307)<br/>	at org.openqa.selenium.remote.RemoteWebDriver.findElementByLinkText(RemoteWebDriver.java:356)<br/>	at org.openqa.selenium.By$ByLinkText.findElement(By.java:241)<br/>	at org.openqa.selenium.remote.RemoteWebDriver.findElement(RemoteWebDriver.java:299)<br/>	at UserManagement.UserRegistration.UserRegistrationTestCasesForActivationCode.UserRegBySkipingActivationCode.RegisterToXidioApplicationBySkipingPaymentStepAndActivationStep.testRegistrationToXidioApplicationBySkipingPaymentStepAndActivationStep(RegisterToXidioApplicationBySkipingPaymentStepAndActivationStep.java:28)<br/>Caused by: org.openqa.selenium.remote.ErrorHandler$UnknownServerException: Unable to locate element: {"method":"link text","selector":"Skip this step"}<br/>Build info: version: '2.32.0', revision: '6c40c18', time: '2013-04-09 17:22:56'<br/>System info: os.name: 'Windows XP', os.arch: 'x86', os.version: '5.1', java.version: '1.6.0'<br/>Driver info: driver.version: unknown<br/>	at <anonymous class>.FirefoxDriver.prototype.findElementInternal_(file:///C:/DOCUME~1/HARSHI~1.GOW/LOCALS~1/Temp/anonymous60459webdriver-profile/extensions/fxdriver@googlecode.com/components/driver_component.js:8405)<br/>	at <anonymous class>.fxdriver.Timer.prototype.setTimeout/<.notify(file:///C:/DOCUME~1/HARSHI~1.GOW/LOCALS~1/Temp/anonymous60459webdriver-profile/extensions/fxdriver@googlecode.com/components/driver_component.js:386)<br/></code></td><td>58.796</td>
</tr>
<tr valign="top" class="Error">
<td><a href="SuiteRunner/0_runATFRegression.html">runATFRegression</a></td><td><a name="testRegistrationToXidioApplicationWithValidCredentialByDeclingTermAndCondition"></a><a href="SuiteRunner/0_runATFRegression.html#testRegistrationToXidioApplicationWithValidCredentialByDeclingTermAndCondition">testRegistrationToXidioApplicationWithValidCredentialByDeclingTermAndCondition</a></td><td>Error</td><td>Element is not currently visible and so may not be interacted with Command duration or timeout: 30.09 seconds Build info: version: '2.32.0', revision: '6c40c18', time: '2013-04-09 17:22:56' System info: os.name: 'Windows XP', os.arch: 'x86', os.version: '5.1', java.version: '1.6.0' Session ID: 6a819744-26c8-4017-b1dd-ea2178565d1c Driver info: org.openqa.selenium.firefox.FirefoxDriver Capabilities [{platform=XP, acceptSslCerts=true, javascriptEnabled=true, browserName=firefox, rotatable=false, locationContextEnabled=true, version=21.0, cssSelectorsEnabled=true, databaseEnabled=true, handlesAlerts=true, browserConnectionEnabled=true, nativeEvents=true, webStorageEnabled=true, applicationCacheEnabled=true, takesScreenshot=true}]<br>
<br>
<code>org.openqa.selenium.ElementNotVisibleException: Element is not currently visible and so may not be interacted with<br/>Command duration or timeout: 30.09 seconds<br/>Build info: version: '2.32.0', revision: '6c40c18', time: '2013-04-09 17:22:56'<br/>System info: os.name: 'Windows XP', os.arch: 'x86', os.version: '5.1', java.version: '1.6.0'<br/>Session ID: 6a819744-26c8-4017-b1dd-ea2178565d1c<br/>Driver info: org.openqa.selenium.firefox.FirefoxDriver<br/>Capabilities [{platform=XP, acceptSslCerts=true, javascriptEnabled=true, browserName=firefox, rotatable=false, locationContextEnabled=true, version=21.0, cssSelectorsEnabled=true, databaseEnabled=true, handlesAlerts=true, browserConnectionEnabled=true, nativeEvents=true, webStorageEnabled=true, applicationCacheEnabled=true, takesScreenshot=true}]<br/>	at java.lang.reflect.Constructor.newInstance(Constructor.java:513)<br/>	at org.openqa.selenium.remote.ErrorHandler.createThrowable(ErrorHandler.java:187)<br/>	at org.openqa.selenium.remote.ErrorHandler.throwIfResponseFailed(ErrorHandler.java:145)<br/>	at org.openqa.selenium.remote.RemoteWebDriver.execute(RemoteWebDriver.java:554)<br/>	at org.openqa.selenium.remote.RemoteWebElement.execute(RemoteWebElement.java:268)<br/>	at org.openqa.selenium.remote.RemoteWebElement.clear(RemoteWebElement.java:113)<br/>	at Core.UserManagement.UserRegistrationFunction.Common.UserRegistrationFunction.CreditCardDetials(UserRegistrationFunction.java:14)<br/>	at DataServices.UserRegistrationUsingComcastApplication.UserRegistrationUsingComcast.testUserRegistrationUsingComcast(UserRegistrationUsingComcast.java:36)<br/>	at UserManagement.UserRegistration.UserRegistrationTestCasesForTermsAndCondition.UserRegByDeclineTermAndCondition.RegisterToXidioApplicationWithValidCredentialByDeclineTermAndCondition.testRegistrationToXidioApplicationWithValidCredentialByDeclingTermAndCondition(RegisterToXidioApplicationWithValidCredentialByDeclineTermAndCondition.java:20)<br/>Caused by: org.openqa.selenium.remote.ErrorHandler$UnknownServerException: Element is not currently visible and so may not be interacted with<br/>Build info: version: '2.32.0', revision: '6c40c18', time: '2013-04-09 17:22:56'<br/>System info: os.name: 'Windows XP', os.arch: 'x86', os.version: '5.1', java.version: '1.6.0'<br/>Driver info: driver.version: unknown<br/>	at <anonymous class>.fxdriver.preconditions.visible(file:///C:/DOCUME~1/HARSHI~1.GOW/LOCALS~1/Temp/anonymous60461webdriver-profile/extensions/fxdriver@googlecode.com/components/command_processor.js:7682)<br/>	at <anonymous class>.DelayedCommand.prototype.checkPreconditions_(file:///C:/DOCUME~1/HARSHI~1.GOW/LOCALS~1/Temp/anonymous60461webdriver-profile/extensions/fxdriver@googlecode.com/components/command_processor.js:10402)<br/>	at <anonymous class>.DelayedCommand.prototype.executeInternal_/h(file:///C:/DOCUME~1/HARSHI~1.GOW/LOCALS~1/Temp/anonymous60461webdriver-profile/extensions/fxdriver@googlecode.com/components/command_processor.js:10421)<br/>	at <anonymous class>.fxdriver.Timer.prototype.setTimeout/<.notify(file:///C:/DOCUME~1/HARSHI~1.GOW/LOCALS~1/Temp/anonymous60461webdriver-profile/extensions/fxdriver@googlecode.com/components/command_processor.js:386)<br/></code></td><td>83.764</td>
</tr>
<tr valign="top" class="TableRowColor">
<td><a href="SuiteRunner/0_runATFRegression.html">runATFRegression</a></td><td><a name="testRegisterToXidioApplicationDirectlyWithPaymentDetailsWithoutPersonalInfo"></a><a href="SuiteRunner/0_runATFRegression.html#testRegisterToXidioApplicationDirectlyWithPaymentDetailsWithoutPersonalInfo">testRegisterToXidioApplicationDirectlyWithPaymentDetailsWithoutPersonalInfo</a></td><td>Success</td><td></td><td>41.389</td>
</tr>
<tr valign="top" class="TableRowColor">
<td><a href="SuiteRunner/0_runATFRegression.html">runATFRegression</a></td><td><a name="testRegisterToXidioApplicationWithoutFirstName"></a><a href="SuiteRunner/0_runATFRegression.html#testRegisterToXidioApplicationWithoutFirstName">testRegisterToXidioApplicationWithoutFirstName</a></td><td>Success</td><td></td><td>32.125</td>
</tr>
<tr valign="top" class="TableRowColor">
<td><a href="SuiteRunner/0_runATFRegression.html">runATFRegression</a></td><td><a name="testRegisterToXidioApplicationWithoutLastName"></a><a href="SuiteRunner/0_runATFRegression.html#testRegisterToXidioApplicationWithoutLastName">testRegisterToXidioApplicationWithoutLastName</a></td><td>Success</td><td></td><td>31.734</td>
</tr>
<tr valign="top" class="TableRowColor">
<td><a href="SuiteRunner/0_runATFRegression.html">runATFRegression</a></td><td><a name="testRegisterToXidioApplicationWithoutEnteringAddress"></a><a href="SuiteRunner/0_runATFRegression.html#testRegisterToXidioApplicationWithoutEnteringAddress">testRegisterToXidioApplicationWithoutEnteringAddress</a></td><td>Success</td><td></td><td>31.843</td>
</tr>
<tr valign="top" class="TableRowColor">
<td><a href="SuiteRunner/0_runATFRegression.html">runATFRegression</a></td><td><a name="testRegisterToXidioApplicationWithoutEnteringCity"></a><a href="SuiteRunner/0_runATFRegression.html#testRegisterToXidioApplicationWithoutEnteringCity">testRegisterToXidioApplicationWithoutEnteringCity</a></td><td>Success</td><td></td><td>31.861</td>
</tr>
<tr valign="top" class="TableRowColor">
<td><a href="SuiteRunner/0_runATFRegression.html">runATFRegression</a></td><td><a name="testRegisterToXidioApplicationWithoutEnteringZip"></a><a href="SuiteRunner/0_runATFRegression.html#testRegisterToXidioApplicationWithoutEnteringZip">testRegisterToXidioApplicationWithoutEnteringZip</a></td><td>Success</td><td></td><td>31.487</td>
</tr>
<tr valign="top" class="TableRowColor">
<td><a href="SuiteRunner/0_runATFRegression.html">runATFRegression</a></td><td><a name="testRegisterToXidioApplicationWithoutEnteringEmail"></a><a href="SuiteRunner/0_runATFRegression.html#testRegisterToXidioApplicationWithoutEnteringEmail">testRegisterToXidioApplicationWithoutEnteringEmail</a></td><td>Success</td><td></td><td>31.424</td>
</tr>
<tr valign="top" class="TableRowColor">
<td><a href="SuiteRunner/0_runATFRegression.html">runATFRegression</a></td><td><a name="testRegisterToXidioApplicationByEnteringInValidEmail"></a><a href="SuiteRunner/0_runATFRegression.html#testRegisterToXidioApplicationByEnteringInValidEmail">testRegisterToXidioApplicationByEnteringInValidEmail</a></td><td>Success</td><td></td><td>32.049</td>
</tr>
<tr valign="top" class="TableRowColor">
<td><a href="SuiteRunner/0_runATFRegression.html">runATFRegression</a></td><td><a name="testRegisterToXidioApplicationWithEnteringInValidZip"></a><a href="SuiteRunner/0_runATFRegression.html#testRegisterToXidioApplicationWithEnteringInValidZip">testRegisterToXidioApplicationWithEnteringInValidZip</a></td><td>Success</td><td></td><td>32.018</td>
</tr>
<tr valign="top" class="TableRowColor">
<td><a href="SuiteRunner/0_runATFRegression.html">runATFRegression</a></td><td><a name="testRegisterToXidioApplicationWithEnteringInValidZip"></a><a href="SuiteRunner/0_runATFRegression.html#testRegisterToXidioApplicationWithEnteringInValidZip">testRegisterToXidioApplicationWithEnteringInValidZip</a></td><td>Success</td><td></td><td>33.564</td>
</tr>
<tr valign="top" class="TableRowColor">
<td><a href="SuiteRunner/0_runATFRegression.html">runATFRegression</a></td><td><a name="testRegisterToXidioApplicationWithoutEnteringMobileNumber"></a><a href="SuiteRunner/0_runATFRegression.html#testRegisterToXidioApplicationWithoutEnteringMobileNumber">testRegisterToXidioApplicationWithoutEnteringMobileNumber</a></td><td>Success</td><td></td><td>29.502</td>
</tr>
<tr valign="top" class="TableRowColor">
<td><a href="SuiteRunner/0_runATFRegression.html">runATFRegression</a></td><td><a name="testRegisterToXidioApplicationByEnteringInValidMobileNumber"></a><a href="SuiteRunner/0_runATFRegression.html#testRegisterToXidioApplicationByEnteringInValidMobileNumber">testRegisterToXidioApplicationByEnteringInValidMobileNumber</a></td><td>Success</td><td></td><td>31.659</td>
</tr>
<tr valign="top" class="TableRowColor">
<td><a href="SuiteRunner/0_runATFRegression.html">runATFRegression</a></td><td><a name="testRegisterToXidioApplicationWithoutEnteringPassword"></a><a href="SuiteRunner/0_runATFRegression.html#testRegisterToXidioApplicationWithoutEnteringPassword">testRegisterToXidioApplicationWithoutEnteringPassword</a></td><td>Success</td><td></td><td>29.815</td>
</tr>
<tr valign="top" class="TableRowColor">
<td><a href="SuiteRunner/0_runATFRegression.html">runATFRegression</a></td><td><a name="testRegisterToXidioApplicationByEnteringInValidPassword"></a><a href="SuiteRunner/0_runATFRegression.html#testRegisterToXidioApplicationByEnteringInValidPassword">testRegisterToXidioApplicationByEnteringInValidPassword</a></td><td>Success</td><td></td><td>31.955</td>
</tr>
<tr valign="top" class="TableRowColor">
<td><a href="SuiteRunner/0_runATFRegression.html">runATFRegression</a></td><td><a name="testRegisterToXidioApplicationByEnteringInValidPassword"></a><a href="SuiteRunner/0_runATFRegression.html#testRegisterToXidioApplicationByEnteringInValidPassword">testRegisterToXidioApplicationByEnteringInValidPassword</a></td><td>Success</td><td></td><td>32.079</td>
</tr>
<tr valign="top" class="TableRowColor">
<td><a href="SuiteRunner/0_runATFRegression.html">runATFRegression</a></td><td><a name="testRegisterToXidioApplicationByEnteringInValidLengthOfPassword"></a><a href="SuiteRunner/0_runATFRegression.html#testRegisterToXidioApplicationByEnteringInValidLengthOfPassword">testRegisterToXidioApplicationByEnteringInValidLengthOfPassword</a></td><td>Success</td><td></td><td>32.501</td>
</tr>
<tr valign="top" class="Error">
<td><a href="SuiteRunner/0_runATFRegression.html">runATFRegression</a></td><td><a name="testRegisterToXidioApplicationWithNoCreditCardNumber"></a><a href="SuiteRunner/0_runATFRegression.html#testRegisterToXidioApplicationWithNoCreditCardNumber">testRegisterToXidioApplicationWithNoCreditCardNumber</a></td><td>Error</td><td>Element is not currently visible and so may not be interacted with Command duration or timeout: 30.08 seconds Build info: version: '2.32.0', revision: '6c40c18', time: '2013-04-09 17:22:56' System info: os.name: 'Windows XP', os.arch: 'x86', os.version: '5.1', java.version: '1.6.0' Session ID: 8805331e-1856-4230-b920-8eb3efc615bd Driver info: org.openqa.selenium.firefox.FirefoxDriver Capabilities [{platform=XP, acceptSslCerts=true, javascriptEnabled=true, browserName=firefox, rotatable=false, locationContextEnabled=true, version=21.0, cssSelectorsEnabled=true, databaseEnabled=true, handlesAlerts=true, browserConnectionEnabled=true, nativeEvents=true, webStorageEnabled=true, applicationCacheEnabled=true, takesScreenshot=true}]<br>
<br>
<code>org.openqa.selenium.ElementNotVisibleException: Element is not currently visible and so may not be interacted with<br/>Command duration or timeout: 30.08 seconds<br/>Build info: version: '2.32.0', revision: '6c40c18', time: '2013-04-09 17:22:56'<br/>System info: os.name: 'Windows XP', os.arch: 'x86', os.version: '5.1', java.version: '1.6.0'<br/>Session ID: 8805331e-1856-4230-b920-8eb3efc615bd<br/>Driver info: org.openqa.selenium.firefox.FirefoxDriver<br/>Capabilities [{platform=XP, acceptSslCerts=true, javascriptEnabled=true, browserName=firefox, rotatable=false, locationContextEnabled=true, version=21.0, cssSelectorsEnabled=true, databaseEnabled=true, handlesAlerts=true, browserConnectionEnabled=true, nativeEvents=true, webStorageEnabled=true, applicationCacheEnabled=true, takesScreenshot=true}]<br/>	at java.lang.reflect.Constructor.newInstance(Constructor.java:513)<br/>	at org.openqa.selenium.remote.ErrorHandler.createThrowable(ErrorHandler.java:187)<br/>	at org.openqa.selenium.remote.ErrorHandler.throwIfResponseFailed(ErrorHandler.java:145)<br/>	at org.openqa.selenium.remote.RemoteWebDriver.execute(RemoteWebDriver.java:554)<br/>	at org.openqa.selenium.remote.RemoteWebElement.execute(RemoteWebElement.java:268)<br/>	at org.openqa.selenium.remote.RemoteWebElement.click(RemoteWebElement.java:79)<br/>	at org.openqa.selenium.support.ui.Select.setSelected(Select.java:318)<br/>	at org.openqa.selenium.support.ui.Select.selectByVisibleText(Select.java:116)<br/>	at Core.UserManagement.UserRegistrationFunction.Scenario.UserRegistrationValidationFuncitons.ValidateCreditCardNumberMandatoryField(UserRegistrationValidationFuncitons.java:356)<br/>	at UserManagement.UserRegistration.UserRegistrationTestCasesForCreditCardDetails.UserRegWithNoCCNumber.RegisterToXidioApplicationWithNoCreditCardNumber.testRegisterToXidioApplicationWithNoCreditCardNumber(RegisterToXidioApplicationWithNoCreditCardNumber.java:34)<br/>Caused by: org.openqa.selenium.remote.ErrorHandler$UnknownServerException: Element is not currently visible and so may not be interacted with<br/>Build info: version: '2.32.0', revision: '6c40c18', time: '2013-04-09 17:22:56'<br/>System info: os.name: 'Windows XP', os.arch: 'x86', os.version: '5.1', java.version: '1.6.0'<br/>Driver info: driver.version: unknown<br/>	at <anonymous class>.fxdriver.preconditions.visible(file:///C:/DOCUME~1/HARSHI~1.GOW/LOCALS~1/Temp/anonymous60495webdriver-profile/extensions/fxdriver@googlecode.com/components/command_processor.js:7682)<br/>	at <anonymous class>.DelayedCommand.prototype.checkPreconditions_(file:///C:/DOCUME~1/HARSHI~1.GOW/LOCALS~1/Temp/anonymous60495webdriver-profile/extensions/fxdriver@googlecode.com/components/command_processor.js:10402)<br/>	at <anonymous class>.DelayedCommand.prototype.executeInternal_/h(file:///C:/DOCUME~1/HARSHI~1.GOW/LOCALS~1/Temp/anonymous60495webdriver-profile/extensions/fxdriver@googlecode.com/components/command_processor.js:10421)<br/>	at <anonymous class>.fxdriver.Timer.prototype.setTimeout/<.notify(file:///C:/DOCUME~1/HARSHI~1.GOW/LOCALS~1/Temp/anonymous60495webdriver-profile/extensions/fxdriver@googlecode.com/components/command_processor.js:386)<br/></code></td><td>89.172</td>
</tr>
<tr valign="top" class="Error">
<td><a href="SuiteRunner/0_runATFRegression.html">runATFRegression</a></td><td><a name="testRegisterToXidioApplicationWithInvalidCreditCardNumber"></a><a href="SuiteRunner/0_runATFRegression.html#testRegisterToXidioApplicationWithInvalidCreditCardNumber">testRegisterToXidioApplicationWithInvalidCreditCardNumber</a></td><td>Error</td><td>Element is not currently visible and so may not be interacted with Command duration or timeout: 30.11 seconds Build info: version: '2.32.0', revision: '6c40c18', time: '2013-04-09 17:22:56' System info: os.name: 'Windows XP', os.arch: 'x86', os.version: '5.1', java.version: '1.6.0' Session ID: 14799882-a1fa-4907-b0a9-ef572893068f Driver info: org.openqa.selenium.firefox.FirefoxDriver Capabilities [{platform=XP, acceptSslCerts=true, javascriptEnabled=true, browserName=firefox, rotatable=false, locationContextEnabled=true, version=21.0, cssSelectorsEnabled=true, databaseEnabled=true, handlesAlerts=true, browserConnectionEnabled=true, nativeEvents=true, webStorageEnabled=true, applicationCacheEnabled=true, takesScreenshot=true}]<br>
<br>
<code>org.openqa.selenium.ElementNotVisibleException: Element is not currently visible and so may not be interacted with<br/>Command duration or timeout: 30.11 seconds<br/>Build info: version: '2.32.0', revision: '6c40c18', time: '2013-04-09 17:22:56'<br/>System info: os.name: 'Windows XP', os.arch: 'x86', os.version: '5.1', java.version: '1.6.0'<br/>Session ID: 14799882-a1fa-4907-b0a9-ef572893068f<br/>Driver info: org.openqa.selenium.firefox.FirefoxDriver<br/>Capabilities [{platform=XP, acceptSslCerts=true, javascriptEnabled=true, browserName=firefox, rotatable=false, locationContextEnabled=true, version=21.0, cssSelectorsEnabled=true, databaseEnabled=true, handlesAlerts=true, browserConnectionEnabled=true, nativeEvents=true, webStorageEnabled=true, applicationCacheEnabled=true, takesScreenshot=true}]<br/>	at java.lang.reflect.Constructor.newInstance(Constructor.java:513)<br/>	at org.openqa.selenium.remote.ErrorHandler.createThrowable(ErrorHandler.java:187)<br/>	at org.openqa.selenium.remote.ErrorHandler.throwIfResponseFailed(ErrorHandler.java:145)<br/>	at org.openqa.selenium.remote.RemoteWebDriver.execute(RemoteWebDriver.java:554)<br/>	at org.openqa.selenium.remote.RemoteWebElement.execute(RemoteWebElement.java:268)<br/>	at org.openqa.selenium.remote.RemoteWebElement.clear(RemoteWebElement.java:113)<br/>	at UserManagement.UserRegistration.UserRegistrationTestCasesForCreditCardDetails.UserRegWithInvalidCCNumber.RegisterToXidioApplicationWithInvalidCreditCardNumber.testRegisterToXidioApplicationWithInvalidCreditCardNumber(RegisterToXidioApplicationWithInvalidCreditCardNumber.java:33)<br/>Caused by: org.openqa.selenium.remote.ErrorHandler$UnknownServerException: Element is not currently visible and so may not be interacted with<br/>Build info: version: '2.32.0', revision: '6c40c18', time: '2013-04-09 17:22:56'<br/>System info: os.name: 'Windows XP', os.arch: 'x86', os.version: '5.1', java.version: '1.6.0'<br/>Driver info: driver.version: unknown<br/>	at <anonymous class>.fxdriver.preconditions.visible(file:///C:/DOCUME~1/HARSHI~1.GOW/LOCALS~1/Temp/anonymous60497webdriver-profile/extensions/fxdriver@googlecode.com/components/command_processor.js:7682)<br/>	at <anonymous class>.DelayedCommand.prototype.checkPreconditions_(file:///C:/DOCUME~1/HARSHI~1.GOW/LOCALS~1/Temp/anonymous60497webdriver-profile/extensions/fxdriver@googlecode.com/components/command_processor.js:10402)<br/>	at <anonymous class>.DelayedCommand.prototype.executeInternal_/h(file:///C:/DOCUME~1/HARSHI~1.GOW/LOCALS~1/Temp/anonymous60497webdriver-profile/extensions/fxdriver@googlecode.com/components/command_processor.js:10421)<br/>	at <anonymous class>.fxdriver.Timer.prototype.setTimeout/<.notify(file:///C:/DOCUME~1/HARSHI~1.GOW/LOCALS~1/Temp/anonymous60497webdriver-profile/extensions/fxdriver@googlecode.com/components/command_processor.js:386)<br/></code></td><td>76.984</td>
</tr>
<tr valign="top" class="Error">
<td><a href="SuiteRunner/0_runATFRegression.html">runATFRegression</a></td><td><a name="testRegisterToXidioApplicationWithInvalidSecurityCodeLength"></a><a href="SuiteRunner/0_runATFRegression.html#testRegisterToXidioApplicationWithInvalidSecurityCodeLength">testRegisterToXidioApplicationWithInvalidSecurityCodeLength</a></td><td>Error</td><td>Element is not currently visible and so may not be interacted with Command duration or timeout: 30.03 seconds Build info: version: '2.32.0', revision: '6c40c18', time: '2013-04-09 17:22:56' System info: os.name: 'Windows XP', os.arch: 'x86', os.version: '5.1', java.version: '1.6.0' Session ID: 710ec2a5-1ffa-4d28-a376-8c200d3939ca Driver info: org.openqa.selenium.firefox.FirefoxDriver Capabilities [{platform=XP, acceptSslCerts=true, javascriptEnabled=true, browserName=firefox, rotatable=false, locationContextEnabled=true, version=21.0, cssSelectorsEnabled=true, databaseEnabled=true, handlesAlerts=true, browserConnectionEnabled=true, nativeEvents=true, webStorageEnabled=true, applicationCacheEnabled=true, takesScreenshot=true}]<br>
<br>
<code>org.openqa.selenium.ElementNotVisibleException: Element is not currently visible and so may not be interacted with<br/>Command duration or timeout: 30.03 seconds<br/>Build info: version: '2.32.0', revision: '6c40c18', time: '2013-04-09 17:22:56'<br/>System info: os.name: 'Windows XP', os.arch: 'x86', os.version: '5.1', java.version: '1.6.0'<br/>Session ID: 710ec2a5-1ffa-4d28-a376-8c200d3939ca<br/>Driver info: org.openqa.selenium.firefox.FirefoxDriver<br/>Capabilities [{platform=XP, acceptSslCerts=true, javascriptEnabled=true, browserName=firefox, rotatable=false, locationContextEnabled=true, version=21.0, cssSelectorsEnabled=true, databaseEnabled=true, handlesAlerts=true, browserConnectionEnabled=true, nativeEvents=true, webStorageEnabled=true, applicationCacheEnabled=true, takesScreenshot=true}]<br/>	at java.lang.reflect.Constructor.newInstance(Constructor.java:513)<br/>	at org.openqa.selenium.remote.ErrorHandler.createThrowable(ErrorHandler.java:187)<br/>	at org.openqa.selenium.remote.ErrorHandler.throwIfResponseFailed(ErrorHandler.java:145)<br/>	at org.openqa.selenium.remote.RemoteWebDriver.execute(RemoteWebDriver.java:554)<br/>	at org.openqa.selenium.remote.RemoteWebElement.execute(RemoteWebElement.java:268)<br/>	at org.openqa.selenium.remote.RemoteWebElement.clear(RemoteWebElement.java:113)<br/>	at UserManagement.UserRegistration.UserRegistrationTestCasesForCreditCardDetails.UserRegWithInvalidSecurityCode.UserRegWithInvalidSecurityCodeLength.RegisterToXidioApplicationWithInvalidSecurityCodeLength.testRegisterToXidioApplicationWithInvalidSecurityCodeLength(RegisterToXidioApplicationWithInvalidSecurityCodeLength.java:32)<br/>Caused by: org.openqa.selenium.remote.ErrorHandler$UnknownServerException: Element is not currently visible and so may not be interacted with<br/>Build info: version: '2.32.0', revision: '6c40c18', time: '2013-04-09 17:22:56'<br/>System info: os.name: 'Windows XP', os.arch: 'x86', os.version: '5.1', java.version: '1.6.0'<br/>Driver info: driver.version: unknown<br/>	at <anonymous class>.fxdriver.preconditions.visible(file:///C:/DOCUME~1/HARSHI~1.GOW/LOCALS~1/Temp/anonymous60499webdriver-profile/extensions/fxdriver@googlecode.com/components/command_processor.js:7682)<br/>	at <anonymous class>.DelayedCommand.prototype.checkPreconditions_(file:///C:/DOCUME~1/HARSHI~1.GOW/LOCALS~1/Temp/anonymous60499webdriver-profile/extensions/fxdriver@googlecode.com/components/command_processor.js:10402)<br/>	at <anonymous class>.DelayedCommand.prototype.executeInternal_/h(file:///C:/DOCUME~1/HARSHI~1.GOW/LOCALS~1/Temp/anonymous60499webdriver-profile/extensions/fxdriver@googlecode.com/components/command_processor.js:10421)<br/>	at <anonymous class>.fxdriver.Timer.prototype.setTimeout/<.notify(file:///C:/DOCUME~1/HARSHI~1.GOW/LOCALS~1/Temp/anonymous60499webdriver-profile/extensions/fxdriver@googlecode.com/components/command_processor.js:386)<br/></code></td><td>74.188</td>
</tr>
<tr valign="top" class="Error">
<td><a href="SuiteRunner/0_runATFRegression.html">runATFRegression</a></td><td><a name="testRegisterToXidioApplicationWithInvalidSecurityCodeLength"></a><a href="SuiteRunner/0_runATFRegression.html#testRegisterToXidioApplicationWithInvalidSecurityCodeLength">testRegisterToXidioApplicationWithInvalidSecurityCodeLength</a></td><td>Error</td><td>Unable to locate element: {"method":"id","selector":"terms_conditions_accept"} Command duration or timeout: 30.03 seconds For documentation on this error, please visit: http://seleniumhq.org/exceptions/no_such_element.html Build info: version: '2.32.0', revision: '6c40c18', time: '2013-04-09 17:22:56' System info: os.name: 'Windows XP', os.arch: 'x86', os.version: '5.1', java.version: '1.6.0' Session ID: 06688a3d-1fb1-4ad5-bbb9-66fa915fb929 Driver info: org.openqa.selenium.firefox.FirefoxDriver Capabilities [{platform=XP, acceptSslCerts=true, javascriptEnabled=true, browserName=firefox, rotatable=false, locationContextEnabled=true, version=21.0, cssSelectorsEnabled=true, databaseEnabled=true, handlesAlerts=true, browserConnectionEnabled=true, nativeEvents=true, webStorageEnabled=true, applicationCacheEnabled=true, takesScreenshot=true}]<br>
<br>
<code>org.openqa.selenium.NoSuchElementException: Unable to locate element: {"method":"id","selector":"terms_conditions_accept"}<br/>Command duration or timeout: 30.03 seconds<br/>For documentation on this error, please visit: http://seleniumhq.org/exceptions/no_such_element.html<br/>Build info: version: '2.32.0', revision: '6c40c18', time: '2013-04-09 17:22:56'<br/>System info: os.name: 'Windows XP', os.arch: 'x86', os.version: '5.1', java.version: '1.6.0'<br/>Session ID: 06688a3d-1fb1-4ad5-bbb9-66fa915fb929<br/>Driver info: org.openqa.selenium.firefox.FirefoxDriver<br/>Capabilities [{platform=XP, acceptSslCerts=true, javascriptEnabled=true, browserName=firefox, rotatable=false, locationContextEnabled=true, version=21.0, cssSelectorsEnabled=true, databaseEnabled=true, handlesAlerts=true, browserConnectionEnabled=true, nativeEvents=true, webStorageEnabled=true, applicationCacheEnabled=true, takesScreenshot=true}]<br/>	at java.lang.reflect.Constructor.newInstance(Constructor.java:513)<br/>	at org.openqa.selenium.remote.ErrorHandler.createThrowable(ErrorHandler.java:187)<br/>	at org.openqa.selenium.remote.ErrorHandler.throwIfResponseFailed(ErrorHandler.java:145)<br/>	at org.openqa.selenium.remote.RemoteWebDriver.execute(RemoteWebDriver.java:554)<br/>	at org.openqa.selenium.remote.RemoteWebDriver.findElement(RemoteWebDriver.java:307)<br/>	at org.openqa.selenium.remote.RemoteWebDriver.findElementById(RemoteWebDriver.java:348)<br/>	at org.openqa.selenium.By$ById.findElement(By.java:216)<br/>	at org.openqa.selenium.remote.RemoteWebDriver.findElement(RemoteWebDriver.java:299)<br/>	at UserManagement.UserRegistration.UserRegistrationTestCasesForCreditCardDetails.UserRegWithNoSecurityCode.RegisterToXidioApplicationWithNoSecurityCode.testRegisterToXidioApplicationWithInvalidSecurityCodeLength(RegisterToXidioApplicationWithNoSecurityCode.java:31)<br/>Caused by: org.openqa.selenium.remote.ErrorHandler$UnknownServerException: Unable to locate element: {"method":"id","selector":"terms_conditions_accept"}<br/>Build info: version: '2.32.0', revision: '6c40c18', time: '2013-04-09 17:22:56'<br/>System info: os.name: 'Windows XP', os.arch: 'x86', os.version: '5.1', java.version: '1.6.0'<br/>Driver info: driver.version: unknown<br/>	at <anonymous class>.FirefoxDriver.prototype.findElementInternal_(file:///C:/DOCUME~1/HARSHI~1.GOW/LOCALS~1/Temp/anonymous60501webdriver-profile/extensions/fxdriver@googlecode.com/components/driver_component.js:8405)<br/>	at <anonymous class>.fxdriver.Timer.prototype.setTimeout/<.notify(file:///C:/DOCUME~1/HARSHI~1.GOW/LOCALS~1/Temp/anonymous60501webdriver-profile/extensions/fxdriver@googlecode.com/components/driver_component.js:386)<br/></code></td><td>70.889</td>
</tr>
<tr valign="top" class="Error">
<td><a href="SuiteRunner/0_runATFRegression.html">runATFRegression</a></td><td><a name="testRegisterToXidioApplicationWithNoCreditCardNumber"></a><a href="SuiteRunner/0_runATFRegression.html#testRegisterToXidioApplicationWithNoCreditCardNumber">testRegisterToXidioApplicationWithNoCreditCardNumber</a></td><td>Error</td><td>Unable to locate element: {"method":"id","selector":"terms_conditions_accept"} Command duration or timeout: 30.09 seconds For documentation on this error, please visit: http://seleniumhq.org/exceptions/no_such_element.html Build info: version: '2.32.0', revision: '6c40c18', time: '2013-04-09 17:22:56' System info: os.name: 'Windows XP', os.arch: 'x86', os.version: '5.1', java.version: '1.6.0' Session ID: 3b4886bd-9557-4070-827a-63a94b8c51a0 Driver info: org.openqa.selenium.firefox.FirefoxDriver Capabilities [{platform=XP, acceptSslCerts=true, javascriptEnabled=true, browserName=firefox, rotatable=false, locationContextEnabled=true, version=21.0, cssSelectorsEnabled=true, databaseEnabled=true, handlesAlerts=true, browserConnectionEnabled=true, nativeEvents=true, webStorageEnabled=true, applicationCacheEnabled=true, takesScreenshot=true}]<br>
<br>
<code>org.openqa.selenium.NoSuchElementException: Unable to locate element: {"method":"id","selector":"terms_conditions_accept"}<br/>Command duration or timeout: 30.09 seconds<br/>For documentation on this error, please visit: http://seleniumhq.org/exceptions/no_such_element.html<br/>Build info: version: '2.32.0', revision: '6c40c18', time: '2013-04-09 17:22:56'<br/>System info: os.name: 'Windows XP', os.arch: 'x86', os.version: '5.1', java.version: '1.6.0'<br/>Session ID: 3b4886bd-9557-4070-827a-63a94b8c51a0<br/>Driver info: org.openqa.selenium.firefox.FirefoxDriver<br/>Capabilities [{platform=XP, acceptSslCerts=true, javascriptEnabled=true, browserName=firefox, rotatable=false, locationContextEnabled=true, version=21.0, cssSelectorsEnabled=true, databaseEnabled=true, handlesAlerts=true, browserConnectionEnabled=true, nativeEvents=true, webStorageEnabled=true, applicationCacheEnabled=true, takesScreenshot=true}]<br/>	at java.lang.reflect.Constructor.newInstance(Constructor.java:513)<br/>	at org.openqa.selenium.remote.ErrorHandler.createThrowable(ErrorHandler.java:187)<br/>	at org.openqa.selenium.remote.ErrorHandler.throwIfResponseFailed(ErrorHandler.java:145)<br/>	at org.openqa.selenium.remote.RemoteWebDriver.execute(RemoteWebDriver.java:554)<br/>	at org.openqa.selenium.remote.RemoteWebDriver.findElement(RemoteWebDriver.java:307)<br/>	at org.openqa.selenium.remote.RemoteWebDriver.findElementById(RemoteWebDriver.java:348)<br/>	at org.openqa.selenium.By$ById.findElement(By.java:216)<br/>	at org.openqa.selenium.remote.RemoteWebDriver.findElement(RemoteWebDriver.java:299)<br/>	at UserManagement.UserRegistration.UserRegistrationTestCasesForCreditCardDetails.UserRegWithNoPINCode.RegisterToXidioApplicationWithNoPinCode.testRegisterToXidioApplicationWithNoCreditCardNumber(RegisterToXidioApplicationWithNoPinCode.java:30)<br/>Caused by: org.openqa.selenium.remote.ErrorHandler$UnknownServerException: Unable to locate element: {"method":"id","selector":"terms_conditions_accept"}<br/>Build info: version: '2.32.0', revision: '6c40c18', time: '2013-04-09 17:22:56'<br/>System info: os.name: 'Windows XP', os.arch: 'x86', os.version: '5.1', java.version: '1.6.0'<br/>Driver info: driver.version: unknown<br/>	at <anonymous class>.FirefoxDriver.prototype.findElementInternal_(file:///C:/DOCUME~1/HARSHI~1.GOW/LOCALS~1/Temp/anonymous60503webdriver-profile/extensions/fxdriver@googlecode.com/components/driver_component.js:8405)<br/>	at <anonymous class>.fxdriver.Timer.prototype.setTimeout/<.notify(file:///C:/DOCUME~1/HARSHI~1.GOW/LOCALS~1/Temp/anonymous60503webdriver-profile/extensions/fxdriver@googlecode.com/components/driver_component.js:386)<br/></code></td><td>70.749</td>
</tr>
<tr valign="top" class="Error">
<td><a href="SuiteRunner/0_runATFRegression.html">runATFRegression</a></td><td><a name="testRegisterToXidioApplicationWithInvalidSecurityCodeLength"></a><a href="SuiteRunner/0_runATFRegression.html#testRegisterToXidioApplicationWithInvalidSecurityCodeLength">testRegisterToXidioApplicationWithInvalidSecurityCodeLength</a></td><td>Error</td><td>Unable to locate element: {"method":"id","selector":"terms_conditions_accept"} Command duration or timeout: 30.03 seconds For documentation on this error, please visit: http://seleniumhq.org/exceptions/no_such_element.html Build info: version: '2.32.0', revision: '6c40c18', time: '2013-04-09 17:22:56' System info: os.name: 'Windows XP', os.arch: 'x86', os.version: '5.1', java.version: '1.6.0' Session ID: 3ce1f5c9-f74e-4d97-ae07-08c73b710d98 Driver info: org.openqa.selenium.firefox.FirefoxDriver Capabilities [{platform=XP, acceptSslCerts=true, javascriptEnabled=true, browserName=firefox, rotatable=false, locationContextEnabled=true, version=21.0, cssSelectorsEnabled=true, databaseEnabled=true, handlesAlerts=true, browserConnectionEnabled=true, nativeEvents=true, webStorageEnabled=true, applicationCacheEnabled=true, takesScreenshot=true}]<br>
<br>
<code>org.openqa.selenium.NoSuchElementException: Unable to locate element: {"method":"id","selector":"terms_conditions_accept"}<br/>Command duration or timeout: 30.03 seconds<br/>For documentation on this error, please visit: http://seleniumhq.org/exceptions/no_such_element.html<br/>Build info: version: '2.32.0', revision: '6c40c18', time: '2013-04-09 17:22:56'<br/>System info: os.name: 'Windows XP', os.arch: 'x86', os.version: '5.1', java.version: '1.6.0'<br/>Session ID: 3ce1f5c9-f74e-4d97-ae07-08c73b710d98<br/>Driver info: org.openqa.selenium.firefox.FirefoxDriver<br/>Capabilities [{platform=XP, acceptSslCerts=true, javascriptEnabled=true, browserName=firefox, rotatable=false, locationContextEnabled=true, version=21.0, cssSelectorsEnabled=true, databaseEnabled=true, handlesAlerts=true, browserConnectionEnabled=true, nativeEvents=true, webStorageEnabled=true, applicationCacheEnabled=true, takesScreenshot=true}]<br/>	at java.lang.reflect.Constructor.newInstance(Constructor.java:513)<br/>	at org.openqa.selenium.remote.ErrorHandler.createThrowable(ErrorHandler.java:187)<br/>	at org.openqa.selenium.remote.ErrorHandler.throwIfResponseFailed(ErrorHandler.java:145)<br/>	at org.openqa.selenium.remote.RemoteWebDriver.execute(RemoteWebDriver.java:554)<br/>	at org.openqa.selenium.remote.RemoteWebDriver.findElement(RemoteWebDriver.java:307)<br/>	at org.openqa.selenium.remote.RemoteWebDriver.findElementById(RemoteWebDriver.java:348)<br/>	at org.openqa.selenium.By$ById.findElement(By.java:216)<br/>	at org.openqa.selenium.remote.RemoteWebDriver.findElement(RemoteWebDriver.java:299)<br/>	at UserManagement.UserRegistration.UserRegistrationTestCasesForCreditCardDetails.UserRegWithInvalidPin.UserRegWithInvalidPinCodeCharLength.RegisterToXidioApplicationWithInvalidPinCodeCharLength.testRegisterToXidioApplicationWithInvalidSecurityCodeLength(RegisterToXidioApplicationWithInvalidPinCodeCharLength.java:30)<br/>Caused by: org.openqa.selenium.remote.ErrorHandler$UnknownServerException: Unable to locate element: {"method":"id","selector":"terms_conditions_accept"}<br/>Build info: version: '2.32.0', revision: '6c40c18', time: '2013-04-09 17:22:56'<br/>System info: os.name: 'Windows XP', os.arch: 'x86', os.version: '5.1', java.version: '1.6.0'<br/>Driver info: driver.version: unknown<br/>	at <anonymous class>.FirefoxDriver.prototype.findElementInternal_(file:///C:/DOCUME~1/HARSHI~1.GOW/LOCALS~1/Temp/anonymous60505webdriver-profile/extensions/fxdriver@googlecode.com/components/driver_component.js:8405)<br/>	at <anonymous class>.fxdriver.Timer.prototype.setTimeout/<.notify(file:///C:/DOCUME~1/HARSHI~1.GOW/LOCALS~1/Temp/anonymous60505webdriver-profile/extensions/fxdriver@googlecode.com/components/driver_component.js:386)<br/></code></td><td>70.514</td>
</tr>
<tr valign="top" class="Error">
<td><a href="SuiteRunner/0_runATFRegression.html">runATFRegression</a></td><td><a name="testRegisterToXidioApplicationWithInvalidSecurityCodeLength"></a><a href="SuiteRunner/0_runATFRegression.html#testRegisterToXidioApplicationWithInvalidSecurityCodeLength">testRegisterToXidioApplicationWithInvalidSecurityCodeLength</a></td><td>Error</td><td>Unable to locate element: {"method":"id","selector":"terms_conditions_accept"} Command duration or timeout: 30.03 seconds For documentation on this error, please visit: http://seleniumhq.org/exceptions/no_such_element.html Build info: version: '2.32.0', revision: '6c40c18', time: '2013-04-09 17:22:56' System info: os.name: 'Windows XP', os.arch: 'x86', os.version: '5.1', java.version: '1.6.0' Session ID: e2de9229-ba2d-4c19-88f5-5a6b75deb0c3 Driver info: org.openqa.selenium.firefox.FirefoxDriver Capabilities [{platform=XP, acceptSslCerts=true, javascriptEnabled=true, browserName=firefox, rotatable=false, locationContextEnabled=true, version=21.0, cssSelectorsEnabled=true, databaseEnabled=true, handlesAlerts=true, browserConnectionEnabled=true, nativeEvents=true, webStorageEnabled=true, applicationCacheEnabled=true, takesScreenshot=true}]<br>
<br>
<code>org.openqa.selenium.NoSuchElementException: Unable to locate element: {"method":"id","selector":"terms_conditions_accept"}<br/>Command duration or timeout: 30.03 seconds<br/>For documentation on this error, please visit: http://seleniumhq.org/exceptions/no_such_element.html<br/>Build info: version: '2.32.0', revision: '6c40c18', time: '2013-04-09 17:22:56'<br/>System info: os.name: 'Windows XP', os.arch: 'x86', os.version: '5.1', java.version: '1.6.0'<br/>Session ID: e2de9229-ba2d-4c19-88f5-5a6b75deb0c3<br/>Driver info: org.openqa.selenium.firefox.FirefoxDriver<br/>Capabilities [{platform=XP, acceptSslCerts=true, javascriptEnabled=true, browserName=firefox, rotatable=false, locationContextEnabled=true, version=21.0, cssSelectorsEnabled=true, databaseEnabled=true, handlesAlerts=true, browserConnectionEnabled=true, nativeEvents=true, webStorageEnabled=true, applicationCacheEnabled=true, takesScreenshot=true}]<br/>	at java.lang.reflect.Constructor.newInstance(Constructor.java:513)<br/>	at org.openqa.selenium.remote.ErrorHandler.createThrowable(ErrorHandler.java:187)<br/>	at org.openqa.selenium.remote.ErrorHandler.throwIfResponseFailed(ErrorHandler.java:145)<br/>	at org.openqa.selenium.remote.RemoteWebDriver.execute(RemoteWebDriver.java:554)<br/>	at org.openqa.selenium.remote.RemoteWebDriver.findElement(RemoteWebDriver.java:307)<br/>	at org.openqa.selenium.remote.RemoteWebDriver.findElementById(RemoteWebDriver.java:348)<br/>	at org.openqa.selenium.By$ById.findElement(By.java:216)<br/>	at org.openqa.selenium.remote.RemoteWebDriver.findElement(RemoteWebDriver.java:299)<br/>	at UserManagement.UserRegistration.UserRegistrationTestCasesForCreditCardDetails.UserRegToCheckDiplayPinCheckboxWorks.RegisterToXidioApplicationWithCheckingDiplayPinCheckbox.testRegisterToXidioApplicationWithInvalidSecurityCodeLength(RegisterToXidioApplicationWithCheckingDiplayPinCheckbox.java:31)<br/>Caused by: org.openqa.selenium.remote.ErrorHandler$UnknownServerException: Unable to locate element: {"method":"id","selector":"terms_conditions_accept"}<br/>Build info: version: '2.32.0', revision: '6c40c18', time: '2013-04-09 17:22:56'<br/>System info: os.name: 'Windows XP', os.arch: 'x86', os.version: '5.1', java.version: '1.6.0'<br/>Driver info: driver.version: unknown<br/>	at <anonymous class>.FirefoxDriver.prototype.findElementInternal_(file:///C:/DOCUME~1/HARSHI~1.GOW/LOCALS~1/Temp/anonymous60507webdriver-profile/extensions/fxdriver@googlecode.com/components/driver_component.js:8405)<br/>	at <anonymous class>.fxdriver.Timer.prototype.setTimeout/<.notify(file:///C:/DOCUME~1/HARSHI~1.GOW/LOCALS~1/Temp/anonymous60507webdriver-profile/extensions/fxdriver@googlecode.com/components/driver_component.js:386)<br/></code></td><td>70.405</td>
</tr>
<tr valign="top" class="TableRowColor">
<td><a href="SuiteRunner/0_runATFRegression.html">runATFRegression</a></td><td><a name="testRegisterToXidioApplicationWithInvalidSecurityCodeLength"></a><a href="SuiteRunner/0_runATFRegression.html#testRegisterToXidioApplicationWithInvalidSecurityCodeLength">testRegisterToXidioApplicationWithInvalidSecurityCodeLength</a></td><td>Success</td><td></td><td>44.843</td>
</tr>
<tr valign="top" class="Error">
<td><a href="SuiteRunner/0_runATFRegression.html">runATFRegression</a></td><td><a name="testChangeActivationCode"></a><a href="SuiteRunner/0_runATFRegression.html#testChangeActivationCode">testChangeActivationCode</a></td><td>Error</td><td>Unable to locate element: {"method":"id","selector":"terms_conditions_accept"} Command duration or timeout: 30.11 seconds For documentation on this error, please visit: http://seleniumhq.org/exceptions/no_such_element.html Build info: version: '2.32.0', revision: '6c40c18', time: '2013-04-09 17:22:56' System info: os.name: 'Windows XP', os.arch: 'x86', os.version: '5.1', java.version: '1.6.0' Session ID: f7b0c70f-0043-4cc2-a112-0363b4b1ca84 Driver info: org.openqa.selenium.firefox.FirefoxDriver Capabilities [{platform=XP, acceptSslCerts=true, javascriptEnabled=true, browserName=firefox, rotatable=false, locationContextEnabled=true, version=21.0, cssSelectorsEnabled=true, databaseEnabled=true, handlesAlerts=true, browserConnectionEnabled=true, nativeEvents=true, webStorageEnabled=true, applicationCacheEnabled=true, takesScreenshot=true}]<br>
<br>
<code>org.openqa.selenium.NoSuchElementException: Unable to locate element: {"method":"id","selector":"terms_conditions_accept"}<br/>Command duration or timeout: 30.11 seconds<br/>For documentation on this error, please visit: http://seleniumhq.org/exceptions/no_such_element.html<br/>Build info: version: '2.32.0', revision: '6c40c18', time: '2013-04-09 17:22:56'<br/>System info: os.name: 'Windows XP', os.arch: 'x86', os.version: '5.1', java.version: '1.6.0'<br/>Session ID: f7b0c70f-0043-4cc2-a112-0363b4b1ca84<br/>Driver info: org.openqa.selenium.firefox.FirefoxDriver<br/>Capabilities [{platform=XP, acceptSslCerts=true, javascriptEnabled=true, browserName=firefox, rotatable=false, locationContextEnabled=true, version=21.0, cssSelectorsEnabled=true, databaseEnabled=true, handlesAlerts=true, browserConnectionEnabled=true, nativeEvents=true, webStorageEnabled=true, applicationCacheEnabled=true, takesScreenshot=true}]<br/>	at java.lang.reflect.Constructor.newInstance(Constructor.java:513)<br/>	at org.openqa.selenium.remote.ErrorHandler.createThrowable(ErrorHandler.java:187)<br/>	at org.openqa.selenium.remote.ErrorHandler.throwIfResponseFailed(ErrorHandler.java:145)<br/>	at org.openqa.selenium.remote.RemoteWebDriver.execute(RemoteWebDriver.java:554)<br/>	at org.openqa.selenium.remote.RemoteWebDriver.findElement(RemoteWebDriver.java:307)<br/>	at org.openqa.selenium.remote.RemoteWebDriver.findElementById(RemoteWebDriver.java:348)<br/>	at org.openqa.selenium.By$ById.findElement(By.java:216)<br/>	at org.openqa.selenium.remote.RemoteWebDriver.findElement(RemoteWebDriver.java:299)<br/>	at UserManagement.UserRegistration.UserRegistrationTestCasesForActivationCode.UserRegWithoutActivationCode.RegisterUserWithoutActivationCode.testChangeActivationCode(RegisterUserWithoutActivationCode.java:34)<br/>Caused by: org.openqa.selenium.remote.ErrorHandler$UnknownServerException: Unable to locate element: {"method":"id","selector":"terms_conditions_accept"}<br/>Build info: version: '2.32.0', revision: '6c40c18', time: '2013-04-09 17:22:56'<br/>System info: os.name: 'Windows XP', os.arch: 'x86', os.version: '5.1', java.version: '1.6.0'<br/>Driver info: driver.version: unknown<br/>	at <anonymous class>.FirefoxDriver.prototype.findElementInternal_(file:///C:/DOCUME~1/HARSHI~1.GOW/LOCALS~1/Temp/anonymous60511webdriver-profile/extensions/fxdriver@googlecode.com/components/driver_component.js:8405)<br/>	at <anonymous class>.fxdriver.Timer.prototype.setTimeout/<.notify(file:///C:/DOCUME~1/HARSHI~1.GOW/LOCALS~1/Temp/anonymous60511webdriver-profile/extensions/fxdriver@googlecode.com/components/driver_component.js:386)<br/></code></td><td>71.076</td>
</tr>
<tr valign="top" class="Error">
<td><a href="SuiteRunner/0_runATFRegression.html">runATFRegression</a></td><td><a name="testSignOutFeatureInCamcast"></a><a href="SuiteRunner/0_runATFRegression.html#testSignOutFeatureInCamcast">testSignOutFeatureInCamcast</a></td><td>Error</td><td>Element is not currently visible and so may not be interacted with Command duration or timeout: 30.06 seconds Build info: version: '2.32.0', revision: '6c40c18', time: '2013-04-09 17:22:56' System info: os.name: 'Windows XP', os.arch: 'x86', os.version: '5.1', java.version: '1.6.0' Session ID: d7fa0218-b448-4e3f-ba3c-11777df14475 Driver info: org.openqa.selenium.firefox.FirefoxDriver Capabilities [{platform=XP, acceptSslCerts=true, javascriptEnabled=true, browserName=firefox, rotatable=false, locationContextEnabled=true, version=21.0, cssSelectorsEnabled=true, databaseEnabled=true, handlesAlerts=true, browserConnectionEnabled=true, nativeEvents=true, webStorageEnabled=true, applicationCacheEnabled=true, takesScreenshot=true}]<br>
<br>
<code>org.openqa.selenium.ElementNotVisibleException: Element is not currently visible and so may not be interacted with<br/>Command duration or timeout: 30.06 seconds<br/>Build info: version: '2.32.0', revision: '6c40c18', time: '2013-04-09 17:22:56'<br/>System info: os.name: 'Windows XP', os.arch: 'x86', os.version: '5.1', java.version: '1.6.0'<br/>Session ID: d7fa0218-b448-4e3f-ba3c-11777df14475<br/>Driver info: org.openqa.selenium.firefox.FirefoxDriver<br/>Capabilities [{platform=XP, acceptSslCerts=true, javascriptEnabled=true, browserName=firefox, rotatable=false, locationContextEnabled=true, version=21.0, cssSelectorsEnabled=true, databaseEnabled=true, handlesAlerts=true, browserConnectionEnabled=true, nativeEvents=true, webStorageEnabled=true, applicationCacheEnabled=true, takesScreenshot=true}]<br/>	at java.lang.reflect.Constructor.newInstance(Constructor.java:513)<br/>	at org.openqa.selenium.remote.ErrorHandler.createThrowable(ErrorHandler.java:187)<br/>	at org.openqa.selenium.remote.ErrorHandler.throwIfResponseFailed(ErrorHandler.java:145)<br/>	at org.openqa.selenium.remote.RemoteWebDriver.execute(RemoteWebDriver.java:554)<br/>	at org.openqa.selenium.remote.RemoteWebElement.execute(RemoteWebElement.java:268)<br/>	at org.openqa.selenium.remote.RemoteWebElement.clear(RemoteWebElement.java:113)<br/>	at Core.UserManagement.UserRegistrationFunction.Common.UserRegistrationFunction.CreditCardDetials(UserRegistrationFunction.java:14)<br/>	at DataServices.UserRegistrationUsingComcastApplication.UserRegistrationUsingComcast.testUserRegistrationUsingComcast(UserRegistrationUsingComcast.java:36)<br/>	at UserManagement.UserLogin.ValidateSignOutWorks.CheckSignOutFeatureWorksFine.testSignOutFeatureInCamcast(CheckSignOutFeatureWorksFine.java:18)<br/>Caused by: org.openqa.selenium.remote.ErrorHandler$UnknownServerException: Element is not currently visible and so may not be interacted with<br/>Build info: version: '2.32.0', revision: '6c40c18', time: '2013-04-09 17:22:56'<br/>System info: os.name: 'Windows XP', os.arch: 'x86', os.version: '5.1', java.version: '1.6.0'<br/>Driver info: driver.version: unknown<br/>	at <anonymous class>.fxdriver.preconditions.visible(file:///C:/DOCUME~1/HARSHI~1.GOW/LOCALS~1/Temp/anonymous60513webdriver-profile/extensions/fxdriver@googlecode.com/components/command_processor.js:7682)<br/>	at <anonymous class>.DelayedCommand.prototype.checkPreconditions_(file:///C:/DOCUME~1/HARSHI~1.GOW/LOCALS~1/Temp/anonymous60513webdriver-profile/extensions/fxdriver@googlecode.com/components/command_processor.js:10402)<br/>	at <anonymous class>.DelayedCommand.prototype.executeInternal_/h(file:///C:/DOCUME~1/HARSHI~1.GOW/LOCALS~1/Temp/anonymous60513webdriver-profile/extensions/fxdriver@googlecode.com/components/command_processor.js:10421)<br/>	at <anonymous class>.fxdriver.Timer.prototype.setTimeout/<.notify(file:///C:/DOCUME~1/HARSHI~1.GOW/LOCALS~1/Temp/anonymous60513webdriver-profile/extensions/fxdriver@googlecode.com/components/command_processor.js:386)<br/></code></td><td>81.670</td>
</tr>
<tr valign="top" class="TableRowColor">
<td><a href="SuiteRunner/0_runATFRegression.html">runATFRegression</a></td><td><a name="testLoginToCamcast"></a><a href="SuiteRunner/0_runATFRegression.html#testLoginToCamcast">testLoginToCamcast</a></td><td>Success</td><td></td><td>26.218</td>
</tr>
<tr valign="top" class="TableRowColor">
<td><a href="SuiteRunner/0_runATFRegression.html">runATFRegression</a></td><td><a name="testLoginToXidioApplicationUsingInValidPassword"></a><a href="SuiteRunner/0_runATFRegression.html#testLoginToXidioApplicationUsingInValidPassword">testLoginToXidioApplicationUsingInValidPassword</a></td><td>Success</td><td></td><td>25.234</td>
</tr>
<tr valign="top" class="TableRowColor">
<td><a href="SuiteRunner/0_runATFRegression.html">runATFRegression</a></td><td><a name="testLoginToXidioApplicationUsingInValidPassword"></a><a href="SuiteRunner/0_runATFRegression.html#testLoginToXidioApplicationUsingInValidPassword">testLoginToXidioApplicationUsingInValidPassword</a></td><td>Success</td><td></td><td>25.577</td>
</tr>
<tr valign="top" class="TableRowColor">
<td><a href="SuiteRunner/0_runATFRegression.html">runATFRegression</a></td><td><a name="testResetTheXidioPassword"></a><a href="SuiteRunner/0_runATFRegression.html#testResetTheXidioPassword">testResetTheXidioPassword</a></td><td>Success</td><td></td><td>40.843</td>
</tr>
<tr valign="top" class="TableRowColor">
<td><a href="SuiteRunner/0_runATFRegression.html">runATFRegression</a></td><td><a name="testResetXidioPasswordWithoutProvidingEmailID"></a><a href="SuiteRunner/0_runATFRegression.html#testResetXidioPasswordWithoutProvidingEmailID">testResetXidioPasswordWithoutProvidingEmailID</a></td><td>Success</td><td></td><td>41.015</td>
</tr>
<tr valign="top" class="TableRowColor">
<td><a href="SuiteRunner/0_runATFRegression.html">runATFRegression</a></td><td><a name="testResetTheXidioPasswordWithWrongEmail"></a><a href="SuiteRunner/0_runATFRegression.html#testResetTheXidioPasswordWithWrongEmail">testResetTheXidioPasswordWithWrongEmail</a></td><td>Success</td><td></td><td>43.499</td>
</tr>
<tr valign="top" class="Error">
<td><a href="SuiteRunner/0_runATFRegression.html">runATFRegression</a></td><td><a name="testEditXidioAddressInProfileManagement"></a><a href="SuiteRunner/0_runATFRegression.html#testEditXidioAddressInProfileManagement">testEditXidioAddressInProfileManagement</a></td><td>Error</td><td>Element is not currently visible and so may not be interacted with Command duration or timeout: 30.08 seconds Build info: version: '2.32.0', revision: '6c40c18', time: '2013-04-09 17:22:56' System info: os.name: 'Windows XP', os.arch: 'x86', os.version: '5.1', java.version: '1.6.0' Session ID: 7cd742c7-8acc-4923-a8a0-92d224c86ed5 Driver info: org.openqa.selenium.firefox.FirefoxDriver Capabilities [{platform=XP, acceptSslCerts=true, javascriptEnabled=true, browserName=firefox, rotatable=false, locationContextEnabled=true, version=21.0, cssSelectorsEnabled=true, databaseEnabled=true, handlesAlerts=true, browserConnectionEnabled=true, nativeEvents=true, webStorageEnabled=true, applicationCacheEnabled=true, takesScreenshot=true}]<br>
<br>
<code>org.openqa.selenium.ElementNotVisibleException: Element is not currently visible and so may not be interacted with<br/>Command duration or timeout: 30.08 seconds<br/>Build info: version: '2.32.0', revision: '6c40c18', time: '2013-04-09 17:22:56'<br/>System info: os.name: 'Windows XP', os.arch: 'x86', os.version: '5.1', java.version: '1.6.0'<br/>Session ID: 7cd742c7-8acc-4923-a8a0-92d224c86ed5<br/>Driver info: org.openqa.selenium.firefox.FirefoxDriver<br/>Capabilities [{platform=XP, acceptSslCerts=true, javascriptEnabled=true, browserName=firefox, rotatable=false, locationContextEnabled=true, version=21.0, cssSelectorsEnabled=true, databaseEnabled=true, handlesAlerts=true, browserConnectionEnabled=true, nativeEvents=true, webStorageEnabled=true, applicationCacheEnabled=true, takesScreenshot=true}]<br/>	at java.lang.reflect.Constructor.newInstance(Constructor.java:513)<br/>	at org.openqa.selenium.remote.ErrorHandler.createThrowable(ErrorHandler.java:187)<br/>	at org.openqa.selenium.remote.ErrorHandler.throwIfResponseFailed(ErrorHandler.java:145)<br/>	at org.openqa.selenium.remote.RemoteWebDriver.execute(RemoteWebDriver.java:554)<br/>	at org.openqa.selenium.remote.RemoteWebElement.execute(RemoteWebElement.java:268)<br/>	at org.openqa.selenium.remote.RemoteWebElement.clear(RemoteWebElement.java:113)<br/>	at Core.UserManagement.UserRegistrationFunction.Common.UserRegistrationFunction.CreditCardDetials(UserRegistrationFunction.java:14)<br/>	at DataServices.UserRegistrationUsingComcastApplication.UserRegistrationUsingComcast.testUserRegistrationUsingComcast(UserRegistrationUsingComcast.java:36)<br/>	at UserManagement.ProfileManagement.RegisteredUserTestCasesForEditProfileDetails.ValidateAddressField.EditXidioAddressInProfileManagement.testEditXidioAddressInProfileManagement(EditXidioAddressInProfileManagement.java:19)<br/>Caused by: org.openqa.selenium.remote.ErrorHandler$UnknownServerException: Element is not currently visible and so may not be interacted with<br/>Build info: version: '2.32.0', revision: '6c40c18', time: '2013-04-09 17:22:56'<br/>System info: os.name: 'Windows XP', os.arch: 'x86', os.version: '5.1', java.version: '1.6.0'<br/>Driver info: driver.version: unknown<br/>	at <anonymous class>.fxdriver.preconditions.visible(file:///C:/DOCUME~1/HARSHI~1.GOW/LOCALS~1/Temp/anonymous60527webdriver-profile/extensions/fxdriver@googlecode.com/components/command_processor.js:7682)<br/>	at <anonymous class>.DelayedCommand.prototype.checkPreconditions_(file:///C:/DOCUME~1/HARSHI~1.GOW/LOCALS~1/Temp/anonymous60527webdriver-profile/extensions/fxdriver@googlecode.com/components/command_processor.js:10402)<br/>	at <anonymous class>.DelayedCommand.prototype.executeInternal_/h(file:///C:/DOCUME~1/HARSHI~1.GOW/LOCALS~1/Temp/anonymous60527webdriver-profile/extensions/fxdriver@googlecode.com/components/command_processor.js:10421)<br/>	at <anonymous class>.fxdriver.Timer.prototype.setTimeout/<.notify(file:///C:/DOCUME~1/HARSHI~1.GOW/LOCALS~1/Temp/anonymous60527webdriver-profile/extensions/fxdriver@googlecode.com/components/command_processor.js:386)<br/></code>Element is not currently visible and so may not be interacted with Command duration or timeout: 30.03 seconds Build info: version: '2.32.0', revision: '6c40c18', time: '2013-04-09 17:22:56' System info: os.name: 'Windows XP', os.arch: 'x86', os.version: '5.1', java.version: '1.6.0' Session ID: d290143d-0e05-4acf-93ff-bcab8bd2b2ca Driver info: org.openqa.selenium.firefox.FirefoxDriver Capabilities [{platform=XP, acceptSslCerts=true, javascriptEnabled=true, browserName=firefox, rotatable=false, locationContextEnabled=true, version=21.0, cssSelectorsEnabled=true, databaseEnabled=true, handlesAlerts=true, browserConnectionEnabled=true, nativeEvents=true, webStorageEnabled=true, applicationCacheEnabled=true, takesScreenshot=true}]<br>
<br>
<code>org.openqa.selenium.ElementNotVisibleException: Element is not currently visible and so may not be interacted with<br/>Command duration or timeout: 30.03 seconds<br/>Build info: version: '2.32.0', revision: '6c40c18', time: '2013-04-09 17:22:56'<br/>System info: os.name: 'Windows XP', os.arch: 'x86', os.version: '5.1', java.version: '1.6.0'<br/>Session ID: d290143d-0e05-4acf-93ff-bcab8bd2b2ca<br/>Driver info: org.openqa.selenium.firefox.FirefoxDriver<br/>Capabilities [{platform=XP, acceptSslCerts=true, javascriptEnabled=true, browserName=firefox, rotatable=false, locationContextEnabled=true, version=21.0, cssSelectorsEnabled=true, databaseEnabled=true, handlesAlerts=true, browserConnectionEnabled=true, nativeEvents=true, webStorageEnabled=true, applicationCacheEnabled=true, takesScreenshot=true}]<br/>	at java.lang.reflect.Constructor.newInstance(Constructor.java:513)<br/>	at org.openqa.selenium.remote.ErrorHandler.createThrowable(ErrorHandler.java:187)<br/>	at org.openqa.selenium.remote.ErrorHandler.throwIfResponseFailed(ErrorHandler.java:145)<br/>	at org.openqa.selenium.remote.RemoteWebDriver.execute(RemoteWebDriver.java:554)<br/>	at org.openqa.selenium.remote.RemoteWebElement.execute(RemoteWebElement.java:268)<br/>	at org.openqa.selenium.remote.RemoteWebElement.clear(RemoteWebElement.java:113)<br/>	at Core.UserManagement.UserRegistrationFunction.Common.UserRegistrationFunction.CreditCardDetials(UserRegistrationFunction.java:14)<br/>	at DataServices.UserRegistrationUsingComcastApplication.UserRegistrationUsingComcast.testUserRegistrationUsingComcast(UserRegistrationUsingComcast.java:36)<br/>	at UserManagement.ProfileManagement.RegisteredUserTestCasesForEditProfileDetails.ValidateAddressField.EditXidioAddressInProfileManagement.testEditXidioAddressInProfileManagement(EditXidioAddressInProfileManagement.java:19)<br/>Caused by: org.openqa.selenium.remote.ErrorHandler$UnknownServerException: Element is not currently visible and so may not be interacted with<br/>Build info: version: '2.32.0', revision: '6c40c18', time: '2013-04-09 17:22:56'<br/>System info: os.name: 'Windows XP', os.arch: 'x86', os.version: '5.1', java.version: '1.6.0'<br/>Driver info: driver.version: unknown<br/>	at <anonymous class>.fxdriver.preconditions.visible(file:///C:/DOCUME~1/HARSHI~1.GOW/LOCALS~1/Temp/anonymous60531webdriver-profile/extensions/fxdriver@googlecode.com/components/command_processor.js:7682)<br/>	at <anonymous class>.DelayedCommand.prototype.checkPreconditions_(file:///C:/DOCUME~1/HARSHI~1.GOW/LOCALS~1/Temp/anonymous60531webdriver-profile/extensions/fxdriver@googlecode.com/components/command_processor.js:10402)<br/>	at <anonymous class>.DelayedCommand.prototype.executeInternal_/h(file:///C:/DOCUME~1/HARSHI~1.GOW/LOCALS~1/Temp/anonymous60531webdriver-profile/extensions/fxdriver@googlecode.com/components/command_processor.js:10421)<br/>	at <anonymous class>.fxdriver.Timer.prototype.setTimeout/<.notify(file:///C:/DOCUME~1/HARSHI~1.GOW/LOCALS~1/Temp/anonymous60531webdriver-profile/extensions/fxdriver@googlecode.com/components/command_processor.js:386)<br/></code></td><td>87.263</td>
</tr>
<tr valign="top" class="Error">
<td><a href="SuiteRunner/0_runATFRegression.html">runATFRegression</a></td><td><a name="testEditXidioLastNameInProfileManagement"></a><a href="SuiteRunner/0_runATFRegression.html#testEditXidioLastNameInProfileManagement">testEditXidioLastNameInProfileManagement</a></td><td>Error</td><td>Element is not currently visible and so may not be interacted with Command duration or timeout: 30.09 seconds Build info: version: '2.32.0', revision: '6c40c18', time: '2013-04-09 17:22:56' System info: os.name: 'Windows XP', os.arch: 'x86', os.version: '5.1', java.version: '1.6.0' Session ID: fdfc5d69-779a-442e-a739-2eabb359804e Driver info: org.openqa.selenium.firefox.FirefoxDriver Capabilities [{platform=XP, acceptSslCerts=true, javascriptEnabled=true, browserName=firefox, rotatable=false, locationContextEnabled=true, version=21.0, cssSelectorsEnabled=true, databaseEnabled=true, handlesAlerts=true, browserConnectionEnabled=true, nativeEvents=true, webStorageEnabled=true, applicationCacheEnabled=true, takesScreenshot=true}]<br>
<br>
<code>org.openqa.selenium.ElementNotVisibleException: Element is not currently visible and so may not be interacted with<br/>Command duration or timeout: 30.09 seconds<br/>Build info: version: '2.32.0', revision: '6c40c18', time: '2013-04-09 17:22:56'<br/>System info: os.name: 'Windows XP', os.arch: 'x86', os.version: '5.1', java.version: '1.6.0'<br/>Session ID: fdfc5d69-779a-442e-a739-2eabb359804e<br/>Driver info: org.openqa.selenium.firefox.FirefoxDriver<br/>Capabilities [{platform=XP, acceptSslCerts=true, javascriptEnabled=true, browserName=firefox, rotatable=false, locationContextEnabled=true, version=21.0, cssSelectorsEnabled=true, databaseEnabled=true, handlesAlerts=true, browserConnectionEnabled=true, nativeEvents=true, webStorageEnabled=true, applicationCacheEnabled=true, takesScreenshot=true}]<br/>	at java.lang.reflect.Constructor.newInstance(Constructor.java:513)<br/>	at org.openqa.selenium.remote.ErrorHandler.createThrowable(ErrorHandler.java:187)<br/>	at org.openqa.selenium.remote.ErrorHandler.throwIfResponseFailed(ErrorHandler.java:145)<br/>	at org.openqa.selenium.remote.RemoteWebDriver.execute(RemoteWebDriver.java:554)<br/>	at org.openqa.selenium.remote.RemoteWebElement.execute(RemoteWebElement.java:268)<br/>	at org.openqa.selenium.remote.RemoteWebElement.clear(RemoteWebElement.java:113)<br/>	at Core.UserManagement.UserRegistrationFunction.Common.UserRegistrationFunction.CreditCardDetials(UserRegistrationFunction.java:14)<br/>	at DataServices.UserRegistrationUsingComcastApplication.UserRegistrationUsingComcast.testUserRegistrationUsingComcast(UserRegistrationUsingComcast.java:36)<br/>	at UserManagement.ProfileManagement.RegisteredUserTestCasesForEditProfileDetails.ValidateLastNameField.EditXidioLastNameInProfileManagement.testEditXidioLastNameInProfileManagement(EditXidioLastNameInProfileManagement.java:19)<br/>Caused by: org.openqa.selenium.remote.ErrorHandler$UnknownServerException: Element is not currently visible and so may not be interacted with<br/>Build info: version: '2.32.0', revision: '6c40c18', time: '2013-04-09 17:22:56'<br/>System info: os.name: 'Windows XP', os.arch: 'x86', os.version: '5.1', java.version: '1.6.0'<br/>Driver info: driver.version: unknown<br/>	at <anonymous class>.fxdriver.preconditions.visible(file:///C:/DOCUME~1/HARSHI~1.GOW/LOCALS~1/Temp/anonymous60529webdriver-profile/extensions/fxdriver@googlecode.com/components/command_processor.js:7682)<br/>	at <anonymous class>.DelayedCommand.prototype.checkPreconditions_(file:///C:/DOCUME~1/HARSHI~1.GOW/LOCALS~1/Temp/anonymous60529webdriver-profile/extensions/fxdriver@googlecode.com/components/command_processor.js:10402)<br/>	at <anonymous class>.DelayedCommand.prototype.executeInternal_/h(file:///C:/DOCUME~1/HARSHI~1.GOW/LOCALS~1/Temp/anonymous60529webdriver-profile/extensions/fxdriver@googlecode.com/components/command_processor.js:10421)<br/>	at <anonymous class>.fxdriver.Timer.prototype.setTimeout/<.notify(file:///C:/DOCUME~1/HARSHI~1.GOW/LOCALS~1/Temp/anonymous60529webdriver-profile/extensions/fxdriver@googlecode.com/components/command_processor.js:386)<br/></code></td><td>87.497</td>
</tr>
<tr valign="top" class="Error">
<td><a href="SuiteRunner/0_runATFRegression.html">runATFRegression</a></td><td><a name="testEditXidioCityInProfileManagement"></a><a href="SuiteRunner/0_runATFRegression.html#testEditXidioCityInProfileManagement">testEditXidioCityInProfileManagement</a></td><td>Error</td><td>Element is not currently visible and so may not be interacted with Command duration or timeout: 30.11 seconds Build info: version: '2.32.0', revision: '6c40c18', time: '2013-04-09 17:22:56' System info: os.name: 'Windows XP', os.arch: 'x86', os.version: '5.1', java.version: '1.6.0' Session ID: b9f18121-3e6f-414e-afb9-82090cbc9cc5 Driver info: org.openqa.selenium.firefox.FirefoxDriver Capabilities [{platform=XP, acceptSslCerts=true, javascriptEnabled=true, browserName=firefox, rotatable=false, locationContextEnabled=true, version=21.0, cssSelectorsEnabled=true, databaseEnabled=true, handlesAlerts=true, browserConnectionEnabled=true, nativeEvents=true, webStorageEnabled=true, applicationCacheEnabled=true, takesScreenshot=true}]<br>
<br>
<code>org.openqa.selenium.ElementNotVisibleException: Element is not currently visible and so may not be interacted with<br/>Command duration or timeout: 30.11 seconds<br/>Build info: version: '2.32.0', revision: '6c40c18', time: '2013-04-09 17:22:56'<br/>System info: os.name: 'Windows XP', os.arch: 'x86', os.version: '5.1', java.version: '1.6.0'<br/>Session ID: b9f18121-3e6f-414e-afb9-82090cbc9cc5<br/>Driver info: org.openqa.selenium.firefox.FirefoxDriver<br/>Capabilities [{platform=XP, acceptSslCerts=true, javascriptEnabled=true, browserName=firefox, rotatable=false, locationContextEnabled=true, version=21.0, cssSelectorsEnabled=true, databaseEnabled=true, handlesAlerts=true, browserConnectionEnabled=true, nativeEvents=true, webStorageEnabled=true, applicationCacheEnabled=true, takesScreenshot=true}]<br/>	at java.lang.reflect.Constructor.newInstance(Constructor.java:513)<br/>	at org.openqa.selenium.remote.ErrorHandler.createThrowable(ErrorHandler.java:187)<br/>	at org.openqa.selenium.remote.ErrorHandler.throwIfResponseFailed(ErrorHandler.java:145)<br/>	at org.openqa.selenium.remote.RemoteWebDriver.execute(RemoteWebDriver.java:554)<br/>	at org.openqa.selenium.remote.RemoteWebElement.execute(RemoteWebElement.java:268)<br/>	at org.openqa.selenium.remote.RemoteWebElement.clear(RemoteWebElement.java:113)<br/>	at Core.UserManagement.UserRegistrationFunction.Common.UserRegistrationFunction.CreditCardDetials(UserRegistrationFunction.java:14)<br/>	at DataServices.UserRegistrationUsingComcastApplication.UserRegistrationUsingComcast.testUserRegistrationUsingComcast(UserRegistrationUsingComcast.java:36)<br/>	at UserManagement.ProfileManagement.RegisteredUserTestCasesForEditProfileDetails.ValidateCityField.EditXidioCityInProfileManagement.testEditXidioCityInProfileManagement(EditXidioCityInProfileManagement.java:18)<br/>Caused by: org.openqa.selenium.remote.ErrorHandler$UnknownServerException: Element is not currently visible and so may not be interacted with<br/>Build info: version: '2.32.0', revision: '6c40c18', time: '2013-04-09 17:22:56'<br/>System info: os.name: 'Windows XP', os.arch: 'x86', os.version: '5.1', java.version: '1.6.0'<br/>Driver info: driver.version: unknown<br/>	at <anonymous class>.fxdriver.preconditions.visible(file:///C:/DOCUME~1/HARSHI~1.GOW/LOCALS~1/Temp/anonymous60533webdriver-profile/extensions/fxdriver@googlecode.com/components/command_processor.js:7682)<br/>	at <anonymous class>.DelayedCommand.prototype.checkPreconditions_(file:///C:/DOCUME~1/HARSHI~1.GOW/LOCALS~1/Temp/anonymous60533webdriver-profile/extensions/fxdriver@googlecode.com/components/command_processor.js:10402)<br/>	at <anonymous class>.DelayedCommand.prototype.executeInternal_/h(file:///C:/DOCUME~1/HARSHI~1.GOW/LOCALS~1/Temp/anonymous60533webdriver-profile/extensions/fxdriver@googlecode.com/components/command_processor.js:10421)<br/>	at <anonymous class>.fxdriver.Timer.prototype.setTimeout/<.notify(file:///C:/DOCUME~1/HARSHI~1.GOW/LOCALS~1/Temp/anonymous60533webdriver-profile/extensions/fxdriver@googlecode.com/components/command_processor.js:386)<br/></code></td><td>84.669</td>
</tr>
<tr valign="top" class="Error">
<td><a href="SuiteRunner/0_runATFRegression.html">runATFRegression</a></td><td><a name="testEditXidioStateInProfileManagement"></a><a href="SuiteRunner/0_runATFRegression.html#testEditXidioStateInProfileManagement">testEditXidioStateInProfileManagement</a></td><td>Error</td><td>Element is not currently visible and so may not be interacted with Command duration or timeout: 30.44 seconds Build info: version: '2.32.0', revision: '6c40c18', time: '2013-04-09 17:22:56' System info: os.name: 'Windows XP', os.arch: 'x86', os.version: '5.1', java.version: '1.6.0' Session ID: 9893fe49-f30a-4a1b-bc07-4eb9f43ac361 Driver info: org.openqa.selenium.firefox.FirefoxDriver Capabilities [{platform=XP, acceptSslCerts=true, javascriptEnabled=true, browserName=firefox, rotatable=false, locationContextEnabled=true, version=21.0, cssSelectorsEnabled=true, databaseEnabled=true, handlesAlerts=true, browserConnectionEnabled=true, nativeEvents=true, webStorageEnabled=true, applicationCacheEnabled=true, takesScreenshot=true}]<br>
<br>
<code>org.openqa.selenium.ElementNotVisibleException: Element is not currently visible and so may not be interacted with<br/>Command duration or timeout: 30.44 seconds<br/>Build info: version: '2.32.0', revision: '6c40c18', time: '2013-04-09 17:22:56'<br/>System info: os.name: 'Windows XP', os.arch: 'x86', os.version: '5.1', java.version: '1.6.0'<br/>Session ID: 9893fe49-f30a-4a1b-bc07-4eb9f43ac361<br/>Driver info: org.openqa.selenium.firefox.FirefoxDriver<br/>Capabilities [{platform=XP, acceptSslCerts=true, javascriptEnabled=true, browserName=firefox, rotatable=false, locationContextEnabled=true, version=21.0, cssSelectorsEnabled=true, databaseEnabled=true, handlesAlerts=true, browserConnectionEnabled=true, nativeEvents=true, webStorageEnabled=true, applicationCacheEnabled=true, takesScreenshot=true}]<br/>	at java.lang.reflect.Constructor.newInstance(Constructor.java:513)<br/>	at org.openqa.selenium.remote.ErrorHandler.createThrowable(ErrorHandler.java:187)<br/>	at org.openqa.selenium.remote.ErrorHandler.throwIfResponseFailed(ErrorHandler.java:145)<br/>	at org.openqa.selenium.remote.RemoteWebDriver.execute(RemoteWebDriver.java:554)<br/>	at org.openqa.selenium.remote.RemoteWebElement.execute(RemoteWebElement.java:268)<br/>	at org.openqa.selenium.remote.RemoteWebElement.clear(RemoteWebElement.java:113)<br/>	at Core.UserManagement.UserRegistrationFunction.Common.UserRegistrationFunction.CreditCardDetials(UserRegistrationFunction.java:14)<br/>	at DataServices.UserRegistrationUsingComcastApplication.UserRegistrationUsingComcast.testUserRegistrationUsingComcast(UserRegistrationUsingComcast.java:36)<br/>	at UserManagement.ProfileManagement.RegisteredUserTestCasesForEditProfileDetails.ValidateStateField.EditXidioStateInProfileManagement.testEditXidioStateInProfileManagement(EditXidioStateInProfileManagement.java:20)<br/>Caused by: org.openqa.selenium.remote.ErrorHandler$UnknownServerException: Element is not currently visible and so may not be interacted with<br/>Build info: version: '2.32.0', revision: '6c40c18', time: '2013-04-09 17:22:56'<br/>System info: os.name: 'Windows XP', os.arch: 'x86', os.version: '5.1', java.version: '1.6.0'<br/>Driver info: driver.version: unknown<br/>	at <anonymous class>.fxdriver.preconditions.visible(file:///C:/DOCUME~1/HARSHI~1.GOW/LOCALS~1/Temp/anonymous60535webdriver-profile/extensions/fxdriver@googlecode.com/components/command_processor.js:7682)<br/>	at <anonymous class>.DelayedCommand.prototype.checkPreconditions_(file:///C:/DOCUME~1/HARSHI~1.GOW/LOCALS~1/Temp/anonymous60535webdriver-profile/extensions/fxdriver@googlecode.com/components/command_processor.js:10402)<br/>	at <anonymous class>.DelayedCommand.prototype.executeInternal_/h(file:///C:/DOCUME~1/HARSHI~1.GOW/LOCALS~1/Temp/anonymous60535webdriver-profile/extensions/fxdriver@googlecode.com/components/command_processor.js:10421)<br/>	at <anonymous class>.fxdriver.Timer.prototype.setTimeout/<.notify(file:///C:/DOCUME~1/HARSHI~1.GOW/LOCALS~1/Temp/anonymous60535webdriver-profile/extensions/fxdriver@googlecode.com/components/command_processor.js:386)<br/></code></td><td>85.498</td>
</tr>
<tr valign="top" class="Error">
<td><a href="SuiteRunner/0_runATFRegression.html">runATFRegression</a></td><td><a name="testEditXidioZipInProfileManagement"></a><a href="SuiteRunner/0_runATFRegression.html#testEditXidioZipInProfileManagement">testEditXidioZipInProfileManagement</a></td><td>Error</td><td>Element is not currently visible and so may not be interacted with Command duration or timeout: 30.13 seconds Build info: version: '2.32.0', revision: '6c40c18', time: '2013-04-09 17:22:56' System info: os.name: 'Windows XP', os.arch: 'x86', os.version: '5.1', java.version: '1.6.0' Session ID: e3226f03-e516-45c5-a968-be93c74997fc Driver info: org.openqa.selenium.firefox.FirefoxDriver Capabilities [{platform=XP, acceptSslCerts=true, javascriptEnabled=true, browserName=firefox, rotatable=false, locationContextEnabled=true, version=21.0, cssSelectorsEnabled=true, databaseEnabled=true, handlesAlerts=true, browserConnectionEnabled=true, nativeEvents=true, webStorageEnabled=true, applicationCacheEnabled=true, takesScreenshot=true}]<br>
<br>
<code>org.openqa.selenium.ElementNotVisibleException: Element is not currently visible and so may not be interacted with<br/>Command duration or timeout: 30.13 seconds<br/>Build info: version: '2.32.0', revision: '6c40c18', time: '2013-04-09 17:22:56'<br/>System info: os.name: 'Windows XP', os.arch: 'x86', os.version: '5.1', java.version: '1.6.0'<br/>Session ID: e3226f03-e516-45c5-a968-be93c74997fc<br/>Driver info: org.openqa.selenium.firefox.FirefoxDriver<br/>Capabilities [{platform=XP, acceptSslCerts=true, javascriptEnabled=true, browserName=firefox, rotatable=false, locationContextEnabled=true, version=21.0, cssSelectorsEnabled=true, databaseEnabled=true, handlesAlerts=true, browserConnectionEnabled=true, nativeEvents=true, webStorageEnabled=true, applicationCacheEnabled=true, takesScreenshot=true}]<br/>	at java.lang.reflect.Constructor.newInstance(Constructor.java:513)<br/>	at org.openqa.selenium.remote.ErrorHandler.createThrowable(ErrorHandler.java:187)<br/>	at org.openqa.selenium.remote.ErrorHandler.throwIfResponseFailed(ErrorHandler.java:145)<br/>	at org.openqa.selenium.remote.RemoteWebDriver.execute(RemoteWebDriver.java:554)<br/>	at org.openqa.selenium.remote.RemoteWebElement.execute(RemoteWebElement.java:268)<br/>	at org.openqa.selenium.remote.RemoteWebElement.clear(RemoteWebElement.java:113)<br/>	at Core.UserManagement.UserRegistrationFunction.Common.UserRegistrationFunction.CreditCardDetials(UserRegistrationFunction.java:14)<br/>	at DataServices.UserRegistrationUsingComcastApplication.UserRegistrationUsingComcast.testUserRegistrationUsingComcast(UserRegistrationUsingComcast.java:36)<br/>	at UserManagement.ProfileManagement.RegisteredUserTestCasesForEditProfileDetails.ValidateZipField.EditXidioZipInProfileManagement.testEditXidioZipInProfileManagement(EditXidioZipInProfileManagement.java:19)<br/>Caused by: org.openqa.selenium.remote.ErrorHandler$UnknownServerException: Element is not currently visible and so may not be interacted with<br/>Build info: version: '2.32.0', revision: '6c40c18', time: '2013-04-09 17:22:56'<br/>System info: os.name: 'Windows XP', os.arch: 'x86', os.version: '5.1', java.version: '1.6.0'<br/>Driver info: driver.version: unknown<br/>	at <anonymous class>.fxdriver.preconditions.visible(file:///C:/DOCUME~1/HARSHI~1.GOW/LOCALS~1/Temp/anonymous60537webdriver-profile/extensions/fxdriver@googlecode.com/components/command_processor.js:7682)<br/>	at <anonymous class>.DelayedCommand.prototype.checkPreconditions_(file:///C:/DOCUME~1/HARSHI~1.GOW/LOCALS~1/Temp/anonymous60537webdriver-profile/extensions/fxdriver@googlecode.com/components/command_processor.js:10402)<br/>	at <anonymous class>.DelayedCommand.prototype.executeInternal_/h(file:///C:/DOCUME~1/HARSHI~1.GOW/LOCALS~1/Temp/anonymous60537webdriver-profile/extensions/fxdriver@googlecode.com/components/command_processor.js:10421)<br/>	at <anonymous class>.fxdriver.Timer.prototype.setTimeout/<.notify(file:///C:/DOCUME~1/HARSHI~1.GOW/LOCALS~1/Temp/anonymous60537webdriver-profile/extensions/fxdriver@googlecode.com/components/command_processor.js:386)<br/></code></td><td>86.795</td>
</tr>
<tr valign="top" class="Error">
<td><a href="SuiteRunner/0_runATFRegression.html">runATFRegression</a></td><td><a name="testEditXidioUserEmail"></a><a href="SuiteRunner/0_runATFRegression.html#testEditXidioUserEmail">testEditXidioUserEmail</a></td><td>Error</td><td>Element is not currently visible and so may not be interacted with Command duration or timeout: 30.05 seconds Build info: version: '2.32.0', revision: '6c40c18', time: '2013-04-09 17:22:56' System info: os.name: 'Windows XP', os.arch: 'x86', os.version: '5.1', java.version: '1.6.0' Session ID: d14e7e1c-5489-44b2-8021-d19cd11bbc5d Driver info: org.openqa.selenium.firefox.FirefoxDriver Capabilities [{platform=XP, acceptSslCerts=true, javascriptEnabled=true, browserName=firefox, rotatable=false, locationContextEnabled=true, version=21.0, cssSelectorsEnabled=true, databaseEnabled=true, handlesAlerts=true, browserConnectionEnabled=true, nativeEvents=true, webStorageEnabled=true, applicationCacheEnabled=true, takesScreenshot=true}]<br>
<br>
<code>org.openqa.selenium.ElementNotVisibleException: Element is not currently visible and so may not be interacted with<br/>Command duration or timeout: 30.05 seconds<br/>Build info: version: '2.32.0', revision: '6c40c18', time: '2013-04-09 17:22:56'<br/>System info: os.name: 'Windows XP', os.arch: 'x86', os.version: '5.1', java.version: '1.6.0'<br/>Session ID: d14e7e1c-5489-44b2-8021-d19cd11bbc5d<br/>Driver info: org.openqa.selenium.firefox.FirefoxDriver<br/>Capabilities [{platform=XP, acceptSslCerts=true, javascriptEnabled=true, browserName=firefox, rotatable=false, locationContextEnabled=true, version=21.0, cssSelectorsEnabled=true, databaseEnabled=true, handlesAlerts=true, browserConnectionEnabled=true, nativeEvents=true, webStorageEnabled=true, applicationCacheEnabled=true, takesScreenshot=true}]<br/>	at java.lang.reflect.Constructor.newInstance(Constructor.java:513)<br/>	at org.openqa.selenium.remote.ErrorHandler.createThrowable(ErrorHandler.java:187)<br/>	at org.openqa.selenium.remote.ErrorHandler.throwIfResponseFailed(ErrorHandler.java:145)<br/>	at org.openqa.selenium.remote.RemoteWebDriver.execute(RemoteWebDriver.java:554)<br/>	at org.openqa.selenium.remote.RemoteWebElement.execute(RemoteWebElement.java:268)<br/>	at org.openqa.selenium.remote.RemoteWebElement.clear(RemoteWebElement.java:113)<br/>	at Core.UserManagement.UserRegistrationFunction.Common.UserRegistrationFunction.CreditCardDetials(UserRegistrationFunction.java:14)<br/>	at DataServices.UserRegistrationUsingComcastApplication.UserRegistrationUsingComcast.testUserRegistrationUsingComcast(UserRegistrationUsingComcast.java:36)<br/>	at UserManagement.ProfileManagement.RegisteredUserTestCasesForEditProfileDetails.ValidateEmailField.EditXidioUserEmail.testEditXidioUserEmail(EditXidioUserEmail.java:21)<br/>Caused by: org.openqa.selenium.remote.ErrorHandler$UnknownServerException: Element is not currently visible and so may not be interacted with<br/>Build info: version: '2.32.0', revision: '6c40c18', time: '2013-04-09 17:22:56'<br/>System info: os.name: 'Windows XP', os.arch: 'x86', os.version: '5.1', java.version: '1.6.0'<br/>Driver info: driver.version: unknown<br/>	at <anonymous class>.fxdriver.preconditions.visible(file:///C:/DOCUME~1/HARSHI~1.GOW/LOCALS~1/Temp/anonymous60539webdriver-profile/extensions/fxdriver@googlecode.com/components/command_processor.js:7682)<br/>	at <anonymous class>.DelayedCommand.prototype.checkPreconditions_(file:///C:/DOCUME~1/HARSHI~1.GOW/LOCALS~1/Temp/anonymous60539webdriver-profile/extensions/fxdriver@googlecode.com/components/command_processor.js:10402)<br/>	at <anonymous class>.DelayedCommand.prototype.executeInternal_/h(file:///C:/DOCUME~1/HARSHI~1.GOW/LOCALS~1/Temp/anonymous60539webdriver-profile/extensions/fxdriver@googlecode.com/components/command_processor.js:10421)<br/>	at <anonymous class>.fxdriver.Timer.prototype.setTimeout/<.notify(file:///C:/DOCUME~1/HARSHI~1.GOW/LOCALS~1/Temp/anonymous60539webdriver-profile/extensions/fxdriver@googlecode.com/components/command_processor.js:386)<br/></code></td><td>84.154</td>
</tr>
<tr valign="top" class="Error">
<td><a href="SuiteRunner/0_runATFRegression.html">runATFRegression</a></td><td><a name="testEditXidioUserEmail"></a><a href="SuiteRunner/0_runATFRegression.html#testEditXidioUserEmail">testEditXidioUserEmail</a></td><td>Error</td><td>Element is not currently visible and so may not be interacted with Command duration or timeout: 30.06 seconds Build info: version: '2.32.0', revision: '6c40c18', time: '2013-04-09 17:22:56' System info: os.name: 'Windows XP', os.arch: 'x86', os.version: '5.1', java.version: '1.6.0' Session ID: 304c6a84-fad0-4dd6-ad55-3030622414c2 Driver info: org.openqa.selenium.firefox.FirefoxDriver Capabilities [{platform=XP, acceptSslCerts=true, javascriptEnabled=true, browserName=firefox, rotatable=false, locationContextEnabled=true, version=21.0, cssSelectorsEnabled=true, databaseEnabled=true, handlesAlerts=true, browserConnectionEnabled=true, nativeEvents=true, webStorageEnabled=true, applicationCacheEnabled=true, takesScreenshot=true}]<br>
<br>
<code>org.openqa.selenium.ElementNotVisibleException: Element is not currently visible and so may not be interacted with<br/>Command duration or timeout: 30.06 seconds<br/>Build info: version: '2.32.0', revision: '6c40c18', time: '2013-04-09 17:22:56'<br/>System info: os.name: 'Windows XP', os.arch: 'x86', os.version: '5.1', java.version: '1.6.0'<br/>Session ID: 304c6a84-fad0-4dd6-ad55-3030622414c2<br/>Driver info: org.openqa.selenium.firefox.FirefoxDriver<br/>Capabilities [{platform=XP, acceptSslCerts=true, javascriptEnabled=true, browserName=firefox, rotatable=false, locationContextEnabled=true, version=21.0, cssSelectorsEnabled=true, databaseEnabled=true, handlesAlerts=true, browserConnectionEnabled=true, nativeEvents=true, webStorageEnabled=true, applicationCacheEnabled=true, takesScreenshot=true}]<br/>	at java.lang.reflect.Constructor.newInstance(Constructor.java:513)<br/>	at org.openqa.selenium.remote.ErrorHandler.createThrowable(ErrorHandler.java:187)<br/>	at org.openqa.selenium.remote.ErrorHandler.throwIfResponseFailed(ErrorHandler.java:145)<br/>	at org.openqa.selenium.remote.RemoteWebDriver.execute(RemoteWebDriver.java:554)<br/>	at org.openqa.selenium.remote.RemoteWebElement.execute(RemoteWebElement.java:268)<br/>	at org.openqa.selenium.remote.RemoteWebElement.clear(RemoteWebElement.java:113)<br/>	at Core.UserManagement.UserRegistrationFunction.Common.UserRegistrationFunction.CreditCardDetials(UserRegistrationFunction.java:14)<br/>	at DataServices.UserRegistrationUsingComcastApplication.UserRegistrationUsingComcast.testUserRegistrationUsingComcast(UserRegistrationUsingComcast.java:36)<br/>	at UserManagement.ProfileManagement.RegisteredUserTestCasesForEditProfileDetails.ValidateMobileNumberField.ExitXidioUserMobileNumber.testEditXidioUserEmail(ExitXidioUserMobileNumber.java:20)<br/>Caused by: org.openqa.selenium.remote.ErrorHandler$UnknownServerException: Element is not currently visible and so may not be interacted with<br/>Build info: version: '2.32.0', revision: '6c40c18', time: '2013-04-09 17:22:56'<br/>System info: os.name: 'Windows XP', os.arch: 'x86', os.version: '5.1', java.version: '1.6.0'<br/>Driver info: driver.version: unknown<br/>	at <anonymous class>.fxdriver.preconditions.visible(file:///C:/DOCUME~1/HARSHI~1.GOW/LOCALS~1/Temp/anonymous60541webdriver-profile/extensions/fxdriver@googlecode.com/components/command_processor.js:7682)<br/>	at <anonymous class>.DelayedCommand.prototype.checkPreconditions_(file:///C:/DOCUME~1/HARSHI~1.GOW/LOCALS~1/Temp/anonymous60541webdriver-profile/extensions/fxdriver@googlecode.com/components/command_processor.js:10402)<br/>	at <anonymous class>.DelayedCommand.prototype.executeInternal_/h(file:///C:/DOCUME~1/HARSHI~1.GOW/LOCALS~1/Temp/anonymous60541webdriver-profile/extensions/fxdriver@googlecode.com/components/command_processor.js:10421)<br/>	at <anonymous class>.fxdriver.Timer.prototype.setTimeout/<.notify(file:///C:/DOCUME~1/HARSHI~1.GOW/LOCALS~1/Temp/anonymous60541webdriver-profile/extensions/fxdriver@googlecode.com/components/command_processor.js:386)<br/></code></td><td>84.154</td>
</tr>
<tr valign="top" class="Error">
<td><a href="SuiteRunner/0_runATFRegression.html">runATFRegression</a></td><td><a name="testValidateUserNameFieldByDeletingValueInPM"></a><a href="SuiteRunner/0_runATFRegression.html#testValidateUserNameFieldByDeletingValueInPM">testValidateUserNameFieldByDeletingValueInPM</a></td><td>Error</td><td>Unable to locate element: {"method":"link text","selector":"Xidio100613063306v@test.com"} Command duration or timeout: 30.09 seconds For documentation on this error, please visit: http://seleniumhq.org/exceptions/no_such_element.html Build info: version: '2.32.0', revision: '6c40c18', time: '2013-04-09 17:22:56' System info: os.name: 'Windows XP', os.arch: 'x86', os.version: '5.1', java.version: '1.6.0' Session ID: d58bdaa5-7143-4292-8ec1-17a07ca95248 Driver info: org.openqa.selenium.firefox.FirefoxDriver Capabilities [{platform=XP, acceptSslCerts=true, javascriptEnabled=true, browserName=firefox, rotatable=false, locationContextEnabled=true, version=21.0, cssSelectorsEnabled=true, databaseEnabled=true, handlesAlerts=true, browserConnectionEnabled=true, nativeEvents=true, webStorageEnabled=true, applicationCacheEnabled=true, takesScreenshot=true}]<br>
<br>
<code>org.openqa.selenium.NoSuchElementException: Unable to locate element: {"method":"link text","selector":"Xidio100613063306v@test.com"}<br/>Command duration or timeout: 30.09 seconds<br/>For documentation on this error, please visit: http://seleniumhq.org/exceptions/no_such_element.html<br/>Build info: version: '2.32.0', revision: '6c40c18', time: '2013-04-09 17:22:56'<br/>System info: os.name: 'Windows XP', os.arch: 'x86', os.version: '5.1', java.version: '1.6.0'<br/>Session ID: d58bdaa5-7143-4292-8ec1-17a07ca95248<br/>Driver info: org.openqa.selenium.firefox.FirefoxDriver<br/>Capabilities [{platform=XP, acceptSslCerts=true, javascriptEnabled=true, browserName=firefox, rotatable=false, locationContextEnabled=true, version=21.0, cssSelectorsEnabled=true, databaseEnabled=true, handlesAlerts=true, browserConnectionEnabled=true, nativeEvents=true, webStorageEnabled=true, applicationCacheEnabled=true, takesScreenshot=true}]<br/>	at java.lang.reflect.Constructor.newInstance(Constructor.java:513)<br/>	at org.openqa.selenium.remote.ErrorHandler.createThrowable(ErrorHandler.java:187)<br/>	at org.openqa.selenium.remote.ErrorHandler.throwIfResponseFailed(ErrorHandler.java:145)<br/>	at org.openqa.selenium.remote.RemoteWebDriver.execute(RemoteWebDriver.java:554)<br/>	at org.openqa.selenium.remote.RemoteWebDriver.findElement(RemoteWebDriver.java:307)<br/>	at org.openqa.selenium.remote.RemoteWebDriver.findElementByLinkText(RemoteWebDriver.java:356)<br/>	at org.openqa.selenium.By$ByLinkText.findElement(By.java:241)<br/>	at org.openqa.selenium.remote.RemoteWebDriver.findElement(RemoteWebDriver.java:299)<br/>	at UserManagement.ProfileManagement.RegisteredUserTestCasesForEditProfileDetails.ValidateFirstNameField.ValidateFirstNameFieldByDeletingValue.testValidateUserNameFieldByDeletingValueInPM(ValidateFirstNameFieldByDeletingValue.java:19)<br/>Caused by: org.openqa.selenium.remote.ErrorHandler$UnknownServerException: Unable to locate element: {"method":"link text","selector":"Xidio100613063306v@test.com"}<br/>Build info: version: '2.32.0', revision: '6c40c18', time: '2013-04-09 17:22:56'<br/>System info: os.name: 'Windows XP', os.arch: 'x86', os.version: '5.1', java.version: '1.6.0'<br/>Driver info: driver.version: unknown<br/>	at <anonymous class>.FirefoxDriver.prototype.findElementInternal_(file:///C:/DOCUME~1/HARSHI~1.GOW/LOCALS~1/Temp/anonymous60543webdriver-profile/extensions/fxdriver@googlecode.com/components/driver_component.js:8405)<br/>	at <anonymous class>.fxdriver.Timer.prototype.setTimeout/<.notify(file:///C:/DOCUME~1/HARSHI~1.GOW/LOCALS~1/Temp/anonymous60543webdriver-profile/extensions/fxdriver@googlecode.com/components/driver_component.js:386)<br/></code></td><td>55.280</td>
</tr>
<tr valign="top" class="Error">
<td><a href="SuiteRunner/0_runATFRegression.html">runATFRegression</a></td><td><a name="testValidateUserNameFieldByDeletingValueInPM"></a><a href="SuiteRunner/0_runATFRegression.html#testValidateUserNameFieldByDeletingValueInPM">testValidateUserNameFieldByDeletingValueInPM</a></td><td>Error</td><td>Element is not currently visible and so may not be interacted with Command duration or timeout: 30.09 seconds Build info: version: '2.32.0', revision: '6c40c18', time: '2013-04-09 17:22:56' System info: os.name: 'Windows XP', os.arch: 'x86', os.version: '5.1', java.version: '1.6.0' Session ID: 0084138b-735c-4c15-9b10-7fd899af396e Driver info: org.openqa.selenium.firefox.FirefoxDriver Capabilities [{platform=XP, acceptSslCerts=true, javascriptEnabled=true, browserName=firefox, rotatable=false, locationContextEnabled=true, version=21.0, cssSelectorsEnabled=true, databaseEnabled=true, handlesAlerts=true, browserConnectionEnabled=true, nativeEvents=true, webStorageEnabled=true, applicationCacheEnabled=true, takesScreenshot=true}]<br>
<br>
<code>org.openqa.selenium.ElementNotVisibleException: Element is not currently visible and so may not be interacted with<br/>Command duration or timeout: 30.09 seconds<br/>Build info: version: '2.32.0', revision: '6c40c18', time: '2013-04-09 17:22:56'<br/>System info: os.name: 'Windows XP', os.arch: 'x86', os.version: '5.1', java.version: '1.6.0'<br/>Session ID: 0084138b-735c-4c15-9b10-7fd899af396e<br/>Driver info: org.openqa.selenium.firefox.FirefoxDriver<br/>Capabilities [{platform=XP, acceptSslCerts=true, javascriptEnabled=true, browserName=firefox, rotatable=false, locationContextEnabled=true, version=21.0, cssSelectorsEnabled=true, databaseEnabled=true, handlesAlerts=true, browserConnectionEnabled=true, nativeEvents=true, webStorageEnabled=true, applicationCacheEnabled=true, takesScreenshot=true}]<br/>	at java.lang.reflect.Constructor.newInstance(Constructor.java:513)<br/>	at org.openqa.selenium.remote.ErrorHandler.createThrowable(ErrorHandler.java:187)<br/>	at org.openqa.selenium.remote.ErrorHandler.throwIfResponseFailed(ErrorHandler.java:145)<br/>	at org.openqa.selenium.remote.RemoteWebDriver.execute(RemoteWebDriver.java:554)<br/>	at org.openqa.selenium.remote.RemoteWebElement.execute(RemoteWebElement.java:268)<br/>	at org.openqa.selenium.remote.RemoteWebElement.clear(RemoteWebElement.java:113)<br/>	at Core.UserManagement.UserRegistrationFunction.Common.UserRegistrationFunction.CreditCardDetials(UserRegistrationFunction.java:14)<br/>	at DataServices.UserRegistrationUsingComcastApplication.UserRegistrationUsingComcast.testUserRegistrationUsingComcast(UserRegistrationUsingComcast.java:36)<br/>	at UserManagement.ProfileManagement.RegisteredUserTestCasesForEditProfileDetails.ValidateLastNameField.ValidateLastNameFieldByDeletingValue.testValidateUserNameFieldByDeletingValueInPM(ValidateLastNameFieldByDeletingValue.java:20)<br/>Caused by: org.openqa.selenium.remote.ErrorHandler$UnknownServerException: Element is not currently visible and so may not be interacted with<br/>Build info: version: '2.32.0', revision: '6c40c18', time: '2013-04-09 17:22:56'<br/>System info: os.name: 'Windows XP', os.arch: 'x86', os.version: '5.1', java.version: '1.6.0'<br/>Driver info: driver.version: unknown<br/>	at <anonymous class>.fxdriver.preconditions.visible(file:///C:/DOCUME~1/HARSHI~1.GOW/LOCALS~1/Temp/anonymous60545webdriver-profile/extensions/fxdriver@googlecode.com/components/command_processor.js:7682)<br/>	at <anonymous class>.DelayedCommand.prototype.checkPreconditions_(file:///C:/DOCUME~1/HARSHI~1.GOW/LOCALS~1/Temp/anonymous60545webdriver-profile/extensions/fxdriver@googlecode.com/components/command_processor.js:10402)<br/>	at <anonymous class>.DelayedCommand.prototype.executeInternal_/h(file:///C:/DOCUME~1/HARSHI~1.GOW/LOCALS~1/Temp/anonymous60545webdriver-profile/extensions/fxdriver@googlecode.com/components/command_processor.js:10421)<br/>	at <anonymous class>.fxdriver.Timer.prototype.setTimeout/<.notify(file:///C:/DOCUME~1/HARSHI~1.GOW/LOCALS~1/Temp/anonymous60545webdriver-profile/extensions/fxdriver@googlecode.com/components/command_processor.js:386)<br/></code></td><td>81.312</td>
</tr>
<tr valign="top" class="Error">
<td><a href="SuiteRunner/0_runATFRegression.html">runATFRegression</a></td><td><a name="testValidateUserNameFieldByDeletingValueInPM"></a><a href="SuiteRunner/0_runATFRegression.html#testValidateUserNameFieldByDeletingValueInPM">testValidateUserNameFieldByDeletingValueInPM</a></td><td>Error</td><td>Element is not currently visible and so may not be interacted with Command duration or timeout: 30.06 seconds Build info: version: '2.32.0', revision: '6c40c18', time: '2013-04-09 17:22:56' System info: os.name: 'Windows XP', os.arch: 'x86', os.version: '5.1', java.version: '1.6.0' Session ID: a748961a-c341-4547-bf69-31be1d4da9f6 Driver info: org.openqa.selenium.firefox.FirefoxDriver Capabilities [{platform=XP, acceptSslCerts=true, javascriptEnabled=true, browserName=firefox, rotatable=false, locationContextEnabled=true, version=21.0, cssSelectorsEnabled=true, databaseEnabled=true, handlesAlerts=true, browserConnectionEnabled=true, nativeEvents=true, webStorageEnabled=true, applicationCacheEnabled=true, takesScreenshot=true}]<br>
<br>
<code>org.openqa.selenium.ElementNotVisibleException: Element is not currently visible and so may not be interacted with<br/>Command duration or timeout: 30.06 seconds<br/>Build info: version: '2.32.0', revision: '6c40c18', time: '2013-04-09 17:22:56'<br/>System info: os.name: 'Windows XP', os.arch: 'x86', os.version: '5.1', java.version: '1.6.0'<br/>Session ID: a748961a-c341-4547-bf69-31be1d4da9f6<br/>Driver info: org.openqa.selenium.firefox.FirefoxDriver<br/>Capabilities [{platform=XP, acceptSslCerts=true, javascriptEnabled=true, browserName=firefox, rotatable=false, locationContextEnabled=true, version=21.0, cssSelectorsEnabled=true, databaseEnabled=true, handlesAlerts=true, browserConnectionEnabled=true, nativeEvents=true, webStorageEnabled=true, applicationCacheEnabled=true, takesScreenshot=true}]<br/>	at java.lang.reflect.Constructor.newInstance(Constructor.java:513)<br/>	at org.openqa.selenium.remote.ErrorHandler.createThrowable(ErrorHandler.java:187)<br/>	at org.openqa.selenium.remote.ErrorHandler.throwIfResponseFailed(ErrorHandler.java:145)<br/>	at org.openqa.selenium.remote.RemoteWebDriver.execute(RemoteWebDriver.java:554)<br/>	at org.openqa.selenium.remote.RemoteWebElement.execute(RemoteWebElement.java:268)<br/>	at org.openqa.selenium.remote.RemoteWebElement.clear(RemoteWebElement.java:113)<br/>	at Core.UserManagement.UserRegistrationFunction.Common.UserRegistrationFunction.CreditCardDetials(UserRegistrationFunction.java:14)<br/>	at DataServices.UserRegistrationUsingComcastApplication.UserRegistrationUsingComcast.testUserRegistrationUsingComcast(UserRegistrationUsingComcast.java:36)<br/>	at UserManagement.ProfileManagement.RegisteredUserTestCasesForEditProfileDetails.ValidateAddressField.ValidateAddressFieldByDeletingValue.testValidateUserNameFieldByDeletingValueInPM(ValidateAddressFieldByDeletingValue.java:20)<br/>Caused by: org.openqa.selenium.remote.ErrorHandler$UnknownServerException: Element is not currently visible and so may not be interacted with<br/>Build info: version: '2.32.0', revision: '6c40c18', time: '2013-04-09 17:22:56'<br/>System info: os.name: 'Windows XP', os.arch: 'x86', os.version: '5.1', java.version: '1.6.0'<br/>Driver info: driver.version: unknown<br/>	at <anonymous class>.fxdriver.preconditions.visible(file:///C:/DOCUME~1/HARSHI~1.GOW/LOCALS~1/Temp/anonymous60547webdriver-profile/extensions/fxdriver@googlecode.com/components/command_processor.js:7682)<br/>	at <anonymous class>.DelayedCommand.prototype.checkPreconditions_(file:///C:/DOCUME~1/HARSHI~1.GOW/LOCALS~1/Temp/anonymous60547webdriver-profile/extensions/fxdriver@googlecode.com/components/command_processor.js:10402)<br/>	at <anonymous class>.DelayedCommand.prototype.executeInternal_/h(file:///C:/DOCUME~1/HARSHI~1.GOW/LOCALS~1/Temp/anonymous60547webdriver-profile/extensions/fxdriver@googlecode.com/components/command_processor.js:10421)<br/>	at <anonymous class>.fxdriver.Timer.prototype.setTimeout/<.notify(file:///C:/DOCUME~1/HARSHI~1.GOW/LOCALS~1/Temp/anonymous60547webdriver-profile/extensions/fxdriver@googlecode.com/components/command_processor.js:386)<br/></code></td><td>81.437</td>
</tr>
<tr valign="top" class="Error">
<td><a href="SuiteRunner/0_runATFRegression.html">runATFRegression</a></td><td><a name="testValidateUserNameFieldByDeletingValueInPM"></a><a href="SuiteRunner/0_runATFRegression.html#testValidateUserNameFieldByDeletingValueInPM">testValidateUserNameFieldByDeletingValueInPM</a></td><td>Error</td><td>Element is not currently visible and so may not be interacted with Command duration or timeout: 30.08 seconds Build info: version: '2.32.0', revision: '6c40c18', time: '2013-04-09 17:22:56' System info: os.name: 'Windows XP', os.arch: 'x86', os.version: '5.1', java.version: '1.6.0' Session ID: 181a4db0-c9f4-4392-bb15-1faddf0dec57 Driver info: org.openqa.selenium.firefox.FirefoxDriver Capabilities [{platform=XP, acceptSslCerts=true, javascriptEnabled=true, browserName=firefox, rotatable=false, locationContextEnabled=true, version=21.0, cssSelectorsEnabled=true, databaseEnabled=true, handlesAlerts=true, browserConnectionEnabled=true, nativeEvents=true, webStorageEnabled=true, applicationCacheEnabled=true, takesScreenshot=true}]<br>
<br>
<code>org.openqa.selenium.ElementNotVisibleException: Element is not currently visible and so may not be interacted with<br/>Command duration or timeout: 30.08 seconds<br/>Build info: version: '2.32.0', revision: '6c40c18', time: '2013-04-09 17:22:56'<br/>System info: os.name: 'Windows XP', os.arch: 'x86', os.version: '5.1', java.version: '1.6.0'<br/>Session ID: 181a4db0-c9f4-4392-bb15-1faddf0dec57<br/>Driver info: org.openqa.selenium.firefox.FirefoxDriver<br/>Capabilities [{platform=XP, acceptSslCerts=true, javascriptEnabled=true, browserName=firefox, rotatable=false, locationContextEnabled=true, version=21.0, cssSelectorsEnabled=true, databaseEnabled=true, handlesAlerts=true, browserConnectionEnabled=true, nativeEvents=true, webStorageEnabled=true, applicationCacheEnabled=true, takesScreenshot=true}]<br/>	at java.lang.reflect.Constructor.newInstance(Constructor.java:513)<br/>	at org.openqa.selenium.remote.ErrorHandler.createThrowable(ErrorHandler.java:187)<br/>	at org.openqa.selenium.remote.ErrorHandler.throwIfResponseFailed(ErrorHandler.java:145)<br/>	at org.openqa.selenium.remote.RemoteWebDriver.execute(RemoteWebDriver.java:554)<br/>	at org.openqa.selenium.remote.RemoteWebElement.execute(RemoteWebElement.java:268)<br/>	at org.openqa.selenium.remote.RemoteWebElement.clear(RemoteWebElement.java:113)<br/>	at Core.UserManagement.UserRegistrationFunction.Common.UserRegistrationFunction.CreditCardDetials(UserRegistrationFunction.java:14)<br/>	at DataServices.UserRegistrationUsingComcastApplication.UserRegistrationUsingComcast.testUserRegistrationUsingComcast(UserRegistrationUsingComcast.java:36)<br/>	at UserManagement.ProfileManagement.RegisteredUserTestCasesForEditProfileDetails.ValidateCityField.ValidateCityFieldByDeletingValue.testValidateUserNameFieldByDeletingValueInPM(ValidateCityFieldByDeletingValue.java:20)<br/>Caused by: org.openqa.selenium.remote.ErrorHandler$UnknownServerException: Element is not currently visible and so may not be interacted with<br/>Build info: version: '2.32.0', revision: '6c40c18', time: '2013-04-09 17:22:56'<br/>System info: os.name: 'Windows XP', os.arch: 'x86', os.version: '5.1', java.version: '1.6.0'<br/>Driver info: driver.version: unknown<br/>	at <anonymous class>.fxdriver.preconditions.visible(file:///C:/DOCUME~1/HARSHI~1.GOW/LOCALS~1/Temp/anonymous60549webdriver-profile/extensions/fxdriver@googlecode.com/components/command_processor.js:7682)<br/>	at <anonymous class>.DelayedCommand.prototype.checkPreconditions_(file:///C:/DOCUME~1/HARSHI~1.GOW/LOCALS~1/Temp/anonymous60549webdriver-profile/extensions/fxdriver@googlecode.com/components/command_processor.js:10402)<br/>	at <anonymous class>.DelayedCommand.prototype.executeInternal_/h(file:///C:/DOCUME~1/HARSHI~1.GOW/LOCALS~1/Temp/anonymous60549webdriver-profile/extensions/fxdriver@googlecode.com/components/command_processor.js:10421)<br/>	at <anonymous class>.fxdriver.Timer.prototype.setTimeout/<.notify(file:///C:/DOCUME~1/HARSHI~1.GOW/LOCALS~1/Temp/anonymous60549webdriver-profile/extensions/fxdriver@googlecode.com/components/command_processor.js:386)<br/></code></td><td>83.281</td>
</tr>
<tr valign="top" class="Error">
<td><a href="SuiteRunner/0_runATFRegression.html">runATFRegression</a></td><td><a name="testValidateUserNameFieldByDeletingValueInPM"></a><a href="SuiteRunner/0_runATFRegression.html#testValidateUserNameFieldByDeletingValueInPM">testValidateUserNameFieldByDeletingValueInPM</a></td><td>Error</td><td>Element is not currently visible and so may not be interacted with Command duration or timeout: 30.08 seconds Build info: version: '2.32.0', revision: '6c40c18', time: '2013-04-09 17:22:56' System info: os.name: 'Windows XP', os.arch: 'x86', os.version: '5.1', java.version: '1.6.0' Session ID: 9bb3b814-597a-440d-84e4-a3016174f204 Driver info: org.openqa.selenium.firefox.FirefoxDriver Capabilities [{platform=XP, acceptSslCerts=true, javascriptEnabled=true, browserName=firefox, rotatable=false, locationContextEnabled=true, version=21.0, cssSelectorsEnabled=true, databaseEnabled=true, handlesAlerts=true, browserConnectionEnabled=true, nativeEvents=true, webStorageEnabled=true, applicationCacheEnabled=true, takesScreenshot=true}]<br>
<br>
<code>org.openqa.selenium.ElementNotVisibleException: Element is not currently visible and so may not be interacted with<br/>Command duration or timeout: 30.08 seconds<br/>Build info: version: '2.32.0', revision: '6c40c18', time: '2013-04-09 17:22:56'<br/>System info: os.name: 'Windows XP', os.arch: 'x86', os.version: '5.1', java.version: '1.6.0'<br/>Session ID: 9bb3b814-597a-440d-84e4-a3016174f204<br/>Driver info: org.openqa.selenium.firefox.FirefoxDriver<br/>Capabilities [{platform=XP, acceptSslCerts=true, javascriptEnabled=true, browserName=firefox, rotatable=false, locationContextEnabled=true, version=21.0, cssSelectorsEnabled=true, databaseEnabled=true, handlesAlerts=true, browserConnectionEnabled=true, nativeEvents=true, webStorageEnabled=true, applicationCacheEnabled=true, takesScreenshot=true}]<br/>	at java.lang.reflect.Constructor.newInstance(Constructor.java:513)<br/>	at org.openqa.selenium.remote.ErrorHandler.createThrowable(ErrorHandler.java:187)<br/>	at org.openqa.selenium.remote.ErrorHandler.throwIfResponseFailed(ErrorHandler.java:145)<br/>	at org.openqa.selenium.remote.RemoteWebDriver.execute(RemoteWebDriver.java:554)<br/>	at org.openqa.selenium.remote.RemoteWebElement.execute(RemoteWebElement.java:268)<br/>	at org.openqa.selenium.remote.RemoteWebElement.clear(RemoteWebElement.java:113)<br/>	at Core.UserManagement.UserRegistrationFunction.Common.UserRegistrationFunction.CreditCardDetials(UserRegistrationFunction.java:14)<br/>	at DataServices.UserRegistrationUsingComcastApplication.UserRegistrationUsingComcast.testUserRegistrationUsingComcast(UserRegistrationUsingComcast.java:36)<br/>	at UserManagement.ProfileManagement.RegisteredUserTestCasesForEditProfileDetails.ValidateZipField.ValidateZipFieldByDeletingValue.testValidateUserNameFieldByDeletingValueInPM(ValidateZipFieldByDeletingValue.java:20)<br/>Caused by: org.openqa.selenium.remote.ErrorHandler$UnknownServerException: Element is not currently visible and so may not be interacted with<br/>Build info: version: '2.32.0', revision: '6c40c18', time: '2013-04-09 17:22:56'<br/>System info: os.name: 'Windows XP', os.arch: 'x86', os.version: '5.1', java.version: '1.6.0'<br/>Driver info: driver.version: unknown<br/>	at <anonymous class>.fxdriver.preconditions.visible(file:///C:/DOCUME~1/HARSHI~1.GOW/LOCALS~1/Temp/anonymous60551webdriver-profile/extensions/fxdriver@googlecode.com/components/command_processor.js:7682)<br/>	at <anonymous class>.DelayedCommand.prototype.checkPreconditions_(file:///C:/DOCUME~1/HARSHI~1.GOW/LOCALS~1/Temp/anonymous60551webdriver-profile/extensions/fxdriver@googlecode.com/components/command_processor.js:10402)<br/>	at <anonymous class>.DelayedCommand.prototype.executeInternal_/h(file:///C:/DOCUME~1/HARSHI~1.GOW/LOCALS~1/Temp/anonymous60551webdriver-profile/extensions/fxdriver@googlecode.com/components/command_processor.js:10421)<br/>	at <anonymous class>.fxdriver.Timer.prototype.setTimeout/<.notify(file:///C:/DOCUME~1/HARSHI~1.GOW/LOCALS~1/Temp/anonymous60551webdriver-profile/extensions/fxdriver@googlecode.com/components/command_processor.js:386)<br/></code></td><td>81.437</td>
</tr>
<tr valign="top" class="Error">
<td><a href="SuiteRunner/0_runATFRegression.html">runATFRegression</a></td><td><a name="testValidateUserNameFieldByDeletingValueInPM"></a><a href="SuiteRunner/0_runATFRegression.html#testValidateUserNameFieldByDeletingValueInPM">testValidateUserNameFieldByDeletingValueInPM</a></td><td>Error</td><td>Element is not currently visible and so may not be interacted with Command duration or timeout: 30.03 seconds Build info: version: '2.32.0', revision: '6c40c18', time: '2013-04-09 17:22:56' System info: os.name: 'Windows XP', os.arch: 'x86', os.version: '5.1', java.version: '1.6.0' Session ID: 151f859e-d158-4f1c-9a95-3966f8d17ae8 Driver info: org.openqa.selenium.firefox.FirefoxDriver Capabilities [{platform=XP, acceptSslCerts=true, javascriptEnabled=true, browserName=firefox, rotatable=false, locationContextEnabled=true, version=21.0, cssSelectorsEnabled=true, databaseEnabled=true, handlesAlerts=true, browserConnectionEnabled=true, nativeEvents=true, webStorageEnabled=true, applicationCacheEnabled=true, takesScreenshot=true}]<br>
<br>
<code>org.openqa.selenium.ElementNotVisibleException: Element is not currently visible and so may not be interacted with<br/>Command duration or timeout: 30.03 seconds<br/>Build info: version: '2.32.0', revision: '6c40c18', time: '2013-04-09 17:22:56'<br/>System info: os.name: 'Windows XP', os.arch: 'x86', os.version: '5.1', java.version: '1.6.0'<br/>Session ID: 151f859e-d158-4f1c-9a95-3966f8d17ae8<br/>Driver info: org.openqa.selenium.firefox.FirefoxDriver<br/>Capabilities [{platform=XP, acceptSslCerts=true, javascriptEnabled=true, browserName=firefox, rotatable=false, locationContextEnabled=true, version=21.0, cssSelectorsEnabled=true, databaseEnabled=true, handlesAlerts=true, browserConnectionEnabled=true, nativeEvents=true, webStorageEnabled=true, applicationCacheEnabled=true, takesScreenshot=true}]<br/>	at java.lang.reflect.Constructor.newInstance(Constructor.java:513)<br/>	at org.openqa.selenium.remote.ErrorHandler.createThrowable(ErrorHandler.java:187)<br/>	at org.openqa.selenium.remote.ErrorHandler.throwIfResponseFailed(ErrorHandler.java:145)<br/>	at org.openqa.selenium.remote.RemoteWebDriver.execute(RemoteWebDriver.java:554)<br/>	at org.openqa.selenium.remote.RemoteWebElement.execute(RemoteWebElement.java:268)<br/>	at org.openqa.selenium.remote.RemoteWebElement.clear(RemoteWebElement.java:113)<br/>	at Core.UserManagement.UserRegistrationFunction.Common.UserRegistrationFunction.CreditCardDetials(UserRegistrationFunction.java:14)<br/>	at DataServices.UserRegistrationUsingComcastApplication.UserRegistrationUsingComcast.testUserRegistrationUsingComcast(UserRegistrationUsingComcast.java:36)<br/>	at UserManagement.ProfileManagement.RegisteredUserTestCasesForEditProfileDetails.ValidateZipField.ValidateZipFieldByEnteringCharactersValue.testValidateUserNameFieldByDeletingValueInPM(ValidateZipFieldByEnteringCharactersValue.java:20)<br/>Caused by: org.openqa.selenium.remote.ErrorHandler$UnknownServerException: Element is not currently visible and so may not be interacted with<br/>Build info: version: '2.32.0', revision: '6c40c18', time: '2013-04-09 17:22:56'<br/>System info: os.name: 'Windows XP', os.arch: 'x86', os.version: '5.1', java.version: '1.6.0'<br/>Driver info: driver.version: unknown<br/>	at <anonymous class>.fxdriver.preconditions.visible(file:///C:/DOCUME~1/HARSHI~1.GOW/LOCALS~1/Temp/anonymous60553webdriver-profile/extensions/fxdriver@googlecode.com/components/command_processor.js:7682)<br/>	at <anonymous class>.DelayedCommand.prototype.checkPreconditions_(file:///C:/DOCUME~1/HARSHI~1.GOW/LOCALS~1/Temp/anonymous60553webdriver-profile/extensions/fxdriver@googlecode.com/components/command_processor.js:10402)<br/>	at <anonymous class>.DelayedCommand.prototype.executeInternal_/h(file:///C:/DOCUME~1/HARSHI~1.GOW/LOCALS~1/Temp/anonymous60553webdriver-profile/extensions/fxdriver@googlecode.com/components/command_processor.js:10421)<br/>	at <anonymous class>.fxdriver.Timer.prototype.setTimeout/<.notify(file:///C:/DOCUME~1/HARSHI~1.GOW/LOCALS~1/Temp/anonymous60553webdriver-profile/extensions/fxdriver@googlecode.com/components/command_processor.js:386)<br/></code></td><td>82.967</td>
</tr>
<tr valign="top" class="Error">
<td><a href="SuiteRunner/0_runATFRegression.html">runATFRegression</a></td><td><a name="testValidateUserNameFieldByDeletingValueInPM"></a><a href="SuiteRunner/0_runATFRegression.html#testValidateUserNameFieldByDeletingValueInPM">testValidateUserNameFieldByDeletingValueInPM</a></td><td>Error</td><td>Element is not currently visible and so may not be interacted with Command duration or timeout: 30.09 seconds Build info: version: '2.32.0', revision: '6c40c18', time: '2013-04-09 17:22:56' System info: os.name: 'Windows XP', os.arch: 'x86', os.version: '5.1', java.version: '1.6.0' Session ID: 4214fbc9-7505-4678-adfb-fc8f004a4031 Driver info: org.openqa.selenium.firefox.FirefoxDriver Capabilities [{platform=XP, acceptSslCerts=true, javascriptEnabled=true, browserName=firefox, rotatable=false, locationContextEnabled=true, version=21.0, cssSelectorsEnabled=true, databaseEnabled=true, handlesAlerts=true, browserConnectionEnabled=true, nativeEvents=true, webStorageEnabled=true, applicationCacheEnabled=true, takesScreenshot=true}]<br>
<br>
<code>org.openqa.selenium.ElementNotVisibleException: Element is not currently visible and so may not be interacted with<br/>Command duration or timeout: 30.09 seconds<br/>Build info: version: '2.32.0', revision: '6c40c18', time: '2013-04-09 17:22:56'<br/>System info: os.name: 'Windows XP', os.arch: 'x86', os.version: '5.1', java.version: '1.6.0'<br/>Session ID: 4214fbc9-7505-4678-adfb-fc8f004a4031<br/>Driver info: org.openqa.selenium.firefox.FirefoxDriver<br/>Capabilities [{platform=XP, acceptSslCerts=true, javascriptEnabled=true, browserName=firefox, rotatable=false, locationContextEnabled=true, version=21.0, cssSelectorsEnabled=true, databaseEnabled=true, handlesAlerts=true, browserConnectionEnabled=true, nativeEvents=true, webStorageEnabled=true, applicationCacheEnabled=true, takesScreenshot=true}]<br/>	at java.lang.reflect.Constructor.newInstance(Constructor.java:513)<br/>	at org.openqa.selenium.remote.ErrorHandler.createThrowable(ErrorHandler.java:187)<br/>	at org.openqa.selenium.remote.ErrorHandler.throwIfResponseFailed(ErrorHandler.java:145)<br/>	at org.openqa.selenium.remote.RemoteWebDriver.execute(RemoteWebDriver.java:554)<br/>	at org.openqa.selenium.remote.RemoteWebElement.execute(RemoteWebElement.java:268)<br/>	at org.openqa.selenium.remote.RemoteWebElement.clear(RemoteWebElement.java:113)<br/>	at Core.UserManagement.UserRegistrationFunction.Common.UserRegistrationFunction.CreditCardDetials(UserRegistrationFunction.java:14)<br/>	at DataServices.UserRegistrationUsingComcastApplication.UserRegistrationUsingComcast.testUserRegistrationUsingComcast(UserRegistrationUsingComcast.java:36)<br/>	at UserManagement.ProfileManagement.RegisteredUserTestCasesForEditProfileDetails.ValidateZipField.ValidateZipFieldByEnteringInvalidZipLength.testValidateUserNameFieldByDeletingValueInPM(ValidateZipFieldByEnteringInvalidZipLength.java:20)<br/>Caused by: org.openqa.selenium.remote.ErrorHandler$UnknownServerException: Element is not currently visible and so may not be interacted with<br/>Build info: version: '2.32.0', revision: '6c40c18', time: '2013-04-09 17:22:56'<br/>System info: os.name: 'Windows XP', os.arch: 'x86', os.version: '5.1', java.version: '1.6.0'<br/>Driver info: driver.version: unknown<br/>	at <anonymous class>.fxdriver.preconditions.visible(file:///C:/DOCUME~1/HARSHI~1.GOW/LOCALS~1/Temp/anonymous60555webdriver-profile/extensions/fxdriver@googlecode.com/components/command_processor.js:7682)<br/>	at <anonymous class>.DelayedCommand.prototype.checkPreconditions_(file:///C:/DOCUME~1/HARSHI~1.GOW/LOCALS~1/Temp/anonymous60555webdriver-profile/extensions/fxdriver@googlecode.com/components/command_processor.js:10402)<br/>	at <anonymous class>.DelayedCommand.prototype.executeInternal_/h(file:///C:/DOCUME~1/HARSHI~1.GOW/LOCALS~1/Temp/anonymous60555webdriver-profile/extensions/fxdriver@googlecode.com/components/command_processor.js:10421)<br/>	at <anonymous class>.fxdriver.Timer.prototype.setTimeout/<.notify(file:///C:/DOCUME~1/HARSHI~1.GOW/LOCALS~1/Temp/anonymous60555webdriver-profile/extensions/fxdriver@googlecode.com/components/command_processor.js:386)<br/></code></td><td>87.498</td>
</tr>
<tr valign="top" class="Error">
<td><a href="SuiteRunner/0_runATFRegression.html">runATFRegression</a></td><td><a name="testValidateUserNameFieldByDeletingValueInPM"></a><a href="SuiteRunner/0_runATFRegression.html#testValidateUserNameFieldByDeletingValueInPM">testValidateUserNameFieldByDeletingValueInPM</a></td><td>Error</td><td>Element is not currently visible and so may not be interacted with Command duration or timeout: 30.03 seconds Build info: version: '2.32.0', revision: '6c40c18', time: '2013-04-09 17:22:56' System info: os.name: 'Windows XP', os.arch: 'x86', os.version: '5.1', java.version: '1.6.0' Session ID: 2ce1b5dd-c0c5-4031-a162-d0f5fb152a6c Driver info: org.openqa.selenium.firefox.FirefoxDriver Capabilities [{platform=XP, acceptSslCerts=true, javascriptEnabled=true, browserName=firefox, rotatable=false, locationContextEnabled=true, version=21.0, cssSelectorsEnabled=true, databaseEnabled=true, handlesAlerts=true, browserConnectionEnabled=true, nativeEvents=true, webStorageEnabled=true, applicationCacheEnabled=true, takesScreenshot=true}]<br>
<br>
<code>org.openqa.selenium.ElementNotVisibleException: Element is not currently visible and so may not be interacted with<br/>Command duration or timeout: 30.03 seconds<br/>Build info: version: '2.32.0', revision: '6c40c18', time: '2013-04-09 17:22:56'<br/>System info: os.name: 'Windows XP', os.arch: 'x86', os.version: '5.1', java.version: '1.6.0'<br/>Session ID: 2ce1b5dd-c0c5-4031-a162-d0f5fb152a6c<br/>Driver info: org.openqa.selenium.firefox.FirefoxDriver<br/>Capabilities [{platform=XP, acceptSslCerts=true, javascriptEnabled=true, browserName=firefox, rotatable=false, locationContextEnabled=true, version=21.0, cssSelectorsEnabled=true, databaseEnabled=true, handlesAlerts=true, browserConnectionEnabled=true, nativeEvents=true, webStorageEnabled=true, applicationCacheEnabled=true, takesScreenshot=true}]<br/>	at java.lang.reflect.Constructor.newInstance(Constructor.java:513)<br/>	at org.openqa.selenium.remote.ErrorHandler.createThrowable(ErrorHandler.java:187)<br/>	at org.openqa.selenium.remote.ErrorHandler.throwIfResponseFailed(ErrorHandler.java:145)<br/>	at org.openqa.selenium.remote.RemoteWebDriver.execute(RemoteWebDriver.java:554)<br/>	at org.openqa.selenium.remote.RemoteWebElement.execute(RemoteWebElement.java:268)<br/>	at org.openqa.selenium.remote.RemoteWebElement.clear(RemoteWebElement.java:113)<br/>	at Core.UserManagement.UserRegistrationFunction.Common.UserRegistrationFunction.CreditCardDetials(UserRegistrationFunction.java:14)<br/>	at DataServices.UserRegistrationUsingComcastApplication.UserRegistrationUsingComcast.testUserRegistrationUsingComcast(UserRegistrationUsingComcast.java:36)<br/>	at UserManagement.ProfileManagement.RegisteredUserTestCasesForEditProfileDetails.ValidateEmailField.ValidateEmailFieldByDeletingValue.testValidateUserNameFieldByDeletingValueInPM(ValidateEmailFieldByDeletingValue.java:20)<br/>Caused by: org.openqa.selenium.remote.ErrorHandler$UnknownServerException: Element is not currently visible and so may not be interacted with<br/>Build info: version: '2.32.0', revision: '6c40c18', time: '2013-04-09 17:22:56'<br/>System info: os.name: 'Windows XP', os.arch: 'x86', os.version: '5.1', java.version: '1.6.0'<br/>Driver info: driver.version: unknown<br/>	at <anonymous class>.fxdriver.preconditions.visible(file:///C:/DOCUME~1/HARSHI~1.GOW/LOCALS~1/Temp/anonymous60557webdriver-profile/extensions/fxdriver@googlecode.com/components/command_processor.js:7682)<br/>	at <anonymous class>.DelayedCommand.prototype.checkPreconditions_(file:///C:/DOCUME~1/HARSHI~1.GOW/LOCALS~1/Temp/anonymous60557webdriver-profile/extensions/fxdriver@googlecode.com/components/command_processor.js:10402)<br/>	at <anonymous class>.DelayedCommand.prototype.executeInternal_/h(file:///C:/DOCUME~1/HARSHI~1.GOW/LOCALS~1/Temp/anonymous60557webdriver-profile/extensions/fxdriver@googlecode.com/components/command_processor.js:10421)<br/>	at <anonymous class>.fxdriver.Timer.prototype.setTimeout/<.notify(file:///C:/DOCUME~1/HARSHI~1.GOW/LOCALS~1/Temp/anonymous60557webdriver-profile/extensions/fxdriver@googlecode.com/components/command_processor.js:386)<br/></code></td><td>84.076</td>
</tr>
<tr valign="top" class="Error">
<td><a href="SuiteRunner/0_runATFRegression.html">runATFRegression</a></td><td><a name="testValidateUserNameFieldByDeletingValueInPM"></a><a href="SuiteRunner/0_runATFRegression.html#testValidateUserNameFieldByDeletingValueInPM">testValidateUserNameFieldByDeletingValueInPM</a></td><td>Error</td><td>Element is not currently visible and so may not be interacted with Command duration or timeout: 30.11 seconds Build info: version: '2.32.0', revision: '6c40c18', time: '2013-04-09 17:22:56' System info: os.name: 'Windows XP', os.arch: 'x86', os.version: '5.1', java.version: '1.6.0' Session ID: 05947187-6eb2-4839-86e8-5e41677a2f86 Driver info: org.openqa.selenium.firefox.FirefoxDriver Capabilities [{platform=XP, acceptSslCerts=true, javascriptEnabled=true, browserName=firefox, rotatable=false, locationContextEnabled=true, version=21.0, cssSelectorsEnabled=true, databaseEnabled=true, handlesAlerts=true, browserConnectionEnabled=true, nativeEvents=true, webStorageEnabled=true, applicationCacheEnabled=true, takesScreenshot=true}]<br>
<br>
<code>org.openqa.selenium.ElementNotVisibleException: Element is not currently visible and so may not be interacted with<br/>Command duration or timeout: 30.11 seconds<br/>Build info: version: '2.32.0', revision: '6c40c18', time: '2013-04-09 17:22:56'<br/>System info: os.name: 'Windows XP', os.arch: 'x86', os.version: '5.1', java.version: '1.6.0'<br/>Session ID: 05947187-6eb2-4839-86e8-5e41677a2f86<br/>Driver info: org.openqa.selenium.firefox.FirefoxDriver<br/>Capabilities [{platform=XP, acceptSslCerts=true, javascriptEnabled=true, browserName=firefox, rotatable=false, locationContextEnabled=true, version=21.0, cssSelectorsEnabled=true, databaseEnabled=true, handlesAlerts=true, browserConnectionEnabled=true, nativeEvents=true, webStorageEnabled=true, applicationCacheEnabled=true, takesScreenshot=true}]<br/>	at java.lang.reflect.Constructor.newInstance(Constructor.java:513)<br/>	at org.openqa.selenium.remote.ErrorHandler.createThrowable(ErrorHandler.java:187)<br/>	at org.openqa.selenium.remote.ErrorHandler.throwIfResponseFailed(ErrorHandler.java:145)<br/>	at org.openqa.selenium.remote.RemoteWebDriver.execute(RemoteWebDriver.java:554)<br/>	at org.openqa.selenium.remote.RemoteWebElement.execute(RemoteWebElement.java:268)<br/>	at org.openqa.selenium.remote.RemoteWebElement.clear(RemoteWebElement.java:113)<br/>	at Core.UserManagement.UserRegistrationFunction.Common.UserRegistrationFunction.CreditCardDetials(UserRegistrationFunction.java:14)<br/>	at DataServices.UserRegistrationUsingComcastApplication.UserRegistrationUsingComcast.testUserRegistrationUsingComcast(UserRegistrationUsingComcast.java:36)<br/>	at UserManagement.ProfileManagement.RegisteredUserTestCasesForEditProfileDetails.ValidateEmailField.ValidateEmailFieldByEnteringInvalidEmailID.testValidateUserNameFieldByDeletingValueInPM(ValidateEmailFieldByEnteringInvalidEmailID.java:20)<br/>Caused by: org.openqa.selenium.remote.ErrorHandler$UnknownServerException: Element is not currently visible and so may not be interacted with<br/>Build info: version: '2.32.0', revision: '6c40c18', time: '2013-04-09 17:22:56'<br/>System info: os.name: 'Windows XP', os.arch: 'x86', os.version: '5.1', java.version: '1.6.0'<br/>Driver info: driver.version: unknown<br/>	at <anonymous class>.fxdriver.preconditions.visible(file:///C:/DOCUME~1/HARSHI~1.GOW/LOCALS~1/Temp/anonymous60559webdriver-profile/extensions/fxdriver@googlecode.com/components/command_processor.js:7682)<br/>	at <anonymous class>.DelayedCommand.prototype.checkPreconditions_(file:///C:/DOCUME~1/HARSHI~1.GOW/LOCALS~1/Temp/anonymous60559webdriver-profile/extensions/fxdriver@googlecode.com/components/command_processor.js:10402)<br/>	at <anonymous class>.DelayedCommand.prototype.executeInternal_/h(file:///C:/DOCUME~1/HARSHI~1.GOW/LOCALS~1/Temp/anonymous60559webdriver-profile/extensions/fxdriver@googlecode.com/components/command_processor.js:10421)<br/>	at <anonymous class>.fxdriver.Timer.prototype.setTimeout/<.notify(file:///C:/DOCUME~1/HARSHI~1.GOW/LOCALS~1/Temp/anonymous60559webdriver-profile/extensions/fxdriver@googlecode.com/components/command_processor.js:386)<br/></code></td><td>83.389</td>
</tr>
<tr valign="top" class="Error">
<td><a href="SuiteRunner/0_runATFRegression.html">runATFRegression</a></td><td><a name="testValidateUserNameFieldByDeletingValueInPM"></a><a href="SuiteRunner/0_runATFRegression.html#testValidateUserNameFieldByDeletingValueInPM">testValidateUserNameFieldByDeletingValueInPM</a></td><td>Error</td><td>Element is not currently visible and so may not be interacted with Command duration or timeout: 30.08 seconds Build info: version: '2.32.0', revision: '6c40c18', time: '2013-04-09 17:22:56' System info: os.name: 'Windows XP', os.arch: 'x86', os.version: '5.1', java.version: '1.6.0' Session ID: d146f3ac-c284-4033-86e3-a5c71c077650 Driver info: org.openqa.selenium.firefox.FirefoxDriver Capabilities [{platform=XP, acceptSslCerts=true, javascriptEnabled=true, browserName=firefox, rotatable=false, locationContextEnabled=true, version=21.0, cssSelectorsEnabled=true, databaseEnabled=true, handlesAlerts=true, browserConnectionEnabled=true, nativeEvents=true, webStorageEnabled=true, applicationCacheEnabled=true, takesScreenshot=true}]<br>
<br>
<code>org.openqa.selenium.ElementNotVisibleException: Element is not currently visible and so may not be interacted with<br/>Command duration or timeout: 30.08 seconds<br/>Build info: version: '2.32.0', revision: '6c40c18', time: '2013-04-09 17:22:56'<br/>System info: os.name: 'Windows XP', os.arch: 'x86', os.version: '5.1', java.version: '1.6.0'<br/>Session ID: d146f3ac-c284-4033-86e3-a5c71c077650<br/>Driver info: org.openqa.selenium.firefox.FirefoxDriver<br/>Capabilities [{platform=XP, acceptSslCerts=true, javascriptEnabled=true, browserName=firefox, rotatable=false, locationContextEnabled=true, version=21.0, cssSelectorsEnabled=true, databaseEnabled=true, handlesAlerts=true, browserConnectionEnabled=true, nativeEvents=true, webStorageEnabled=true, applicationCacheEnabled=true, takesScreenshot=true}]<br/>	at java.lang.reflect.Constructor.newInstance(Constructor.java:513)<br/>	at org.openqa.selenium.remote.ErrorHandler.createThrowable(ErrorHandler.java:187)<br/>	at org.openqa.selenium.remote.ErrorHandler.throwIfResponseFailed(ErrorHandler.java:145)<br/>	at org.openqa.selenium.remote.RemoteWebDriver.execute(RemoteWebDriver.java:554)<br/>	at org.openqa.selenium.remote.RemoteWebElement.execute(RemoteWebElement.java:268)<br/>	at org.openqa.selenium.remote.RemoteWebElement.clear(RemoteWebElement.java:113)<br/>	at Core.UserManagement.UserRegistrationFunction.Common.UserRegistrationFunction.CreditCardDetials(UserRegistrationFunction.java:14)<br/>	at DataServices.UserRegistrationUsingComcastApplication.UserRegistrationUsingComcast.testUserRegistrationUsingComcast(UserRegistrationUsingComcast.java:36)<br/>	at UserManagement.ProfileManagement.RegisteredUserTestCasesForEditProfileDetails.ValidateMobileNumberField.ValidateMobileNumberFieldByDeletingValue.testValidateUserNameFieldByDeletingValueInPM(ValidateMobileNumberFieldByDeletingValue.java:20)<br/>Caused by: org.openqa.selenium.remote.ErrorHandler$UnknownServerException: Element is not currently visible and so may not be interacted with<br/>Build info: version: '2.32.0', revision: '6c40c18', time: '2013-04-09 17:22:56'<br/>System info: os.name: 'Windows XP', os.arch: 'x86', os.version: '5.1', java.version: '1.6.0'<br/>Driver info: driver.version: unknown<br/>	at <anonymous class>.fxdriver.preconditions.visible(file:///C:/DOCUME~1/HARSHI~1.GOW/LOCALS~1/Temp/anonymous60561webdriver-profile/extensions/fxdriver@googlecode.com/components/command_processor.js:7682)<br/>	at <anonymous class>.DelayedCommand.prototype.checkPreconditions_(file:///C:/DOCUME~1/HARSHI~1.GOW/LOCALS~1/Temp/anonymous60561webdriver-profile/extensions/fxdriver@googlecode.com/components/command_processor.js:10402)<br/>	at <anonymous class>.DelayedCommand.prototype.executeInternal_/h(file:///C:/DOCUME~1/HARSHI~1.GOW/LOCALS~1/Temp/anonymous60561webdriver-profile/extensions/fxdriver@googlecode.com/components/command_processor.js:10421)<br/>	at <anonymous class>.fxdriver.Timer.prototype.setTimeout/<.notify(file:///C:/DOCUME~1/HARSHI~1.GOW/LOCALS~1/Temp/anonymous60561webdriver-profile/extensions/fxdriver@googlecode.com/components/command_processor.js:386)<br/></code></td><td>84.998</td>
</tr>
<tr valign="top" class="Error">
<td><a href="SuiteRunner/0_runATFRegression.html">runATFRegression</a></td><td><a name="testValidateUserNameFieldByDeletingValueInPM"></a><a href="SuiteRunner/0_runATFRegression.html#testValidateUserNameFieldByDeletingValueInPM">testValidateUserNameFieldByDeletingValueInPM</a></td><td>Error</td><td>Unable to locate element: {"method":"link text","selector":"Xidio100613063306v@test.com"} Command duration or timeout: 30.27 seconds For documentation on this error, please visit: http://seleniumhq.org/exceptions/no_such_element.html Build info: version: '2.32.0', revision: '6c40c18', time: '2013-04-09 17:22:56' System info: os.name: 'Windows XP', os.arch: 'x86', os.version: '5.1', java.version: '1.6.0' Session ID: 583cc64a-ff96-4421-a39d-d914a22d4a2f Driver info: org.openqa.selenium.firefox.FirefoxDriver Capabilities [{platform=XP, acceptSslCerts=true, javascriptEnabled=true, browserName=firefox, rotatable=false, locationContextEnabled=true, version=21.0, cssSelectorsEnabled=true, databaseEnabled=true, handlesAlerts=true, browserConnectionEnabled=true, nativeEvents=true, webStorageEnabled=true, applicationCacheEnabled=true, takesScreenshot=true}]<br>
<br>
<code>org.openqa.selenium.NoSuchElementException: Unable to locate element: {"method":"link text","selector":"Xidio100613063306v@test.com"}<br/>Command duration or timeout: 30.27 seconds<br/>For documentation on this error, please visit: http://seleniumhq.org/exceptions/no_such_element.html<br/>Build info: version: '2.32.0', revision: '6c40c18', time: '2013-04-09 17:22:56'<br/>System info: os.name: 'Windows XP', os.arch: 'x86', os.version: '5.1', java.version: '1.6.0'<br/>Session ID: 583cc64a-ff96-4421-a39d-d914a22d4a2f<br/>Driver info: org.openqa.selenium.firefox.FirefoxDriver<br/>Capabilities [{platform=XP, acceptSslCerts=true, javascriptEnabled=true, browserName=firefox, rotatable=false, locationContextEnabled=true, version=21.0, cssSelectorsEnabled=true, databaseEnabled=true, handlesAlerts=true, browserConnectionEnabled=true, nativeEvents=true, webStorageEnabled=true, applicationCacheEnabled=true, takesScreenshot=true}]<br/>	at java.lang.reflect.Constructor.newInstance(Constructor.java:513)<br/>	at org.openqa.selenium.remote.ErrorHandler.createThrowable(ErrorHandler.java:187)<br/>	at org.openqa.selenium.remote.ErrorHandler.throwIfResponseFailed(ErrorHandler.java:145)<br/>	at org.openqa.selenium.remote.RemoteWebDriver.execute(RemoteWebDriver.java:554)<br/>	at org.openqa.selenium.remote.RemoteWebDriver.findElement(RemoteWebDriver.java:307)<br/>	at org.openqa.selenium.remote.RemoteWebDriver.findElementByLinkText(RemoteWebDriver.java:356)<br/>	at org.openqa.selenium.By$ByLinkText.findElement(By.java:241)<br/>	at org.openqa.selenium.remote.RemoteWebDriver.findElement(RemoteWebDriver.java:299)<br/>	at UserManagement.ProfileManagement.RegisteredUserTestCasesForEditProfileDetails.ValidateMobileNumberField.ValidateMobileNumberFieldByEnteringInvalidNo.testValidateUserNameFieldByDeletingValueInPM(ValidateMobileNumberFieldByEnteringInvalidNo.java:26)<br/>Caused by: org.openqa.selenium.remote.ErrorHandler$UnknownServerException: Unable to locate element: {"method":"link text","selector":"Xidio100613063306v@test.com"}<br/>Build info: version: '2.32.0', revision: '6c40c18', time: '2013-04-09 17:22:56'<br/>System info: os.name: 'Windows XP', os.arch: 'x86', os.version: '5.1', java.version: '1.6.0'<br/>Driver info: driver.version: unknown<br/>	at <anonymous class>.FirefoxDriver.prototype.findElementInternal_(file:///C:/DOCUME~1/HARSHI~1.GOW/LOCALS~1/Temp/anonymous60563webdriver-profile/extensions/fxdriver@googlecode.com/components/driver_component.js:8405)<br/>	at <anonymous class>.fxdriver.Timer.prototype.setTimeout/<.notify(file:///C:/DOCUME~1/HARSHI~1.GOW/LOCALS~1/Temp/anonymous60563webdriver-profile/extensions/fxdriver@googlecode.com/components/driver_component.js:386)<br/></code></td><td>152.809</td>
</tr>
<tr valign="top" class="Error">
<td><a href="SuiteRunner/0_runATFRegression.html">runATFRegression</a></td><td><a name="testValidateUserNameFieldByDeletingValueInPM"></a><a href="SuiteRunner/0_runATFRegression.html#testValidateUserNameFieldByDeletingValueInPM">testValidateUserNameFieldByDeletingValueInPM</a></td><td>Error</td><td>Element is not currently visible and so may not be interacted with Command duration or timeout: 30.09 seconds Build info: version: '2.32.0', revision: '6c40c18', time: '2013-04-09 17:22:56' System info: os.name: 'Windows XP', os.arch: 'x86', os.version: '5.1', java.version: '1.6.0' Session ID: 55228b1e-69a0-44d6-8044-af18f556dde7 Driver info: org.openqa.selenium.firefox.FirefoxDriver Capabilities [{platform=XP, acceptSslCerts=true, javascriptEnabled=true, browserName=firefox, rotatable=false, locationContextEnabled=true, version=21.0, cssSelectorsEnabled=true, databaseEnabled=true, handlesAlerts=true, browserConnectionEnabled=true, nativeEvents=true, webStorageEnabled=true, applicationCacheEnabled=true, takesScreenshot=true}]<br>
<br>
<code>org.openqa.selenium.ElementNotVisibleException: Element is not currently visible and so may not be interacted with<br/>Command duration or timeout: 30.09 seconds<br/>Build info: version: '2.32.0', revision: '6c40c18', time: '2013-04-09 17:22:56'<br/>System info: os.name: 'Windows XP', os.arch: 'x86', os.version: '5.1', java.version: '1.6.0'<br/>Session ID: 55228b1e-69a0-44d6-8044-af18f556dde7<br/>Driver info: org.openqa.selenium.firefox.FirefoxDriver<br/>Capabilities [{platform=XP, acceptSslCerts=true, javascriptEnabled=true, browserName=firefox, rotatable=false, locationContextEnabled=true, version=21.0, cssSelectorsEnabled=true, databaseEnabled=true, handlesAlerts=true, browserConnectionEnabled=true, nativeEvents=true, webStorageEnabled=true, applicationCacheEnabled=true, takesScreenshot=true}]<br/>	at java.lang.reflect.Constructor.newInstance(Constructor.java:513)<br/>	at org.openqa.selenium.remote.ErrorHandler.createThrowable(ErrorHandler.java:187)<br/>	at org.openqa.selenium.remote.ErrorHandler.throwIfResponseFailed(ErrorHandler.java:145)<br/>	at org.openqa.selenium.remote.RemoteWebDriver.execute(RemoteWebDriver.java:554)<br/>	at org.openqa.selenium.remote.RemoteWebElement.execute(RemoteWebElement.java:268)<br/>	at org.openqa.selenium.remote.RemoteWebElement.clear(RemoteWebElement.java:113)<br/>	at Core.UserManagement.UserRegistrationFunction.Common.UserRegistrationFunction.CreditCardDetials(UserRegistrationFunction.java:14)<br/>	at DataServices.UserRegistrationUsingComcastApplication.UserRegistrationUsingComcast.testUserRegistrationUsingComcast(UserRegistrationUsingComcast.java:36)<br/>	at UserManagement.ProfileManagement.RegisteredUserTestCasesForEditProfileDetails.ValidateMobileNumberField.ValidateMobileNumberFieldByEnteringExistingNo.testValidateUserNameFieldByDeletingValueInPM(ValidateMobileNumberFieldByEnteringExistingNo.java:20)<br/>Caused by: org.openqa.selenium.remote.ErrorHandler$UnknownServerException: Element is not currently visible and so may not be interacted with<br/>Build info: version: '2.32.0', revision: '6c40c18', time: '2013-04-09 17:22:56'<br/>System info: os.name: 'Windows XP', os.arch: 'x86', os.version: '5.1', java.version: '1.6.0'<br/>Driver info: driver.version: unknown<br/>	at <anonymous class>.fxdriver.preconditions.visible(file:///C:/DOCUME~1/HARSHI~1.GOW/LOCALS~1/Temp/anonymous60565webdriver-profile/extensions/fxdriver@googlecode.com/components/command_processor.js:7682)<br/>	at <anonymous class>.DelayedCommand.prototype.checkPreconditions_(file:///C:/DOCUME~1/HARSHI~1.GOW/LOCALS~1/Temp/anonymous60565webdriver-profile/extensions/fxdriver@googlecode.com/components/command_processor.js:10402)<br/>	at <anonymous class>.DelayedCommand.prototype.executeInternal_/h(file:///C:/DOCUME~1/HARSHI~1.GOW/LOCALS~1/Temp/anonymous60565webdriver-profile/extensions/fxdriver@googlecode.com/components/command_processor.js:10421)<br/>	at <anonymous class>.fxdriver.Timer.prototype.setTimeout/<.notify(file:///C:/DOCUME~1/HARSHI~1.GOW/LOCALS~1/Temp/anonymous60565webdriver-profile/extensions/fxdriver@googlecode.com/components/command_processor.js:386)<br/></code></td><td>85.389</td>
</tr>
<tr valign="top" class="Error">
<td><a href="SuiteRunner/0_runATFRegression.html">runATFRegression</a></td><td><a name="testValidateCurrentPasswordWhenChangingPassword"></a><a href="SuiteRunner/0_runATFRegression.html#testValidateCurrentPasswordWhenChangingPassword">testValidateCurrentPasswordWhenChangingPassword</a></td><td>Error</td><td>Unable to locate element: {"method":"name","selector":"old_password"} Command duration or timeout: 30.17 seconds For documentation on this error, please visit: http://seleniumhq.org/exceptions/no_such_element.html Build info: version: '2.32.0', revision: '6c40c18', time: '2013-04-09 17:22:56' System info: os.name: 'Windows XP', os.arch: 'x86', os.version: '5.1', java.version: '1.6.0' Session ID: f94d0ca1-aca1-4694-a217-e86927297241 Driver info: org.openqa.selenium.firefox.FirefoxDriver Capabilities [{platform=XP, acceptSslCerts=true, javascriptEnabled=true, browserName=firefox, rotatable=false, locationContextEnabled=true, version=21.0, cssSelectorsEnabled=true, databaseEnabled=true, handlesAlerts=true, browserConnectionEnabled=true, nativeEvents=true, webStorageEnabled=true, applicationCacheEnabled=true, takesScreenshot=true}]<br>
<br>
<code>org.openqa.selenium.NoSuchElementException: Unable to locate element: {"method":"name","selector":"old_password"}<br/>Command duration or timeout: 30.17 seconds<br/>For documentation on this error, please visit: http://seleniumhq.org/exceptions/no_such_element.html<br/>Build info: version: '2.32.0', revision: '6c40c18', time: '2013-04-09 17:22:56'<br/>System info: os.name: 'Windows XP', os.arch: 'x86', os.version: '5.1', java.version: '1.6.0'<br/>Session ID: f94d0ca1-aca1-4694-a217-e86927297241<br/>Driver info: org.openqa.selenium.firefox.FirefoxDriver<br/>Capabilities [{platform=XP, acceptSslCerts=true, javascriptEnabled=true, browserName=firefox, rotatable=false, locationContextEnabled=true, version=21.0, cssSelectorsEnabled=true, databaseEnabled=true, handlesAlerts=true, browserConnectionEnabled=true, nativeEvents=true, webStorageEnabled=true, applicationCacheEnabled=true, takesScreenshot=true}]<br/>	at java.lang.reflect.Constructor.newInstance(Constructor.java:513)<br/>	at org.openqa.selenium.remote.ErrorHandler.createThrowable(ErrorHandler.java:187)<br/>	at org.openqa.selenium.remote.ErrorHandler.throwIfResponseFailed(ErrorHandler.java:145)<br/>	at org.openqa.selenium.remote.RemoteWebDriver.execute(RemoteWebDriver.java:554)<br/>	at org.openqa.selenium.remote.RemoteWebDriver.findElement(RemoteWebDriver.java:307)<br/>	at org.openqa.selenium.remote.RemoteWebDriver.findElementByName(RemoteWebDriver.java:380)<br/>	at org.openqa.selenium.By$ByName.findElement(By.java:292)<br/>	at org.openqa.selenium.remote.RemoteWebDriver.findElement(RemoteWebDriver.java:299)<br/>	at Core.UserManagement.UserLoginFunctions.UserLoginFunctions.ChangePassword(UserLoginFunctions.java:24)<br/>	at UserManagement.ProfileManagement.RegisteredUserTestCasesForChangePassword.ValidateCurrentUserPassWhileChangingPass.ValidateCurrentPasswordWhenChangingPassword.testValidateCurrentPasswordWhenChangingPassword(ValidateCurrentPasswordWhenChangingPassword.java:29)<br/>Caused by: org.openqa.selenium.remote.ErrorHandler$UnknownServerException: Unable to locate element: {"method":"name","selector":"old_password"}<br/>Build info: version: '2.32.0', revision: '6c40c18', time: '2013-04-09 17:22:56'<br/>System info: os.name: 'Windows XP', os.arch: 'x86', os.version: '5.1', java.version: '1.6.0'<br/>Driver info: driver.version: unknown<br/>	at <anonymous class>.FirefoxDriver.prototype.findElementInternal_(file:///C:/DOCUME~1/HARSHI~1.GOW/LOCALS~1/Temp/anonymous60567webdriver-profile/extensions/fxdriver@googlecode.com/components/driver_component.js:8405)<br/>	at <anonymous class>.fxdriver.Timer.prototype.setTimeout/<.notify(file:///C:/DOCUME~1/HARSHI~1.GOW/LOCALS~1/Temp/anonymous60567webdriver-profile/extensions/fxdriver@googlecode.com/components/driver_component.js:386)<br/></code></td><td>145.871</td>
</tr>
<tr valign="top" class="Error">
<td><a href="SuiteRunner/0_runATFRegression.html">runATFRegression</a></td><td><a name="testVerifyPasswordChangeWorks"></a><a href="SuiteRunner/0_runATFRegression.html#testVerifyPasswordChangeWorks">testVerifyPasswordChangeWorks</a></td><td>Error</td><td>Unable to locate element: {"method":"link text","selector":"Xidio100613063306v@test.com"} Command duration or timeout: 31.39 seconds For documentation on this error, please visit: http://seleniumhq.org/exceptions/no_such_element.html Build info: version: '2.32.0', revision: '6c40c18', time: '2013-04-09 17:22:56' System info: os.name: 'Windows XP', os.arch: 'x86', os.version: '5.1', java.version: '1.6.0' Session ID: 80606eaf-ddd4-4a87-93f0-91ebf3c4324d Driver info: org.openqa.selenium.firefox.FirefoxDriver Capabilities [{platform=XP, acceptSslCerts=true, javascriptEnabled=true, browserName=firefox, rotatable=false, locationContextEnabled=true, version=21.0, cssSelectorsEnabled=true, databaseEnabled=true, handlesAlerts=true, browserConnectionEnabled=true, nativeEvents=true, webStorageEnabled=true, applicationCacheEnabled=true, takesScreenshot=true}]<br>
<br>
<code>org.openqa.selenium.NoSuchElementException: Unable to locate element: {"method":"link text","selector":"Xidio100613063306v@test.com"}<br/>Command duration or timeout: 31.39 seconds<br/>For documentation on this error, please visit: http://seleniumhq.org/exceptions/no_such_element.html<br/>Build info: version: '2.32.0', revision: '6c40c18', time: '2013-04-09 17:22:56'<br/>System info: os.name: 'Windows XP', os.arch: 'x86', os.version: '5.1', java.version: '1.6.0'<br/>Session ID: 80606eaf-ddd4-4a87-93f0-91ebf3c4324d<br/>Driver info: org.openqa.selenium.firefox.FirefoxDriver<br/>Capabilities [{platform=XP, acceptSslCerts=true, javascriptEnabled=true, browserName=firefox, rotatable=false, locationContextEnabled=true, version=21.0, cssSelectorsEnabled=true, databaseEnabled=true, handlesAlerts=true, browserConnectionEnabled=true, nativeEvents=true, webStorageEnabled=true, applicationCacheEnabled=true, takesScreenshot=true}]<br/>	at java.lang.reflect.Constructor.newInstance(Constructor.java:513)<br/>	at org.openqa.selenium.remote.ErrorHandler.createThrowable(ErrorHandler.java:187)<br/>	at org.openqa.selenium.remote.ErrorHandler.throwIfResponseFailed(ErrorHandler.java:145)<br/>	at org.openqa.selenium.remote.RemoteWebDriver.execute(RemoteWebDriver.java:554)<br/>	at org.openqa.selenium.remote.RemoteWebDriver.findElement(RemoteWebDriver.java:307)<br/>	at org.openqa.selenium.remote.RemoteWebDriver.findElementByLinkText(RemoteWebDriver.java:356)<br/>	at org.openqa.selenium.By$ByLinkText.findElement(By.java:241)<br/>	at org.openqa.selenium.remote.RemoteWebDriver.findElement(RemoteWebDriver.java:299)<br/>	at UserManagement.ProfileManagement.RegisteredUserTestCasesForChangePassword.ValidateNewAndConfirmPassword.ValidateNewPasswordAndConfirmPasswordMatch.testVerifyPasswordChangeWorks(ValidateNewPasswordAndConfirmPasswordMatch.java:26)<br/>Caused by: org.openqa.selenium.remote.ErrorHandler$UnknownServerException: Unable to locate element: {"method":"link text","selector":"Xidio100613063306v@test.com"}<br/>Build info: version: '2.32.0', revision: '6c40c18', time: '2013-04-09 17:22:56'<br/>System info: os.name: 'Windows XP', os.arch: 'x86', os.version: '5.1', java.version: '1.6.0'<br/>Driver info: driver.version: unknown<br/>	at <anonymous class>.FirefoxDriver.prototype.findElementInternal_(file:///C:/DOCUME~1/HARSHI~1.GOW/LOCALS~1/Temp/anonymous60569webdriver-profile/extensions/fxdriver@googlecode.com/components/driver_component.js:8405)<br/>	at <anonymous class>.fxdriver.Timer.prototype.setTimeout/<.notify(file:///C:/DOCUME~1/HARSHI~1.GOW/LOCALS~1/Temp/anonymous60569webdriver-profile/extensions/fxdriver@googlecode.com/components/driver_component.js:386)<br/></code></td><td>62.436</td>
</tr>
<tr valign="top" class="Error">
<td><a href="SuiteRunner/0_runATFRegression.html">runATFRegression</a></td><td><a name="testVerifyPasswordChangeWorks"></a><a href="SuiteRunner/0_runATFRegression.html#testVerifyPasswordChangeWorks">testVerifyPasswordChangeWorks</a></td><td>Error</td><td>Element is not currently visible and so may not be interacted with Command duration or timeout: 30.11 seconds Build info: version: '2.32.0', revision: '6c40c18', time: '2013-04-09 17:22:56' System info: os.name: 'Windows XP', os.arch: 'x86', os.version: '5.1', java.version: '1.6.0' Session ID: 8a77d136-4af8-4d35-a894-2c00d5f9302e Driver info: org.openqa.selenium.firefox.FirefoxDriver Capabilities [{platform=XP, acceptSslCerts=true, javascriptEnabled=true, browserName=firefox, rotatable=false, locationContextEnabled=true, version=21.0, cssSelectorsEnabled=true, databaseEnabled=true, handlesAlerts=true, browserConnectionEnabled=true, nativeEvents=true, webStorageEnabled=true, applicationCacheEnabled=true, takesScreenshot=true}]<br>
<br>
<code>org.openqa.selenium.ElementNotVisibleException: Element is not currently visible and so may not be interacted with<br/>Command duration or timeout: 30.11 seconds<br/>Build info: version: '2.32.0', revision: '6c40c18', time: '2013-04-09 17:22:56'<br/>System info: os.name: 'Windows XP', os.arch: 'x86', os.version: '5.1', java.version: '1.6.0'<br/>Session ID: 8a77d136-4af8-4d35-a894-2c00d5f9302e<br/>Driver info: org.openqa.selenium.firefox.FirefoxDriver<br/>Capabilities [{platform=XP, acceptSslCerts=true, javascriptEnabled=true, browserName=firefox, rotatable=false, locationContextEnabled=true, version=21.0, cssSelectorsEnabled=true, databaseEnabled=true, handlesAlerts=true, browserConnectionEnabled=true, nativeEvents=true, webStorageEnabled=true, applicationCacheEnabled=true, takesScreenshot=true}]<br/>	at java.lang.reflect.Constructor.newInstance(Constructor.java:513)<br/>	at org.openqa.selenium.remote.ErrorHandler.createThrowable(ErrorHandler.java:187)<br/>	at org.openqa.selenium.remote.ErrorHandler.throwIfResponseFailed(ErrorHandler.java:145)<br/>	at org.openqa.selenium.remote.RemoteWebDriver.execute(RemoteWebDriver.java:554)<br/>	at org.openqa.selenium.remote.RemoteWebElement.execute(RemoteWebElement.java:268)<br/>	at org.openqa.selenium.remote.RemoteWebElement.clear(RemoteWebElement.java:113)<br/>	at Core.UserManagement.UserRegistrationFunction.Common.UserRegistrationFunction.CreditCardDetials(UserRegistrationFunction.java:14)<br/>	at DataServices.UserRegistrationUsingComcastApplication.UserRegistrationUsingComcast.testUserRegistrationUsingComcast(UserRegistrationUsingComcast.java:36)<br/>	at UserManagement.ProfileManagement.RegisteredUserTestCasesForChangePassword.VerifyPasswordChangesSuccessfully.VerifyPasswordChangeWorks.testVerifyPasswordChangeWorks(VerifyPasswordChangeWorks.java:20)<br/>Caused by: org.openqa.selenium.remote.ErrorHandler$UnknownServerException: Element is not currently visible and so may not be interacted with<br/>Build info: version: '2.32.0', revision: '6c40c18', time: '2013-04-09 17:22:56'<br/>System info: os.name: 'Windows XP', os.arch: 'x86', os.version: '5.1', java.version: '1.6.0'<br/>Driver info: driver.version: unknown<br/>	at <anonymous class>.fxdriver.preconditions.visible(file:///C:/DOCUME~1/HARSHI~1.GOW/LOCALS~1/Temp/anonymous60571webdriver-profile/extensions/fxdriver@googlecode.com/components/command_processor.js:7682)<br/>	at <anonymous class>.DelayedCommand.prototype.checkPreconditions_(file:///C:/DOCUME~1/HARSHI~1.GOW/LOCALS~1/Temp/anonymous60571webdriver-profile/extensions/fxdriver@googlecode.com/components/command_processor.js:10402)<br/>	at <anonymous class>.DelayedCommand.prototype.executeInternal_/h(file:///C:/DOCUME~1/HARSHI~1.GOW/LOCALS~1/Temp/anonymous60571webdriver-profile/extensions/fxdriver@googlecode.com/components/command_processor.js:10421)<br/>	at <anonymous class>.fxdriver.Timer.prototype.setTimeout/<.notify(file:///C:/DOCUME~1/HARSHI~1.GOW/LOCALS~1/Temp/anonymous60571webdriver-profile/extensions/fxdriver@googlecode.com/components/command_processor.js:386)<br/></code></td><td>82.217</td>
</tr>
<tr valign="top" class="TableRowColor">
<td><a href="SuiteRunner/0_runATFRegression.html">runATFRegression</a></td><td><a name="testUserProfileChanges"></a><a href="SuiteRunner/0_runATFRegression.html#testUserProfileChanges">testUserProfileChanges</a></td><td>Success</td><td></td><td>90.029</td>
</tr>
<tr valign="top" class="TableRowColor">
<td><a href="SuiteRunner/0_runATFRegression.html">runATFRegression</a></td><td><a name="testUserProfileChanges"></a><a href="SuiteRunner/0_runATFRegression.html#testUserProfileChanges">testUserProfileChanges</a></td><td>Success</td><td></td><td>85.748</td>
</tr>
<tr valign="top" class="Error">
<td><a href="SuiteRunner/0_runATFRegression.html">runATFRegression</a></td><td><a name="testUserProfileChanges"></a><a href="SuiteRunner/0_runATFRegression.html#testUserProfileChanges">testUserProfileChanges</a></td><td>Error</td><td>Element is not currently visible and so may not be interacted with Command duration or timeout: 30.11 seconds Build info: version: '2.32.0', revision: '6c40c18', time: '2013-04-09 17:22:56' System info: os.name: 'Windows XP', os.arch: 'x86', os.version: '5.1', java.version: '1.6.0' Session ID: 02ee742e-6d9c-4726-a05c-8b98402539a3 Driver info: org.openqa.selenium.firefox.FirefoxDriver Capabilities [{platform=XP, acceptSslCerts=true, javascriptEnabled=true, browserName=firefox, rotatable=false, locationContextEnabled=true, version=21.0, cssSelectorsEnabled=true, databaseEnabled=true, handlesAlerts=true, browserConnectionEnabled=true, nativeEvents=true, webStorageEnabled=true, applicationCacheEnabled=true, takesScreenshot=true}]<br>
<br>
<code>org.openqa.selenium.ElementNotVisibleException: Element is not currently visible and so may not be interacted with<br/>Command duration or timeout: 30.11 seconds<br/>Build info: version: '2.32.0', revision: '6c40c18', time: '2013-04-09 17:22:56'<br/>System info: os.name: 'Windows XP', os.arch: 'x86', os.version: '5.1', java.version: '1.6.0'<br/>Session ID: 02ee742e-6d9c-4726-a05c-8b98402539a3<br/>Driver info: org.openqa.selenium.firefox.FirefoxDriver<br/>Capabilities [{platform=XP, acceptSslCerts=true, javascriptEnabled=true, browserName=firefox, rotatable=false, locationContextEnabled=true, version=21.0, cssSelectorsEnabled=true, databaseEnabled=true, handlesAlerts=true, browserConnectionEnabled=true, nativeEvents=true, webStorageEnabled=true, applicationCacheEnabled=true, takesScreenshot=true}]<br/>	at java.lang.reflect.Constructor.newInstance(Constructor.java:513)<br/>	at org.openqa.selenium.remote.ErrorHandler.createThrowable(ErrorHandler.java:187)<br/>	at org.openqa.selenium.remote.ErrorHandler.throwIfResponseFailed(ErrorHandler.java:145)<br/>	at org.openqa.selenium.remote.RemoteWebDriver.execute(RemoteWebDriver.java:554)<br/>	at org.openqa.selenium.remote.RemoteWebElement.execute(RemoteWebElement.java:268)<br/>	at org.openqa.selenium.remote.RemoteWebElement.clear(RemoteWebElement.java:113)<br/>	at Core.UserManagement.UserRegistrationFunction.Common.UserRegistrationFunction.CreditCardDetials(UserRegistrationFunction.java:14)<br/>	at DataServices.UserRegistrationUsingComcastApplication.UserRegistrationUsingComcast.testUserRegistrationUsingComcast(UserRegistrationUsingComcast.java:36)<br/>	at UserManagement.ProfileManagement.RegisteredUserTestCasesForChangePaymentInfo.ValidateCreditCardField.ValidatePaymentInfoCreditCardNumberWithInvalidInput.testUserProfileChanges(ValidatePaymentInfoCreditCardNumberWithInvalidInput.java:26)<br/>Caused by: org.openqa.selenium.remote.ErrorHandler$UnknownServerException: Element is not currently visible and so may not be interacted with<br/>Build info: version: '2.32.0', revision: '6c40c18', time: '2013-04-09 17:22:56'<br/>System info: os.name: 'Windows XP', os.arch: 'x86', os.version: '5.1', java.version: '1.6.0'<br/>Driver info: driver.version: unknown<br/>	at <anonymous class>.fxdriver.preconditions.visible(file:///C:/DOCUME~1/HARSHI~1.GOW/LOCALS~1/Temp/anonymous60579webdriver-profile/extensions/fxdriver@googlecode.com/components/command_processor.js:7682)<br/>	at <anonymous class>.DelayedCommand.prototype.checkPreconditions_(file:///C:/DOCUME~1/HARSHI~1.GOW/LOCALS~1/Temp/anonymous60579webdriver-profile/extensions/fxdriver@googlecode.com/components/command_processor.js:10402)<br/>	at <anonymous class>.DelayedCommand.prototype.executeInternal_/h(file:///C:/DOCUME~1/HARSHI~1.GOW/LOCALS~1/Temp/anonymous60579webdriver-profile/extensions/fxdriver@googlecode.com/components/command_processor.js:10421)<br/>	at <anonymous class>.fxdriver.Timer.prototype.setTimeout/<.notify(file:///C:/DOCUME~1/HARSHI~1.GOW/LOCALS~1/Temp/anonymous60579webdriver-profile/extensions/fxdriver@googlecode.com/components/command_processor.js:386)<br/></code></td><td>82.216</td>
</tr>
<tr valign="top" class="Error">
<td><a href="SuiteRunner/0_runATFRegression.html">runATFRegression</a></td><td><a name="testUserProfileChanges"></a><a href="SuiteRunner/0_runATFRegression.html#testUserProfileChanges">testUserProfileChanges</a></td><td>Error</td><td>Unable to locate element: {"method":"name","selector":"old_password"} Command duration or timeout: 30.17 seconds For documentation on this error, please visit: http://seleniumhq.org/exceptions/no_such_element.html Build info: version: '2.32.0', revision: '6c40c18', time: '2013-04-09 17:22:56' System info: os.name: 'Windows XP', os.arch: 'x86', os.version: '5.1', java.version: '1.6.0' Session ID: f7a9b50a-dafe-4891-982d-b871b1e718a1 Driver info: org.openqa.selenium.firefox.FirefoxDriver Capabilities [{platform=XP, acceptSslCerts=true, javascriptEnabled=true, browserName=firefox, rotatable=false, locationContextEnabled=true, version=21.0, cssSelectorsEnabled=true, databaseEnabled=true, handlesAlerts=true, browserConnectionEnabled=true, nativeEvents=true, webStorageEnabled=true, applicationCacheEnabled=true, takesScreenshot=true}]<br>
<br>
<code>org.openqa.selenium.NoSuchElementException: Unable to locate element: {"method":"name","selector":"old_password"}<br/>Command duration or timeout: 30.17 seconds<br/>For documentation on this error, please visit: http://seleniumhq.org/exceptions/no_such_element.html<br/>Build info: version: '2.32.0', revision: '6c40c18', time: '2013-04-09 17:22:56'<br/>System info: os.name: 'Windows XP', os.arch: 'x86', os.version: '5.1', java.version: '1.6.0'<br/>Session ID: f7a9b50a-dafe-4891-982d-b871b1e718a1<br/>Driver info: org.openqa.selenium.firefox.FirefoxDriver<br/>Capabilities [{platform=XP, acceptSslCerts=true, javascriptEnabled=true, browserName=firefox, rotatable=false, locationContextEnabled=true, version=21.0, cssSelectorsEnabled=true, databaseEnabled=true, handlesAlerts=true, browserConnectionEnabled=true, nativeEvents=true, webStorageEnabled=true, applicationCacheEnabled=true, takesScreenshot=true}]<br/>	at java.lang.reflect.Constructor.newInstance(Constructor.java:513)<br/>	at org.openqa.selenium.remote.ErrorHandler.createThrowable(ErrorHandler.java:187)<br/>	at org.openqa.selenium.remote.ErrorHandler.throwIfResponseFailed(ErrorHandler.java:145)<br/>	at org.openqa.selenium.remote.RemoteWebDriver.execute(RemoteWebDriver.java:554)<br/>	at org.openqa.selenium.remote.RemoteWebDriver.findElement(RemoteWebDriver.java:307)<br/>	at org.openqa.selenium.remote.RemoteWebDriver.findElementByName(RemoteWebDriver.java:380)<br/>	at org.openqa.selenium.By$ByName.findElement(By.java:292)<br/>	at org.openqa.selenium.remote.RemoteWebDriver.findElement(RemoteWebDriver.java:299)<br/>	at Core.UserManagement.UserLoginFunctions.UserLoginFunctions.ChangePassword(UserLoginFunctions.java:24)<br/>	at UserManagement.ProfileManagement.RegisteredUserTestCasesForChangePaymentInfo.ValidateExpiryMonthField.ValidatePaymentInfoMonthByEnteringInvalidMonth.testUserProfileChanges(ValidatePaymentInfoMonthByEnteringInvalidMonth.java:31)<br/>Caused by: org.openqa.selenium.remote.ErrorHandler$UnknownServerException: Unable to locate element: {"method":"name","selector":"old_password"}<br/>Build info: version: '2.32.0', revision: '6c40c18', time: '2013-04-09 17:22:56'<br/>System info: os.name: 'Windows XP', os.arch: 'x86', os.version: '5.1', java.version: '1.6.0'<br/>Driver info: driver.version: unknown<br/>	at <anonymous class>.FirefoxDriver.prototype.findElementInternal_(file:///C:/DOCUME~1/HARSHI~1.GOW/LOCALS~1/Temp/anonymous60581webdriver-profile/extensions/fxdriver@googlecode.com/components/driver_component.js:8405)<br/>	at <anonymous class>.fxdriver.Timer.prototype.setTimeout/<.notify(file:///C:/DOCUME~1/HARSHI~1.GOW/LOCALS~1/Temp/anonymous60581webdriver-profile/extensions/fxdriver@googlecode.com/components/driver_component.js:386)<br/></code></td><td>148.918</td>
</tr>
<tr valign="top" class="Error">
<td><a href="SuiteRunner/0_runATFRegression.html">runATFRegression</a></td><td><a name="testUserProfileChanges"></a><a href="SuiteRunner/0_runATFRegression.html#testUserProfileChanges">testUserProfileChanges</a></td><td>Error</td><td>Element is not currently visible and so may not be interacted with Command duration or timeout: 30.09 seconds Build info: version: '2.32.0', revision: '6c40c18', time: '2013-04-09 17:22:56' System info: os.name: 'Windows XP', os.arch: 'x86', os.version: '5.1', java.version: '1.6.0' Session ID: c41e90d2-6e2d-49cf-a068-586c054b6731 Driver info: org.openqa.selenium.firefox.FirefoxDriver Capabilities [{platform=XP, acceptSslCerts=true, javascriptEnabled=true, browserName=firefox, rotatable=false, locationContextEnabled=true, version=21.0, cssSelectorsEnabled=true, databaseEnabled=true, handlesAlerts=true, browserConnectionEnabled=true, nativeEvents=true, webStorageEnabled=true, applicationCacheEnabled=true, takesScreenshot=true}]<br>
<br>
<code>org.openqa.selenium.ElementNotVisibleException: Element is not currently visible and so may not be interacted with<br/>Command duration or timeout: 30.09 seconds<br/>Build info: version: '2.32.0', revision: '6c40c18', time: '2013-04-09 17:22:56'<br/>System info: os.name: 'Windows XP', os.arch: 'x86', os.version: '5.1', java.version: '1.6.0'<br/>Session ID: c41e90d2-6e2d-49cf-a068-586c054b6731<br/>Driver info: org.openqa.selenium.firefox.FirefoxDriver<br/>Capabilities [{platform=XP, acceptSslCerts=true, javascriptEnabled=true, browserName=firefox, rotatable=false, locationContextEnabled=true, version=21.0, cssSelectorsEnabled=true, databaseEnabled=true, handlesAlerts=true, browserConnectionEnabled=true, nativeEvents=true, webStorageEnabled=true, applicationCacheEnabled=true, takesScreenshot=true}]<br/>	at java.lang.reflect.Constructor.newInstance(Constructor.java:513)<br/>	at org.openqa.selenium.remote.ErrorHandler.createThrowable(ErrorHandler.java:187)<br/>	at org.openqa.selenium.remote.ErrorHandler.throwIfResponseFailed(ErrorHandler.java:145)<br/>	at org.openqa.selenium.remote.RemoteWebDriver.execute(RemoteWebDriver.java:554)<br/>	at org.openqa.selenium.remote.RemoteWebElement.execute(RemoteWebElement.java:268)<br/>	at org.openqa.selenium.remote.RemoteWebElement.clear(RemoteWebElement.java:113)<br/>	at Core.UserManagement.UserRegistrationFunction.Common.UserRegistrationFunction.CreditCardDetials(UserRegistrationFunction.java:14)<br/>	at DataServices.UserRegistrationUsingComcastApplication.UserRegistrationUsingComcast.testUserRegistrationUsingComcast(UserRegistrationUsingComcast.java:36)<br/>	at UserManagement.ProfileManagement.RegisteredUserTestCasesForChangePaymentInfo.ValidateExpiryMonthField.ValidatePaymentInfoMonthMandatoryField.testUserProfileChanges(ValidatePaymentInfoMonthMandatoryField.java:26)<br/>Caused by: org.openqa.selenium.remote.ErrorHandler$UnknownServerException: Element is not currently visible and so may not be interacted with<br/>Build info: version: '2.32.0', revision: '6c40c18', time: '2013-04-09 17:22:56'<br/>System info: os.name: 'Windows XP', os.arch: 'x86', os.version: '5.1', java.version: '1.6.0'<br/>Driver info: driver.version: unknown<br/>	at <anonymous class>.fxdriver.preconditions.visible(file:///C:/DOCUME~1/HARSHI~1.GOW/LOCALS~1/Temp/anonymous60583webdriver-profile/extensions/fxdriver@googlecode.com/components/command_processor.js:7682)<br/>	at <anonymous class>.DelayedCommand.prototype.checkPreconditions_(file:///C:/DOCUME~1/HARSHI~1.GOW/LOCALS~1/Temp/anonymous60583webdriver-profile/extensions/fxdriver@googlecode.com/components/command_processor.js:10402)<br/>	at <anonymous class>.DelayedCommand.prototype.executeInternal_/h(file:///C:/DOCUME~1/HARSHI~1.GOW/LOCALS~1/Temp/anonymous60583webdriver-profile/extensions/fxdriver@googlecode.com/components/command_processor.js:10421)<br/>	at <anonymous class>.fxdriver.Timer.prototype.setTimeout/<.notify(file:///C:/DOCUME~1/HARSHI~1.GOW/LOCALS~1/Temp/anonymous60583webdriver-profile/extensions/fxdriver@googlecode.com/components/command_processor.js:386)<br/></code></td><td>86.154</td>
</tr>
<tr valign="top" class="Error">
<td><a href="SuiteRunner/0_runATFRegression.html">runATFRegression</a></td><td><a name="testUserProfileChanges"></a><a href="SuiteRunner/0_runATFRegression.html#testUserProfileChanges">testUserProfileChanges</a></td><td>Error</td><td>Unable to locate element: {"method":"name","selector":"old_password"} Command duration or timeout: 30.12 seconds For documentation on this error, please visit: http://seleniumhq.org/exceptions/no_such_element.html Build info: version: '2.32.0', revision: '6c40c18', time: '2013-04-09 17:22:56' System info: os.name: 'Windows XP', os.arch: 'x86', os.version: '5.1', java.version: '1.6.0' Session ID: dc3452ce-bc13-448d-a886-6c3238f0bf0e Driver info: org.openqa.selenium.firefox.FirefoxDriver Capabilities [{platform=XP, acceptSslCerts=true, javascriptEnabled=true, browserName=firefox, rotatable=false, locationContextEnabled=true, version=21.0, cssSelectorsEnabled=true, databaseEnabled=true, handlesAlerts=true, browserConnectionEnabled=true, nativeEvents=true, webStorageEnabled=true, applicationCacheEnabled=true, takesScreenshot=true}]<br>
<br>
<code>org.openqa.selenium.NoSuchElementException: Unable to locate element: {"method":"name","selector":"old_password"}<br/>Command duration or timeout: 30.12 seconds<br/>For documentation on this error, please visit: http://seleniumhq.org/exceptions/no_such_element.html<br/>Build info: version: '2.32.0', revision: '6c40c18', time: '2013-04-09 17:22:56'<br/>System info: os.name: 'Windows XP', os.arch: 'x86', os.version: '5.1', java.version: '1.6.0'<br/>Session ID: dc3452ce-bc13-448d-a886-6c3238f0bf0e<br/>Driver info: org.openqa.selenium.firefox.FirefoxDriver<br/>Capabilities [{platform=XP, acceptSslCerts=true, javascriptEnabled=true, browserName=firefox, rotatable=false, locationContextEnabled=true, version=21.0, cssSelectorsEnabled=true, databaseEnabled=true, handlesAlerts=true, browserConnectionEnabled=true, nativeEvents=true, webStorageEnabled=true, applicationCacheEnabled=true, takesScreenshot=true}]<br/>	at java.lang.reflect.Constructor.newInstance(Constructor.java:513)<br/>	at org.openqa.selenium.remote.ErrorHandler.createThrowable(ErrorHandler.java:187)<br/>	at org.openqa.selenium.remote.ErrorHandler.throwIfResponseFailed(ErrorHandler.java:145)<br/>	at org.openqa.selenium.remote.RemoteWebDriver.execute(RemoteWebDriver.java:554)<br/>	at org.openqa.selenium.remote.RemoteWebDriver.findElement(RemoteWebDriver.java:307)<br/>	at org.openqa.selenium.remote.RemoteWebDriver.findElementByName(RemoteWebDriver.java:380)<br/>	at org.openqa.selenium.By$ByName.findElement(By.java:292)<br/>	at org.openqa.selenium.remote.RemoteWebDriver.findElement(RemoteWebDriver.java:299)<br/>	at Core.UserManagement.UserLoginFunctions.UserLoginFunctions.ChangePassword(UserLoginFunctions.java:24)<br/>	at UserManagement.ProfileManagement.RegisteredUserTestCasesForChangePaymentInfo.ValidateYearField.ValidatePaymentInfoYearFieldByEnteringPastYear.testUserProfileChanges(ValidatePaymentInfoYearFieldByEnteringPastYear.java:35)<br/>Caused by: org.openqa.selenium.remote.ErrorHandler$UnknownServerException: Unable to locate element: {"method":"name","selector":"old_password"}<br/>Build info: version: '2.32.0', revision: '6c40c18', time: '2013-04-09 17:22:56'<br/>System info: os.name: 'Windows XP', os.arch: 'x86', os.version: '5.1', java.version: '1.6.0'<br/>Driver info: driver.version: unknown<br/>	at <anonymous class>.FirefoxDriver.prototype.findElementInternal_(file:///C:/DOCUME~1/HARSHI~1.GOW/LOCALS~1/Temp/anonymous60585webdriver-profile/extensions/fxdriver@googlecode.com/components/driver_component.js:8405)<br/>	at <anonymous class>.fxdriver.Timer.prototype.setTimeout/<.notify(file:///C:/DOCUME~1/HARSHI~1.GOW/LOCALS~1/Temp/anonymous60585webdriver-profile/extensions/fxdriver@googlecode.com/components/driver_component.js:386)<br/></code></td><td>150.918</td>
</tr>
<tr valign="top" class="Error">
<td><a href="SuiteRunner/0_runATFRegression.html">runATFRegression</a></td><td><a name="testUserProfileChanges"></a><a href="SuiteRunner/0_runATFRegression.html#testUserProfileChanges">testUserProfileChanges</a></td><td>Error</td><td>Element is not currently visible and so may not be interacted with Command duration or timeout: 30.08 seconds Build info: version: '2.32.0', revision: '6c40c18', time: '2013-04-09 17:22:56' System info: os.name: 'Windows XP', os.arch: 'x86', os.version: '5.1', java.version: '1.6.0' Session ID: 844e7024-1fe0-4e3c-a603-67e46fa01d72 Driver info: org.openqa.selenium.firefox.FirefoxDriver Capabilities [{platform=XP, acceptSslCerts=true, javascriptEnabled=true, browserName=firefox, rotatable=false, locationContextEnabled=true, version=21.0, cssSelectorsEnabled=true, databaseEnabled=true, handlesAlerts=true, browserConnectionEnabled=true, nativeEvents=true, webStorageEnabled=true, applicationCacheEnabled=true, takesScreenshot=true}]<br>
<br>
<code>org.openqa.selenium.ElementNotVisibleException: Element is not currently visible and so may not be interacted with<br/>Command duration or timeout: 30.08 seconds<br/>Build info: version: '2.32.0', revision: '6c40c18', time: '2013-04-09 17:22:56'<br/>System info: os.name: 'Windows XP', os.arch: 'x86', os.version: '5.1', java.version: '1.6.0'<br/>Session ID: 844e7024-1fe0-4e3c-a603-67e46fa01d72<br/>Driver info: org.openqa.selenium.firefox.FirefoxDriver<br/>Capabilities [{platform=XP, acceptSslCerts=true, javascriptEnabled=true, browserName=firefox, rotatable=false, locationContextEnabled=true, version=21.0, cssSelectorsEnabled=true, databaseEnabled=true, handlesAlerts=true, browserConnectionEnabled=true, nativeEvents=true, webStorageEnabled=true, applicationCacheEnabled=true, takesScreenshot=true}]<br/>	at java.lang.reflect.Constructor.newInstance(Constructor.java:513)<br/>	at org.openqa.selenium.remote.ErrorHandler.createThrowable(ErrorHandler.java:187)<br/>	at org.openqa.selenium.remote.ErrorHandler.throwIfResponseFailed(ErrorHandler.java:145)<br/>	at org.openqa.selenium.remote.RemoteWebDriver.execute(RemoteWebDriver.java:554)<br/>	at org.openqa.selenium.remote.RemoteWebElement.execute(RemoteWebElement.java:268)<br/>	at org.openqa.selenium.remote.RemoteWebElement.clear(RemoteWebElement.java:113)<br/>	at Core.UserManagement.UserRegistrationFunction.Common.UserRegistrationFunction.CreditCardDetials(UserRegistrationFunction.java:14)<br/>	at DataServices.UserRegistrationUsingComcastApplication.UserRegistrationUsingComcast.testUserRegistrationUsingComcast(UserRegistrationUsingComcast.java:36)<br/>	at UserManagement.ProfileManagement.RegisteredUserTestCasesForChangePaymentInfo.ValidateYearField.ValidatePaymentInfoYearMandatoryField.testUserProfileChanges(ValidatePaymentInfoYearMandatoryField.java:26)<br/>Caused by: org.openqa.selenium.remote.ErrorHandler$UnknownServerException: Element is not currently visible and so may not be interacted with<br/>Build info: version: '2.32.0', revision: '6c40c18', time: '2013-04-09 17:22:56'<br/>System info: os.name: 'Windows XP', os.arch: 'x86', os.version: '5.1', java.version: '1.6.0'<br/>Driver info: driver.version: unknown<br/>	at <anonymous class>.fxdriver.preconditions.visible(file:///C:/DOCUME~1/HARSHI~1.GOW/LOCALS~1/Temp/anonymous60587webdriver-profile/extensions/fxdriver@googlecode.com/components/command_processor.js:7682)<br/>	at <anonymous class>.DelayedCommand.prototype.checkPreconditions_(file:///C:/DOCUME~1/HARSHI~1.GOW/LOCALS~1/Temp/anonymous60587webdriver-profile/extensions/fxdriver@googlecode.com/components/command_processor.js:10402)<br/>	at <anonymous class>.DelayedCommand.prototype.executeInternal_/h(file:///C:/DOCUME~1/HARSHI~1.GOW/LOCALS~1/Temp/anonymous60587webdriver-profile/extensions/fxdriver@googlecode.com/components/command_processor.js:10421)<br/>	at <anonymous class>.fxdriver.Timer.prototype.setTimeout/<.notify(file:///C:/DOCUME~1/HARSHI~1.GOW/LOCALS~1/Temp/anonymous60587webdriver-profile/extensions/fxdriver@googlecode.com/components/command_processor.js:386)<br/></code></td><td>87.576</td>
</tr>
<tr valign="top" class="Error">
<td><a href="SuiteRunner/0_runATFRegression.html">runATFRegression</a></td><td><a name="testUserProfileChanges"></a><a href="SuiteRunner/0_runATFRegression.html#testUserProfileChanges">testUserProfileChanges</a></td><td>Error</td><td>Element is not currently visible and so may not be interacted with Command duration or timeout: 30.05 seconds Build info: version: '2.32.0', revision: '6c40c18', time: '2013-04-09 17:22:56' System info: os.name: 'Windows XP', os.arch: 'x86', os.version: '5.1', java.version: '1.6.0' Session ID: f9f713f4-2030-41bc-b3a2-43fdb8b9e618 Driver info: org.openqa.selenium.firefox.FirefoxDriver Capabilities [{platform=XP, acceptSslCerts=true, javascriptEnabled=true, browserName=firefox, rotatable=false, locationContextEnabled=true, version=21.0, cssSelectorsEnabled=true, databaseEnabled=true, handlesAlerts=true, browserConnectionEnabled=true, nativeEvents=true, webStorageEnabled=true, applicationCacheEnabled=true, takesScreenshot=true}]<br>
<br>
<code>org.openqa.selenium.ElementNotVisibleException: Element is not currently visible and so may not be interacted with<br/>Command duration or timeout: 30.05 seconds<br/>Build info: version: '2.32.0', revision: '6c40c18', time: '2013-04-09 17:22:56'<br/>System info: os.name: 'Windows XP', os.arch: 'x86', os.version: '5.1', java.version: '1.6.0'<br/>Session ID: f9f713f4-2030-41bc-b3a2-43fdb8b9e618<br/>Driver info: org.openqa.selenium.firefox.FirefoxDriver<br/>Capabilities [{platform=XP, acceptSslCerts=true, javascriptEnabled=true, browserName=firefox, rotatable=false, locationContextEnabled=true, version=21.0, cssSelectorsEnabled=true, databaseEnabled=true, handlesAlerts=true, browserConnectionEnabled=true, nativeEvents=true, webStorageEnabled=true, applicationCacheEnabled=true, takesScreenshot=true}]<br/>	at java.lang.reflect.Constructor.newInstance(Constructor.java:513)<br/>	at org.openqa.selenium.remote.ErrorHandler.createThrowable(ErrorHandler.java:187)<br/>	at org.openqa.selenium.remote.ErrorHandler.throwIfResponseFailed(ErrorHandler.java:145)<br/>	at org.openqa.selenium.remote.RemoteWebDriver.execute(RemoteWebDriver.java:554)<br/>	at org.openqa.selenium.remote.RemoteWebElement.execute(RemoteWebElement.java:268)<br/>	at org.openqa.selenium.remote.RemoteWebElement.clear(RemoteWebElement.java:113)<br/>	at Core.UserManagement.UserRegistrationFunction.Common.UserRegistrationFunction.CreditCardDetials(UserRegistrationFunction.java:14)<br/>	at DataServices.UserRegistrationUsingComcastApplication.UserRegistrationUsingComcast.testUserRegistrationUsingComcast(UserRegistrationUsingComcast.java:36)<br/>	at UserManagement.ProfileManagement.RegisteredUserTestCasesForChangePaymentInfo.ValidateSecurityField.ValidatePaymentInfoSecurityCodeWithInvalidInputLength.testUserProfileChanges(ValidatePaymentInfoSecurityCodeWithInvalidInputLength.java:26)<br/>Caused by: org.openqa.selenium.remote.ErrorHandler$UnknownServerException: Element is not currently visible and so may not be interacted with<br/>Build info: version: '2.32.0', revision: '6c40c18', time: '2013-04-09 17:22:56'<br/>System info: os.name: 'Windows XP', os.arch: 'x86', os.version: '5.1', java.version: '1.6.0'<br/>Driver info: driver.version: unknown<br/>	at <anonymous class>.fxdriver.preconditions.visible(file:///C:/DOCUME~1/HARSHI~1.GOW/LOCALS~1/Temp/anonymous60589webdriver-profile/extensions/fxdriver@googlecode.com/components/command_processor.js:7682)<br/>	at <anonymous class>.DelayedCommand.prototype.checkPreconditions_(file:///C:/DOCUME~1/HARSHI~1.GOW/LOCALS~1/Temp/anonymous60589webdriver-profile/extensions/fxdriver@googlecode.com/components/command_processor.js:10402)<br/>	at <anonymous class>.DelayedCommand.prototype.executeInternal_/h(file:///C:/DOCUME~1/HARSHI~1.GOW/LOCALS~1/Temp/anonymous60589webdriver-profile/extensions/fxdriver@googlecode.com/components/command_processor.js:10421)<br/>	at <anonymous class>.fxdriver.Timer.prototype.setTimeout/<.notify(file:///C:/DOCUME~1/HARSHI~1.GOW/LOCALS~1/Temp/anonymous60589webdriver-profile/extensions/fxdriver@googlecode.com/components/command_processor.js:386)<br/></code></td><td>87.607</td>
</tr>
<tr valign="top" class="Error">
<td><a href="SuiteRunner/0_runATFRegression.html">runATFRegression</a></td><td><a name="testUserProfileChanges"></a><a href="SuiteRunner/0_runATFRegression.html#testUserProfileChanges">testUserProfileChanges</a></td><td>Error</td><td>Element is not currently visible and so may not be interacted with Command duration or timeout: 30.05 seconds Build info: version: '2.32.0', revision: '6c40c18', time: '2013-04-09 17:22:56' System info: os.name: 'Windows XP', os.arch: 'x86', os.version: '5.1', java.version: '1.6.0' Session ID: 719e2de7-5fe5-439f-9445-14f9c1bbc280 Driver info: org.openqa.selenium.firefox.FirefoxDriver Capabilities [{platform=XP, acceptSslCerts=true, javascriptEnabled=true, browserName=firefox, rotatable=false, locationContextEnabled=true, version=21.0, cssSelectorsEnabled=true, databaseEnabled=true, handlesAlerts=true, browserConnectionEnabled=true, nativeEvents=true, webStorageEnabled=true, applicationCacheEnabled=true, takesScreenshot=true}]<br>
<br>
<code>org.openqa.selenium.ElementNotVisibleException: Element is not currently visible and so may not be interacted with<br/>Command duration or timeout: 30.05 seconds<br/>Build info: version: '2.32.0', revision: '6c40c18', time: '2013-04-09 17:22:56'<br/>System info: os.name: 'Windows XP', os.arch: 'x86', os.version: '5.1', java.version: '1.6.0'<br/>Session ID: 719e2de7-5fe5-439f-9445-14f9c1bbc280<br/>Driver info: org.openqa.selenium.firefox.FirefoxDriver<br/>Capabilities [{platform=XP, acceptSslCerts=true, javascriptEnabled=true, browserName=firefox, rotatable=false, locationContextEnabled=true, version=21.0, cssSelectorsEnabled=true, databaseEnabled=true, handlesAlerts=true, browserConnectionEnabled=true, nativeEvents=true, webStorageEnabled=true, applicationCacheEnabled=true, takesScreenshot=true}]<br/>	at java.lang.reflect.Constructor.newInstance(Constructor.java:513)<br/>	at org.openqa.selenium.remote.ErrorHandler.createThrowable(ErrorHandler.java:187)<br/>	at org.openqa.selenium.remote.ErrorHandler.throwIfResponseFailed(ErrorHandler.java:145)<br/>	at org.openqa.selenium.remote.RemoteWebDriver.execute(RemoteWebDriver.java:554)<br/>	at org.openqa.selenium.remote.RemoteWebElement.execute(RemoteWebElement.java:268)<br/>	at org.openqa.selenium.remote.RemoteWebElement.clear(RemoteWebElement.java:113)<br/>	at Core.UserManagement.UserRegistrationFunction.Common.UserRegistrationFunction.CreditCardDetials(UserRegistrationFunction.java:14)<br/>	at DataServices.UserRegistrationUsingComcastApplication.UserRegistrationUsingComcast.testUserRegistrationUsingComcast(UserRegistrationUsingComcast.java:36)<br/>	at UserManagement.ProfileManagement.RegisteredUserTestCasesForChangePaymentInfo.ValidateSecurityField.ValidatePaymentInfoSecurityCodeByEnteringCharacters.testUserProfileChanges(ValidatePaymentInfoSecurityCodeByEnteringCharacters.java:26)<br/>Caused by: org.openqa.selenium.remote.ErrorHandler$UnknownServerException: Element is not currently visible and so may not be interacted with<br/>Build info: version: '2.32.0', revision: '6c40c18', time: '2013-04-09 17:22:56'<br/>System info: os.name: 'Windows XP', os.arch: 'x86', os.version: '5.1', java.version: '1.6.0'<br/>Driver info: driver.version: unknown<br/>	at <anonymous class>.fxdriver.preconditions.visible(file:///C:/DOCUME~1/HARSHI~1.GOW/LOCALS~1/Temp/anonymous60591webdriver-profile/extensions/fxdriver@googlecode.com/components/command_processor.js:7682)<br/>	at <anonymous class>.DelayedCommand.prototype.checkPreconditions_(file:///C:/DOCUME~1/HARSHI~1.GOW/LOCALS~1/Temp/anonymous60591webdriver-profile/extensions/fxdriver@googlecode.com/components/command_processor.js:10402)<br/>	at <anonymous class>.DelayedCommand.prototype.executeInternal_/h(file:///C:/DOCUME~1/HARSHI~1.GOW/LOCALS~1/Temp/anonymous60591webdriver-profile/extensions/fxdriver@googlecode.com/components/command_processor.js:10421)<br/>	at <anonymous class>.fxdriver.Timer.prototype.setTimeout/<.notify(file:///C:/DOCUME~1/HARSHI~1.GOW/LOCALS~1/Temp/anonymous60591webdriver-profile/extensions/fxdriver@googlecode.com/components/command_processor.js:386)<br/></code></td><td>85.248</td>
</tr>
<tr valign="top" class="Error">
<td><a href="SuiteRunner/0_runATFRegression.html">runATFRegression</a></td><td><a name="testVerifyChangePinCodeDetailsUpdatedSuccessfully"></a><a href="SuiteRunner/0_runATFRegression.html#testVerifyChangePinCodeDetailsUpdatedSuccessfully">testVerifyChangePinCodeDetailsUpdatedSuccessfully</a></td><td>Error</td><td>Element is not currently visible and so may not be interacted with Command duration or timeout: 30.06 seconds Build info: version: '2.32.0', revision: '6c40c18', time: '2013-04-09 17:22:56' System info: os.name: 'Windows XP', os.arch: 'x86', os.version: '5.1', java.version: '1.6.0' Session ID: be12941c-81c2-4f6c-863f-98a1e1d42865 Driver info: org.openqa.selenium.firefox.FirefoxDriver Capabilities [{platform=XP, acceptSslCerts=true, javascriptEnabled=true, browserName=firefox, rotatable=false, locationContextEnabled=true, version=21.0, cssSelectorsEnabled=true, databaseEnabled=true, handlesAlerts=true, browserConnectionEnabled=true, nativeEvents=true, webStorageEnabled=true, applicationCacheEnabled=true, takesScreenshot=true}]<br>
<br>
<code>org.openqa.selenium.ElementNotVisibleException: Element is not currently visible and so may not be interacted with<br/>Command duration or timeout: 30.06 seconds<br/>Build info: version: '2.32.0', revision: '6c40c18', time: '2013-04-09 17:22:56'<br/>System info: os.name: 'Windows XP', os.arch: 'x86', os.version: '5.1', java.version: '1.6.0'<br/>Session ID: be12941c-81c2-4f6c-863f-98a1e1d42865<br/>Driver info: org.openqa.selenium.firefox.FirefoxDriver<br/>Capabilities [{platform=XP, acceptSslCerts=true, javascriptEnabled=true, browserName=firefox, rotatable=false, locationContextEnabled=true, version=21.0, cssSelectorsEnabled=true, databaseEnabled=true, handlesAlerts=true, browserConnectionEnabled=true, nativeEvents=true, webStorageEnabled=true, applicationCacheEnabled=true, takesScreenshot=true}]<br/>	at java.lang.reflect.Constructor.newInstance(Constructor.java:513)<br/>	at org.openqa.selenium.remote.ErrorHandler.createThrowable(ErrorHandler.java:187)<br/>	at org.openqa.selenium.remote.ErrorHandler.throwIfResponseFailed(ErrorHandler.java:145)<br/>	at org.openqa.selenium.remote.RemoteWebDriver.execute(RemoteWebDriver.java:554)<br/>	at org.openqa.selenium.remote.RemoteWebElement.execute(RemoteWebElement.java:268)<br/>	at org.openqa.selenium.remote.RemoteWebElement.clear(RemoteWebElement.java:113)<br/>	at Core.UserManagement.UserRegistrationFunction.Common.UserRegistrationFunction.CreditCardDetials(UserRegistrationFunction.java:14)<br/>	at DataServices.UserRegistrationUsingComcastApplication.UserRegistrationUsingComcast.testUserRegistrationUsingComcast(UserRegistrationUsingComcast.java:36)<br/>	at UserManagement.ProfileManagement.RegisteredUserTestCasesForChangePinCode.VerifyChangePinCodeDetailsUpdatedSuccessfully.testVerifyChangePinCodeDetailsUpdatedSuccessfully(VerifyChangePinCodeDetailsUpdatedSuccessfully.java:18)<br/>Caused by: org.openqa.selenium.remote.ErrorHandler$UnknownServerException: Element is not currently visible and so may not be interacted with<br/>Build info: version: '2.32.0', revision: '6c40c18', time: '2013-04-09 17:22:56'<br/>System info: os.name: 'Windows XP', os.arch: 'x86', os.version: '5.1', java.version: '1.6.0'<br/>Driver info: driver.version: unknown<br/>	at <anonymous class>.fxdriver.preconditions.visible(file:///C:/DOCUME~1/HARSHI~1.GOW/LOCALS~1/Temp/anonymous60593webdriver-profile/extensions/fxdriver@googlecode.com/components/command_processor.js:7682)<br/>	at <anonymous class>.DelayedCommand.prototype.checkPreconditions_(file:///C:/DOCUME~1/HARSHI~1.GOW/LOCALS~1/Temp/anonymous60593webdriver-profile/extensions/fxdriver@googlecode.com/components/command_processor.js:10402)<br/>	at <anonymous class>.DelayedCommand.prototype.executeInternal_/h(file:///C:/DOCUME~1/HARSHI~1.GOW/LOCALS~1/Temp/anonymous60593webdriver-profile/extensions/fxdriver@googlecode.com/components/command_processor.js:10421)<br/>	at <anonymous class>.fxdriver.Timer.prototype.setTimeout/<.notify(file:///C:/DOCUME~1/HARSHI~1.GOW/LOCALS~1/Temp/anonymous60593webdriver-profile/extensions/fxdriver@googlecode.com/components/command_processor.js:386)<br/></code></td><td>86.373</td>
</tr>
<tr valign="top" class="Error">
<td><a href="SuiteRunner/0_runATFRegression.html">runATFRegression</a></td><td><a name="testVerifyChangePinCodeDetailsUpdatedSuccessfully"></a><a href="SuiteRunner/0_runATFRegression.html#testVerifyChangePinCodeDetailsUpdatedSuccessfully">testVerifyChangePinCodeDetailsUpdatedSuccessfully</a></td><td>Error</td><td>Element is not currently visible and so may not be interacted with Command duration or timeout: 30.08 seconds Build info: version: '2.32.0', revision: '6c40c18', time: '2013-04-09 17:22:56' System info: os.name: 'Windows XP', os.arch: 'x86', os.version: '5.1', java.version: '1.6.0' Session ID: c7d67600-ae7f-4452-adae-2af6397c424f Driver info: org.openqa.selenium.firefox.FirefoxDriver Capabilities [{platform=XP, acceptSslCerts=true, javascriptEnabled=true, browserName=firefox, rotatable=false, locationContextEnabled=true, version=21.0, cssSelectorsEnabled=true, databaseEnabled=true, handlesAlerts=true, browserConnectionEnabled=true, nativeEvents=true, webStorageEnabled=true, applicationCacheEnabled=true, takesScreenshot=true}]<br>
<br>
<code>org.openqa.selenium.ElementNotVisibleException: Element is not currently visible and so may not be interacted with<br/>Command duration or timeout: 30.08 seconds<br/>Build info: version: '2.32.0', revision: '6c40c18', time: '2013-04-09 17:22:56'<br/>System info: os.name: 'Windows XP', os.arch: 'x86', os.version: '5.1', java.version: '1.6.0'<br/>Session ID: c7d67600-ae7f-4452-adae-2af6397c424f<br/>Driver info: org.openqa.selenium.firefox.FirefoxDriver<br/>Capabilities [{platform=XP, acceptSslCerts=true, javascriptEnabled=true, browserName=firefox, rotatable=false, locationContextEnabled=true, version=21.0, cssSelectorsEnabled=true, databaseEnabled=true, handlesAlerts=true, browserConnectionEnabled=true, nativeEvents=true, webStorageEnabled=true, applicationCacheEnabled=true, takesScreenshot=true}]<br/>	at java.lang.reflect.Constructor.newInstance(Constructor.java:513)<br/>	at org.openqa.selenium.remote.ErrorHandler.createThrowable(ErrorHandler.java:187)<br/>	at org.openqa.selenium.remote.ErrorHandler.throwIfResponseFailed(ErrorHandler.java:145)<br/>	at org.openqa.selenium.remote.RemoteWebDriver.execute(RemoteWebDriver.java:554)<br/>	at org.openqa.selenium.remote.RemoteWebElement.execute(RemoteWebElement.java:268)<br/>	at org.openqa.selenium.remote.RemoteWebElement.clear(RemoteWebElement.java:113)<br/>	at Core.UserManagement.UserRegistrationFunction.Common.UserRegistrationFunction.CreditCardDetials(UserRegistrationFunction.java:14)<br/>	at DataServices.UserRegistrationUsingComcastApplication.UserRegistrationUsingComcast.testUserRegistrationUsingComcast(UserRegistrationUsingComcast.java:36)<br/>	at UserManagement.ProfileManagement.RegisteredUserTestCasesForChangePinCode.ValidateChangePinCodeAllMandatoryFields.testVerifyChangePinCodeDetailsUpdatedSuccessfully(ValidateChangePinCodeAllMandatoryFields.java:24)<br/>Caused by: org.openqa.selenium.remote.ErrorHandler$UnknownServerException: Element is not currently visible and so may not be interacted with<br/>Build info: version: '2.32.0', revision: '6c40c18', time: '2013-04-09 17:22:56'<br/>System info: os.name: 'Windows XP', os.arch: 'x86', os.version: '5.1', java.version: '1.6.0'<br/>Driver info: driver.version: unknown<br/>	at <anonymous class>.fxdriver.preconditions.visible(file:///C:/DOCUME~1/HARSHI~1.GOW/LOCALS~1/Temp/anonymous60595webdriver-profile/extensions/fxdriver@googlecode.com/components/command_processor.js:7682)<br/>	at <anonymous class>.DelayedCommand.prototype.checkPreconditions_(file:///C:/DOCUME~1/HARSHI~1.GOW/LOCALS~1/Temp/anonymous60595webdriver-profile/extensions/fxdriver@googlecode.com/components/command_processor.js:10402)<br/>	at <anonymous class>.DelayedCommand.prototype.executeInternal_/h(file:///C:/DOCUME~1/HARSHI~1.GOW/LOCALS~1/Temp/anonymous60595webdriver-profile/extensions/fxdriver@googlecode.com/components/command_processor.js:10421)<br/>	at <anonymous class>.fxdriver.Timer.prototype.setTimeout/<.notify(file:///C:/DOCUME~1/HARSHI~1.GOW/LOCALS~1/Temp/anonymous60595webdriver-profile/extensions/fxdriver@googlecode.com/components/command_processor.js:386)<br/></code></td><td>85.623</td>
</tr>
<tr valign="top" class="Error">
<td><a href="SuiteRunner/0_runATFRegression.html">runATFRegression</a></td><td><a name="testVerifyChangePinCodeDetailsUpdatedSuccessfully"></a><a href="SuiteRunner/0_runATFRegression.html#testVerifyChangePinCodeDetailsUpdatedSuccessfully">testVerifyChangePinCodeDetailsUpdatedSuccessfully</a></td><td>Error</td><td>Unable to locate element: {"method":"name","selector":"old_password"} Command duration or timeout: 30.14 seconds For documentation on this error, please visit: http://seleniumhq.org/exceptions/no_such_element.html Build info: version: '2.32.0', revision: '6c40c18', time: '2013-04-09 17:22:56' System info: os.name: 'Windows XP', os.arch: 'x86', os.version: '5.1', java.version: '1.6.0' Session ID: b7a9a447-422b-4eae-bdff-43a1a4b5d3f2 Driver info: org.openqa.selenium.firefox.FirefoxDriver Capabilities [{platform=XP, acceptSslCerts=true, javascriptEnabled=true, browserName=firefox, rotatable=false, locationContextEnabled=true, version=21.0, cssSelectorsEnabled=true, databaseEnabled=true, handlesAlerts=true, browserConnectionEnabled=true, nativeEvents=true, webStorageEnabled=true, applicationCacheEnabled=true, takesScreenshot=true}]<br>
<br>
<code>org.openqa.selenium.NoSuchElementException: Unable to locate element: {"method":"name","selector":"old_password"}<br/>Command duration or timeout: 30.14 seconds<br/>For documentation on this error, please visit: http://seleniumhq.org/exceptions/no_such_element.html<br/>Build info: version: '2.32.0', revision: '6c40c18', time: '2013-04-09 17:22:56'<br/>System info: os.name: 'Windows XP', os.arch: 'x86', os.version: '5.1', java.version: '1.6.0'<br/>Session ID: b7a9a447-422b-4eae-bdff-43a1a4b5d3f2<br/>Driver info: org.openqa.selenium.firefox.FirefoxDriver<br/>Capabilities [{platform=XP, acceptSslCerts=true, javascriptEnabled=true, browserName=firefox, rotatable=false, locationContextEnabled=true, version=21.0, cssSelectorsEnabled=true, databaseEnabled=true, handlesAlerts=true, browserConnectionEnabled=true, nativeEvents=true, webStorageEnabled=true, applicationCacheEnabled=true, takesScreenshot=true}]<br/>	at java.lang.reflect.Constructor.newInstance(Constructor.java:513)<br/>	at org.openqa.selenium.remote.ErrorHandler.createThrowable(ErrorHandler.java:187)<br/>	at org.openqa.selenium.remote.ErrorHandler.throwIfResponseFailed(ErrorHandler.java:145)<br/>	at org.openqa.selenium.remote.RemoteWebDriver.execute(RemoteWebDriver.java:554)<br/>	at org.openqa.selenium.remote.RemoteWebDriver.findElement(RemoteWebDriver.java:307)<br/>	at org.openqa.selenium.remote.RemoteWebDriver.findElementByName(RemoteWebDriver.java:380)<br/>	at org.openqa.selenium.By$ByName.findElement(By.java:292)<br/>	at org.openqa.selenium.remote.RemoteWebDriver.findElement(RemoteWebDriver.java:299)<br/>	at Core.UserManagement.UserLoginFunctions.UserLoginFunctions.ChangePassword(UserLoginFunctions.java:24)<br/>	at UserManagement.ProfileManagement.RegisteredUserTestCasesForChangePinCode.ValidatePinCodeField.ValidateChangePinCodeByEnteringInvalidPinLength.testVerifyChangePinCodeDetailsUpdatedSuccessfully(ValidateChangePinCodeByEnteringInvalidPinLength.java:33)<br/>Caused by: org.openqa.selenium.remote.ErrorHandler$UnknownServerException: Unable to locate element: {"method":"name","selector":"old_password"}<br/>Build info: version: '2.32.0', revision: '6c40c18', time: '2013-04-09 17:22:56'<br/>System info: os.name: 'Windows XP', os.arch: 'x86', os.version: '5.1', java.version: '1.6.0'<br/>Driver info: driver.version: unknown<br/>	at <anonymous class>.FirefoxDriver.prototype.findElementInternal_(file:///C:/DOCUME~1/HARSHI~1.GOW/LOCALS~1/Temp/anonymous60597webdriver-profile/extensions/fxdriver@googlecode.com/components/driver_component.js:8405)<br/>	at <anonymous class>.fxdriver.Timer.prototype.setTimeout/<.notify(file:///C:/DOCUME~1/HARSHI~1.GOW/LOCALS~1/Temp/anonymous60597webdriver-profile/extensions/fxdriver@googlecode.com/components/driver_component.js:386)<br/></code></td><td>165.292</td>
</tr>
<tr valign="top" class="Error">
<td><a href="SuiteRunner/0_runATFRegression.html">runATFRegression</a></td><td><a name="testVerifyChangePinCodeDetailsUpdatedSuccessfully"></a><a href="SuiteRunner/0_runATFRegression.html#testVerifyChangePinCodeDetailsUpdatedSuccessfully">testVerifyChangePinCodeDetailsUpdatedSuccessfully</a></td><td>Error</td><td>Element is not currently visible and so may not be interacted with Command duration or timeout: 30.11 seconds Build info: version: '2.32.0', revision: '6c40c18', time: '2013-04-09 17:22:56' System info: os.name: 'Windows XP', os.arch: 'x86', os.version: '5.1', java.version: '1.6.0' Session ID: 453bac53-5923-4157-82cb-3b7c8f5ff9d5 Driver info: org.openqa.selenium.firefox.FirefoxDriver Capabilities [{platform=XP, acceptSslCerts=true, javascriptEnabled=true, browserName=firefox, rotatable=false, locationContextEnabled=true, version=21.0, cssSelectorsEnabled=true, databaseEnabled=true, handlesAlerts=true, browserConnectionEnabled=true, nativeEvents=true, webStorageEnabled=true, applicationCacheEnabled=true, takesScreenshot=true}]<br>
<br>
<code>org.openqa.selenium.ElementNotVisibleException: Element is not currently visible and so may not be interacted with<br/>Command duration or timeout: 30.11 seconds<br/>Build info: version: '2.32.0', revision: '6c40c18', time: '2013-04-09 17:22:56'<br/>System info: os.name: 'Windows XP', os.arch: 'x86', os.version: '5.1', java.version: '1.6.0'<br/>Session ID: 453bac53-5923-4157-82cb-3b7c8f5ff9d5<br/>Driver info: org.openqa.selenium.firefox.FirefoxDriver<br/>Capabilities [{platform=XP, acceptSslCerts=true, javascriptEnabled=true, browserName=firefox, rotatable=false, locationContextEnabled=true, version=21.0, cssSelectorsEnabled=true, databaseEnabled=true, handlesAlerts=true, browserConnectionEnabled=true, nativeEvents=true, webStorageEnabled=true, applicationCacheEnabled=true, takesScreenshot=true}]<br/>	at java.lang.reflect.Constructor.newInstance(Constructor.java:513)<br/>	at org.openqa.selenium.remote.ErrorHandler.createThrowable(ErrorHandler.java:187)<br/>	at org.openqa.selenium.remote.ErrorHandler.throwIfResponseFailed(ErrorHandler.java:145)<br/>	at org.openqa.selenium.remote.RemoteWebDriver.execute(RemoteWebDriver.java:554)<br/>	at org.openqa.selenium.remote.RemoteWebElement.execute(RemoteWebElement.java:268)<br/>	at org.openqa.selenium.remote.RemoteWebElement.clear(RemoteWebElement.java:113)<br/>	at Core.UserManagement.UserRegistrationFunction.Common.UserRegistrationFunction.CreditCardDetials(UserRegistrationFunction.java:14)<br/>	at DataServices.UserRegistrationUsingComcastApplication.UserRegistrationUsingComcast.testUserRegistrationUsingComcast(UserRegistrationUsingComcast.java:36)<br/>	at UserManagement.ProfileManagement.RegisteredUserTestCasesForChangePinCode.ValidatePasswordField.ValidateChangePasswordByEnteringInvalidPass.testVerifyChangePinCodeDetailsUpdatedSuccessfully(ValidateChangePasswordByEnteringInvalidPass.java:26)<br/>Caused by: org.openqa.selenium.remote.ErrorHandler$UnknownServerException: Element is not currently visible and so may not be interacted with<br/>Build info: version: '2.32.0', revision: '6c40c18', time: '2013-04-09 17:22:56'<br/>System info: os.name: 'Windows XP', os.arch: 'x86', os.version: '5.1', java.version: '1.6.0'<br/>Driver info: driver.version: unknown<br/>	at <anonymous class>.fxdriver.preconditions.visible(file:///C:/DOCUME~1/HARSHI~1.GOW/LOCALS~1/Temp/anonymous60599webdriver-profile/extensions/fxdriver@googlecode.com/components/command_processor.js:7682)<br/>	at <anonymous class>.DelayedCommand.prototype.checkPreconditions_(file:///C:/DOCUME~1/HARSHI~1.GOW/LOCALS~1/Temp/anonymous60599webdriver-profile/extensions/fxdriver@googlecode.com/components/command_processor.js:10402)<br/>	at <anonymous class>.DelayedCommand.prototype.executeInternal_/h(file:///C:/DOCUME~1/HARSHI~1.GOW/LOCALS~1/Temp/anonymous60599webdriver-profile/extensions/fxdriver@googlecode.com/components/command_processor.js:10421)<br/>	at <anonymous class>.fxdriver.Timer.prototype.setTimeout/<.notify(file:///C:/DOCUME~1/HARSHI~1.GOW/LOCALS~1/Temp/anonymous60599webdriver-profile/extensions/fxdriver@googlecode.com/components/command_processor.js:386)<br/></code></td><td>82.185</td>
</tr>
<tr valign="top" class="Failure">
<td><a href="SuiteRunner/0_runATFRegression.html">runATFRegression</a></td><td><a name="testVerifyChangePinCodeDetailsUpdatedSuccessfully"></a><a href="SuiteRunner/0_runATFRegression.html#testVerifyChangePinCodeDetailsUpdatedSuccessfully">testVerifyChangePinCodeDetailsUpdatedSuccessfully</a></td><td>Failure</td><td>N/A<br>
<br>
<code>junit.framework.AssertionFailedError<br/>	at UserManagement.ProfileManagement.RegisteredUserTestCasesForChangePinCode.ValidatePinCodeField.VerifyEnteredPinIsVisibleWhenUserClicksOnDisplayPin.testVerifyChangePinCodeDetailsUpdatedSuccessfully(VerifyEnteredPinIsVisibleWhenUserClicksOnDisplayPin.java:34)<br/></code></td><td>36.499</td>
</tr>
<tr valign="top" class="Error">
<td><a href="SuiteRunner/0_runATFRegression.html">runATFRegression</a></td><td><a name="testVerifyChangePinCodeDetailsUpdatedSuccessfully"></a><a href="SuiteRunner/0_runATFRegression.html#testVerifyChangePinCodeDetailsUpdatedSuccessfully">testVerifyChangePinCodeDetailsUpdatedSuccessfully</a></td><td>Error</td><td>Element is not currently visible and so may not be interacted with Command duration or timeout: 30.11 seconds Build info: version: '2.32.0', revision: '6c40c18', time: '2013-04-09 17:22:56' System info: os.name: 'Windows XP', os.arch: 'x86', os.version: '5.1', java.version: '1.6.0' Session ID: 303e8533-3e08-40d8-a5a7-cdade71408bd Driver info: org.openqa.selenium.firefox.FirefoxDriver Capabilities [{platform=XP, acceptSslCerts=true, javascriptEnabled=true, browserName=firefox, rotatable=false, locationContextEnabled=true, version=21.0, cssSelectorsEnabled=true, databaseEnabled=true, handlesAlerts=true, browserConnectionEnabled=true, nativeEvents=true, webStorageEnabled=true, applicationCacheEnabled=true, takesScreenshot=true}]<br>
<br>
<code>org.openqa.selenium.ElementNotVisibleException: Element is not currently visible and so may not be interacted with<br/>Command duration or timeout: 30.11 seconds<br/>Build info: version: '2.32.0', revision: '6c40c18', time: '2013-04-09 17:22:56'<br/>System info: os.name: 'Windows XP', os.arch: 'x86', os.version: '5.1', java.version: '1.6.0'<br/>Session ID: 303e8533-3e08-40d8-a5a7-cdade71408bd<br/>Driver info: org.openqa.selenium.firefox.FirefoxDriver<br/>Capabilities [{platform=XP, acceptSslCerts=true, javascriptEnabled=true, browserName=firefox, rotatable=false, locationContextEnabled=true, version=21.0, cssSelectorsEnabled=true, databaseEnabled=true, handlesAlerts=true, browserConnectionEnabled=true, nativeEvents=true, webStorageEnabled=true, applicationCacheEnabled=true, takesScreenshot=true}]<br/>	at java.lang.reflect.Constructor.newInstance(Constructor.java:513)<br/>	at org.openqa.selenium.remote.ErrorHandler.createThrowable(ErrorHandler.java:187)<br/>	at org.openqa.selenium.remote.ErrorHandler.throwIfResponseFailed(ErrorHandler.java:145)<br/>	at org.openqa.selenium.remote.RemoteWebDriver.execute(RemoteWebDriver.java:554)<br/>	at org.openqa.selenium.remote.RemoteWebElement.execute(RemoteWebElement.java:268)<br/>	at org.openqa.selenium.remote.RemoteWebElement.clear(RemoteWebElement.java:113)<br/>	at Core.UserManagement.UserRegistrationFunction.Common.UserRegistrationFunction.CreditCardDetials(UserRegistrationFunction.java:14)<br/>	at DataServices.UserRegistrationUsingComcastApplication.UserRegistrationUsingComcast.testUserRegistrationUsingComcast(UserRegistrationUsingComcast.java:36)<br/>	at UserManagement.ProfileManagement.RegisteredUserTestCasesForChangePinCode.ValidatePasswordField.VerifyEnteredPasswordIsVisibleWhenUserClicksOnDisplayPass.testVerifyChangePinCodeDetailsUpdatedSuccessfully(VerifyEnteredPasswordIsVisibleWhenUserClicksOnDisplayPass.java:27)<br/>Caused by: org.openqa.selenium.remote.ErrorHandler$UnknownServerException: Element is not currently visible and so may not be interacted with<br/>Build info: version: '2.32.0', revision: '6c40c18', time: '2013-04-09 17:22:56'<br/>System info: os.name: 'Windows XP', os.arch: 'x86', os.version: '5.1', java.version: '1.6.0'<br/>Driver info: driver.version: unknown<br/>	at <anonymous class>.fxdriver.preconditions.visible(file:///C:/DOCUME~1/HARSHI~1.GOW/LOCALS~1/Temp/anonymous60603webdriver-profile/extensions/fxdriver@googlecode.com/components/command_processor.js:7682)<br/>	at <anonymous class>.DelayedCommand.prototype.checkPreconditions_(file:///C:/DOCUME~1/HARSHI~1.GOW/LOCALS~1/Temp/anonymous60603webdriver-profile/extensions/fxdriver@googlecode.com/components/command_processor.js:10402)<br/>	at <anonymous class>.DelayedCommand.prototype.executeInternal_/h(file:///C:/DOCUME~1/HARSHI~1.GOW/LOCALS~1/Temp/anonymous60603webdriver-profile/extensions/fxdriver@googlecode.com/components/command_processor.js:10421)<br/>	at <anonymous class>.fxdriver.Timer.prototype.setTimeout/<.notify(file:///C:/DOCUME~1/HARSHI~1.GOW/LOCALS~1/Temp/anonymous60603webdriver-profile/extensions/fxdriver@googlecode.com/components/command_processor.js:386)<br/></code></td><td>85.404</td>
</tr>
<tr valign="top" class="Error">
<td><a href="SuiteRunner/0_runATFRegression.html">runATFRegression</a></td><td><a name="testChangeActivationCode"></a><a href="SuiteRunner/0_runATFRegression.html#testChangeActivationCode">testChangeActivationCode</a></td><td>Error</td><td>Unable to locate element: {"method":"link text","selector":"Xidio100613063306v@test.com"} Command duration or timeout: 31.55 seconds For documentation on this error, please visit: http://seleniumhq.org/exceptions/no_such_element.html Build info: version: '2.32.0', revision: '6c40c18', time: '2013-04-09 17:22:56' System info: os.name: 'Windows XP', os.arch: 'x86', os.version: '5.1', java.version: '1.6.0' Session ID: 0546ea40-02a8-4a40-b368-5971db6efae4 Driver info: org.openqa.selenium.firefox.FirefoxDriver Capabilities [{platform=XP, acceptSslCerts=true, javascriptEnabled=true, browserName=firefox, rotatable=false, locationContextEnabled=true, version=21.0, cssSelectorsEnabled=true, databaseEnabled=true, handlesAlerts=true, browserConnectionEnabled=true, nativeEvents=true, webStorageEnabled=true, applicationCacheEnabled=true, takesScreenshot=true}]<br>
<br>
<code>org.openqa.selenium.NoSuchElementException: Unable to locate element: {"method":"link text","selector":"Xidio100613063306v@test.com"}<br/>Command duration or timeout: 31.55 seconds<br/>For documentation on this error, please visit: http://seleniumhq.org/exceptions/no_such_element.html<br/>Build info: version: '2.32.0', revision: '6c40c18', time: '2013-04-09 17:22:56'<br/>System info: os.name: 'Windows XP', os.arch: 'x86', os.version: '5.1', java.version: '1.6.0'<br/>Session ID: 0546ea40-02a8-4a40-b368-5971db6efae4<br/>Driver info: org.openqa.selenium.firefox.FirefoxDriver<br/>Capabilities [{platform=XP, acceptSslCerts=true, javascriptEnabled=true, browserName=firefox, rotatable=false, locationContextEnabled=true, version=21.0, cssSelectorsEnabled=true, databaseEnabled=true, handlesAlerts=true, browserConnectionEnabled=true, nativeEvents=true, webStorageEnabled=true, applicationCacheEnabled=true, takesScreenshot=true}]<br/>	at java.lang.reflect.Constructor.newInstance(Constructor.java:513)<br/>	at org.openqa.selenium.remote.ErrorHandler.createThrowable(ErrorHandler.java:187)<br/>	at org.openqa.selenium.remote.ErrorHandler.throwIfResponseFailed(ErrorHandler.java:145)<br/>	at org.openqa.selenium.remote.RemoteWebDriver.execute(RemoteWebDriver.java:554)<br/>	at org.openqa.selenium.remote.RemoteWebDriver.findElement(RemoteWebDriver.java:307)<br/>	at org.openqa.selenium.remote.RemoteWebDriver.findElementByLinkText(RemoteWebDriver.java:356)<br/>	at org.openqa.selenium.By$ByLinkText.findElement(By.java:241)<br/>	at org.openqa.selenium.remote.RemoteWebDriver.findElement(RemoteWebDriver.java:299)<br/>	at UserManagement.ProfileManagement.RegisteredUserTestCasesForChangeActivationCode.ChangeActivationCodeWithValidAC.ValidateUserActivationCodeUpdatesSuccessfully.testChangeActivationCode(ValidateUserActivationCodeUpdatesSuccessfully.java:31)<br/>Caused by: org.openqa.selenium.remote.ErrorHandler$UnknownServerException: Unable to locate element: {"method":"link text","selector":"Xidio100613063306v@test.com"}<br/>Build info: version: '2.32.0', revision: '6c40c18', time: '2013-04-09 17:22:56'<br/>System info: os.name: 'Windows XP', os.arch: 'x86', os.version: '5.1', java.version: '1.6.0'<br/>Driver info: driver.version: unknown<br/>	at <anonymous class>.FirefoxDriver.prototype.findElementInternal_(file:///C:/DOCUME~1/HARSHI~1.GOW/LOCALS~1/Temp/anonymous60605webdriver-profile/extensions/fxdriver@googlecode.com/components/driver_component.js:8405)<br/>	at <anonymous class>.fxdriver.Timer.prototype.setTimeout/<.notify(file:///C:/DOCUME~1/HARSHI~1.GOW/LOCALS~1/Temp/anonymous60605webdriver-profile/extensions/fxdriver@googlecode.com/components/driver_component.js:386)<br/></code></td><td>59.749</td>
</tr>
<tr valign="top" class="Error">
<td><a href="SuiteRunner/0_runATFRegression.html">runATFRegression</a></td><td><a name="testChangeActivationCode"></a><a href="SuiteRunner/0_runATFRegression.html#testChangeActivationCode">testChangeActivationCode</a></td><td>Error</td><td>Element is not currently visible and so may not be interacted with Command duration or timeout: 30.03 seconds Build info: version: '2.32.0', revision: '6c40c18', time: '2013-04-09 17:22:56' System info: os.name: 'Windows XP', os.arch: 'x86', os.version: '5.1', java.version: '1.6.0' Session ID: 6e6ff2d5-cce4-4aaf-b2de-ccb8d10f2692 Driver info: org.openqa.selenium.firefox.FirefoxDriver Capabilities [{platform=XP, acceptSslCerts=true, javascriptEnabled=true, browserName=firefox, rotatable=false, locationContextEnabled=true, version=21.0, cssSelectorsEnabled=true, databaseEnabled=true, handlesAlerts=true, browserConnectionEnabled=true, nativeEvents=true, webStorageEnabled=true, applicationCacheEnabled=true, takesScreenshot=true}]<br>
<br>
<code>org.openqa.selenium.ElementNotVisibleException: Element is not currently visible and so may not be interacted with<br/>Command duration or timeout: 30.03 seconds<br/>Build info: version: '2.32.0', revision: '6c40c18', time: '2013-04-09 17:22:56'<br/>System info: os.name: 'Windows XP', os.arch: 'x86', os.version: '5.1', java.version: '1.6.0'<br/>Session ID: 6e6ff2d5-cce4-4aaf-b2de-ccb8d10f2692<br/>Driver info: org.openqa.selenium.firefox.FirefoxDriver<br/>Capabilities [{platform=XP, acceptSslCerts=true, javascriptEnabled=true, browserName=firefox, rotatable=false, locationContextEnabled=true, version=21.0, cssSelectorsEnabled=true, databaseEnabled=true, handlesAlerts=true, browserConnectionEnabled=true, nativeEvents=true, webStorageEnabled=true, applicationCacheEnabled=true, takesScreenshot=true}]<br/>	at java.lang.reflect.Constructor.newInstance(Constructor.java:513)<br/>	at org.openqa.selenium.remote.ErrorHandler.createThrowable(ErrorHandler.java:187)<br/>	at org.openqa.selenium.remote.ErrorHandler.throwIfResponseFailed(ErrorHandler.java:145)<br/>	at org.openqa.selenium.remote.RemoteWebDriver.execute(RemoteWebDriver.java:554)<br/>	at org.openqa.selenium.remote.RemoteWebElement.execute(RemoteWebElement.java:268)<br/>	at org.openqa.selenium.remote.RemoteWebElement.clear(RemoteWebElement.java:113)<br/>	at Core.UserManagement.UserRegistrationFunction.Common.UserRegistrationFunction.CreditCardDetials(UserRegistrationFunction.java:14)<br/>	at DataServices.UserRegistrationUsingComcastApplication.UserRegistrationUsingComcast.testUserRegistrationUsingComcast(UserRegistrationUsingComcast.java:36)<br/>	at UserManagement.ProfileManagement.RegisteredUserTestCasesForChangeActivationCode.ChangeActivationCodeWithInValidAC.ValidateUserActivationCodeByEnteringInvalidCode.testChangeActivationCode(ValidateUserActivationCodeByEnteringInvalidCode.java:26)<br/>Caused by: org.openqa.selenium.remote.ErrorHandler$UnknownServerException: Element is not currently visible and so may not be interacted with<br/>Build info: version: '2.32.0', revision: '6c40c18', time: '2013-04-09 17:22:56'<br/>System info: os.name: 'Windows XP', os.arch: 'x86', os.version: '5.1', java.version: '1.6.0'<br/>Driver info: driver.version: unknown<br/>	at <anonymous class>.fxdriver.preconditions.visible(file:///C:/DOCUME~1/HARSHI~1.GOW/LOCALS~1/Temp/anonymous60607webdriver-profile/extensions/fxdriver@googlecode.com/components/command_processor.js:7682)<br/>	at <anonymous class>.DelayedCommand.prototype.checkPreconditions_(file:///C:/DOCUME~1/HARSHI~1.GOW/LOCALS~1/Temp/anonymous60607webdriver-profile/extensions/fxdriver@googlecode.com/components/command_processor.js:10402)<br/>	at <anonymous class>.DelayedCommand.prototype.executeInternal_/h(file:///C:/DOCUME~1/HARSHI~1.GOW/LOCALS~1/Temp/anonymous60607webdriver-profile/extensions/fxdriver@googlecode.com/components/command_processor.js:10421)<br/>	at <anonymous class>.fxdriver.Timer.prototype.setTimeout/<.notify(file:///C:/DOCUME~1/HARSHI~1.GOW/LOCALS~1/Temp/anonymous60607webdriver-profile/extensions/fxdriver@googlecode.com/components/command_processor.js:386)<br/></code></td><td>86.467</td>
</tr>
<tr valign="top" class="TableRowColor">
<td><a href="SuiteRunner/0_runATFRegression.html">runATFRegression</a></td><td><a name="testResetTheXidioPassword"></a><a href="SuiteRunner/0_runATFRegression.html#testResetTheXidioPassword">testResetTheXidioPassword</a></td><td>Success</td><td></td><td>43.702</td>
</tr>
<tr valign="top" class="TableRowColor">
<td><a href="SuiteRunner/0_runATFRegression.html">runATFRegression</a></td><td><a name="testResetTheXidioPasswordWithWrongEmail"></a><a href="SuiteRunner/0_runATFRegression.html#testResetTheXidioPasswordWithWrongEmail">testResetTheXidioPasswordWithWrongEmail</a></td><td>Success</td><td></td><td>42.687</td>
</tr>
<tr valign="top" class="TableRowColor">
<td><a href="SuiteRunner/0_runATFRegression.html">runATFRegression</a></td><td><a name="testResetXidioPasswordWithoutProvidingEmailID"></a><a href="SuiteRunner/0_runATFRegression.html#testResetXidioPasswordWithoutProvidingEmailID">testResetXidioPasswordWithoutProvidingEmailID</a></td><td>Success</td><td></td><td>42.093</td>
</tr>
<tr valign="top" class="TableRowColor">
<td><a href="SuiteRunner/0_runATFRegression.html">runATFRegression</a></td><td><a name="testLoginToXidioApplicationUsingInValidPassword"></a><a href="SuiteRunner/0_runATFRegression.html#testLoginToXidioApplicationUsingInValidPassword">testLoginToXidioApplicationUsingInValidPassword</a></td><td>Success</td><td></td><td>32.749</td>
</tr>
<tr valign="top" class="TableRowColor">
<td><a href="SuiteRunner/0_runATFRegression.html">runATFRegression</a></td><td><a name="testLoginToXidioApplicationUsingInValidUName"></a><a href="SuiteRunner/0_runATFRegression.html#testLoginToXidioApplicationUsingInValidUName">testLoginToXidioApplicationUsingInValidUName</a></td><td>Success</td><td></td><td>28.312</td>
</tr>
<tr valign="top" class="TableRowColor">
<td><a href="SuiteRunner/0_runATFRegression.html">runATFRegression</a></td><td><a name="testLoginToCamcast"></a><a href="SuiteRunner/0_runATFRegression.html#testLoginToCamcast">testLoginToCamcast</a></td><td>Success</td><td></td><td>37.436</td>
</tr>
<tr valign="top" class="Error">
<td><a href="SuiteRunner/0_runATFRegression.html">runATFRegression</a></td><td><a name="testVerifyFeedbackSubmitedSuccessfully"></a><a href="SuiteRunner/0_runATFRegression.html#testVerifyFeedbackSubmitedSuccessfully">testVerifyFeedbackSubmitedSuccessfully</a></td><td>Error</td><td>Element is not currently visible and so may not be interacted with Command duration or timeout: 30.02 seconds Build info: version: '2.32.0', revision: '6c40c18', time: '2013-04-09 17:22:56' System info: os.name: 'Windows XP', os.arch: 'x86', os.version: '5.1', java.version: '1.6.0' Session ID: d07d1eab-051d-4e29-83d8-ea1840608a20 Driver info: org.openqa.selenium.firefox.FirefoxDriver Capabilities [{platform=XP, acceptSslCerts=true, javascriptEnabled=true, browserName=firefox, rotatable=false, locationContextEnabled=true, version=21.0, cssSelectorsEnabled=true, databaseEnabled=true, handlesAlerts=true, browserConnectionEnabled=true, nativeEvents=true, webStorageEnabled=true, applicationCacheEnabled=true, takesScreenshot=true}]<br>
<br>
<code>org.openqa.selenium.ElementNotVisibleException: Element is not currently visible and so may not be interacted with<br/>Command duration or timeout: 30.02 seconds<br/>Build info: version: '2.32.0', revision: '6c40c18', time: '2013-04-09 17:22:56'<br/>System info: os.name: 'Windows XP', os.arch: 'x86', os.version: '5.1', java.version: '1.6.0'<br/>Session ID: d07d1eab-051d-4e29-83d8-ea1840608a20<br/>Driver info: org.openqa.selenium.firefox.FirefoxDriver<br/>Capabilities [{platform=XP, acceptSslCerts=true, javascriptEnabled=true, browserName=firefox, rotatable=false, locationContextEnabled=true, version=21.0, cssSelectorsEnabled=true, databaseEnabled=true, handlesAlerts=true, browserConnectionEnabled=true, nativeEvents=true, webStorageEnabled=true, applicationCacheEnabled=true, takesScreenshot=true}]<br/>	at java.lang.reflect.Constructor.newInstance(Constructor.java:513)<br/>	at org.openqa.selenium.remote.ErrorHandler.createThrowable(ErrorHandler.java:187)<br/>	at org.openqa.selenium.remote.ErrorHandler.throwIfResponseFailed(ErrorHandler.java:145)<br/>	at org.openqa.selenium.remote.RemoteWebDriver.execute(RemoteWebDriver.java:554)<br/>	at org.openqa.selenium.remote.RemoteWebElement.execute(RemoteWebElement.java:268)<br/>	at org.openqa.selenium.remote.RemoteWebElement.clear(RemoteWebElement.java:113)<br/>	at Core.UserManagement.UserRegistrationFunction.Common.UserRegistrationFunction.CreditCardDetials(UserRegistrationFunction.java:14)<br/>	at DataServices.UserRegistrationUsingComcastApplication.UserRegistrationUsingComcast.testUserRegistrationUsingComcast(UserRegistrationUsingComcast.java:36)<br/>	at VideoManagement.VideoFeedBackManagement.VerifyFeedbackSubmitedSuccessfully.testVerifyFeedbackSubmitedSuccessfully(VerifyFeedbackSubmitedSuccessfully.java:18)<br/>Caused by: org.openqa.selenium.remote.ErrorHandler$UnknownServerException: Element is not currently visible and so may not be interacted with<br/>Build info: version: '2.32.0', revision: '6c40c18', time: '2013-04-09 17:22:56'<br/>System info: os.name: 'Windows XP', os.arch: 'x86', os.version: '5.1', java.version: '1.6.0'<br/>Driver info: driver.version: unknown<br/>	at <anonymous class>.fxdriver.preconditions.visible(file:///C:/DOCUME~1/HARSHI~1.GOW/LOCALS~1/Temp/anonymous60621webdriver-profile/extensions/fxdriver@googlecode.com/components/command_processor.js:7682)<br/>	at <anonymous class>.DelayedCommand.prototype.checkPreconditions_(file:///C:/DOCUME~1/HARSHI~1.GOW/LOCALS~1/Temp/anonymous60621webdriver-profile/extensions/fxdriver@googlecode.com/components/command_processor.js:10402)<br/>	at <anonymous class>.DelayedCommand.prototype.executeInternal_/h(file:///C:/DOCUME~1/HARSHI~1.GOW/LOCALS~1/Temp/anonymous60621webdriver-profile/extensions/fxdriver@googlecode.com/components/command_processor.js:10421)<br/>	at <anonymous class>.fxdriver.Timer.prototype.setTimeout/<.notify(file:///C:/DOCUME~1/HARSHI~1.GOW/LOCALS~1/Temp/anonymous60621webdriver-profile/extensions/fxdriver@googlecode.com/components/command_processor.js:386)<br/></code></td><td>84.466</td>
</tr>
<tr valign="top" class="TableRowColor">
<td><a href="SuiteRunner/0_runATFRegression.html">runATFRegression</a></td><td><a name="testEnsureSearchChannelStoreIsWorkingFine"></a><a href="SuiteRunner/0_runATFRegression.html#testEnsureSearchChannelStoreIsWorkingFine">testEnsureSearchChannelStoreIsWorkingFine</a></td><td>Success</td><td></td><td>47.389</td>
</tr>
<tr valign="top" class="Error">
<td><a href="SuiteRunner/0_runATFRegression.html">runATFRegression</a></td><td><a name="testVerifySelectedCategoryAndSubCategoryVideosAreDisplayed"></a><a href="SuiteRunner/0_runATFRegression.html#testVerifySelectedCategoryAndSubCategoryVideosAreDisplayed">testVerifySelectedCategoryAndSubCategoryVideosAreDisplayed</a></td><td>Error</td><td>Unable to locate element: {"method":"link text","selector":"XIDIO"} Command duration or timeout: 31.97 seconds For documentation on this error, please visit: http://seleniumhq.org/exceptions/no_such_element.html Build info: version: '2.32.0', revision: '6c40c18', time: '2013-04-09 17:22:56' System info: os.name: 'Windows XP', os.arch: 'x86', os.version: '5.1', java.version: '1.6.0' Session ID: a7919260-95ab-4652-82be-63369dda5b4f Driver info: org.openqa.selenium.firefox.FirefoxDriver Capabilities [{platform=XP, acceptSslCerts=true, javascriptEnabled=true, browserName=firefox, rotatable=false, locationContextEnabled=true, version=21.0, cssSelectorsEnabled=true, databaseEnabled=true, handlesAlerts=true, browserConnectionEnabled=true, nativeEvents=true, webStorageEnabled=true, applicationCacheEnabled=true, takesScreenshot=true}]<br>
<br>
<code>org.openqa.selenium.NoSuchElementException: Unable to locate element: {"method":"link text","selector":"XIDIO"}<br/>Command duration or timeout: 31.97 seconds<br/>For documentation on this error, please visit: http://seleniumhq.org/exceptions/no_such_element.html<br/>Build info: version: '2.32.0', revision: '6c40c18', time: '2013-04-09 17:22:56'<br/>System info: os.name: 'Windows XP', os.arch: 'x86', os.version: '5.1', java.version: '1.6.0'<br/>Session ID: a7919260-95ab-4652-82be-63369dda5b4f<br/>Driver info: org.openqa.selenium.firefox.FirefoxDriver<br/>Capabilities [{platform=XP, acceptSslCerts=true, javascriptEnabled=true, browserName=firefox, rotatable=false, locationContextEnabled=true, version=21.0, cssSelectorsEnabled=true, databaseEnabled=true, handlesAlerts=true, browserConnectionEnabled=true, nativeEvents=true, webStorageEnabled=true, applicationCacheEnabled=true, takesScreenshot=true}]<br/>	at java.lang.reflect.Constructor.newInstance(Constructor.java:513)<br/>	at org.openqa.selenium.remote.ErrorHandler.createThrowable(ErrorHandler.java:187)<br/>	at org.openqa.selenium.remote.ErrorHandler.throwIfResponseFailed(ErrorHandler.java:145)<br/>	at org.openqa.selenium.remote.RemoteWebDriver.execute(RemoteWebDriver.java:554)<br/>	at org.openqa.selenium.remote.RemoteWebDriver.findElement(RemoteWebDriver.java:307)<br/>	at org.openqa.selenium.remote.RemoteWebDriver.findElementByLinkText(RemoteWebDriver.java:356)<br/>	at org.openqa.selenium.By$ByLinkText.findElement(By.java:241)<br/>	at org.openqa.selenium.remote.RemoteWebDriver.findElement(RemoteWebDriver.java:299)<br/>	at VideoManagement.VideoSearchFunctionality.SearchVideoByCategory.VerifySelectedCategoryAndSubCategoryVideosAreDisplayed.testVerifySelectedCategoryAndSubCategoryVideosAreDisplayed(VerifySelectedCategoryAndSubCategoryVideosAreDisplayed.java:20)<br/>Caused by: org.openqa.selenium.remote.ErrorHandler$UnknownServerException: Unable to locate element: {"method":"link text","selector":"XIDIO"}<br/>Build info: version: '2.32.0', revision: '6c40c18', time: '2013-04-09 17:22:56'<br/>System info: os.name: 'Windows XP', os.arch: 'x86', os.version: '5.1', java.version: '1.6.0'<br/>Driver info: driver.version: unknown<br/>	at <anonymous class>.FirefoxDriver.prototype.findElementInternal_(file:///C:/DOCUME~1/HARSHI~1.GOW/LOCALS~1/Temp/anonymous60625webdriver-profile/extensions/fxdriver@googlecode.com/components/driver_component.js:8405)<br/>	at <anonymous class>.fxdriver.Timer.prototype.setTimeout/<.notify(file:///C:/DOCUME~1/HARSHI~1.GOW/LOCALS~1/Temp/anonymous60625webdriver-profile/extensions/fxdriver@googlecode.com/components/driver_component.js:386)<br/></code></td><td>63.326</td>
</tr>
<tr valign="top" class="Error">
<td><a href="SuiteRunner/0_runATFRegression.html">runATFRegression</a></td><td><a name="testVerifySubcriptionOfPaidVideo"></a><a href="SuiteRunner/0_runATFRegression.html#testVerifySubcriptionOfPaidVideo">testVerifySubcriptionOfPaidVideo</a></td><td>Error</td><td>Element is not currently visible and so may not be interacted with Command duration or timeout: 30.05 seconds Build info: version: '2.32.0', revision: '6c40c18', time: '2013-04-09 17:22:56' System info: os.name: 'Windows XP', os.arch: 'x86', os.version: '5.1', java.version: '1.6.0' Session ID: 69ff52a2-4932-4127-8522-ebb319699d14 Driver info: org.openqa.selenium.firefox.FirefoxDriver Capabilities [{platform=XP, acceptSslCerts=true, javascriptEnabled=true, browserName=firefox, rotatable=false, locationContextEnabled=true, version=21.0, cssSelectorsEnabled=true, databaseEnabled=true, handlesAlerts=true, browserConnectionEnabled=true, nativeEvents=true, webStorageEnabled=true, applicationCacheEnabled=true, takesScreenshot=true}]<br>
<br>
<code>org.openqa.selenium.ElementNotVisibleException: Element is not currently visible and so may not be interacted with<br/>Command duration or timeout: 30.05 seconds<br/>Build info: version: '2.32.0', revision: '6c40c18', time: '2013-04-09 17:22:56'<br/>System info: os.name: 'Windows XP', os.arch: 'x86', os.version: '5.1', java.version: '1.6.0'<br/>Session ID: 69ff52a2-4932-4127-8522-ebb319699d14<br/>Driver info: org.openqa.selenium.firefox.FirefoxDriver<br/>Capabilities [{platform=XP, acceptSslCerts=true, javascriptEnabled=true, browserName=firefox, rotatable=false, locationContextEnabled=true, version=21.0, cssSelectorsEnabled=true, databaseEnabled=true, handlesAlerts=true, browserConnectionEnabled=true, nativeEvents=true, webStorageEnabled=true, applicationCacheEnabled=true, takesScreenshot=true}]<br/>	at java.lang.reflect.Constructor.newInstance(Constructor.java:513)<br/>	at org.openqa.selenium.remote.ErrorHandler.createThrowable(ErrorHandler.java:187)<br/>	at org.openqa.selenium.remote.ErrorHandler.throwIfResponseFailed(ErrorHandler.java:145)<br/>	at org.openqa.selenium.remote.RemoteWebDriver.execute(RemoteWebDriver.java:554)<br/>	at org.openqa.selenium.remote.RemoteWebElement.execute(RemoteWebElement.java:268)<br/>	at org.openqa.selenium.remote.RemoteWebElement.clear(RemoteWebElement.java:113)<br/>	at Core.UserManagement.UserRegistrationFunction.Common.UserRegistrationFunction.CreditCardDetials(UserRegistrationFunction.java:14)<br/>	at DataServices.UserRegistrationUsingComcastApplication.UserRegistrationUsingComcast.testUserRegistrationUsingComcast(UserRegistrationUsingComcast.java:36)<br/>	at VideoManagement.VideoSubscriptionManagement.PaidSubscriptionForVideo.VerifySubcriptionOfPaidVideo.testVerifySubcriptionOfPaidVideo(VerifySubcriptionOfPaidVideo.java:18)<br/>Caused by: org.openqa.selenium.remote.ErrorHandler$UnknownServerException: Element is not currently visible and so may not be interacted with<br/>Build info: version: '2.32.0', revision: '6c40c18', time: '2013-04-09 17:22:56'<br/>System info: os.name: 'Windows XP', os.arch: 'x86', os.version: '5.1', java.version: '1.6.0'<br/>Driver info: driver.version: unknown<br/>	at <anonymous class>.fxdriver.preconditions.visible(file:///C:/DOCUME~1/HARSHI~1.GOW/LOCALS~1/Temp/anonymous60627webdriver-profile/extensions/fxdriver@googlecode.com/components/command_processor.js:7682)<br/>	at <anonymous class>.DelayedCommand.prototype.checkPreconditions_(file:///C:/DOCUME~1/HARSHI~1.GOW/LOCALS~1/Temp/anonymous60627webdriver-profile/extensions/fxdriver@googlecode.com/components/command_processor.js:10402)<br/>	at <anonymous class>.DelayedCommand.prototype.executeInternal_/h(file:///C:/DOCUME~1/HARSHI~1.GOW/LOCALS~1/Temp/anonymous60627webdriver-profile/extensions/fxdriver@googlecode.com/components/command_processor.js:10421)<br/>	at <anonymous class>.fxdriver.Timer.prototype.setTimeout/<.notify(file:///C:/DOCUME~1/HARSHI~1.GOW/LOCALS~1/Temp/anonymous60627webdriver-profile/extensions/fxdriver@googlecode.com/components/command_processor.js:386)<br/></code></td><td>82.966</td>
</tr>
<tr valign="top" class="TableRowColor">
<td><a href="SuiteRunner/1_runDemoTestSuite.html">runDemoTestSuite</a></td><td><a name="testRegisterToXidioApplicationWithoutFirstName"></a><a href="SuiteRunner/1_runDemoTestSuite.html#testRegisterToXidioApplicationWithoutFirstName">testRegisterToXidioApplicationWithoutFirstName</a></td><td>Success</td><td></td><td>18.938</td>
</tr>
<tr valign="top" class="TableRowColor">
<td><a href="SuiteRunner/1_runDemoTestSuite.html">runDemoTestSuite</a></td><td><a name="testRegisterToXidioApplicationWithoutEnteringEmail"></a><a href="SuiteRunner/1_runDemoTestSuite.html#testRegisterToXidioApplicationWithoutEnteringEmail">testRegisterToXidioApplicationWithoutEnteringEmail</a></td><td>Success</td><td></td><td>17.989</td>
</tr>
<tr valign="top" class="TableRowColor">
<td><a href="SuiteRunner/1_runDemoTestSuite.html">runDemoTestSuite</a></td><td><a name="testUserRegistration"></a><a href="SuiteRunner/1_runDemoTestSuite.html#testUserRegistration">testUserRegistration</a></td><td>Success</td><td></td><td>43.049</td>
</tr>
<tr valign="top" class="TableRowColor">
<td><a href="SuiteRunner/1_runDemoTestSuite.html">runDemoTestSuite</a></td><td><a name="testResetTheXidioPasswordWithWrongEmail"></a><a href="SuiteRunner/1_runDemoTestSuite.html#testResetTheXidioPasswordWithWrongEmail">testResetTheXidioPasswordWithWrongEmail</a></td><td>Success</td><td></td><td>16.099</td>
</tr>
<tr valign="top" class="TableRowColor">
<td><a href="SuiteRunner/1_runDemoTestSuite.html">runDemoTestSuite</a></td><td><a name="testValidateCurrentPasswordWhenChangingPassword"></a><a href="SuiteRunner/1_runDemoTestSuite.html#testValidateCurrentPasswordWhenChangingPassword">testValidateCurrentPasswordWhenChangingPassword</a></td><td>Success</td><td></td><td>29.668</td>
</tr>
<tr valign="top" class="TableRowColor">
<td><a href="SuiteRunner/1_runDemoTestSuite.html">runDemoTestSuite</a></td><td><a name="testLoginToCamcast"></a><a href="SuiteRunner/1_runDemoTestSuite.html#testLoginToCamcast">testLoginToCamcast</a></td><td>Success</td><td></td><td>18.488</td>
</tr>
<tr valign="top" class="TableRowColor">
<td><a href="SuiteRunner/1_runDemoTestSuite.html">runDemoTestSuite</a></td><td><a name="testSearchVideoSubscriptionFeedback"></a><a href="SuiteRunner/1_runDemoTestSuite.html#testSearchVideoSubscriptionFeedback">testSearchVideoSubscriptionFeedback</a></td><td>Success</td><td></td><td>34.305</td>
</tr>
<tr valign="top" class="TableRowColor">
<td><a href="SuiteRunner/1_runDemoTestSuite.html">runDemoTestSuite</a></td><td><a name="testSearchSubscribedVideoAndUnsubscribe"></a><a href="SuiteRunner/1_runDemoTestSuite.html#testSearchSubscribedVideoAndUnsubscribe">testSearchSubscribedVideoAndUnsubscribe</a></td><td>Success</td><td></td><td>27.404</td>
</tr>
<tr valign="top" class="TableRowColor">
<td><a href="SuiteRunner/1_runDemoTestSuite.html">runDemoTestSuite</a></td><td><a name="testEditXidioUserNameInProfileManagement"></a><a href="SuiteRunner/1_runDemoTestSuite.html#testEditXidioUserNameInProfileManagement">testEditXidioUserNameInProfileManagement</a></td><td>Success</td><td></td><td>19.615</td>
</tr>
<tr valign="top" class="TableRowColor">
<td><a href="SuiteRunner/1_runDemoTestSuite.html">runDemoTestSuite</a></td><td><a name="testUserProfileChanges"></a><a href="SuiteRunner/1_runDemoTestSuite.html#testUserProfileChanges">testUserProfileChanges</a></td><td>Success</td><td></td><td>31.573</td>
</tr>
<tr valign="top" class="TableRowColor">
<td><a href="SuiteRunner/1_runDemoTestSuite.html">runDemoTestSuite</a></td><td><a name="testChangePinCode"></a><a href="SuiteRunner/1_runDemoTestSuite.html#testChangePinCode">testChangePinCode</a></td><td>Success</td><td></td><td>29.137</td>
</tr>
<tr valign="top" class="TableRowColor">
<td><a href="SuiteRunner/1_runDemoTestSuite.html">runDemoTestSuite</a></td><td><a name="testChangeActivationCode"></a><a href="SuiteRunner/1_runDemoTestSuite.html#testChangeActivationCode">testChangeActivationCode</a></td><td>Success</td><td></td><td>20.230</td>
</tr>
</table>
</body>
</html>
